
Gurobi 12.0.2 (mac64[arm]) logging started Fri Jun 13 23:15:56 2025

Set parameter LogFile to value "/Users/yurunfeng/Documents/GitHub/LRGTS-store-location/result/gurobi/snyder/88nodes/88-0.9-5.log"
Gurobi Optimizer version 12.0.2 build v12.0.2rc0 (mac64[arm] - Darwin 24.5.0 24F74)

CPU model: Apple M4
Thread count: 10 physical cores, 10 logical processors, using up to 10 threads

Non-default parameters:
TimeLimit  1200

Optimize a model with 728288 rows, 1378696 columns and 6524758 nonzeros
Model fingerprint: 0xcc1af762
Variable types: 689304 continuous, 689392 integer (689392 binary)
Coefficient statistics:
  Matrix range     [1e-01, 1e+00]
  Objective range  [8e+00, 7e+06]
  Bounds range     [1e+00, 1e+00]
  RHS range        [1e+00, 5e+00]
Found heuristic solution: objective 4.484057e+07
Presolve removed 15664 rows and 7832 columns (presolve time = 5s)...
Presolve removed 15664 rows and 7832 columns (presolve time = 10s)...
Presolve removed 15664 rows and 7832 columns
Presolve time: 11.82s
Presolved: 712624 rows, 1370864 columns, 5831529 nonzeros
Variable types: 681472 continuous, 689392 integer (689392 binary)
Deterministic concurrent LP optimizer: primal simplex, dual simplex, and barrier
Showing barrier log only...

Root barrier log...

Ordering time: 2.12s

Barrier performed 0 iterations in 16.19 seconds (41.21 work units)
Barrier solve interrupted - model solved by another algorithm

Concurrent spin time: 1.08s (can be avoided by choosing Method=3)

Solved with dual simplex

Root simplex log...

Iteration    Objective       Primal Inf.    Dual Inf.      Time
    7045    1.4605513e+06   0.000000e+00   0.000000e+00     16s

Root relaxation: objective 1.460551e+06, 7045 iterations, 3.93 seconds (6.62 work units)

    Nodes    |    Current Node    |     Objective Bounds      |     Work
 Expl Unexpl |  Obj  Depth IntInf | Incumbent    BestBd   Gap | It/Node Time

     0     0 1460551.25    0 1858 4.4841e+07 1460551.25  96.7%     -   18s
H    0     0                    2235850.7565 1460551.25  34.7%     -   24s
H    0     0                    1846268.4492 1460551.25  20.9%     -   34s
H    0     0                    1680187.6330 1460551.25  13.1%     -   39s
     0     0 1488579.49    0 3517 1680187.63 1488579.49  11.4%     -  122s
     0     0 1489550.66    0 3609 1680187.63 1489550.66  11.3%     -  199s
     0     0 1489550.66    0 2281 1680187.63 1489550.66  11.3%     -  234s
     0     0 1507042.11    0 3631 1680187.63 1507042.11  10.3%     -  340s
     0     0 1507359.80    0 3904 1680187.63 1507359.80  10.3%     -  393s
     0     0 1507428.98    0 3731 1680187.63 1507428.98  10.3%     -  399s
     0     0 1507428.98    0 3732 1680187.63 1507428.98  10.3%     -  403s
     0     0 1527312.55    0 4349 1680187.63 1527312.55  9.10%     -  419s
H    0     0                    1633022.6520 1527315.01  6.47%     -  430s
H    0     0                    1633008.8399 1527315.01  6.47%     -  430s
H    0     0                    1632914.6313 1527315.01  6.47%     -  430s
     0     0 1531365.71    0 4459 1632914.63 1531365.71  6.22%     -  500s
     0     0 1531545.12    0 4320 1632914.63 1531545.12  6.21%     -  502s
     0     0 1531835.68    0 4279 1632914.63 1531835.68  6.19%     -  504s
     0     0 1531849.72    0 4289 1632914.63 1531849.72  6.19%     -  505s
     0     0 1531849.72    0 4291 1632914.63 1531849.72  6.19%     -  506s
     0     0 1546824.19    0 4444 1632914.63 1546824.19  5.27%     -  526s
     0     0 1549025.41    0 4838 1632914.63 1549025.41  5.14%     -  545s
     0     0 1549042.70    0 4841 1632914.63 1549042.70  5.14%     -  546s
     0     0 1549042.71    0 4850 1632914.63 1549042.71  5.14%     -  546s
     0     0 1549411.16    0 4911 1632914.63 1549411.16  5.11%     -  550s
     0     0 1549503.44    0 4903 1632914.63 1549503.44  5.11%     -  551s
     0     0 1549508.89    0 4913 1632914.63 1549508.89  5.11%     -  552s
     0     0 1557031.11    0 5352 1632914.63 1557031.11  4.65%     -  579s
     0     0 1557034.06    0 5348 1632914.63 1557034.06  4.65%     -  579s
     0     0 1557034.64    0 5350 1632914.63 1557034.64  4.65%     -  580s
H    0     0                    1632914.5988 1557036.76  4.65%     -  583s
H    0     0                    1632759.0590 1557036.76  4.64%     -  584s
H    0     0                    1621107.8785 1557036.76  3.95%     -  585s
H    0     0                    1615497.8757 1557036.76  3.62%     -  587s
H    0     0                    1612345.3465 1557036.76  3.43%     -  588s
H    0     0                    1611002.1394 1557036.76  3.35%     -  589s
H    0     0                    1610881.7230 1557036.76  3.34%     -  589s
H    0     0                    1610875.4528 1557036.76  3.34%     -  590s
H    0     0                    1610454.1672 1557036.76  3.32%     -  592s
     0     0 1557380.87    0 5272 1610454.17 1557380.87  3.30%     -  597s
     0     0 1557810.36    0 5385 1610454.17 1557810.36  3.27%     -  608s
     0     0 1557811.49    0 5182 1610454.17 1557811.49  3.27%     -  609s
     0     0 1557934.53    0 5142 1610454.17 1557934.53  3.26%     -  611s
     0     0 1557935.64    0 5170 1610454.17 1557935.64  3.26%     -  612s
     0     0 1561375.38    0 5536 1610454.17 1561375.38  3.05%     -  628s
     0     0 1561376.42    0 5542 1610454.17 1561376.42  3.05%     -  628s
     0     0 1561636.70    0 5718 1610454.17 1561636.70  3.03%     -  644s
     0     0 1561638.49    0 5718 1610454.17 1561638.49  3.03%     -  644s
     0     0 1561672.68    0 5800 1610454.17 1561672.68  3.03%     -  646s
     0     0 1561675.41    0 5788 1610454.17 1561675.41  3.03%     -  647s
     0     0 1563718.27    0 5577 1610454.17 1563718.27  2.90%     -  664s
     0     0 1563724.40    0 5572 1610454.17 1563724.40  2.90%     -  664s
     0     0 1563726.13    0 5571 1610454.17 1563726.13  2.90%     -  665s
H    0     0                    1610454.1632 1563728.24  2.90%     -  668s
H    0     0                    1610402.3165 1563728.24  2.90%     -  670s
H    0     0                    1610399.6293 1563728.24  2.90%     -  671s
H    0     0                    1610398.2647 1563728.24  2.90%     -  671s
H    0     0                    1610320.4210 1563728.24  2.89%     -  671s
H    0     0                    1610276.9739 1563728.24  2.89%     -  671s
H    0     0                    1610244.4623 1563728.24  2.89%     -  672s
H    0     0                    1610237.2636 1563728.24  2.89%     -  672s
H    0     0                    1610233.8253 1563728.24  2.89%     -  673s
     0     0 1563789.48    0 5636 1610233.83 1563789.48  2.88%     -  676s
     0     0 1563797.85    0 5670 1610233.83 1563797.85  2.88%     -  678s
     0     0 1565681.31    0 6602 1610233.83 1565681.31  2.77%     -  702s
     0     0 1565682.02    0 6521 1610233.83 1565682.02  2.77%     -  703s
     0     0 1566060.37    0 6265 1610233.83 1566060.37  2.74%     -  718s
     0     0 1566129.26    0 6346 1610233.83 1566129.26  2.74%     -  723s
     0     0 1566136.09    0 6363 1610233.83 1566136.09  2.74%     -  724s
     0     0 1567640.78    0 6637 1610233.83 1567640.78  2.65%     -  742s
     0     0 1567642.08    0 6637 1610233.83 1567642.08  2.65%     -  742s
H    0     0                    1610233.8056 1567666.23  2.64%     -  754s
     0     0 1567714.86    0 6480 1610233.81 1567714.86  2.64%     -  760s
     0     0 1567714.91    0 6476 1610233.81 1567714.91  2.64%     -  760s
     0     0 1567742.05    0 6527 1610233.81 1567742.05  2.64%     -  762s
     0     0 1567742.05    0 6524 1610233.81 1567742.05  2.64%     -  762s
     0     0 1567744.34    0 6570 1610233.81 1567744.34  2.64%     -  763s
     0     0 1569150.05    0 6189 1610233.81 1569150.05  2.55%     -  780s
     0     0 1569542.94    0 6323 1610233.81 1569542.94  2.53%     -  792s
     0     0 1569542.94    0 6317 1610233.81 1569542.94  2.53%     -  792s
     0     0 1569582.89    0 6309 1610233.81 1569582.89  2.52%     -  795s
     0     0 1569582.89    0 6309 1610233.81 1569582.89  2.52%     -  795s
     0     0 1569588.69    0 6350 1610233.81 1569588.69  2.52%     -  796s
     0     0 1570131.71    0 6441 1610233.81 1570131.71  2.49%     -  812s
     0     0 1570131.72    0 6436 1610233.81 1570131.72  2.49%     -  812s
     0     0 1570174.09    0 6472 1610233.81 1570174.09  2.49%     -  828s
     0     0 1570182.30    0 6502 1610233.81 1570182.30  2.49%     -  829s
     0     0 1570422.69    0 6389 1610233.81 1570422.69  2.47%     -  840s
     0     0 1570719.03    0 6390 1610233.81 1570719.03  2.45%     -  924s
     0     0 1570719.03    0 6392 1610233.81 1570719.03  2.45%     -  925s
     0     0 1570719.03    0 6390 1610233.81 1570719.03  2.45%     -  925s
     0     0 1570811.60    0 6338 1610233.81 1570811.60  2.45%     -  929s
     0     0 1570847.17    0 6383 1610233.81 1570847.17  2.45%     -  932s
     0     0 1570855.49    0 6490 1610233.81 1570855.49  2.45%     -  934s
     0     0 1571283.01    0 6417 1610233.81 1571283.01  2.42%     -  949s
     0     0 1571283.03    0 6433 1610233.81 1571283.03  2.42%     -  949s
     0     0 1571369.10    0 6477 1610233.81 1571369.10  2.41%     -  977s
     0     0 1571465.73    0 6776 1610233.81 1571465.73  2.41%     -  983s
     0     0 1571518.64    0 6846 1610233.81 1571518.64  2.40%     -  990s
     0     0 1571520.07    0 6829 1610233.81 1571520.07  2.40%     -  991s
     0     0 1571801.70    0 7223 1610233.81 1571801.70  2.39%     - 1007s
     0     0 1571863.02    0 7021 1610233.81 1571863.02  2.38%     - 1025s
     0     0 1571875.52    0 7019 1610233.81 1571875.52  2.38%     - 1028s
     0     0 1572081.93    0 6917 1610233.81 1572081.93  2.37%     - 1038s
     0     0 1572145.16    0 6908 1610233.81 1572145.16  2.37%     - 1066s
     0     0 1572146.36    0 6906 1610233.81 1572146.36  2.37%     - 1066s
     0     0 1572146.36    0 6904 1610233.81 1572146.36  2.37%     - 1066s
     0     0 1572146.36    0 6904 1610233.81 1572146.36  2.37%     - 1067s
     0     0 1572224.79    0 6893 1610233.81 1572224.79  2.36%     - 1071s
     0     0 1572261.60    0 7020 1610233.81 1572261.60  2.36%     - 1073s
     0     0 1572263.92    0 7110 1610233.81 1572263.92  2.36%     - 1074s
     0     0 1572349.40    0 6851 1610233.81 1572349.40  2.35%     - 1080s
     0     0 1572356.71    0 6983 1610233.81 1572356.71  2.35%     - 1084s
     0     0 1572356.71    0 6981 1610233.81 1572356.71  2.35%     - 1085s
     0     0 1572366.56    0 6966 1610233.81 1572366.56  2.35%     - 1090s
     0     0 1572371.62    0 6946 1610233.81 1572371.62  2.35%     - 1094s
     0     0 1572375.78    0 6906 1610233.81 1572375.78  2.35%     - 1098s
     0     0 1572375.85    0 6916 1610233.81 1572375.85  2.35%     - 1101s
     0     0 1572385.74    0 6855 1610233.81 1572385.74  2.35%     - 1106s
     0     0 1572392.70    0 6834 1610233.81 1572392.70  2.35%     - 1116s

Cutting planes:
  Cover: 1
  Implied bound: 31
  Clique: 3
  MIR: 162
  Flow cover: 2233
  Zero half: 22
  RLT: 23
  Relax-and-lift: 8
  BQP: 2

Explored 1 nodes (318914 simplex iterations) in 1200.10 seconds (2657.95 work units)
Thread count was 10 (of 10 available processors)

Solution count 10: 1.61023e+06 1.61024e+06 1.61024e+06 ... 1.61088e+06

Time limit reached
Best objective 1.610233805629e+06, best bound 1.572393620206e+06, gap 2.3500%
