
Gurobi 12.0.2 (mac64[arm]) logging started Fri Jun 13 19:11:52 2025

Set parameter LogFile to value "/Users/yurunfeng/Documents/GitHub/LRGTS-store-location/result/gurobi/snyder/88nodes/88-0.85-4.log"
Gurobi Optimizer version 12.0.2 build v12.0.2rc0 (mac64[arm] - Darwin 24.5.0 24F74)

CPU model: Apple M4
Thread count: 10 physical cores, 10 logical processors, using up to 10 threads

Non-default parameters:
TimeLimit  1200

Optimize a model with 728288 rows, 1378696 columns and 6524758 nonzeros
Model fingerprint: 0x35aa23f1
Variable types: 689304 continuous, 689392 integer (689392 binary)
Coefficient statistics:
  Matrix range     [2e-01, 1e+00]
  Objective range  [8e+00, 7e+06]
  Bounds range     [1e+00, 1e+00]
  RHS range        [1e+00, 4e+00]
Found heuristic solution: objective 4.484057e+07
Presolve removed 15664 rows and 7832 columns (presolve time = 5s)...
Presolve removed 15664 rows and 7832 columns (presolve time = 10s)...
Presolve removed 15664 rows and 7832 columns
Presolve time: 11.57s
Presolved: 712624 rows, 1370864 columns, 5831442 nonzeros
Variable types: 681472 continuous, 689392 integer (689392 binary)
Deterministic concurrent LP optimizer: primal simplex, dual simplex, and barrier
Showing barrier log only...

Root barrier log...

Ordering time: 2.42s

Barrier performed 0 iterations in 16.23 seconds (41.22 work units)
Barrier solve interrupted - model solved by another algorithm

Concurrent spin time: 1.04s (can be avoided by choosing Method=3)

Solved with dual simplex

Root simplex log...

Iteration    Objective       Primal Inf.    Dual Inf.      Time
    8130    1.5271820e+06   0.000000e+00   0.000000e+00     16s

Root relaxation: objective 1.527182e+06, 8130 iterations, 4.21 seconds (7.55 work units)

    Nodes    |    Current Node    |     Objective Bounds      |     Work
 Expl Unexpl |  Obj  Depth IntInf | Incumbent    BestBd   Gap | It/Node Time

     0     0 1527182.01    0 1845 4.4841e+07 1527182.01  96.6%     -   19s
H    0     0                    3961033.1827 1527182.01  61.4%     -   34s
H    0     0                    2064269.3550 1527182.01  26.0%     -   38s
H    0     0                    1987856.8315 1527182.01  23.2%     -   41s
H    0     0                    1930801.7123 1527182.01  20.9%     -   55s
     0     0 1565376.28    0 3897 1930801.71 1565376.28  18.9%     -  120s
H    0     0                    1930801.6837 1565376.28  18.9%     -  124s
H    0     0                    1930801.6832 1565376.28  18.9%     -  127s
H    0     0                    1919517.8382 1565376.28  18.4%     -  141s
H    0     0                    1918560.7354 1565376.28  18.4%     -  159s
H    0     0                    1917842.6136 1565376.28  18.4%     -  164s
H    0     0                    1917299.0897 1565376.28  18.4%     -  165s
     0     0 1565763.68    0 3918 1917299.09 1565763.68  18.3%     -  173s
     0     0 1565763.68    0 2486 1917299.09 1565763.68  18.3%     -  217s
     0     0 1585152.10    0 4023 1917299.09 1585152.10  17.3%     -  315s
     0     0 1588549.81    0 4301 1917299.09 1588549.81  17.1%     -  374s
     0     0 1588802.93    0 4122 1917299.09 1588802.93  17.1%     -  378s
     0     0 1588802.93    0 4136 1917299.09 1588802.93  17.1%     -  381s
     0     0 1615580.74    0 4054 1917299.09 1615580.74  15.7%     -  402s
H    0     0                    1882055.9565 1615617.87  14.2%     -  408s
H    0     0                    1881305.0585 1615617.87  14.1%     -  408s
     0     0 1617668.41    0 4357 1881305.06 1617668.41  14.0%     -  418s
     0     0 1618009.98    0 4425 1881305.06 1618009.98  14.0%     -  425s
     0     0 1618017.44    0 4384 1881305.06 1618017.44  14.0%     -  427s
     0     0 1637698.75    0 4639 1881305.06 1637698.75  12.9%     -  457s
     0     0 1642238.53    0 4890 1881305.06 1642238.53  12.7%     -  478s
     0     0 1642615.41    0 4939 1881305.06 1642615.41  12.7%     -  482s
     0     0 1642622.80    0 4956 1881305.06 1642622.80  12.7%     -  483s
     0     0 1649355.50    0 5121 1881305.06 1649355.50  12.3%     -  511s
H    0     0                    1870550.6139 1649357.97  11.8%     -  533s
H    0     0                    1866547.9647 1649357.97  11.6%     -  535s
H    0     0                    1865825.9181 1649357.97  11.6%     -  538s
H    0     0                    1865274.9912 1649357.97  11.6%     -  540s
H    0     0                    1865274.9855 1649357.97  11.6%     -  549s
H    0     0                    1865274.9682 1649357.97  11.6%     -  559s
     0     0 1649785.53    0 5180 1865274.97 1649785.53  11.6%     -  588s
     0     0 1649823.49    0 5186 1865274.97 1649823.49  11.6%     -  597s
     0     0 1649826.32    0 5200 1865274.97 1649826.32  11.6%     -  599s
     0     0 1652109.28    0 5440 1865274.97 1652109.28  11.4%     -  644s
     0     0 1652480.01    0 5422 1865274.97 1652480.01  11.4%     -  660s
     0     0 1652533.77    0 5475 1865274.97 1652533.77  11.4%     -  663s
     0     0 1652546.72    0 5479 1865274.97 1652546.72  11.4%     -  665s
     0     0 1654354.34    0 5706 1865274.97 1654354.34  11.3%     -  690s
     0     0 1654577.83    0 5771 1865274.97 1654577.83  11.3%     -  705s
     0     0 1654601.30    0 5841 1865274.97 1654601.30  11.3%     -  707s
     0     0 1654606.27    0 5870 1865274.97 1654606.27  11.3%     -  709s
     0     0 1655354.55    0 5742 1865274.97 1655354.55  11.3%     -  721s
     0     0 1655647.45    0 5740 1865274.97 1655647.45  11.2%     -  736s
     0     0 1655698.93    0 5775 1865274.97 1655698.93  11.2%     -  738s
     0     0 1655714.16    0 5783 1865274.97 1655714.16  11.2%     -  740s
     0     0 1656389.51    0 5922 1865274.97 1656389.51  11.2%     -  752s
     0     0 1656673.12    0 6228 1865274.97 1656673.12  11.2%     -  766s
     0     0 1656693.98    0 6103 1865274.97 1656693.98  11.2%     -  769s
     0     0 1656697.96    0 6122 1865274.97 1656697.96  11.2%     -  771s
     0     0 1657006.67    0 5949 1865274.97 1657006.67  11.2%     -  782s
     0     0 1657097.18    0 5963 1865274.97 1657097.18  11.2%     -  814s
     0     0 1657138.14    0 6133 1865274.97 1657138.14  11.2%     -  818s
     0     0 1657142.12    0 5980 1865274.97 1657142.12  11.2%     -  819s
     0     0 1657428.54    0 5978 1865274.97 1657428.54  11.1%     -  828s
     0     0 1657509.32    0 5969 1865274.97 1657509.32  11.1%     -  837s
     0     0 1657518.28    0 5985 1865274.97 1657518.28  11.1%     -  839s
     0     0 1657719.76    0 5915 1865274.97 1657719.76  11.1%     -  847s
     0     0 1657774.51    0 6065 1865274.97 1657774.51  11.1%     -  913s
     0     0 1657809.21    0 6162 1865274.97 1657809.21  11.1%     -  917s
     0     0 1657819.25    0 6290 1865274.97 1657819.25  11.1%     -  918s
     0     0 1658199.31    0 6289 1865274.97 1658199.31  11.1%     -  926s
H    0     0                    1865274.1742 1658199.68  11.1%     -  938s
     0     0 1658218.51    0 6356 1865274.17 1658218.51  11.1%     -  943s
     0     0 1658289.00    0 6393 1865274.17 1658289.00  11.1%     -  945s
     0     0 1658289.00    0 6414 1865274.17 1658289.00  11.1%     -  945s
     0     0 1658355.07    0 6542 1865274.17 1658355.07  11.1%     -  953s
     0     0 1658358.09    0 6545 1865274.17 1658358.09  11.1%     -  955s
     0     0 1658425.06    0 6444 1865274.17 1658425.06  11.1%     -  962s
     0     0 1658426.29    0 6444 1865274.17 1658426.29  11.1%     -  969s
     0     2 1658427.29    0 6444 1865274.17 1658427.29  11.1%     - 1156s
     1     3 1660803.94    1 6178 1865274.17 1658429.38  11.1% 40351 1166s
     2     4 1668762.87    1 6086 1865274.17 1660804.03  11.0% 23982 1190s
     3     5 1663286.15    2 5974 1865274.17 1660804.31  11.0% 16711 1200s

Cutting planes:
  Cover: 5
  Implied bound: 9
  Clique: 8
  MIR: 211
  Flow cover: 2814
  Zero half: 24
  Mod-K: 1
  RLT: 40
  Relax-and-lift: 12
  BQP: 8

Explored 4 nodes (319653 simplex iterations) in 1200.24 seconds (2847.04 work units)
Thread count was 10 (of 10 available processors)

Solution count 10: 1.86527e+06 1.86583e+06 1.86655e+06 ... 1.91952e+06

Time limit reached
Best objective 1.865274174299e+06, best bound 1.660804307678e+06, gap 10.9619%
