
Gurobi 12.0.2 (mac64[arm]) logging started Fri Jun 13 20:13:26 2025

Set parameter LogFile to value "/Users/yurunfeng/Documents/GitHub/LRGTS-store-location/result/gurobi/snyder/88nodes/88-0.85-5.log"
Gurobi Optimizer version 12.0.2 build v12.0.2rc0 (mac64[arm] - Darwin 24.5.0 24F74)

CPU model: Apple M4
Thread count: 10 physical cores, 10 logical processors, using up to 10 threads

Non-default parameters:
TimeLimit  1200

Optimize a model with 728288 rows, 1378696 columns and 6524758 nonzeros
Model fingerprint: 0xbe62efc9
Variable types: 689304 continuous, 689392 integer (689392 binary)
Coefficient statistics:
  Matrix range     [2e-01, 1e+00]
  Objective range  [8e+00, 7e+06]
  Bounds range     [1e+00, 1e+00]
  RHS range        [1e+00, 5e+00]
Found heuristic solution: objective 4.484057e+07
Presolve removed 15664 rows and 7832 columns (presolve time = 5s)...
Presolve removed 15664 rows and 7832 columns (presolve time = 10s)...
Presolve removed 15664 rows and 7832 columns
Presolve time: 11.73s
Presolved: 712624 rows, 1370864 columns, 5831529 nonzeros
Variable types: 681472 continuous, 689392 integer (689392 binary)
Deterministic concurrent LP optimizer: primal simplex, dual simplex, and barrier
Showing barrier log only...

Root barrier log...

Ordering time: 2.40s

Barrier performed 0 iterations in 16.36 seconds (41.89 work units)
Barrier solve interrupted - model solved by another algorithm

Concurrent spin time: 1.03s (can be avoided by choosing Method=3)

Solved with dual simplex

Root simplex log...

Iteration    Objective       Primal Inf.    Dual Inf.      Time
    8127    1.5271820e+06   0.000000e+00   0.000000e+00     16s

Root relaxation: objective 1.527182e+06, 8127 iterations, 4.19 seconds (7.55 work units)

    Nodes    |    Current Node    |     Objective Bounds      |     Work
 Expl Unexpl |  Obj  Depth IntInf | Incumbent    BestBd   Gap | It/Node Time

     0     0 1527182.01    0 1842 4.4841e+07 1527182.01  96.6%     -   20s
H    0     0                    4105839.0385 1527182.01  62.8%     -   35s
H    0     0                    2006595.8025 1527182.01  23.9%     -   39s
H    0     0                    1929662.8011 1527182.01  20.9%     -   44s
H    0     0                    1880382.7248 1527182.01  18.8%     -   48s
     0     0 1565694.90    0 3975 1880382.72 1565694.90  16.7%     -  158s
H    0     0                    1840773.6945 1565694.90  14.9%     -  178s
H    0     0                    1839988.1800 1565694.90  14.9%     -  195s
     0     0 1566007.97    0 3993 1839988.18 1566007.97  14.9%     -  201s
     0     0 1566007.97    0 2525 1839988.18 1566007.97  14.9%     -  244s
     0     0 1587390.90    0 4106 1839988.18 1587390.90  13.7%     -  339s
H    0     0                    1805484.2745 1587501.51  12.1%     -  358s
H    0     0                    1802012.1488 1587501.51  11.9%     -  366s
H    0     0                    1802011.6199 1587501.51  11.9%     -  377s
H    0     0                    1802011.5876 1587501.51  11.9%     -  390s
H    0     0                    1802011.5861 1587501.51  11.9%     -  390s
     0     0 1589974.75    0 4308 1802011.59 1589974.75  11.8%     -  400s
     0     0 1590138.91    0 4295 1802011.59 1590138.91  11.8%     -  406s
     0     0 1590140.87    0 4319 1802011.59 1590140.87  11.8%     -  409s
     0     0 1616126.31    0 4212 1802011.59 1616126.31  10.3%     -  444s
H    0     0                    1786446.5428 1616130.31  9.53%     -  451s
H    0     0                    1785517.1165 1616130.31  9.49%     -  451s
H    0     0                    1785517.1079 1616130.31  9.49%     -  451s
     0     0 1617994.46    0 4350 1785517.11 1617994.46  9.38%     -  465s
     0     0 1618205.97    0 4484 1785517.11 1618205.97  9.37%     -  484s
     0     0 1618206.06    0 4468 1785517.11 1618206.06  9.37%     -  485s
     0     0 1637714.91    0 5540 1785517.11 1637714.91  8.28%     -  518s
     0     0 1643402.91    0 5400 1785517.11 1643402.91  7.96%     -  574s
     0     0 1643632.36    0 5335 1785517.11 1643632.36  7.95%     -  577s
     0     0 1643652.59    0 5249 1785517.11 1643652.59  7.95%     -  578s
     0     0 1643661.76    0 5241 1785517.11 1643661.76  7.94%     -  579s
     0     0 1650899.76    0 5166 1785517.11 1650899.76  7.54%     -  609s
H    0     0                    1777778.3178 1650900.44  7.14%     -  619s
H    0     0                    1777776.0948 1650900.44  7.14%     -  621s
H    0     0                    1777773.1192 1650900.44  7.14%     -  621s
H    0     0                    1777773.1187 1650900.44  7.14%     -  623s
     0     0 1651456.73    0 5285 1777773.12 1651456.73  7.11%     -  690s
     0     0 1651600.78    0 5340 1777773.12 1651600.78  7.10%     -  693s
     0     0 1651605.20    0 5340 1777773.12 1651605.20  7.10%     -  694s
     0     0 1653670.60    0 5321 1777773.12 1653670.60  6.98%     -  709s
     0     0 1653808.05    0 5371 1777773.12 1653808.05  6.97%     -  714s
     0     0 1653819.57    0 5414 1777773.12 1653819.57  6.97%     -  716s
     0     0 1655079.32    0 6059 1777773.12 1655079.32  6.90%     -  731s
     0     0 1655280.94    0 6178 1777773.12 1655280.94  6.89%     -  743s
     0     0 1655296.22    0 6181 1777773.12 1655296.22  6.89%     -  744s
     0     0 1656421.20    0 5903 1777773.12 1656421.20  6.83%     -  756s
     0     0 1656525.61    0 5977 1777773.12 1656525.61  6.82%     -  762s
     0     0 1656621.01    0 5937 1777773.12 1656621.01  6.81%     -  765s
     0     0 1656623.50    0 5995 1777773.12 1656623.50  6.81%     -  766s
     0     0 1658366.81    0 6231 1777773.12 1658366.81  6.72%     -  778s
H    0     0                    1777773.1154 1658367.21  6.72%     -  780s
H    0     0                    1769063.5598 1658367.21  6.26%     -  786s
H    0     0                    1750938.5005 1658367.21  5.29%     -  791s
     0     0 1658431.02    0 6278 1750938.50 1658431.02  5.28%     -  799s
     0     0 1658464.40    0 6328 1750938.50 1658464.40  5.28%     -  802s
     0     0 1658479.14    0 6441 1750938.50 1658479.14  5.28%     -  804s
     0     0 1658766.19    0 6206 1750938.50 1658766.19  5.26%     -  815s
     0     0 1658822.27    0 6105 1750938.50 1658822.27  5.26%     -  821s
     0     0 1658826.31    0 6262 1750938.50 1658826.31  5.26%     -  822s
     0     0 1658983.82    0 6627 1750938.50 1658983.82  5.25%     -  831s
     0     0 1659018.53    0 6661 1750938.50 1659018.53  5.25%     -  835s
     0     0 1659022.64    0 6675 1750938.50 1659022.64  5.25%     -  836s
     0     0 1659353.71    0 6681 1750938.50 1659353.71  5.23%     -  846s
     0     0 1659474.48    0 6689 1750938.50 1659474.48  5.22%     -  917s
     0     0 1659562.86    0 6695 1750938.50 1659562.86  5.22%     -  920s
     0     0 1659563.18    0 6711 1750938.50 1659563.18  5.22%     -  921s
     0     0 1659631.46    0 6657 1750938.50 1659631.46  5.21%     -  928s
     0     0 1659652.78    0 6793 1750938.50 1659652.78  5.21%     -  935s
     0     0 1659656.82    0 6833 1750938.50 1659656.82  5.21%     -  936s
     0     0 1659863.76    0 6623 1750938.50 1659863.76  5.20%     -  945s
     0     0 1659910.63    0 6715 1750938.50 1659910.63  5.20%     -  951s
     0     0 1659911.66    0 6705 1750938.50 1659911.66  5.20%     -  952s
     0     0 1659979.87    0 6791 1750938.50 1659979.87  5.19%     -  959s
     0     0 1659995.46    0 6727 1750938.50 1659995.46  5.19%     -  976s
     0     0 1660004.06    0 6908 1750938.50 1660004.06  5.19%     -  982s
     0     0 1660006.98    0 6908 1750938.50 1660006.98  5.19%     -  990s
     0     2 1660007.21    0 6908 1750938.50 1660007.21  5.19%     - 1121s
     1     3 1660939.35    1 6408 1750938.50 1660007.21  5.19% 88795 1138s
     2     5 1661282.52    2 6495 1750938.50 1660007.21  5.19% 47434 1179s
     4     7 1661737.64    3 6609 1750938.50 1660944.13  5.14% 30488 1200s

Cutting planes:
  Cover: 7
  Implied bound: 13
  Clique: 6
  MIR: 191
  Flow cover: 2871
  Zero half: 25
  RLT: 31
  Relax-and-lift: 12
  BQP: 3

Explored 6 nodes (384465 simplex iterations) in 1200.27 seconds (2786.56 work units)
Thread count was 10 (of 10 available processors)

Solution count 10: 1.75094e+06 1.76906e+06 1.77777e+06 ... 1.84077e+06

Time limit reached
Best objective 1.750938500621e+06, best bound 1.661737814056e+06, gap 5.0945%
