
Gurobi 12.0.2 (mac64[arm]) logging started Fri Jun 13 17:08:49 2025

Set parameter LogFile to value "/Users/yurunfeng/Documents/GitHub/LRGTS-store-location/result/gurobi/snyder/88nodes/88-0.8-5.log"
Gurobi Optimizer version 12.0.2 build v12.0.2rc0 (mac64[arm] - Darwin 24.5.0 24F74)

CPU model: Apple M4
Thread count: 10 physical cores, 10 logical processors, using up to 10 threads

Non-default parameters:
TimeLimit  1200

Optimize a model with 728288 rows, 1378696 columns and 6524758 nonzeros
Model fingerprint: 0x7549c9fe
Variable types: 689304 continuous, 689392 integer (689392 binary)
Coefficient statistics:
  Matrix range     [2e-01, 1e+00]
  Objective range  [8e+00, 7e+06]
  Bounds range     [1e+00, 1e+00]
  RHS range        [1e+00, 5e+00]
Found heuristic solution: objective 4.484057e+07
Presolve removed 15664 rows and 7832 columns (presolve time = 5s)...
Presolve removed 15664 rows and 7832 columns (presolve time = 10s)...
Presolve removed 15664 rows and 7832 columns
Presolve time: 11.75s
Presolved: 712624 rows, 1370864 columns, 5831529 nonzeros
Variable types: 681472 continuous, 689392 integer (689392 binary)
Deterministic concurrent LP optimizer: primal simplex, dual simplex, and barrier
Showing barrier log only...

Root barrier log...

Elapsed ordering time = 6s
Ordering time: 8.13s

Barrier performed 0 iterations in 22.14 seconds (43.74 work units)
Barrier solve interrupted - model solved by another algorithm

Concurrent spin time: 6.19s (can be avoided by choosing Method=3)

Solved with dual simplex

Root simplex log...

Iteration    Objective       Primal Inf.    Dual Inf.      Time
   10852    1.5989123e+06   0.000000e+00   0.000000e+00     22s

Root relaxation: objective 1.598912e+06, 10852 iterations, 9.95 seconds (9.29 work units)

    Nodes    |    Current Node    |     Objective Bounds      |     Work
 Expl Unexpl |  Obj  Depth IntInf | Incumbent    BestBd   Gap | It/Node Time

     0     0 1598912.35    0 2397 4.4841e+07 1598912.35  96.4%     -   24s
H    0     0                    5288808.7510 1598912.35  69.8%     -   42s
H    0     0                    2530493.9423 1598912.35  36.8%     -   47s
H    0     0                    2174152.1591 1598912.35  26.5%     -   53s
H    0     0                    2061060.5094 1598912.35  22.4%     -   58s
     0     0 1646545.83    0 3881 2061060.51 1646545.83  20.1%     -  115s
     0     0 1646545.83    0 3881 2061060.51 1646545.83  20.1%     -  119s
H    0     0                    2027855.8242 1646554.79  18.8%     -  138s
H    0     0                    2027853.5918 1646554.79  18.8%     -  150s
H    0     0                    2027853.3745 1646554.79  18.8%     -  150s
H    0     0                    2021622.4776 1646554.79  18.6%     -  162s
     0     0 1647665.57    0 3881 2021622.48 1647665.57  18.5%     -  173s
     0     0 1647676.72    0 3925 2021622.48 1647676.72  18.5%     -  174s
     0     0 1685736.18    0 4386 2021622.48 1685736.18  16.6%     -  277s
     0     0 1688783.53    0 4144 2021622.48 1688783.53  16.5%     -  285s
     0     0 1688783.53    0 2705 2021622.48 1688783.53  16.5%     -  332s
     0     0 1688783.53    0 4082 2021622.48 1688783.53  16.5%     -  433s
     0     0 1701386.65    0 4153 2021622.48 1701386.65  15.8%     -  491s
     0     0 1702971.28    0 4166 2021622.48 1702971.28  15.8%     -  498s
     0     0 1703061.71    0 4173 2021622.48 1703061.71  15.8%     -  502s
     0     0 1703066.53    0 4171 2021622.48 1703066.53  15.8%     -  506s
     0     0 1715677.63    0 4656 2021622.48 1715677.63  15.1%     -  528s
H    0     0                    2017726.4840 1715682.98  15.0%     -  534s
H    0     0                    1991248.0624 1715682.98  13.8%     -  534s
H    0     0                    1991248.0619 1715682.98  13.8%     -  534s
     0     0 1716363.30    0 4803 1991248.06 1716363.30  13.8%     -  546s
     0     0 1716765.38    0 4778 1991248.06 1716765.38  13.8%     -  554s
     0     0 1716812.95    0 4754 1991248.06 1716812.95  13.8%     -  556s
     0     0 1716865.68    0 4779 1991248.06 1716865.68  13.8%     -  558s
     0     0 1716871.90    0 4777 1991248.06 1716871.90  13.8%     -  559s
     0     0 1732715.98    0 5156 1991248.06 1732715.98  13.0%     -  599s
     0     0 1735147.50    0 5200 1991248.06 1735147.50  12.9%     -  624s
     0     0 1735147.98    0 5206 1991248.06 1735147.98  12.9%     -  624s
     0     0 1735670.36    0 5219 1991248.06 1735670.36  12.8%     -  642s
     0     0 1735715.27    0 5226 1991248.06 1735715.27  12.8%     -  643s
     0     0 1735797.52    0 5270 1991248.06 1735797.52  12.8%     -  656s
     0     0 1735822.21    0 5246 1991248.06 1735822.21  12.8%     -  661s
     0     0 1735822.32    0 5262 1991248.06 1735822.32  12.8%     -  662s
     0     0 1742913.98    0 5361 1991248.06 1742913.98  12.5%     -  724s
H    0     0                    1987852.6406 1742914.27  12.3%     -  743s
H    0     0                    1982147.0937 1742914.27  12.1%     -  743s
     0     0 1743709.82    0 5142 1982147.09 1743709.82  12.0%     -  763s
     0     0 1743885.84    0 5250 1982147.09 1743885.84  12.0%     -  771s
     0     0 1743916.80    0 5213 1982147.09 1743916.80  12.0%     -  773s
     0     0 1743922.13    0 5245 1982147.09 1743922.13  12.0%     -  774s
     0     0 1745556.23    0 5369 1982147.09 1745556.23  11.9%     -  797s
     0     0 1746039.63    0 5679 1982147.09 1746039.63  11.9%     -  823s
     0     0 1746190.61    0 5711 1982147.09 1746190.61  11.9%     -  828s
     0     0 1746205.34    0 5759 1982147.09 1746205.34  11.9%     -  831s
     0     0 1747251.55    0 5806 1982147.09 1747251.55  11.9%     -  851s
     0     0 1747584.58    0 5875 1982147.09 1747584.58  11.8%     -  869s
     0     0 1747649.80    0 5886 1982147.09 1747649.80  11.8%     -  873s
     0     0 1747656.89    0 5884 1982147.09 1747656.89  11.8%     -  875s
     0     0 1748150.03    0 6180 1982147.09 1748150.03  11.8%     -  892s
     0     0 1748234.95    0 6267 1982147.09 1748234.95  11.8%     -  985s
     0     0 1748301.16    0 6177 1982147.09 1748301.16  11.8%     -  989s
     0     0 1748324.14    0 6252 1982147.09 1748324.14  11.8%     -  992s
     0     0 1748324.14    0 6271 1982147.09 1748324.14  11.8%     -  993s
     0     0 1748879.92    0 6004 1982147.09 1748879.92  11.8%     - 1013s
H    0     0                    1982147.0777 1748880.39  11.8%     - 1025s
     0     0 1749067.69    0 6077 1982147.08 1749067.69  11.8%     - 1034s
     0     0 1749095.89    0 6088 1982147.08 1749095.89  11.8%     - 1037s
     0     0 1749118.34    0 6094 1982147.08 1749118.34  11.8%     - 1040s
     0     0 1749145.36    0 6095 1982147.08 1749145.36  11.8%     - 1042s
     0     0 1749145.39    0 6112 1982147.08 1749145.39  11.8%     - 1043s
     0     0 1749568.02    0 6289 1982147.08 1749568.02  11.7%     - 1062s
     0     0 1749721.47    0 6233 1982147.08 1749721.47  11.7%     - 1090s
     0     0 1749756.17    0 6244 1982147.08 1749756.17  11.7%     - 1095s
     0     0 1749767.28    0 6260 1982147.08 1749767.28  11.7%     - 1097s
     0     0 1750106.96    0 6312 1982147.08 1750106.96  11.7%     - 1112s
H    0     0                    1970537.7278 1750108.36  11.2%     - 1122s
H    0     0                    1968469.0505 1750108.36  11.1%     - 1127s
H    0     0                    1965357.3089 1750108.36  11.0%     - 1127s
     0     0 1750132.70    0 6362 1965357.31 1750132.70  11.0%     - 1134s
     0     0 1750208.68    0 6351 1965357.31 1750208.68  10.9%     - 1139s
     0     0 1750245.90    0 6355 1965357.31 1750245.90  10.9%     - 1142s
     0     0 1750247.70    0 6422 1965357.31 1750247.70  10.9%     - 1146s
     0     0 1750449.06    0 6762 1965357.31 1750449.06  10.9%     - 1160s
     0     0 1750480.54    0 6765 1965357.31 1750480.54  10.9%     - 1168s
     0     0 1750502.69    0 6707 1965357.31 1750502.69  10.9%     - 1170s
     0     0 1750535.25    0 6760 1965357.31 1750535.25  10.9%     - 1172s
     0     0 1750538.49    0 6767 1965357.31 1750538.49  10.9%     - 1174s
     0     0 1750786.41    0 6744 1965357.31 1750786.41  10.9%     - 1187s
     0     0 1750792.10    0 6805 1965357.31 1750792.10  10.9%     - 1198s

Cutting planes:
  Gomory: 2
  Cover: 2
  Clique: 15
  MIR: 196
  Flow cover: 3245
  Zero half: 12
  Mod-K: 4
  RLT: 66
  Relax-and-lift: 14
  BQP: 8

Explored 1 nodes (315341 simplex iterations) in 1200.24 seconds (2698.66 work units)
Thread count was 10 (of 10 available processors)

Solution count 10: 1.96536e+06 1.96847e+06 1.97054e+06 ... 2.06106e+06

Time limit reached
Best objective 1.965357308975e+06, best bound 1.750792104023e+06, gap 10.9174%
