
Gurobi 12.0.2 (mac64[arm]) logging started Fri Jun 13 22:14:44 2025

Set parameter LogFile to value "/Users/yurunfeng/Documents/GitHub/LRGTS-store-location/result/gurobi/snyder/88nodes/88-0.9-4.log"
Gurobi Optimizer version 12.0.2 build v12.0.2rc0 (mac64[arm] - Darwin 24.5.0 24F74)

CPU model: Apple M4
Thread count: 10 physical cores, 10 logical processors, using up to 10 threads

Non-default parameters:
TimeLimit  1200

Optimize a model with 728288 rows, 1378696 columns and 6524758 nonzeros
Model fingerprint: 0xa596e1f8
Variable types: 689304 continuous, 689392 integer (689392 binary)
Coefficient statistics:
  Matrix range     [1e-01, 1e+00]
  Objective range  [8e+00, 7e+06]
  Bounds range     [1e+00, 1e+00]
  RHS range        [1e+00, 4e+00]
Found heuristic solution: objective 4.484057e+07
Presolve removed 15664 rows and 7832 columns (presolve time = 5s)...
Presolve removed 15664 rows and 7832 columns (presolve time = 10s)...
Presolve removed 15664 rows and 7832 columns
Presolve time: 11.54s
Presolved: 712624 rows, 1370864 columns, 5831442 nonzeros
Variable types: 681472 continuous, 689392 integer (689392 binary)
Deterministic concurrent LP optimizer: primal simplex, dual simplex, and barrier
Showing barrier log only...

Root barrier log...

Ordering time: 2.23s

Barrier performed 0 iterations in 15.99 seconds (40.76 work units)
Barrier solve interrupted - model solved by another algorithm

Concurrent spin time: 1.07s (can be avoided by choosing Method=3)

Solved with dual simplex

Root simplex log...

Iteration    Objective       Primal Inf.    Dual Inf.      Time
    7319    1.4605513e+06   0.000000e+00   0.000000e+00     16s

Root relaxation: objective 1.460551e+06, 7319 iterations, 4.02 seconds (6.85 work units)

    Nodes    |    Current Node    |     Objective Bounds      |     Work
 Expl Unexpl |  Obj  Depth IntInf | Incumbent    BestBd   Gap | It/Node Time

     0     0 1460551.26    0 1859 4.4841e+07 1460551.26  96.7%     -   18s
H    0     0                    2200552.8817 1460551.26  33.6%     -   24s
H    0     0                    1786401.9788 1460551.26  18.2%     -   30s
H    0     0                    1737058.7124 1460551.26  15.9%     -   46s
     0     0 1488599.96    0 3714 1737058.71 1488599.96  14.3%     -  114s
H    0     0                    1691517.1451 1488599.96  12.0%     -  171s
H    0     0                    1690931.0984 1488599.96  12.0%     -  187s
H    0     0                    1690929.9328 1488599.96  12.0%     -  189s
H    0     0                    1690634.6065 1488599.96  12.0%     -  189s
H    0     0                    1687272.8048 1488599.96  11.8%     -  195s
H    0     0                    1687244.0667 1488599.96  11.8%     -  195s
     0     0 1488734.81    0 3812 1687244.07 1488734.81  11.8%     -  196s
     0     0 1488734.81    0 2370 1687244.07 1488734.81  11.8%     -  231s
     0     0 1506872.65    0 3727 1687244.07 1506872.65  10.7%     -  339s
H    0     0                    1665893.0321 1506874.26  9.55%     -  370s
     0     0 1507338.88    0 3923 1665893.03 1507338.88  9.52%     -  407s
     0     0 1507392.39    0 3847 1665893.03 1507392.39  9.51%     -  411s
     0     0 1507392.39    0 3855 1665893.03 1507392.39  9.51%     -  415s
     0     0 1526526.54    0 4038 1665893.03 1526526.54  8.37%     -  446s
H    0     0                    1654966.1567 1526541.88  7.76%     -  458s
H    0     0                    1654522.7295 1526541.88  7.74%     -  458s
     0     0 1529735.66    0 4630 1654522.73 1529735.66  7.54%     -  511s
     0     0 1529888.78    0 4535 1654522.73 1529888.78  7.53%     -  515s
     0     0 1529937.61    0 4559 1654522.73 1529937.61  7.53%     -  517s
     0     0 1530031.39    0 4560 1654522.73 1530031.39  7.52%     -  519s
     0     0 1530064.57    0 4519 1654522.73 1530064.57  7.52%     -  520s
     0     0 1530065.05    0 4534 1654522.73 1530065.05  7.52%     -  521s
     0     0 1546192.72    0 4513 1654522.73 1546192.72  6.55%     -  539s
     0     0 1548813.07    0 4758 1654522.73 1548813.07  6.39%     -  552s
     0     0 1549297.19    0 4795 1654522.73 1549297.19  6.36%     -  555s
     0     0 1549364.72    0 4557 1654522.73 1549364.72  6.36%     -  556s
     0     0 1549365.67    0 4560 1654522.73 1549365.67  6.36%     -  556s
     0     0 1557104.35    0 5108 1654522.73 1557104.35  5.89%     -  575s
H    0     0                    1645149.6969 1557114.38  5.35%     -  603s
H    0     0                    1644929.7655 1557114.38  5.34%     -  604s
H    0     0                    1644801.7732 1557114.38  5.33%     -  607s
H    0     0                    1644786.3938 1557114.38  5.33%     -  609s
H    0     0                    1644771.1992 1557114.38  5.33%     -  610s
H    0     0                    1644771.1889 1557114.38  5.33%     -  610s
     0     0 1557710.60    0 5266 1644771.19 1557710.60  5.29%     -  615s
     0     0 1557807.65    0 5324 1644771.19 1557807.65  5.29%     -  617s
     0     0 1557826.81    0 5325 1644771.19 1557826.81  5.29%     -  618s
     0     0 1557827.80    0 5343 1644771.19 1557827.80  5.29%     -  618s
     0     0 1560759.64    0 5297 1644771.19 1560759.64  5.11%     -  635s
     0     0 1560759.64    0 5297 1644771.19 1560759.64  5.11%     -  635s
     0     0 1561107.12    0 5519 1644771.19 1561107.12  5.09%     -  642s
     0     0 1561284.14    0 5492 1644771.19 1561284.14  5.08%     -  646s
     0     0 1561298.56    0 5532 1644771.19 1561298.56  5.08%     -  648s
     0     0 1561299.23    0 5525 1644771.19 1561299.23  5.07%     -  649s
     0     0 1562244.18    0 5588 1644771.19 1562244.18  5.02%     -  664s
H    0     0                    1644767.9722 1562277.01  5.02%     -  670s
     0     0 1562327.84    0 5661 1644767.97 1562327.84  5.01%     -  676s
     0     0 1562345.20    0 5693 1644767.97 1562345.20  5.01%     -  678s
     0     0 1562350.78    0 5705 1644767.97 1562350.78  5.01%     -  678s
     0     0 1563362.59    0 5270 1644767.97 1563362.59  4.95%     -  691s
     0     0 1563762.84    0 5594 1644767.97 1563762.84  4.93%     -  700s
     0     0 1563818.57    0 5471 1644767.97 1563818.57  4.92%     -  703s
     0     0 1563827.00    0 5501 1644767.97 1563827.00  4.92%     -  705s
     0     0 1564303.42    0 6293 1644767.97 1564303.42  4.89%     -  722s
     0     0 1564413.99    0 6127 1644767.97 1564413.99  4.89%     -  735s
     0     0 1564422.96    0 6085 1644767.97 1564422.96  4.88%     -  736s
     0     0 1564651.46    0 5867 1644767.97 1564651.46  4.87%     -  745s
     0     0 1564675.48    0 5963 1644767.97 1564675.48  4.87%     -  750s
     0     0 1564691.12    0 5948 1644767.97 1564691.12  4.87%     -  753s
     0     0 1564700.59    0 5985 1644767.97 1564700.59  4.87%     -  754s
     0     0 1564735.74    0 5973 1644767.97 1564735.74  4.87%     -  760s
     0     0 1564747.89    0 6089 1644767.97 1564747.89  4.87%     -  764s
     0     0 1564833.69    0 5908 1644767.97 1564833.69  4.86%     -  772s
     0     0 1564881.05    0 6362 1644767.97 1564881.05  4.86%     -  783s
     0     0 1564884.15    0 6360 1644767.97 1564884.15  4.86%     -  784s
     0     0 1565011.76    0 6417 1644767.97 1565011.76  4.85%     -  794s
H    0     0                    1644767.9683 1565011.79  4.85%     -  797s
H    0     0                    1644767.9682 1565011.79  4.85%     -  798s
H    0     0                    1644671.0843 1565011.79  4.84%     -  803s
H    0     0                    1644670.8507 1565011.79  4.84%     -  804s
     0     0 1565063.49    0 6439 1644670.85 1565063.49  4.84%     -  814s
     0     0 1565065.06    0 6240 1644670.85 1565065.06  4.84%     -  816s
     0     0 1565162.84    0 6450 1644670.85 1565162.84  4.83%     -  826s
     0     0 1565176.73    0 6526 1644670.85 1565176.73  4.83%     -  831s
     0     0 1565177.56    0 6532 1644670.85 1565177.56  4.83%     -  832s
     0     0 1565223.62    0 6419 1644670.85 1565223.62  4.83%     -  840s
     0     0 1565282.08    0 6545 1644670.85 1565282.08  4.83%     -  847s
     0     0 1565283.16    0 6599 1644670.85 1565283.16  4.83%     -  848s
     0     0 1565389.27    0 6745 1644670.85 1565389.27  4.82%     -  857s
     0     0 1565415.97    0 6769 1644670.85 1565415.97  4.82%     - 1139s
     0     0 1565418.75    0 6656 1644670.85 1565418.75  4.82%     - 1141s
     0     0 1565433.66    0 6711 1644670.85 1565433.66  4.82%     - 1147s
     0     0 1565443.18    0 6734 1644670.85 1565443.18  4.82%     - 1168s
     0     0 1565457.34    0 6964 1644670.85 1565457.34  4.82%     - 1175s
     0     0 1565457.34    0 6956 1644670.85 1565457.34  4.82%     - 1175s
     0     0 1565461.02    0 6955 1644670.85 1565461.02  4.82%     - 1183s

Cutting planes:
  Cover: 3
  Implied bound: 7
  Clique: 2
  MIR: 187
  Flow cover: 2233
  Zero half: 18
  RLT: 14
  Relax-and-lift: 9
  BQP: 3

Explored 1 nodes (243302 simplex iterations) in 1200.11 seconds (2640.94 work units)
Thread count was 10 (of 10 available processors)

Solution count 10: 1.64467e+06 1.64477e+06 1.64477e+06 ... 1.66589e+06

Time limit reached
Best objective 1.644670850813e+06, best bound 1.565464901419e+06, gap 4.8159%
