
Gurobi 12.0.2 (mac64[arm]) logging started Mon Jun 16 00:35:29 2025

Set parameter LogFile to value "/Users/yurunfeng/Documents/GitHub/LRGTS-store-location/result/gurobi/snyder/88nodes/88-0.9-5.log"
Gurobi Optimizer version 12.0.2 build v12.0.2rc0 (mac64[arm] - Darwin 24.5.0 24F74)

CPU model: Apple M4
Thread count: 10 physical cores, 10 logical processors, using up to 10 threads

Non-default parameters:
TimeLimit  1200

Optimize a model with 16016 rows, 39248 columns and 431550 nonzeros
Model fingerprint: 0x49c7503a
Variable types: 0 continuous, 39248 integer (39248 binary)
Coefficient statistics:
  Matrix range     [1e+00, 1e+00]
  Objective range  [8e-03, 7e+06]
  Bounds range     [1e+00, 1e+00]
  RHS range        [1e+00, 1e+00]
Found heuristic solution: objective 4.484057e+07
Presolve removed 176 rows and 7832 columns
Presolve time: 0.41s
Presolved: 15840 rows, 31416 columns, 415446 nonzeros
Variable types: 0 continuous, 31416 integer (31416 binary)
Deterministic concurrent LP optimizer: primal and dual simplex
Showing primal log only...

Concurrent spin time: 0.00s

Solved with dual simplex

Root relaxation: objective 1.506584e+06, 8400 iterations, 0.08 seconds (0.24 work units)

    Nodes    |    Current Node    |     Objective Bounds      |     Work
 Expl Unexpl |  Obj  Depth IntInf | Incumbent    BestBd   Gap | It/Node Time

*    0     0               0    1506584.3337 1506584.33  0.00%     -    0s

Explored 1 nodes (8400 simplex iterations) in 0.56 seconds (1.90 work units)
Thread count was 10 (of 10 available processors)

Solution count 2: 1.50658e+06 4.48406e+07 

Optimal solution found (tolerance 1.00e-04)
Best objective 1.506584333653e+06, best bound 1.506584333653e+06, gap 0.0000%
