
Gurobi 12.0.2 (mac64[arm]) logging started Mon Jun 16 00:35:35 2025

Set parameter LogFile to value "/Users/yurunfeng/Documents/GitHub/LRGTS-store-location/result/gurobi/snyder/150nodes/150-0.95-3.log"
Gurobi Optimizer version 12.0.2 build v12.0.2rc0 (mac64[arm] - Darwin 24.5.0 24F74)

CPU model: Apple M4
Thread count: 10 physical cores, 10 logical processors, using up to 10 threads

Non-default parameters:
TimeLimit  1200

Optimize a model with 45600 rows, 68100 columns and 1857586 nonzeros
Model fingerprint: 0x765c3670
Variable types: 0 continuous, 68100 integer (68100 binary)
Coefficient statistics:
  Matrix range     [1e+00, 1e+00]
  Objective range  [3e-01, 8e+06]
  Bounds range     [1e+00, 1e+00]
  RHS range        [1e+00, 1e+00]
Found heuristic solution: objective 6.624322e+07
Presolve removed 450 rows and 22650 columns
Presolve time: 1.33s
Presolved: 45150 rows, 45450 columns, 1811536 nonzeros
Variable types: 0 continuous, 45450 integer (45450 binary)
Deterministic concurrent LP optimizer: primal simplex, dual simplex, and barrier
Showing barrier log only...

Root barrier log...


Barrier performed 0 iterations in 1.82 seconds (6.19 work units)
Barrier solve interrupted - model solved by another algorithm

Concurrent spin time: 0.17s (can be avoided by choosing Method=3)

Solved with dual simplex

Root relaxation: objective 2.437966e+06, 7211 iterations, 0.38 seconds (0.70 work units)

    Nodes    |    Current Node    |     Objective Bounds      |     Work
 Expl Unexpl |  Obj  Depth IntInf | Incumbent    BestBd   Gap | It/Node Time

*    0     0               0    2437965.8357 2437965.84  0.00%     -    1s

Explored 1 nodes (7211 simplex iterations) in 1.83 seconds (6.20 work units)
Thread count was 10 (of 10 available processors)

Solution count 2: 2.43797e+06 6.62432e+07 

Optimal solution found (tolerance 1.00e-04)
Best objective 2.437965835662e+06, best bound 2.437965835662e+06, gap 0.0000%
