
Gurobi 12.0.2 (mac64[arm]) logging started Fri Jun 13 21:54:34 2025

Set parameter LogFile to value "/Users/yurunfeng/Documents/GitHub/LRGTS-store-location/result/gurobi/snyder/49nodes/49-0.9-4.log"
Gurobi Optimizer version 12.0.2 build v12.0.2rc0 (mac64[arm] - Darwin 24.5.0 24F74)

CPU model: Apple M4
Thread count: 10 physical cores, 10 logical processors, using up to 10 threads

Non-default parameters:
TimeLimit  1200

Optimize a model with 132251 rows, 240247 columns and 1133517 nonzeros
Model fingerprint: 0x1d809644
Variable types: 120099 continuous, 120148 integer (120148 binary)
Coefficient statistics:
  Matrix range     [1e-01, 1e+00]
  Objective range  [2e+02, 3e+06]
  Bounds range     [1e+00, 1e+00]
  RHS range        [1e+00, 4e+00]
Found heuristic solution: objective 2.470516e+07
Presolve removed 4900 rows and 2450 columns
Presolve time: 1.26s
Presolved: 127351 rows, 237797 columns, 1006117 nonzeros
Variable types: 117649 continuous, 120148 integer (120148 binary)
Deterministic concurrent LP optimizer: primal simplex, dual simplex, and barrier
Showing barrier log only...

Root barrier log...

Ordering time: 0.65s

Barrier performed 0 iterations in 2.22 seconds (5.29 work units)
Barrier solve interrupted - model solved by another algorithm

Concurrent spin time: 0.44s (can be avoided by choosing Method=3)

Solved with dual simplex

Root relaxation: objective 1.039306e+06, 3294 iterations, 0.89 seconds (1.13 work units)

    Nodes    |    Current Node    |     Objective Bounds      |     Work
 Expl Unexpl |  Obj  Depth IntInf | Incumbent    BestBd   Gap | It/Node Time

     0     0 1039306.41    0  990 2.4705e+07 1039306.41  95.8%     -    2s
H    0     0                    4208242.8309 1039306.41  75.3%     -    4s
H    0     0                    1628521.1363 1039306.41  36.2%     -    4s
H    0     0                    1317854.6311 1039306.41  21.1%     -    6s
H    0     0                    1273891.1893 1039306.41  18.4%     -    6s
     0     0 1064154.15    0 1851 1273891.19 1064154.15  16.5%     -   16s
     0     0 1064154.15    0 1850 1273891.19 1064154.15  16.5%     -   17s
H    0     0                    1214436.8923 1064154.15  12.4%     -   22s
H    0     0                    1213550.1403 1064154.15  12.3%     -   22s
H    0     0                    1201623.3846 1064154.15  11.4%     -   22s
H    0     0                    1201623.3326 1064154.15  11.4%     -   25s
H    0     0                    1201623.3323 1064154.15  11.4%     -   25s
H    0     0                    1201623.3247 1064154.15  11.4%     -   25s
     0     0 1065402.63    0 1740 1201623.32 1065402.63  11.3%     -   25s
     0     0 1065402.63    0 1235 1201623.32 1065402.63  11.3%     -   31s
     0     0 1082641.35    0 2146 1201623.32 1082641.35  9.90%     -   47s
H    0     0                    1200419.9461 1082641.80  9.81%     -   57s
     0     0 1083083.55    0 2066 1200419.95 1083083.55  9.77%     -   58s
     0     0 1083083.55    0 2072 1200419.95 1083083.55  9.77%     -   58s
     0     0 1092433.23    0 2396 1200419.95 1092433.23  9.00%     -   62s
     0     0 1093916.76    0 2370 1200419.95 1093916.76  8.87%     -   65s
     0     0 1093938.71    0 2374 1200419.95 1093938.71  8.87%     -   65s
     0     0 1093941.18    0 2370 1200419.95 1093941.18  8.87%     -   65s
     0     0 1102893.66    0 2696 1200419.95 1102893.66  8.12%     -   69s
H    0     0                    1164697.9206 1102901.12  5.31%     -   70s
H    0     0                    1150462.7579 1102901.12  4.13%     -   70s
H    0     0                    1150460.9392 1102901.12  4.13%     -   70s
H    0     0                    1150456.2887 1102901.12  4.13%     -   70s
H    0     0                    1150451.6813 1102901.12  4.13%     -   70s
H    0     0                    1150449.8626 1102901.12  4.13%     -   70s
H    0     0                    1150445.2121 1102901.12  4.13%     -   70s
     0     0 1103255.96    0 2520 1150445.21 1103255.96  4.10%     -   72s
     0     0 1103291.20    0 2598 1150445.21 1103291.20  4.10%     -   73s
     0     0 1103295.92    0 2601 1150445.21 1103295.92  4.10%     -   73s
     0     0 1108019.52    0 2873 1150445.21 1108019.52  3.69%     -   77s
     0     0 1108019.62    0 2876 1150445.21 1108019.62  3.69%     -   77s
     0     0 1108352.87    0 2872 1150445.21 1108352.87  3.66%     -   78s
     0     0 1108406.96    0 2931 1150445.21 1108406.96  3.65%     -   78s
     0     0 1108406.96    0 2936 1150445.21 1108406.96  3.65%     -   78s
     0     0 1110261.08    0 3185 1150445.21 1110261.08  3.49%     -   81s
H    0     0                    1147351.3932 1110261.80  3.23%     -   82s
     0     0 1110458.83    0 3215 1147351.39 1110458.83  3.22%     -   83s
     0     0 1110489.23    0 3236 1147351.39 1110489.23  3.21%     -   84s
     0     0 1110489.41    0 3238 1147351.39 1110489.41  3.21%     -   84s
     0     0 1110489.67    0 3250 1147351.39 1110489.67  3.21%     -   84s
     0     0 1112144.33    0 3127 1147351.39 1112144.33  3.07%     -   86s
H    0     0                    1144622.7023 1112145.07  2.84%     -   87s
     0     0 1112249.66    0 3143 1144622.70 1112249.66  2.83%     -   90s
     0     0 1112262.05    0 3177 1144622.70 1112262.05  2.83%     -   90s
     0     0 1112262.37    0 3187 1144622.70 1112262.37  2.83%     -   90s
     0     0 1113038.71    0 3073 1144622.70 1113038.71  2.76%     -   92s
     0     0 1113162.79    0 3096 1144622.70 1113162.79  2.75%     -   94s
     0     0 1113188.35    0 3153 1144622.70 1113188.35  2.75%     -   95s
     0     0 1113199.73    0 3144 1144622.70 1113199.73  2.75%     -   95s
     0     0 1113200.63    0 3122 1144622.70 1113200.63  2.75%     -   95s
     0     0 1113605.58    0 3233 1144622.70 1113605.58  2.71%     -   97s
     0     0 1113689.46    0 3354 1144622.70 1113689.46  2.70%     -  104s
     0     0 1113698.14    0 3443 1144622.70 1113698.14  2.70%     -  104s
     0     0 1113840.74    0 3345 1144622.70 1113840.74  2.69%     -  106s
     0     0 1113870.15    0 3332 1144622.70 1113870.15  2.69%     -  107s
     0     0 1113871.10    0 3383 1144622.70 1113871.10  2.69%     -  107s
     0     0 1114090.36    0 3505 1144622.70 1114090.36  2.67%     -  109s
     0     0 1114129.95    0 3435 1144622.70 1114129.95  2.66%     -  110s
     0     0 1114147.58    0 3580 1144622.70 1114147.58  2.66%     -  110s
     0     0 1114157.82    0 3591 1144622.70 1114157.82  2.66%     -  111s
     0     0 1114168.08    0 3541 1144622.70 1114168.08  2.66%     -  111s
     0     0 1114170.94    0 3507 1144622.70 1114170.94  2.66%     -  111s
     0     0 1114250.90    0 3586 1144622.70 1114250.90  2.65%     -  113s
     0     0 1114260.56    0 3615 1144622.70 1114260.56  2.65%     -  120s
     0     0 1114265.60    0 3563 1144622.70 1114265.60  2.65%     -  121s
     0     0 1114319.55    0 3613 1144622.70 1114319.55  2.65%     -  122s
     0     0 1114346.44    0 3634 1144622.70 1114346.44  2.65%     -  126s
     0     0 1114369.24    0 3649 1144622.70 1114369.24  2.64%     -  126s
     0     0 1114373.23    0 3653 1144622.70 1114373.23  2.64%     -  127s
     0     0 1114544.30    0 3634 1144622.70 1114544.30  2.63%     -  129s
     0     0 1114544.31    0 3635 1144622.70 1114544.31  2.63%     -  129s
     0     0 1114559.24    0 3730 1144622.70 1114559.24  2.63%     -  129s
     0     0 1114565.07    0 3846 1144622.70 1114565.07  2.63%     -  130s
     0     0 1114698.62    0 3747 1144622.70 1114698.62  2.61%     -  133s
     0     0 1114714.94    0 3781 1144622.70 1114714.94  2.61%     -  133s
     0     0 1114726.93    0 3693 1144622.70 1114726.93  2.61%     -  134s
     0     0 1114726.93    0 3695 1144622.70 1114726.93  2.61%     -  134s
     0     0 1114764.22    0 3745 1144622.70 1114764.22  2.61%     -  135s
     0     0 1114775.35    0 3767 1144622.70 1114775.35  2.61%     -  136s
     0     0 1114780.82    0 3904 1144622.70 1114780.82  2.61%     -  137s
     0     0 1114797.95    0 3854 1144622.70 1114797.95  2.61%     -  138s
     0     0 1114798.78    0 3854 1144622.70 1114798.78  2.61%     -  140s
     0     2 1114798.90    0 3854 1144622.70 1114798.90  2.61%     -  156s
     1     3 1116847.98    1 2939 1144622.70 1114799.19  2.61% 19284  161s
     5    12 1118578.72    3 2677 1144622.70 1115995.15  2.50%  7567  167s
    11    21 1126016.79    4 2646 1144622.70 1117347.36  2.38%  6094  175s
    21    55 1129383.62    5 2557 1144622.70 1118700.42  2.26%  5265  181s
    84   113 1131234.30    9 1610 1144622.70 1118742.05  2.26%  2185  186s
   181   206 1132018.33   13 1505 1144622.70 1118742.05  2.26%  1337  190s
   258   255 1132945.65   20 1222 1144622.70 1118742.05  2.26%  1057  195s
   362   382 1133277.06   26 1226 1144622.70 1118742.05  2.26%   817  200s
   563   592 1134207.48   49 1021 1144622.70 1118802.16  2.26%   590  206s
   932   842 1141399.85   85  366 1144622.70 1118802.16  2.26%   400  211s
   942   849 1142821.69   86  358 1144622.70 1118802.16  2.26%   398  215s
   991   908 1142950.65   90  362 1144622.70 1118829.41  2.25%   391  220s
  1286  1275 1140484.41   10 1364 1144622.70 1118913.26  2.25%   317  225s
  1790  1646 1127935.48    6 2278 1144622.70 1119315.51  2.21%   250  231s
  1949  1647 1133321.58   57 1740 1144622.70 1119315.51  2.21%   234  274s
H 1950  1565                    1144622.7020 1119315.51  2.21%   234  353s
  1952  1566 1131245.84  127 2040 1144622.70 1119315.51  2.21%   234  366s
  1954  1567 1129213.82   30 2756 1144622.70 1119315.51  2.21%   234  373s
  1955  1568 1141234.06  148 3248 1144622.70 1119315.51  2.21%   234  379s
  1956  1569 1124738.58   38 3516 1144622.70 1119315.51  2.21%   234  382s
  1957  1569 1138490.89  124 3501 1144622.70 1119315.51  2.21%   233  386s
  1959  1571 1128643.96   11 3424 1144622.70 1119315.51  2.21%   233  393s
  1961  1572 1119725.65   20 3510 1144622.70 1119315.51  2.21%   233  395s
  1963  1573 1131338.53  135 3661 1144622.70 1119315.51  2.21%   233  459s
  1964  1574 1127522.05   80 3706 1144622.70 1119315.51  2.21%   233  466s
  1966  1575 1132506.37  116 3774 1144622.70 1119315.51  2.21%   232  470s
  1972  1579 1136794.32  145 3891 1144622.70 1119315.51  2.21%   232  475s
  1973  1580 1142684.08   34 4021 1144622.70 1119315.51  2.21%   231  484s
  1974  1581 1133052.64  119 4034 1144622.70 1119315.51  2.21%   231  485s
  1979  1584 1133073.01   78 4023 1144622.70 1119315.51  2.21%   231  490s
  1980  1585 1129712.78   24 4050 1144622.70 1119315.51  2.21%   231  499s
  1981  1585 1119808.09   23 4049 1144622.70 1119315.51  2.21%   231  500s
  1989  1591 1131940.13   37 4084 1144622.70 1119315.51  2.21%   230  505s
  1990  1591 1134965.09  113 4032 1144622.70 1119315.51  2.21%   230  514s
  1991  1592 1132339.21  105 4055 1144622.70 1119315.51  2.21%   229  515s
  1994  1594 1134181.38  171 4042 1144622.70 1119315.51  2.21%   229  525s
  1998  1597 1133487.58  117 4084 1144622.70 1119315.51  2.21%   229  536s
  2001  1599 1132271.65   46 3984 1144622.70 1119315.51  2.21%   228  540s
  2002  1599 1138899.25  138 3962 1144622.70 1119315.51  2.21%   228  548s
  2003  1600 1141030.02  198 3993 1144622.70 1119315.51  2.21%   228  552s
  2005  1601 1124841.56   76 4049 1144622.70 1119315.51  2.21%   228  557s
  2008  1603 1127059.16   73 4140 1144622.70 1119315.51  2.21%   227  560s
  2011  1605 1139281.65  125 4031 1144622.70 1119315.51  2.21%   227  582s
  2012  1606 1133459.78   88 4141 1144622.70 1119315.51  2.21%   227  586s
  2014  1607 1122700.47   15 4066 1144622.70 1119315.51  2.21%   227  590s
  2017  1609 1123368.54   31 4029 1144622.70 1119315.51  2.21%   226  595s
  2018  1610 1142348.03  134 4078 1144622.70 1119315.51  2.21%   226  602s
  2022  1613 1130411.23   16 4058 1144622.70 1119315.51  2.21%   226  605s
  2024  1614 1129955.36  112 4019 1144622.70 1119315.51  2.21%   226  617s
  2026  1615 1132898.51  125 4032 1144622.70 1119315.51  2.21%   225  621s
  2027  1616 1133274.75   17 4033 1144622.70 1119315.51  2.21%   225  628s
  2028  1617 1140423.57  139 4066 1144622.70 1119315.51  2.21%   225  634s
  2029  1617 1132895.85  165 4063 1144622.70 1119315.51  2.21%   225  640s
  2036  1622 1132791.01   93 4065 1144622.70 1119315.51  2.21%   224  648s
  2037  1623 1141693.48  179 4131 1144622.70 1119315.51  2.21%   224  655s
  2039  1624 1138009.58   84 4075 1144622.70 1119315.51  2.21%   224  660s
  2040  1625 1133349.01  157 4088 1144622.70 1119315.51  2.21%   224  666s
  2042  1626 1137452.79  116 4051 1144622.70 1119315.51  2.21%   224  670s
  2043  1627 1142620.97  111 4015 1144622.70 1119315.51  2.21%   224  682s
  2047  1629 1134551.43  114 4034 1144622.70 1119315.51  2.21%   223  688s
  2048  1630 1133270.37  101 3980 1144622.70 1119315.51  2.21%   223  695s
  2053  1633 1139457.82   95 3989 1144622.70 1119315.51  2.21%   222  700s
  2057  1636 1138490.89  124 4124 1144622.70 1119315.51  2.21%   222  706s
  2058  1637 1144131.68  138 4114 1144622.70 1119315.51  2.21%   222  721s
  2061  1639 1119725.65   20 4119 1144622.70 1119315.51  2.21%   222  726s
  2063  1640 1131338.53  135 4140 1144622.70 1119315.51  2.21%   221  731s
  2066  1642 1132506.37  116 4151 1144622.70 1119315.51  2.21%   221  736s
  2068  1643 1124129.64   20 4183 1144622.70 1119315.51  2.21%   221  741s
  2072  1646 1136794.32  145 4195 1144622.70 1119315.51  2.21%   220  776s
  2074  1650 1119315.51   10 3892 1144622.70 1119315.51  2.21%   288  802s
  2076  1654 1120451.26   11 3282 1144622.70 1119315.51  2.21%   301  814s
  2080  1660 1122739.73   12 2897 1144622.70 1119403.52  2.20%   321  833s
  2088  1663 1120267.33   13 2725 1144622.70 1119700.26  2.18%   346  850s
  2096  1688 1137699.89   14 1922 1144622.70 1120267.35  2.13%   381  865s
  2138  1682 1138366.97   18 1499 1144622.70 1120435.97  2.11%   432  871s
  2216  1694 1140883.89   27  695 1144622.70 1120722.14  2.09%   477  876s
  2334  1725 1141416.32   42  464 1144622.70 1121162.37  2.05%   492  883s
  2376  1718 1141591.42   48  405 1144622.70 1121162.37  2.05%   494  885s
  2506  1746 1129643.56   27 1231 1144622.70 1121162.37  2.05%   499  890s
  2574  1753 1134547.33   32  978 1144622.70 1121162.37  2.05%   495  895s
  2632  1736 1138401.83   37  546 1144622.70 1121240.85  2.04%   497  905s
  2672  1756 1139139.28   40  542 1144622.70 1121346.77  2.03%   507  913s
  2737  1778 1142627.65   49  378 1144622.70 1121346.77  2.03%   507  915s
  2816  1770 1130989.30   33 1352 1144622.70 1121824.93  1.99%   510  923s
  2830  1806 1132513.25   34 1392 1144622.70 1121824.93  1.99%   514  926s
  2890  1809 1132586.07   35 1397 1144622.70 1121824.93  1.99%   512  938s
  2956  1824 1133854.37   36 1242 1144622.70 1121824.93  1.99%   509  941s
  3093  1877 1135437.72   47 1071 1144622.70 1122662.34  1.92%   507  948s
  3166  1892 1137852.20   50  739 1144622.70 1122886.28  1.90%   504  950s
  3227  1935 1138381.42   53  612 1144622.70 1122886.28  1.90%   502  956s
  3335  1959 1138743.17   56  505 1144622.70 1123440.66  1.85%   495  975s
  3447  1954 1143059.63   81  266 1144622.70 1123440.66  1.85%   487  995s
  3653  2134 1126844.18   18 1875 1144622.70 1123593.73  1.84%   479 1005s
  4039  2310 1136105.13   21 1470 1144622.70 1123593.73  1.84%   454 1015s
  4282  2294 1139250.76   26 1275 1144622.70 1123593.73  1.84%   436 1024s
  4420  2382 infeasible   30      1144622.70 1123983.76  1.80%   438 1028s
  4581  2495 1138862.13   24 1222 1144622.70 1123983.76  1.80%   438 1035s
  4806  2500 infeasible   37      1144622.70 1123983.76  1.80%   430 1042s
  4967  2517 1140678.79   36  481 1144622.70 1124907.42  1.72%   428 1055s
  5107  2536 1142564.39   20 1323 1144622.70 1125483.51  1.67%   434 1061s
  5247  2581 1143566.34   20 1907 1144622.70 1125483.51  1.67%   441 1068s
  5392  2642 1137068.37   22 1596 1144622.70 1125853.38  1.64%   440 1075s
  5573  2685 1139500.83   24 1284 1144622.70 1125853.38  1.64%   443 1086s
  5766  2750 1128604.86   28 1207 1144622.70 1126290.95  1.60%   446 1094s
  5965  2808 1142426.11   47  397 1144622.70 1126290.95  1.60%   449 1106s
  6226  2832 1130398.97   22 1659 1144622.70 1126541.22  1.58%   445 1113s
  6395  2941 1130550.19   25 1558 1144622.70 1126541.22  1.58%   446 1126s
  6661  2961 1133734.95   28 1255 1144622.70 1126922.73  1.55%   445 1134s
  6816  3087 1134467.77   40 1082 1144622.70 1126940.34  1.54%   449 1142s
  7073  3261 1138164.54   60  449 1144622.70 1126940.34  1.54%   449 1155s
  7396  3446 1134543.82   60  560 1144622.70 1127380.71  1.51%   446 1167s
  7688  3661 1141735.54   54  651 1144622.70 1127380.71  1.51%   447 1184s
  8033  3941 1137908.98   46 1173 1144622.70 1127380.71  1.51%   444 1197s
  8440  4051 1141769.07   66  559 1144622.70 1127380.71  1.51%   440 1200s

Cutting planes:
  Cover: 27
  Implied bound: 2
  Clique: 4
  MIR: 214
  Mixing: 3
  StrongCG: 1
  Flow cover: 1515
  GUB cover: 4
  Zero half: 25
  RLT: 86
  Relax-and-lift: 5
  BQP: 12

Explored 8586 nodes (3832942 simplex iterations) in 1200.08 seconds (3033.20 work units)
Thread count was 10 (of 10 available processors)

Solution count 10: 1.14462e+06 1.14735e+06 1.15045e+06 ... 1.20042e+06

Time limit reached
Best objective 1.144622701974e+06, best bound 1.127380709930e+06, gap 1.5063%
