
Gurobi 12.0.2 (mac64[arm]) logging started Fri Jun 13 15:27:25 2025

Set parameter LogFile to value "/Users/yurunfeng/Documents/GitHub/LRGTS-store-location/result/gurobi/snyder/49nodes/49-0.8-4.log"
Gurobi Optimizer version 12.0.2 build v12.0.2rc0 (mac64[arm] - Darwin 24.5.0 24F74)

CPU model: Apple M4
Thread count: 10 physical cores, 10 logical processors, using up to 10 threads

Non-default parameters:
TimeLimit  1200

Optimize a model with 132251 rows, 240247 columns and 1133517 nonzeros
Model fingerprint: 0xaccfe12e
Variable types: 120099 continuous, 120148 integer (120148 binary)
Coefficient statistics:
  Matrix range     [2e-01, 1e+00]
  Objective range  [2e+02, 3e+06]
  Bounds range     [1e+00, 1e+00]
  RHS range        [1e+00, 4e+00]
Found heuristic solution: objective 2.470516e+07
Presolve removed 4900 rows and 2450 columns
Presolve time: 1.29s
Presolved: 127351 rows, 237797 columns, 1006117 nonzeros
Variable types: 117649 continuous, 120148 integer (120148 binary)
Deterministic concurrent LP optimizer: primal simplex, dual simplex, and barrier
Showing barrier log only...

Root barrier log...

Ordering time: 1.14s

Barrier performed 0 iterations in 2.74 seconds (5.55 work units)
Barrier solve interrupted - model solved by another algorithm

Concurrent spin time: 0.79s (can be avoided by choosing Method=3)

Solved with dual simplex

Root relaxation: objective 1.143292e+06, 4415 iterations, 1.37 seconds (1.46 work units)

    Nodes    |    Current Node    |     Objective Bounds      |     Work
 Expl Unexpl |  Obj  Depth IntInf | Incumbent    BestBd   Gap | It/Node Time

     0     0 1143291.89    0 1036 2.4705e+07 1143291.89  95.4%     -    3s
H    0     0                    2518386.3943 1143291.89  54.6%     -    4s
H    0     0                    1600959.7668 1143291.89  28.6%     -    4s
H    0     0                    1570066.8360 1143291.89  27.2%     -    6s
     0     0 1182697.72    0 1807 1570066.84 1182697.72  24.7%     -   18s
     0     0 1183513.04    0 1816 1570066.84 1183513.04  24.6%     -   28s
     0     0 1183513.04    0 1336 1570066.84 1183513.04  24.6%     -   34s
     0     0 1202808.72    0 2052 1570066.84 1202808.72  23.4%     -   50s
     0     0 1205417.42    0 2098 1570066.84 1205417.42  23.2%     -   64s
     0     0 1205751.72    0 2200 1570066.84 1205751.72  23.2%     -   64s
     0     0 1205813.61    0 2230 1570066.84 1205813.61  23.2%     -   65s
     0     0 1205813.61    0 2231 1570066.84 1205813.61  23.2%     -   65s
     0     0 1224524.74    0 2156 1570066.84 1224524.74  22.0%     -   69s
     0     0 1225712.62    0 2236 1570066.84 1225712.62  21.9%     -   73s
     0     0 1225800.90    0 2367 1570066.84 1225800.90  21.9%     -   73s
     0     0 1225807.86    0 2379 1570066.84 1225807.86  21.9%     -   73s
     0     0 1225815.46    0 2364 1570066.84 1225815.46  21.9%     -   74s
     0     0 1225818.28    0 2374 1570066.84 1225818.28  21.9%     -   74s
     0     0 1237046.20    0 2474 1570066.84 1237046.20  21.2%     -   78s
     0     0 1237104.70    0 2478 1570066.84 1237104.70  21.2%     -   78s
     0     0 1237974.44    0 2569 1570066.84 1237974.44  21.2%     -   80s
     0     0 1237984.91    0 2587 1570066.84 1237984.91  21.2%     -   80s
     0     0 1238021.89    0 2613 1570066.84 1238021.89  21.1%     -   80s
     0     0 1238042.81    0 2611 1570066.84 1238042.81  21.1%     -   81s
     0     0 1238051.90    0 2602 1570066.84 1238051.90  21.1%     -   81s
     0     0 1246381.79    0 2644 1570066.84 1246381.79  20.6%     -   86s
H    0     0                    1484600.6624 1246399.21  16.0%     -   87s
H    0     0                    1480272.9574 1246399.21  15.8%     -   87s
H    0     0                    1476984.7052 1246399.21  15.6%     -   87s
H    0     0                    1476556.0348 1246399.21  15.6%     -   90s
     0     0 1247235.70    0 2698 1476556.03 1247235.70  15.5%     -  105s
     0     0 1247452.14    0 2687 1476556.03 1247452.14  15.5%     -  105s
     0     0 1247474.43    0 2656 1476556.03 1247474.43  15.5%     -  106s
     0     0 1247487.36    0 2767 1476556.03 1247487.36  15.5%     -  106s
     0     0 1247511.78    0 2746 1476556.03 1247511.78  15.5%     -  106s
     0     0 1247514.34    0 2751 1476556.03 1247514.34  15.5%     -  106s
     0     0 1249277.49    0 2707 1476556.03 1249277.49  15.4%     -  110s
     0     0 1249459.23    0 2857 1476556.03 1249459.23  15.4%     -  111s
     0     0 1249499.19    0 2809 1476556.03 1249499.19  15.4%     -  111s
     0     0 1249507.45    0 2823 1476556.03 1249507.45  15.4%     -  111s
     0     0 1251178.05    0 2785 1476556.03 1251178.05  15.3%     -  115s
     0     0 1251383.37    0 2846 1476556.03 1251383.37  15.2%     -  116s
     0     0 1251442.31    0 2836 1476556.03 1251442.31  15.2%     -  117s
     0     0 1251465.53    0 2859 1476556.03 1251465.53  15.2%     -  117s
     0     0 1251472.77    0 2860 1476556.03 1251472.77  15.2%     -  117s
     0     0 1252363.95    0 2966 1476556.03 1252363.95  15.2%     -  120s
     0     0 1252677.49    0 3030 1476556.03 1252677.49  15.2%     -  122s
     0     0 1252813.83    0 3052 1476556.03 1252813.83  15.2%     -  123s
     0     0 1252871.23    0 3060 1476556.03 1252871.23  15.1%     -  123s
     0     0 1252872.98    0 3083 1476556.03 1252872.98  15.1%     -  123s
     0     0 1253903.13    0 3059 1476556.03 1253903.13  15.1%     -  126s
     0     0 1254100.26    0 3072 1476556.03 1254100.26  15.1%     -  130s
     0     0 1254229.37    0 3101 1476556.03 1254229.37  15.1%     -  131s
     0     0 1254265.30    0 3085 1476556.03 1254265.30  15.1%     -  131s
     0     0 1254269.14    0 3109 1476556.03 1254269.14  15.1%     -  132s
     0     0 1254687.06    0 3207 1476556.03 1254687.06  15.0%     -  134s
     0     0 1254764.72    0 3278 1476556.03 1254764.72  15.0%     -  221s
     0     0 1254821.30    0 3310 1476556.03 1254821.30  15.0%     -  222s
     0     0 1254836.48    0 3346 1476556.03 1254836.48  15.0%     -  223s
     0     0 1255010.55    0 3380 1476556.03 1255010.55  15.0%     -  225s
     0     0 1255156.15    0 3382 1476556.03 1255156.15  15.0%     -  229s
     0     0 1255189.99    0 3284 1476556.03 1255189.99  15.0%     -  230s
     0     0 1255205.21    0 3348 1476556.03 1255205.21  15.0%     -  230s
     0     0 1255499.06    0 3334 1476556.03 1255499.06  15.0%     -  233s
     0     0 1255745.85    0 3426 1476556.03 1255745.85  15.0%     -  236s
     0     0 1255781.58    0 3361 1476556.03 1255781.58  15.0%     -  236s
     0     0 1255789.57    0 3391 1476556.03 1255789.57  15.0%     -  237s
     0     0 1255957.52    0 3366 1476556.03 1255957.52  14.9%     -  239s
     0     0 1256019.99    0 3518 1476556.03 1256019.99  14.9%     -  245s
     0     0 1256039.24    0 3533 1476556.03 1256039.24  14.9%     -  245s
     0     0 1256047.83    0 3517 1476556.03 1256047.83  14.9%     -  246s
     0     0 1256509.25    0 3472 1476556.03 1256509.25  14.9%     -  249s
     0     0 1256712.36    0 3472 1476556.03 1256712.36  14.9%     -  253s
     0     0 1256725.43    0 3426 1476556.03 1256725.43  14.9%     -  254s
     0     0 1256907.84    0 3411 1476556.03 1256907.84  14.9%     -  257s
     0     0 1256926.36    0 3476 1476556.03 1256926.36  14.9%     -  550s
     0     0 1257214.15    0 3455 1476556.03 1257214.15  14.9%     -  553s
     0     0 1257281.74    0 3550 1476556.03 1257281.74  14.9%     -  555s
     0     0 1257322.77    0 3556 1476556.03 1257322.77  14.8%     -  556s
     0     0 1257332.80    0 3603 1476556.03 1257332.80  14.8%     -  557s
     0     0 1257355.20    0 3649 1476556.03 1257355.20  14.8%     -  558s
     0     0 1257362.18    0 3659 1476556.03 1257362.18  14.8%     -  560s
     0     0 1257376.18    0 3603 1476556.03 1257376.18  14.8%     -  562s
     0     0 1257376.71    0 3422 1476556.03 1257376.71  14.8%     -  564s
     0     2 1257376.82    0 3173 1476556.03 1257376.82  14.8%     -  602s
     1     3 1258990.71    1 3064 1476556.03 1257376.82  14.8%  9485  605s
     2     4 1260989.14    1 3080 1476556.03 1258991.95  14.7%  6070  611s
     3     8 1304660.12    2 3044 1476556.03 1258991.95  14.7%  6220  616s
     7    16 1307485.65    3 3022 1476556.03 1261558.43  14.6%  5149  629s
    15    23 1273136.75    4 2901 1476556.03 1264472.48  14.4%  7656  651s
    22    26 1268115.69    5 3039 1476556.03 1266539.43  14.2%  8375  670s
    25    64 1270448.18    6 2917 1476556.03 1266539.43  14.2%  8136  689s
    63   104 1275829.14    9 2470 1476556.03 1267348.54  14.2%  5283  696s
   103   143 1274770.14   11 2572 1476556.03 1267348.54  14.2%  3978  701s
   142   178 1276483.90   15 2351 1476556.03 1267348.54  14.2%  3224  705s
   240   281 1286106.76   24 1890 1476556.03 1267348.54  14.2%  2388  711s
   378   424 1292259.13   36 1550 1476556.03 1267348.54  14.2%  1710  715s
   599   671 1299517.36   49  937 1476556.03 1267348.54  14.2%  1181  722s
   828   929 1319456.41   71  418 1476556.03 1268419.29  14.1%   906  728s
   976  1065 1320336.50   85  422 1476556.03 1268419.29  14.1%   777  730s
  1274  1317 infeasible  123      1476556.03 1269037.80  14.1%   618  738s
  1425  1464 1340976.48  149  411 1476556.03 1269037.80  14.1%   568  741s
  1574  1630 1354877.91  157  403 1476556.03 1269037.80  14.1%   529  745s
  1751  1631 1436895.95   50 1816 1476556.03 1269037.80  14.1%   487  793s
  1753  1632 1276003.61    9 1425 1476556.03 1269037.80  14.1%   487  892s
  1754  1633 1384727.79   83 1963 1476556.03 1269037.80  14.1%   486  907s
  1755  1634 1332784.70   25 2441 1476556.03 1269037.80  14.1%   486  910s
  1756  1634 1353931.65   34 2528 1476556.03 1269037.80  14.1%   486  916s
  1757  1635 1351764.21   90 2531 1476556.03 1269037.80  14.1%   485  920s
  1758  1636 1402981.66  109 2802 1476556.03 1269037.80  14.1%   485  925s
  1760  1637 1411861.98  143 3219 1476556.03 1269037.80  14.1%   485  933s
  1761  1638 1305694.38   63 3245 1476556.03 1269037.80  14.1%   484  938s
  1762  1638 1335015.06   48 3189 1476556.03 1269037.80  14.1%   484  943s
  1763  1639 1334038.68   29 3380 1476556.03 1269037.80  14.1%   484  947s
  1764  1640 1316470.04   12 3447 1476556.03 1269037.80  14.1%   484  950s
  1766  1641 1292246.67   36 3357 1476556.03 1269037.80  14.1%   483  955s
  1770  1644 1333760.76   29 3529 1476556.03 1269037.80  14.1%   482 1094s
  1771  1644 1280998.63   10 3545 1476556.03 1269037.80  14.1%   482 1110s
  1772  1645 1416675.83   79 3604 1476556.03 1269037.80  14.1%   481 1117s
  1773  1646 1348794.36   48 3581 1476556.03 1269037.80  14.1%   481 1127s
  1774  1646 1294938.80   51 3639 1476556.03 1269037.80  14.1%   481 1131s
  1776  1648 1315943.13   10 3670 1476556.03 1269037.80  14.1%   480 1138s
  1777  1648 1385348.08   84 3689 1476556.03 1269037.80  14.1%   480 1146s
  1778  1649 1317218.15   48 3633 1476556.03 1269037.80  14.1%   480 1150s
  1780  1650 1400229.77   92 3663 1476556.03 1269037.80  14.1%   479 1157s
  1783  1652 1371210.48   83 3637 1476556.03 1269037.80  14.1%   478 1160s

Cutting planes:
  Cover: 14
  Implied bound: 3
  Projected implied bound: 2
  Clique: 8
  MIR: 188
  Flow cover: 1766
  GUB cover: 3
  Zero half: 16
  Mod-K: 2
  RLT: 71
  Relax-and-lift: 20
  BQP: 7

Explored 1784 nodes (1141090 simplex iterations) in 1200.22 seconds (2777.67 work units)
Thread count was 10 (of 10 available processors)

Solution count 8: 1.47656e+06 1.47698e+06 1.48027e+06 ... 2.47052e+07

Time limit reached
Best objective 1.476556034767e+06, best bound 1.269037797058e+06, gap 14.0542%
