
Gurobi 12.0.2 (mac64[arm]) logging started Fri Jun 13 16:48:39 2025

Set parameter LogFile to value "/Users/yurunfeng/Documents/GitHub/LRGTS-store-location/result/gurobi/snyder/49nodes/49-0.8-5.log"
Gurobi Optimizer version 12.0.2 build v12.0.2rc0 (mac64[arm] - Darwin 24.5.0 24F74)

CPU model: Apple M4
Thread count: 10 physical cores, 10 logical processors, using up to 10 threads

Non-default parameters:
TimeLimit  1200

Optimize a model with 132251 rows, 240247 columns and 1133517 nonzeros
Model fingerprint: 0x34d157af
Variable types: 120099 continuous, 120148 integer (120148 binary)
Coefficient statistics:
  Matrix range     [2e-01, 1e+00]
  Objective range  [2e+02, 3e+06]
  Bounds range     [1e+00, 1e+00]
  RHS range        [1e+00, 5e+00]
Found heuristic solution: objective 2.470516e+07
Presolve removed 4900 rows and 2450 columns
Presolve time: 1.29s
Presolved: 127351 rows, 237797 columns, 1006117 nonzeros
Variable types: 117649 continuous, 120148 integer (120148 binary)
Deterministic concurrent LP optimizer: primal simplex, dual simplex, and barrier
Showing barrier log only...

Root barrier log...

Ordering time: 1.03s

Barrier performed 0 iterations in 2.63 seconds (5.47 work units)
Barrier solve interrupted - model solved by another algorithm

Concurrent spin time: 0.72s (can be avoided by choosing Method=3)

Solved with dual simplex

Root relaxation: objective 1.143292e+06, 4214 iterations, 1.27 seconds (1.39 work units)

    Nodes    |    Current Node    |     Objective Bounds      |     Work
 Expl Unexpl |  Obj  Depth IntInf | Incumbent    BestBd   Gap | It/Node Time

     0     0 1143291.89    0 1035 2.4705e+07 1143291.89  95.4%     -    3s
H    0     0                    4528493.0439 1143291.89  74.8%     -    3s
H    0     0                    2545029.3577 1143291.89  55.1%     -    3s
H    0     0                    2356335.9904 1143291.89  51.5%     -    4s
H    0     0                    2305000.3609 1143291.89  50.4%     -    5s
H    0     0                    2279558.1027 1143291.89  49.8%     -    6s
H    0     0                    2254881.5483 1143291.89  49.3%     -    7s
H    0     0                    2254881.3255 1143291.89  49.3%     -    8s
H    0     0                    2254291.6810 1143291.89  49.3%     -    8s
H    0     0                    1829535.3680 1143291.89  37.5%     -    9s
H    0     0                    1572749.6241 1143291.89  27.3%     -    9s
H    0     0                    1478638.7770 1143291.89  22.7%     -   11s
     0     0 1182682.42    0 1888 1478638.78 1182682.42  20.0%     -   23s
     0     0 1182703.77    0 1888 1478638.78 1182703.77  20.0%     -   23s
H    0     0                    1478638.7707 1182703.77  20.0%     -   23s
H    0     0                    1445753.9730 1182703.77  18.2%     -   27s
H    0     0                    1424093.3134 1182703.77  17.0%     -   28s
H    0     0                    1423866.0742 1182703.77  16.9%     -   30s
H    0     0                    1423067.5878 1182703.77  16.9%     -   30s
H    0     0                    1423067.5716 1182703.77  16.9%     -   31s
H    0     0                    1423067.4772 1182703.77  16.9%     -   31s
H    0     0                    1422840.5482 1182703.77  16.9%     -   31s
H    0     0                    1422840.5274 1182703.77  16.9%     -   31s
H    0     0                    1422804.4390 1182703.77  16.9%     -   33s
H    0     0                    1422566.1648 1182703.77  16.9%     -   33s
     0     0 1183711.75    0 1895 1422566.16 1183711.75  16.8%     -   34s
     0     0 1183711.75    0 1328 1422566.16 1183711.75  16.8%     -   41s
     0     0 1203967.15    0 2045 1422566.16 1203967.15  15.4%     -   61s
     0     0 1203967.15    0 2045 1422566.16 1203967.15  15.4%     -   61s
H    0     0                    1422566.0309 1203968.32  15.4%     -   62s
H    0     0                    1422566.0303 1203968.32  15.4%     -   64s
H    0     0                    1417204.5912 1203968.32  15.0%     -   67s
H    0     0                    1413630.3680 1203968.32  14.8%     -   68s
H    0     0                    1413630.3241 1203968.32  14.8%     -   71s
H    0     0                    1413630.3135 1203968.32  14.8%     -   71s
H    0     0                    1413630.2701 1203968.32  14.8%     -   72s
H    0     0                    1413630.2549 1203968.32  14.8%     -   73s
     0     0 1206343.00    0 2187 1413630.25 1206343.00  14.7%     -   77s
     0     0 1206423.78    0 2237 1413630.25 1206423.78  14.7%     -   78s
     0     0 1225791.71    0 2268 1413630.25 1225791.71  13.3%     -   82s
     0     0 1225796.04    0 2261 1413630.25 1225796.04  13.3%     -   82s
H    0     0                    1412460.6715 1225805.31  13.2%     -   83s
H    0     0                    1411891.2614 1225805.31  13.2%     -   83s
     0     0 1228103.51    0 2300 1411891.26 1228103.51  13.0%     -   84s
     0     0 1228146.32    0 2303 1411891.26 1228146.32  13.0%     -   84s
     0     0 1228163.11    0 2322 1411891.26 1228163.11  13.0%     -   85s
     0     0 1228163.61    0 2312 1411891.26 1228163.61  13.0%     -   85s
     0     0 1239457.53    0 2573 1411891.26 1239457.53  12.2%     -   89s
     0     0 1239489.26    0 2567 1411891.26 1239489.26  12.2%     -   89s
     0     0 1241268.91    0 2632 1411891.26 1241268.91  12.1%     -   92s
     0     0 1241521.85    0 2596 1411891.26 1241521.85  12.1%     -   92s
     0     0 1241644.32    0 2597 1411891.26 1241644.32  12.1%     -   93s
     0     0 1241656.98    0 2590 1411891.26 1241656.98  12.1%     -   93s
     0     0 1241666.31    0 2595 1411891.26 1241666.31  12.1%     -   93s
     0     0 1247802.60    0 2595 1411891.26 1247802.60  11.6%     -   98s
     0     0 1247830.14    0 2534 1411891.26 1247830.14  11.6%     -   98s
H    0     0                    1401881.1658 1247831.79  11.0%     -   99s
H    0     0                    1348257.4172 1247831.79  7.45%     -   99s
H    0     0                    1337549.7597 1247831.79  6.71%     -   99s
H    0     0                    1337549.7517 1247831.79  6.71%     -  100s
H    0     0                    1337549.7418 1247831.79  6.71%     -  101s
     0     0 1248454.67    0 2675 1337549.74 1248454.67  6.66%     -  106s
     0     0 1248503.88    0 2701 1337549.74 1248503.88  6.66%     -  106s
     0     0 1248534.97    0 2710 1337549.74 1248534.97  6.66%     -  106s
     0     0 1248536.79    0 2697 1337549.74 1248536.79  6.65%     -  106s
     0     0 1250025.33    0 2979 1337549.74 1250025.33  6.54%     -  109s
     0     0 1250506.01    0 3002 1337549.74 1250506.01  6.51%     -  112s
     0     0 1250620.42    0 3037 1337549.74 1250620.42  6.50%     -  113s
     0     0 1250660.61    0 3029 1337549.74 1250660.61  6.50%     -  114s
     0     0 1250667.50    0 3033 1337549.74 1250667.50  6.50%     -  114s
     0     0 1251788.20    0 3009 1337549.74 1251788.20  6.41%     -  116s
     0     0 1251874.51    0 3022 1337549.74 1251874.51  6.41%     -  120s
     0     0 1251932.25    0 3010 1337549.74 1251932.25  6.40%     -  120s
     0     0 1251942.71    0 3025 1337549.74 1251942.71  6.40%     -  120s
     0     0 1253334.90    0 3017 1337549.74 1253334.90  6.30%     -  123s
     0     0 1253646.38    0 3103 1337549.74 1253646.38  6.27%     -  126s
     0     0 1253746.02    0 3139 1337549.74 1253746.02  6.27%     -  126s
     0     0 1253794.48    0 3146 1337549.74 1253794.48  6.26%     -  127s
     0     0 1253805.17    0 3156 1337549.74 1253805.17  6.26%     -  127s
     0     0 1254398.58    0 3159 1337549.74 1254398.58  6.22%     -  129s
     0     0 1254500.74    0 3212 1337549.74 1254500.74  6.21%     -  133s
     0     0 1254568.29    0 3213 1337549.74 1254568.29  6.20%     -  134s
     0     0 1254592.40    0 3210 1337549.74 1254592.40  6.20%     -  134s
     0     0 1254593.26    0 3226 1337549.74 1254593.26  6.20%     -  134s
     0     0 1254924.69    0 3151 1337549.74 1254924.69  6.18%     -  137s
     0     0 1255159.21    0 3083 1337549.74 1255159.21  6.16%     -  149s
     0     0 1255168.73    0 3126 1337549.74 1255168.73  6.16%     -  150s
     0     0 1255488.75    0 3206 1337549.74 1255488.75  6.14%     -  152s
     0     0 1255531.62    0 3310 1337549.74 1255531.62  6.13%     -  157s
     0     0 1255537.75    0 3320 1337549.74 1255537.75  6.13%     -  157s
     0     0 1255739.85    0 3254 1337549.74 1255739.85  6.12%     -  159s
     0     0 1255855.70    0 3249 1337549.74 1255855.70  6.11%     -  177s
     0     0 1255869.25    0 3276 1337549.74 1255869.25  6.11%     -  178s
     0     0 1256501.45    0 3336 1337549.74 1256501.45  6.06%     -  181s
     0     0 1256730.73    0 3432 1337549.74 1256730.73  6.04%     -  185s
     0     0 1256782.09    0 3476 1337549.74 1256782.09  6.04%     -  186s
     0     0 1256790.87    0 3480 1337549.74 1256790.87  6.04%     -  186s
     0     0 1256984.76    0 3485 1337549.74 1256984.76  6.02%     -  189s
     0     0 1257010.33    0 3492 1337549.74 1257010.33  6.02%     -  191s
     0     0 1257035.04    0 3517 1337549.74 1257035.04  6.02%     -  191s
     0     0 1257036.98    0 3534 1337549.74 1257036.98  6.02%     -  191s
     0     0 1257139.61    0 3481 1337549.74 1257139.61  6.01%     -  193s
     0     0 1257177.06    0 3516 1337549.74 1257177.06  6.01%     -  200s
     0     0 1257177.76    0 3546 1337549.74 1257177.76  6.01%     -  200s
     0     0 1257282.85    0 3488 1337549.74 1257282.85  6.00%     -  202s
     0     0 1257283.27    0 3488 1337549.74 1257283.27  6.00%     -  203s
     0     2 1257283.43    0 3488 1337549.74 1257283.43  6.00%     -  220s
     1     3 1258938.78    1 3378 1337549.74 1257283.59  6.00% 15623  225s
     2     5 1261294.44    2 3241 1337549.74 1257283.59  6.00% 12274  230s
     4    10 1262812.06    3 3231 1337549.74 1258939.12  5.88%  8077  238s
     9    20 1267609.72    4 3037 1337549.74 1260259.76  5.78%  7932  252s
    19    30 1262443.13    4 3328 1337549.74 1261843.63  5.66%  9431  290s
    29    53 1267000.02    5 2968 1337549.74 1262445.06  5.62% 10464  309s
    52   101 1267460.99    6 2910 1337549.74 1262445.06  5.62%  7579  318s
   100   139 1268262.09   10 2669 1337549.74 1262445.06  5.62%  4837  322s
   138   179 1268822.07   15 2274 1337549.74 1262445.06  5.62%  3851  325s
   188   201 1277719.99   21 1850 1337549.74 1262445.06  5.62%  3166  332s
   201   214 1304880.82   19 1942 1337549.74 1262445.06  5.62%  3071  336s
H  204   214                    1326879.1034 1262445.06  4.86%  3051  336s
   239   264 1272917.17   22 1854 1326879.10 1262445.06  4.86%  2845  341s
   294   315 1286353.93   25 1712 1326879.10 1262445.06  4.86%  2604  346s
   356   386 1305067.76   30 1472 1326879.10 1262445.06  4.86%  2391  351s
   454   479 1283864.41   38 1596 1326879.10 1262445.06  4.86%  2054  356s
   567   606 1287316.33   41 1243 1326879.10 1262445.06  4.86%  1788  362s
   657   677 1288054.23   47 1228 1326879.10 1262445.06  4.86%  1599  365s
  1008  1006 1295837.15   74  787 1326879.10 1262445.06  4.86%  1152  374s
H 1148  1004                    1326314.2430 1262445.06  4.82%  1031  374s
  1169  1158 1303150.84   88  454 1326314.24 1262445.06  4.82%  1013  378s
H 1343  1170                    1326170.3661 1267472.73  4.43%   892  381s
H 1344  1162                    1325736.9988 1267472.73  4.39%   891  381s
H 1541  1323                    1325736.9974 1267472.73  4.39%   793  384s
  1542  1515 1305690.41  133  464 1325737.00 1267472.73  4.39%   792  387s
  1745  1516 1297378.33   20 1895 1325737.00 1267472.73  4.39%   706  427s
H 1746  1441                    1325736.9970 1267472.73  4.39%   705  526s
H 1746  1369                    1325736.9294 1267472.73  4.39%   705  526s
  1748  1370 1300256.90   49 1996 1325736.93 1267472.73  4.39%   705  538s
H 1748  1301                    1325736.9281 1267472.73  4.39%   705  540s
  1750  1302 1297557.07  110 2501 1325736.93 1267472.73  4.39%   704  546s
  1752  1304 1313317.67   64 2907 1325736.93 1267472.73  4.39%   703  552s
  1753  1304 1293362.70  105 2915 1325736.93 1267472.73  4.39%   703  556s
H 1753  1239                    1325736.9230 1267472.73  4.39%   703  562s
  1755  1241 1318743.02  150 3076 1325736.92 1267472.73  4.39%   702  569s
  1756  1241 1292903.07   89 3294 1325736.92 1267472.73  4.39%   701  578s
  1757  1242 1308234.88  139 3420 1325736.92 1267472.73  4.39%   701  582s
  1759  1243 1309224.98   94 3491 1325736.92 1267472.73  4.39%   700  585s
  1766  1248 1310077.29   73 3509 1325736.92 1267472.73  4.39%   697  590s
  1769  1250 1269415.14   10 3509 1325736.92 1267472.73  4.39%   696  692s
  1770  1251 1308646.44  101 3442 1325736.92 1267472.73  4.39%   696  699s
  1771  1251 1305164.38   68 3430 1325736.92 1267472.73  4.39%   696  703s
  1772  1252 1282166.99    9 3365 1325736.92 1267472.73  4.39%   695  707s
  1773  1253 1298737.89  136 3441 1325736.92 1267472.73  4.39%   695  710s
  1779  1257 1313312.80  139 3559 1325736.92 1267472.73  4.39%   692  715s
  1782  1259 1293190.35  114 3655 1325736.92 1267472.73  4.39%   691  720s
H 1786  1197                    1325736.9207 1267472.73  4.39%   690  811s
H 1787  1137                    1325736.9027 1267472.73  4.39%   689  824s
  1788  1138 1286454.45   11 3530 1325736.90 1267472.73  4.39%   689  828s
  1789  1138 1302566.73   58 3602 1325736.90 1267472.73  4.39%   689  832s
  1791  1140 1323038.23  155 3891 1325736.90 1267472.73  4.39%   688  836s
  1796  1143 1280739.84   60 3917 1325736.90 1267472.73  4.39%   686  840s
  1801  1146 1298759.14  127 3967 1325736.90 1267472.73  4.39%   684  847s
  1802  1147 1312960.25   59 3862 1325736.90 1267472.73  4.39%   684  855s
  1804  1148 1311169.45  137 3716 1325736.90 1267472.73  4.39%   683  860s
H 1806  1092                    1325736.9018 1267472.73  4.39%   682  868s
  1807  1092 1319942.96  150 3786 1325736.90 1267472.73  4.39%   682  883s
  1808  1093 1320035.74  127 4102 1325736.90 1267472.73  4.39%   681  895s
  1811  1095 1313643.45  131 4120 1325736.90 1267472.73  4.39%   680  904s
  1812  1096 1311134.07   78 4001 1325736.90 1267472.73  4.39%   680  910s
  1813  1096 1320877.34   88 3907 1325736.90 1267472.73  4.39%   679  915s
  1817  1099 1292800.11   99 3939 1325736.90 1267472.73  4.39%   678  923s
  1818  1100 1277798.64   22 3895 1325736.90 1267472.73  4.39%   678  939s
  1819  1100 1311480.83   54 4145 1325736.90 1267472.73  4.39%   677  947s
  1821  1102 1310160.75   80 4222 1325736.90 1267472.73  4.39%   676  950s
  1823  1103 1301097.88   54 4217 1325736.90 1267472.73  4.39%   676  956s
  1824  1104 1321957.93   69 4205 1325736.90 1267472.73  4.39%   675  960s
  1826  1105 1319229.95   38 4259 1325736.90 1267472.73  4.39%   675  965s
  1829  1107 1291969.30   60 4377 1325736.90 1267472.73  4.39%   673  980s
  1831  1108 1312152.25  125 4317 1325736.90 1267472.73  4.39%   673  986s
  1832  1109 1313413.86   57 4310 1325736.90 1267472.73  4.39%   672  990s
  1836  1112 1317702.68  123 4355 1325736.90 1267472.73  4.39%   671  995s
  1837  1112 1320274.36   34 4339 1325736.90 1267472.73  4.39%   671 1008s
  1838  1113 1296600.32  112 4356 1325736.90 1267472.73  4.39%   670 1010s
  1840  1114 1297836.12  103 4400 1325736.90 1267472.73  4.39%   669 1016s
  1841  1115 1298136.92   28 4335 1325736.90 1267472.73  4.39%   669 1028s
  1842  1116 1280634.21   59 4307 1325736.90 1267472.73  4.39%   669 1036s
  1843  1116 1286227.29   21 4282 1325736.90 1267472.73  4.39%   668 1042s
H 1843  1058                    1325736.3965 1267472.73  4.39%   668 1047s
  1845  1060 1297378.33   20 4339 1325736.40 1267472.73  4.39%   668 1051s
  1847  1061 1296372.94   76 4487 1325736.40 1267472.73  4.39%   667 1055s
  1850  1063 1297557.07  110 4491 1325736.40 1267472.73  4.39%   666 1062s
  1851  1064 1305689.60  123 4444 1325736.40 1267472.73  4.39%   665 1065s
  1853  1065 1293362.70  105 4473 1325736.40 1267472.73  4.39%   665 1073s
  1854  1066 1293941.00   20 4481 1325736.40 1267472.73  4.39%   664 1132s
  1855  1066 1318743.02  150 4510 1325736.40 1267472.73  4.39%   664 1145s
  1858  1068 1286359.90   26 4505 1325736.40 1267472.73  4.39%   663 1151s
  1860  1070 1297311.87  101 4516 1325736.40 1267472.73  4.39%   662 1158s
  1861  1070 1282933.47   25 4469 1325736.40 1267472.73  4.39%   662 1169s
  1862  1071 1301491.06   60 4519 1325736.40 1267472.73  4.39%   662 1177s
  1864  1072 1305870.91   34 4485 1325736.40 1267472.73  4.39%   661 1180s
  1867  1074 1302408.77   28 4495 1325736.40 1267472.73  4.39%   660 1189s
  1868  1075 1299056.20  161 4280 1325736.40 1267472.73  4.39%   659 1194s

Cutting planes:
  Cover: 24
  Projected implied bound: 1
  Clique: 2
  MIR: 235
  Flow cover: 1683
  GUB cover: 7
  Zero half: 26
  Mod-K: 3
  RLT: 79
  Relax-and-lift: 19
  BQP: 10

Explored 1868 nodes (1590800 simplex iterations) in 1200.15 seconds (2508.45 work units)
Thread count was 10 (of 10 available processors)

Solution count 10: 1.32574e+06 1.32617e+06 1.32631e+06 ... 1.41363e+06

Time limit reached
Best objective 1.325736396567e+06, best bound 1.267472728422e+06, gap 4.3948%
