
Gurobi 12.0.2 (mac64[arm]) logging started Fri Jun 13 14:06:12 2025

Set parameter LogFile to value "/Users/yurunfeng/Documents/GitHub/LRGTS-store-location/result/gurobi/snyder/49nodes/49-0.8-3.log"
Gurobi Optimizer version 12.0.2 build v12.0.2rc0 (mac64[arm] - Darwin 24.5.0 24F74)

CPU model: Apple M4
Thread count: 10 physical cores, 10 logical processors, using up to 10 threads

Non-default parameters:
TimeLimit  1200

Optimize a model with 132251 rows, 240247 columns and 1133517 nonzeros
Model fingerprint: 0xe5811fe4
Variable types: 120099 continuous, 120148 integer (120148 binary)
Coefficient statistics:
  Matrix range     [2e-01, 1e+00]
  Objective range  [2e+02, 3e+06]
  Bounds range     [1e+00, 1e+00]
  RHS range        [1e+00, 3e+00]
Found heuristic solution: objective 2.470516e+07
Presolve removed 4900 rows and 2450 columns
Presolve time: 1.28s
Presolved: 127351 rows, 237797 columns, 1006117 nonzeros
Variable types: 117649 continuous, 120148 integer (120148 binary)
Deterministic concurrent LP optimizer: primal simplex, dual simplex, and barrier
Showing barrier log only...

Root barrier log...

Ordering time: 1.10s

Barrier performed 0 iterations in 2.68 seconds (5.54 work units)
Barrier solve interrupted - model solved by another algorithm

Concurrent spin time: 0.76s (can be avoided by choosing Method=3)

Solved with dual simplex

Root relaxation: objective 1.143292e+06, 4402 iterations, 1.33 seconds (1.45 work units)

    Nodes    |    Current Node    |     Objective Bounds      |     Work
 Expl Unexpl |  Obj  Depth IntInf | Incumbent    BestBd   Gap | It/Node Time

     0     0 1143291.89    0 1036 2.4705e+07 1143291.89  95.4%     -    3s
H    0     0                    3289816.5868 1143291.89  65.2%     -    3s
H    0     0                    3039755.7367 1143291.89  62.4%     -    3s
H    0     0                    3003640.0537 1143291.89  61.9%     -    4s
H    0     0                    2995071.4143 1143291.89  61.8%     -    4s
H    0     0                    2992917.4744 1143291.89  61.8%     -    4s
H    0     0                    2990275.0185 1143291.89  61.8%     -    5s
H    0     0                    2990169.0497 1143291.89  61.8%     -    6s
H    0     0                    2231383.5592 1143291.89  48.8%     -    6s
H    0     0                    2226801.2888 1143291.89  48.7%     -    9s
     0     0 1185116.10    0 2221 2226801.29 1185116.10  46.8%     -   21s
     0     0 1185880.53    0 2303 2226801.29 1185880.53  46.7%     -   22s
     0     0 1186186.39    0 2391 2226801.29 1186186.39  46.7%     -   23s
     0     0 1186211.96    0 2324 2226801.29 1186211.96  46.7%     -   24s
     0     0 1186228.05    0 2406 2226801.29 1186228.05  46.7%     -   24s
     0     0 1186230.36    0 2407 2226801.29 1186230.36  46.7%     -   24s
     0     0 1186230.75    0 2482 2226801.29 1186230.75  46.7%     -   24s
     0     0 1186231.01    0 2493 2226801.29 1186231.01  46.7%     -   25s
     0     0 1186231.14    0 2493 2226801.29 1186231.14  46.7%     -   25s
     0     0 1186231.34    0 2467 2226801.29 1186231.34  46.7%     -   25s
     0     0 1186231.58    0 2467 2226801.29 1186231.58  46.7%     -   25s
H    0     0                    2226801.2886 1186235.25  46.7%     -   25s
H    0     0                    2218202.7907 1186235.25  46.5%     -   25s
H    0     0                    2213656.8542 1186235.25  46.4%     -   26s
H    0     0                    2204584.6140 1186235.25  46.2%     -   26s
H    0     0                    2204215.8009 1186235.25  46.2%     -   26s
     0     0 1189801.89    0 2474 2204215.80 1189801.89  46.0%     -   26s
     0     0 1190021.12    0 2487 2204215.80 1190021.12  46.0%     -   27s
     0     0 1190109.75    0 2464 2204215.80 1190109.75  46.0%     -   27s
     0     0 1190109.96    0 2453 2204215.80 1190109.96  46.0%     -   27s
     0     0 1190110.10    0 2451 2204215.80 1190110.10  46.0%     -   27s
     0     0 1190110.16    0 2456 2204215.80 1190110.16  46.0%     -   27s
     0     0 1190110.21    0 2453 2204215.80 1190110.21  46.0%     -   27s
     0     0 1190110.22    0 2455 2204215.80 1190110.22  46.0%     -   27s
     0     0 1190110.25    0 2453 2204215.80 1190110.25  46.0%     -   28s
     0     0 1190110.34    0 2459 2204215.80 1190110.34  46.0%     -   28s
     0     0 1190110.34    0 2454 2204215.80 1190110.34  46.0%     -   28s
     0     0 1190359.73    0 2488 2204215.80 1190359.73  46.0%     -   28s
     0     0 1190360.64    0 2494 2204215.80 1190360.64  46.0%     -   28s
     0     0 1190360.66    0 2493 2204215.80 1190360.66  46.0%     -   28s
     0     0 1190360.66    0 2493 2204215.80 1190360.66  46.0%     -   29s
     0     0 1190360.66    0 2493 2204215.80 1190360.66  46.0%     -   29s
     0     0 1190360.66    0 2494 2204215.80 1190360.66  46.0%     -   29s
     0     0 1190360.66    0 2495 2204215.80 1190360.66  46.0%     -   29s
     0     0 1190360.66    0 2493 2204215.80 1190360.66  46.0%     -   29s
     0     0 1190386.67    0 2571 2204215.80 1190386.67  46.0%     -   29s
     0     0 1190650.74    0 2508 2204215.80 1190650.74  46.0%     -   30s
     0     0 1190852.43    0 2495 2204215.80 1190852.43  46.0%     -   30s
     0     0 1190881.03    0 2525 2204215.80 1190881.03  46.0%     -   31s
     0     0 1191027.61    0 2506 2204215.80 1191027.61  46.0%     -   31s
     0     0 1192360.78    0 2410 2204215.80 1192360.78  45.9%     -   31s
     0     0 1192415.85    0 2426 2204215.80 1192415.85  45.9%     -   31s
     0     0 1192474.94    0 2426 2204215.80 1192474.94  45.9%     -   32s
     0     0 1192474.94    0 2426 2204215.80 1192474.94  45.9%     -   32s
     0     0 1192474.94    0 2427 2204215.80 1192474.94  45.9%     -   32s
     0     0 1192474.94    0 2426 2204215.80 1192474.94  45.9%     -   32s
     0     0 1192474.94    0 2424 2204215.80 1192474.94  45.9%     -   32s
     0     0 1192474.94    0 2426 2204215.80 1192474.94  45.9%     -   32s
     0     0 1192474.94    0 2424 2204215.80 1192474.94  45.9%     -   32s
     0     0 1192474.94    0 2425 2204215.80 1192474.94  45.9%     -   32s
     0     0 1192474.94    0 2424 2204215.80 1192474.94  45.9%     -   32s
     0     0 1192474.94    0 2426 2204215.80 1192474.94  45.9%     -   32s
     0     0 1192474.94    0 2426 2204215.80 1192474.94  45.9%     -   32s
     0     0 1192475.93    0 2423 2204215.80 1192475.93  45.9%     -   32s
     0     0 1218025.32    0 2467 2204215.80 1218025.32  44.7%     -   46s
     0     0 1218381.54    0 2496 2204215.80 1218381.54  44.7%     -   47s
     0     0 1218432.95    0 2524 2204215.80 1218432.95  44.7%     -   47s
     0     0 1218453.66    0 2440 2204215.80 1218453.66  44.7%     -   47s
     0     0 1218476.42    0 2526 2204215.80 1218476.42  44.7%     -   48s
     0     0 1218486.03    0 2529 2204215.80 1218486.03  44.7%     -   48s
     0     0 1218487.45    0 2529 2204215.80 1218487.45  44.7%     -   48s
     0     0 1218488.59    0 2495 2204215.80 1218488.59  44.7%     -   48s
     0     0 1218490.81    0 2543 2204215.80 1218490.81  44.7%     -   48s
     0     0 1218492.03    0 2502 2204215.80 1218492.03  44.7%     -   48s
     0     0 1218493.63    0 2548 2204215.80 1218493.63  44.7%     -   48s
     0     0 1225536.13    0 2611 2204215.80 1225536.13  44.4%     -   55s
     0     0 1225544.03    0 2612 2204215.80 1225544.03  44.4%     -   55s
     0     0 1225591.16    0 2608 2204215.80 1225591.16  44.4%     -   55s
     0     0 1225609.03    0 2657 2204215.80 1225609.03  44.4%     -   55s
     0     0 1225610.32    0 2659 2204215.80 1225610.32  44.4%     -   56s
     0     0 1225611.71    0 2610 2204215.80 1225611.71  44.4%     -   56s
     0     0 1225612.08    0 2610 2204215.80 1225612.08  44.4%     -   56s
     0     0 1225612.14    0 2610 2204215.80 1225612.14  44.4%     -   56s
     0     0 1225612.18    0 2610 2204215.80 1225612.18  44.4%     -   56s
     0     0 1227155.59    0 2704 2204215.80 1227155.59  44.3%     -   58s
     0     0 1227171.00    0 2684 2204215.80 1227171.00  44.3%     -   58s
     0     0 1227171.05    0 2686 2204215.80 1227171.05  44.3%     -   58s
     0     0 1227174.96    0 2712 2204215.80 1227174.96  44.3%     -   58s
     0     0 1227175.37    0 2712 2204215.80 1227175.37  44.3%     -   58s
     0     0 1227175.43    0 2711 2204215.80 1227175.43  44.3%     -   58s
     0     0 1227175.79    0 2712 2204215.80 1227175.79  44.3%     -   58s
     0     0 1227175.88    0 2714 2204215.80 1227175.88  44.3%     -   58s
     0     0 1227176.04    0 2694 2204215.80 1227176.04  44.3%     -   58s
     0     0 1227592.76    0 2738 2204215.80 1227592.76  44.3%     -   59s
     0     0 1227648.20    0 2756 2204215.80 1227648.20  44.3%     -   60s
     0     0 1227660.04    0 2815 2204215.80 1227660.04  44.3%     -   60s
     0     0 1227660.93    0 2756 2204215.80 1227660.93  44.3%     -   60s
     0     0 1227761.19    0 2744 2204215.80 1227761.19  44.3%     -   61s
     0     0 1227776.63    0 2755 2204215.80 1227776.63  44.3%     -   61s
     0     0 1227777.69    0 2753 2204215.80 1227777.69  44.3%     -   61s
     0     0 1258991.43    0 3026 2204215.80 1258991.43  42.9%     -   84s
     0     0 1259273.04    0 3075 2204215.80 1259273.04  42.9%     -   85s
     0     0 1259334.85    0 3064 2204215.80 1259334.85  42.9%     -   86s
H    0     0                    2204215.8005 1259334.85  42.9%     -   89s
H    0     0                    2197101.3678 1259334.85  42.7%     -   90s
     0     0 1266284.44    0 2993 2197101.37 1266284.44  42.4%     -   96s
     0     0 1618742.53    0 1358 2197101.37 1618742.53  26.3%     -  153s
     0     0 1619170.49    0 1559 2197101.37 1619170.49  26.3%     -  155s
     0     0 1619217.01    0 1488 2197101.37 1619217.01  26.3%     -  156s
     0     0 1619247.44    0 1822 2197101.37 1619247.44  26.3%     -  159s
     0     0 1619262.58    0 1831 2197101.37 1619262.58  26.3%     -  160s
     0     0 1619268.61    0 1830 2197101.37 1619268.61  26.3%     -  160s
     0     0 1619279.03    0 1813 2197101.37 1619279.03  26.3%     -  161s
     0     0 1619280.85    0 1884 2197101.37 1619280.85  26.3%     -  161s
     0     0 1619282.32    0 1886 2197101.37 1619282.32  26.3%     -  162s
     0     0 1619283.23    0 1850 2197101.37 1619283.23  26.3%     -  162s
     0     0 1619283.56    0 1825 2197101.37 1619283.56  26.3%     -  162s
H    0     0                    2187340.5369 1619283.56  26.0%     -  165s
     0     0 1658958.82    0 2537 2187340.54 1658958.82  24.2%     -  232s
     0     0 1659392.28    0 2587 2187340.54 1659392.28  24.1%     -  234s
     0     0 1659561.28    0 2529 2187340.54 1659561.28  24.1%     -  235s
     0     0 1659801.94    0 2530 2187340.54 1659801.94  24.1%     -  237s
     0     0 1659866.17    0 2499 2187340.54 1659866.17  24.1%     -  237s
     0     0 1659874.79    0 2500 2187340.54 1659874.79  24.1%     -  238s
     0     0 1659881.85    0 2500 2187340.54 1659881.85  24.1%     -  238s
     0     0 1659885.70    0 2501 2187340.54 1659885.70  24.1%     -  238s
     0     0 1659887.65    0 2497 2187340.54 1659887.65  24.1%     -  238s
     0     0 1659893.98    0 2498 2187340.54 1659893.98  24.1%     -  238s
     0     0 1659894.27    0 2501 2187340.54 1659894.27  24.1%     -  238s
     0     0 1678019.92    0 2516 2187340.54 1678019.92  23.3%     -  249s
     0     0 1678093.19    0 2521 2187340.54 1678093.19  23.3%     -  249s
     0     0 1678098.36    0 2516 2187340.54 1678098.36  23.3%     -  250s
     0     0 1678098.88    0 2515 2187340.54 1678098.88  23.3%     -  250s
     0     0 1678099.01    0 2511 2187340.54 1678099.01  23.3%     -  250s
     0     0 1678099.16    0 2513 2187340.54 1678099.16  23.3%     -  250s
     0     0 1678099.34    0 2508 2187340.54 1678099.34  23.3%     -  250s
     0     0 1678099.46    0 2508 2187340.54 1678099.46  23.3%     -  250s
     0     0 1678099.58    0 2508 2187340.54 1678099.58  23.3%     -  250s
     0     0 1678099.64    0 2510 2187340.54 1678099.64  23.3%     -  251s
     0     0 1678099.76    0 2534 2187340.54 1678099.76  23.3%     -  251s
     0     0 1682595.12    0 2628 2187340.54 1682595.12  23.1%     -  258s
     0     0 1682648.97    0 2779 2187340.54 1682648.97  23.1%     -  259s
     0     0 1682649.47    0 2789 2187340.54 1682649.47  23.1%     -  259s
     0     0 1682649.96    0 2792 2187340.54 1682649.96  23.1%     -  259s
     0     0 1682650.07    0 2789 2187340.54 1682650.07  23.1%     -  259s
     0     0 1682650.51    0 2787 2187340.54 1682650.51  23.1%     -  259s
     0     0 1682650.55    0 2796 2187340.54 1682650.55  23.1%     -  259s
     0     0 1682650.58    0 2791 2187340.54 1682650.58  23.1%     -  260s
     0     0 1682650.59    0 2796 2187340.54 1682650.59  23.1%     -  260s
     0     0 1682650.62    0 2796 2187340.54 1682650.62  23.1%     -  260s
     0     0 1682650.64    0 2793 2187340.54 1682650.64  23.1%     -  260s
     0     0 1683850.89    0 2648 2187340.54 1683850.89  23.0%     -  265s
     0     0 1683941.81    0 2689 2187340.54 1683941.81  23.0%     -  266s
     0     0 1683942.15    0 2664 2187340.54 1683942.15  23.0%     -  266s
     0     0 1684286.77    0 2725 2187340.54 1684286.77  23.0%     -  268s
     0     0 1684287.27    0 2744 2187340.54 1684287.27  23.0%     -  269s
     0     0 1684624.75    0 2742 2187340.54 1684624.75  23.0%     -  271s
     0     0 1684627.42    0 2753 2187340.54 1684627.42  23.0%     -  272s
     0     0 1684627.52    0 2754 2187340.54 1684627.52  23.0%     -  272s
     0     0 1684774.10    0 2762 2187340.54 1684774.10  23.0%     -  273s
     0     0 1684910.80    0 2765 2187340.54 1684910.80  23.0%     -  276s
     0     0 1684921.39    0 2769 2187340.54 1684921.39  23.0%     -  276s
     0     0 1684923.82    0 2769 2187340.54 1684923.82  23.0%     -  276s
     0     0 1698799.58    0 2998 2187340.54 1698799.58  22.3%     -  304s
     0     0 1699171.67    0 3045 2187340.54 1699171.67  22.3%     -  308s
     0     0 1699188.16    0 3071 2187340.54 1699188.16  22.3%     -  309s
     0     0 1699194.14    0 3092 2187340.54 1699194.14  22.3%     -  309s
     0     0 1699196.74    0 3089 2187340.54 1699196.74  22.3%     -  310s
     0     0 1699197.84    0 3088 2187340.54 1699197.84  22.3%     -  310s
     0     0 1699198.70    0 3077 2187340.54 1699198.70  22.3%     -  310s
     0     0 1699199.67    0 3124 2187340.54 1699199.67  22.3%     -  310s
     0     0 1699200.06    0 3161 2187340.54 1699200.06  22.3%     -  311s
     0     0 1699200.41    0 3164 2187340.54 1699200.41  22.3%     -  311s
     0     0 1699200.73    0 3164 2187340.54 1699200.73  22.3%     -  311s
     0     0 1701799.50    0 3128 2187340.54 1701799.50  22.2%     -  330s
     0     0 1701900.60    0 3100 2187340.54 1701900.60  22.2%     -  332s
     0     0 1701901.68    0 3061 2187340.54 1701901.68  22.2%     -  332s
     0     0 1701905.68    0 3094 2187340.54 1701905.68  22.2%     -  332s
     0     0 1701910.51    0 3099 2187340.54 1701910.51  22.2%     -  333s
     0     0 1701912.50    0 3100 2187340.54 1701912.50  22.2%     -  333s
     0     0 1702758.59    0 3142 2187340.54 1702758.59  22.2%     -  343s
     0     0 1702758.68    0 3146 2187340.54 1702758.68  22.2%     -  343s
     0     0 1703081.31    0 3196 2187340.54 1703081.31  22.1%     -  349s
     0     0 1703087.46    0 3115 2187340.54 1703087.46  22.1%     -  349s
     0     0 1703088.62    0 3111 2187340.54 1703088.62  22.1%     -  349s
     0     0 1703088.72    0 3113 2187340.54 1703088.72  22.1%     -  350s
     0     0 1703088.74    0 3113 2187340.54 1703088.74  22.1%     -  350s
     0     0 1703089.05    0 3113 2187340.54 1703089.05  22.1%     -  350s
     0     0 1703089.54    0 3119 2187340.54 1703089.54  22.1%     -  350s
     0     0 1703128.86    0 3189 2187340.54 1703128.86  22.1%     -  351s
     0     0 1703144.56    0 3185 2187340.54 1703144.56  22.1%     -  352s
     0     0 1703145.37    0 3183 2187340.54 1703145.37  22.1%     -  352s
     0     0 1716231.32    0 3233 2187340.54 1716231.32  21.5%     -  410s
     0     0 1716319.84    0 3267 2187340.54 1716319.84  21.5%     -  411s
     0     0 1716372.20    0 3304 2187340.54 1716372.20  21.5%     -  412s
     0     0 1716388.74    0 3302 2187340.54 1716388.74  21.5%     -  413s
     0     0 1716389.94    0 3303 2187340.54 1716389.94  21.5%     -  414s
     0     0 1716390.56    0 3306 2187340.54 1716390.56  21.5%     -  414s
     0     0 1716390.77    0 3305 2187340.54 1716390.77  21.5%     -  414s
     0     0 1716390.82    0 3348 2187340.54 1716390.82  21.5%     -  414s
     0     0 1716390.84    0 3348 2187340.54 1716390.84  21.5%     -  414s
     0     0 1716390.85    0 3348 2187340.54 1716390.85  21.5%     -  414s
     0     0 1716390.88    0 3348 2187340.54 1716390.88  21.5%     -  414s
     0     0 1720380.43    0 3332 2187340.54 1720380.43  21.3%     -  453s
     0     0 1720406.89    0 3345 2187340.54 1720406.89  21.3%     -  455s
     0     0 1720409.50    0 3356 2187340.54 1720409.50  21.3%     -  455s
     0     0 1720409.52    0 3355 2187340.54 1720409.52  21.3%     -  455s
     0     0 1720409.65    0 3356 2187340.54 1720409.65  21.3%     -  455s
     0     0 1721918.62    0 3373 2187340.54 1721918.62  21.3%     -  470s
     0     0 1721930.38    0 3397 2187340.54 1721930.38  21.3%     -  470s
     0     0 1721930.51    0 3390 2187340.54 1721930.51  21.3%     -  470s
     0     0 1721930.52    0 3390 2187340.54 1721930.52  21.3%     -  471s
     0     0 1722353.08    0 3354 2187340.54 1722353.08  21.3%     -  478s
     0     0 1722355.02    0 3312 2187340.54 1722355.02  21.3%     -  479s
     0     0 1722475.78    0 3341 2187340.54 1722475.78  21.3%     -  483s
     0     0 1722476.71    0 3333 2187340.54 1722476.71  21.3%     -  484s
     0     0 1722508.94    0 3396 2187340.54 1722508.94  21.3%     -  486s
     0     0 1722544.20    0 3410 2187340.54 1722544.20  21.2%     -  488s
     0     0 1722544.24    0 3409 2187340.54 1722544.24  21.2%     -  488s
     0     0 1722572.46    0 3420 2187340.54 1722572.46  21.2%     -  489s
     0     0 1722597.73    0 3421 2187340.54 1722597.73  21.2%     -  491s
     0     0 1722598.28    0 3425 2187340.54 1722598.28  21.2%     -  491s
     0     0 1731356.05    0 3512 2187340.54 1731356.05  20.8%     -  524s
     0     0 1731431.65    0 3493 2187340.54 1731431.65  20.8%     -  527s
     0     0 1731503.45    0 3512 2187340.54 1731503.45  20.8%     -  529s
     0     0 1731512.29    0 3521 2187340.54 1731512.29  20.8%     -  530s
     0     0 1731515.40    0 3504 2187340.54 1731515.40  20.8%     -  530s
     0     0 1731518.49    0 3504 2187340.54 1731518.49  20.8%     -  531s
     0     0 1731519.81    0 3516 2187340.54 1731519.81  20.8%     -  531s
     0     0 1731520.76    0 3511 2187340.54 1731520.76  20.8%     -  531s
     0     0 1731521.91    0 3514 2187340.54 1731521.91  20.8%     -  532s
     0     0 1731522.47    0 3516 2187340.54 1731522.47  20.8%     -  532s
     0     0 1731523.37    0 3511 2187340.54 1731523.37  20.8%     -  532s
     0     0 1733975.06    0 3623 2187340.54 1733975.06  20.7%     -  546s
     0     0 1734017.55    0 3615 2187340.54 1734017.55  20.7%     -  547s
     0     0 1734024.02    0 3614 2187340.54 1734024.02  20.7%     -  547s
     0     0 1734045.98    0 3630 2187340.54 1734045.98  20.7%     -  548s
     0     0 1734046.38    0 3624 2187340.54 1734046.38  20.7%     -  548s
     0     0 1734047.30    0 3627 2187340.54 1734047.30  20.7%     -  549s
     0     0 1734047.99    0 3632 2187340.54 1734047.99  20.7%     -  549s
     0     0 1734048.45    0 3632 2187340.54 1734048.45  20.7%     -  549s
     0     0 1734049.01    0 3637 2187340.54 1734049.01  20.7%     -  549s
     0     0 1734049.19    0 3634 2187340.54 1734049.19  20.7%     -  550s
     0     0 1734049.83    0 3638 2187340.54 1734049.83  20.7%     -  550s
     0     0 1734715.18    0 3651 2187340.54 1734715.18  20.7%     -  555s
     0     0 1734716.04    0 3659 2187340.54 1734716.04  20.7%     -  556s
     0     0 1734716.45    0 3647 2187340.54 1734716.45  20.7%     -  556s
     0     0 1734717.01    0 3644 2187340.54 1734717.01  20.7%     -  556s
     0     0 1734717.65    0 3647 2187340.54 1734717.65  20.7%     -  556s
     0     0 1734718.18    0 3643 2187340.54 1734718.18  20.7%     -  557s
     0     0 1734718.56    0 3643 2187340.54 1734718.56  20.7%     -  557s
     0     0 1734718.69    0 3644 2187340.54 1734718.69  20.7%     -  557s
     0     0 1734718.81    0 3650 2187340.54 1734718.81  20.7%     -  557s
     0     0 1734719.27    0 3646 2187340.54 1734719.27  20.7%     -  557s
     0     0 1734719.63    0 3645 2187340.54 1734719.63  20.7%     -  558s
     0     0 1735230.84    0 3531 2187340.54 1735230.84  20.7%     -  562s
     0     0 1735242.95    0 3599 2187340.54 1735242.95  20.7%     -  563s
     0     0 1735243.52    0 3600 2187340.54 1735243.52  20.7%     -  563s
     0     0 1735243.88    0 3598 2187340.54 1735243.88  20.7%     -  563s
     0     0 1735244.04    0 3596 2187340.54 1735244.04  20.7%     -  563s
     0     0 1735244.88    0 3613 2187340.54 1735244.88  20.7%     -  563s
     0     0 1735245.48    0 3619 2187340.54 1735245.48  20.7%     -  563s
     0     0 1735246.27    0 3620 2187340.54 1735246.27  20.7%     -  563s
     0     0 1735246.75    0 3627 2187340.54 1735246.75  20.7%     -  564s
     0     0 1735246.87    0 3604 2187340.54 1735246.87  20.7%     -  564s
     0     0 1735246.94    0 3622 2187340.54 1735246.94  20.7%     -  564s
     0     0 1735425.85    0 3655 2187340.54 1735425.85  20.7%     -  567s
     0     0 1735426.33    0 3651 2187340.54 1735426.33  20.7%     -  567s
     0     0 1735427.00    0 3648 2187340.54 1735427.00  20.7%     -  567s
     0     0 1735427.16    0 3649 2187340.54 1735427.16  20.7%     -  567s
     0     0 1735427.19    0 3649 2187340.54 1735427.19  20.7%     -  567s
     0     0 1735427.24    0 3649 2187340.54 1735427.24  20.7%     -  567s
     0     0 1735427.62    0 3649 2187340.54 1735427.62  20.7%     -  567s
     0     0 1735427.64    0 3649 2187340.54 1735427.64  20.7%     -  568s
     0     0 1735427.88    0 3649 2187340.54 1735427.88  20.7%     -  568s
     0     0 1735427.98    0 3650 2187340.54 1735427.98  20.7%     -  568s
     0     0 1735428.24    0 3649 2187340.54 1735428.24  20.7%     -  568s
     0     0 1735459.56    0 3628 2187340.54 1735459.56  20.7%     -  569s
     0     0 1735459.68    0 3629 2187340.54 1735459.68  20.7%     -  569s
     0     0 1735459.91    0 3628 2187340.54 1735459.91  20.7%     -  569s
     0     0 1735459.92    0 3628 2187340.54 1735459.92  20.7%     -  569s
     0     0 1735460.07    0 3627 2187340.54 1735460.07  20.7%     -  569s
     0     0 1735460.23    0 3628 2187340.54 1735460.23  20.7%     -  569s
     0     0 1735460.32    0 3629 2187340.54 1735460.32  20.7%     -  569s
     0     0 1735460.37    0 3628 2187340.54 1735460.37  20.7%     -  569s
     0     0 1735460.47    0 3628 2187340.54 1735460.47  20.7%     -  569s
     0     0 1735461.00    0 3630 2187340.54 1735461.00  20.7%     -  569s
     0     0 1735461.12    0 3631 2187340.54 1735461.12  20.7%     -  569s
     0     0 1735467.74    0 3637 2187340.54 1735467.74  20.7%     -  570s
     0     0 1735467.87    0 3638 2187340.54 1735467.87  20.7%     -  570s
     0     0 1735468.29    0 3638 2187340.54 1735468.29  20.7%     -  570s
     0     0 1735468.42    0 3633 2187340.54 1735468.42  20.7%     -  570s
     0     0 1735468.44    0 3635 2187340.54 1735468.44  20.7%     -  570s
     0     0 1735468.55    0 3636 2187340.54 1735468.55  20.7%     -  570s
     0     0 1735468.75    0 3636 2187340.54 1735468.75  20.7%     -  570s
     0     0 1735468.82    0 3637 2187340.54 1735468.82  20.7%     -  570s
     0     0 1735468.90    0 3636 2187340.54 1735468.90  20.7%     -  570s
     0     0 1735468.98    0 3635 2187340.54 1735468.98  20.7%     -  570s
     0     0 1735469.09    0 3635 2187340.54 1735469.09  20.7%     -  570s
     0     0 1741568.06    0 3528 2187340.54 1741568.06  20.4%     -  594s
     0     0 1741645.41    0 3622 2187340.54 1741645.41  20.4%     -  596s
     0     0 1741652.10    0 3605 2187340.54 1741652.10  20.4%     -  596s
     0     0 1741652.68    0 3609 2187340.54 1741652.68  20.4%     -  597s
     0     0 1741653.43    0 3613 2187340.54 1741653.43  20.4%     -  597s
     0     0 1741653.49    0 3613 2187340.54 1741653.49  20.4%     -  597s
     0     0 1741653.67    0 3614 2187340.54 1741653.67  20.4%     -  597s
     0     0 1741653.70    0 3527 2187340.54 1741653.70  20.4%     -  597s
     0     0 1741653.77    0 3554 2187340.54 1741653.77  20.4%     -  597s
     0     0 1741653.84    0 3558 2187340.54 1741653.84  20.4%     -  597s
     0     0 1741653.96    0 3607 2187340.54 1741653.96  20.4%     -  597s
     0     0 1743371.87    0 3686 2187340.54 1743371.87  20.3%     -  619s
     0     0 1743421.61    0 3697 2187340.54 1743421.61  20.3%     -  619s
     0     0 1743467.91    0 3674 2187340.54 1743467.91  20.3%     -  621s
     0     0 1743478.80    0 3689 2187340.54 1743478.80  20.3%     -  621s
     0     0 1743478.99    0 3697 2187340.54 1743478.99  20.3%     -  621s
     0     0 1744315.96    0 3809 2187340.54 1744315.96  20.3%     -  627s
     0     0 1744317.96    0 3802 2187340.54 1744317.96  20.3%     -  628s
     0     0 1744317.97    0 3802 2187340.54 1744317.97  20.3%     -  628s
     0     0 1744317.97    0 3802 2187340.54 1744317.97  20.3%     -  628s
     0     0 1744519.94    0 3822 2187340.54 1744519.94  20.2%     -  631s
     0     0 1744528.85    0 3829 2187340.54 1744528.85  20.2%     -  631s
     0     0 1744529.20    0 3831 2187340.54 1744529.20  20.2%     -  632s
     0     0 1744618.63    0 3791 2187340.54 1744618.63  20.2%     -  633s
     0     0 1744638.98    0 3792 2187340.54 1744638.98  20.2%     -  634s
     0     0 1750509.88    0 3835 2187340.54 1750509.88  20.0%     -  656s
     0     0 1750566.68    0 3822 2187340.54 1750566.68  20.0%     -  659s
     0     0 1750570.34    0 3820 2187340.54 1750570.34  20.0%     -  659s
     0     0 1750570.76    0 3818 2187340.54 1750570.76  20.0%     -  659s
     0     0 1750572.26    0 3819 2187340.54 1750572.26  20.0%     -  660s
     0     0 1750572.70    0 3818 2187340.54 1750572.70  20.0%     -  660s
     0     0 1750572.80    0 3819 2187340.54 1750572.80  20.0%     -  660s
     0     0 1750573.36    0 3815 2187340.54 1750573.36  20.0%     -  660s
     0     0 1750573.93    0 3814 2187340.54 1750573.93  20.0%     -  660s
     0     0 1750574.56    0 3818 2187340.54 1750574.56  20.0%     -  660s
     0     0 1750574.59    0 3818 2187340.54 1750574.59  20.0%     -  660s
     0     0 1752109.41    0 3839 2187340.54 1752109.41  19.9%     -  685s
     0     0 1752149.55    0 3835 2187340.54 1752149.55  19.9%     -  687s
     0     0 1752149.95    0 3832 2187340.54 1752149.95  19.9%     -  688s
     0     0 1752150.32    0 3830 2187340.54 1752150.32  19.9%     -  688s
     0     0 1752150.79    0 3833 2187340.54 1752150.79  19.9%     -  688s
     0     0 1752151.27    0 3825 2187340.54 1752151.27  19.9%     -  688s
     0     0 1752151.88    0 3826 2187340.54 1752151.88  19.9%     -  688s
     0     0 1752152.01    0 3827 2187340.54 1752152.01  19.9%     -  688s
     0     0 1752152.38    0 3825 2187340.54 1752152.38  19.9%     -  688s
     0     0 1752152.97    0 3826 2187340.54 1752152.97  19.9%     -  689s
     0     0 1752153.09    0 3827 2187340.54 1752153.09  19.9%     -  689s
     0     0 1753078.33    0 3701 2187340.54 1753078.33  19.9%     -  696s
     0     0 1753078.98    0 3704 2187340.54 1753078.98  19.9%     -  696s
     0     0 1753081.54    0 3726 2187340.54 1753081.54  19.9%     -  697s
     0     0 1753081.82    0 3739 2187340.54 1753081.82  19.9%     -  697s
     0     0 1753081.96    0 3736 2187340.54 1753081.96  19.9%     -  697s
     0     0 1753082.03    0 3715 2187340.54 1753082.03  19.9%     -  697s
     0     0 1753082.12    0 3714 2187340.54 1753082.12  19.9%     -  697s
     0     0 1753082.17    0 3716 2187340.54 1753082.17  19.9%     -  697s
     0     0 1753082.38    0 3716 2187340.54 1753082.38  19.9%     -  697s
     0     0 1753082.48    0 3718 2187340.54 1753082.48  19.9%     -  697s
     0     0 1753082.68    0 3716 2187340.54 1753082.68  19.9%     -  697s
     0     0 1753437.17    0 3789 2187340.54 1753437.17  19.8%     -  702s
     0     0 1753437.27    0 3788 2187340.54 1753437.27  19.8%     -  702s
     0     0 1753437.50    0 3789 2187340.54 1753437.50  19.8%     -  702s
     0     0 1753437.53    0 3789 2187340.54 1753437.53  19.8%     -  702s
     0     0 1753437.93    0 3790 2187340.54 1753437.93  19.8%     -  702s
     0     0 1753438.31    0 3790 2187340.54 1753438.31  19.8%     -  702s
     0     0 1753438.37    0 3789 2187340.54 1753438.37  19.8%     -  702s
     0     0 1753438.39    0 3789 2187340.54 1753438.39  19.8%     -  702s
     0     0 1753438.40    0 3789 2187340.54 1753438.40  19.8%     -  702s
     0     0 1753438.45    0 3792 2187340.54 1753438.45  19.8%     -  702s
     0     0 1753438.55    0 3789 2187340.54 1753438.55  19.8%     -  702s
     0     0 1753530.02    0 3769 2187340.54 1753530.02  19.8%     -  704s
     0     0 1753530.86    0 3765 2187340.54 1753530.86  19.8%     -  705s
     0     0 1753530.89    0 3763 2187340.54 1753530.89  19.8%     -  705s
     0     0 1753530.89    0 3763 2187340.54 1753530.89  19.8%     -  705s
     0     0 1753530.94    0 3765 2187340.54 1753530.94  19.8%     -  705s
     0     0 1753530.98    0 3765 2187340.54 1753530.98  19.8%     -  705s
     0     0 1753530.99    0 3766 2187340.54 1753530.99  19.8%     -  705s
     0     0 1753531.00    0 3763 2187340.54 1753531.00  19.8%     -  705s
     0     0 1753531.17    0 3763 2187340.54 1753531.17  19.8%     -  705s
     0     0 1753573.47    0 3810 2187340.54 1753573.47  19.8%     -  706s
     0     0 1753580.40    0 3810 2187340.54 1753580.40  19.8%     -  707s
     0     0 1758973.30    0 3785 2187340.54 1758973.30  19.6%     -  726s
     0     0 1759051.71    0 3762 2187340.54 1759051.71  19.6%     -  729s
     0     0 1759094.85    0 3759 2187340.54 1759094.85  19.6%     -  731s
     0     0 1759098.12    0 3748 2187340.54 1759098.12  19.6%     -  731s
     0     0 1759098.26    0 3747 2187340.54 1759098.26  19.6%     -  731s
     0     0 1760608.44    0 3907 2187340.54 1760608.44  19.5%     -  750s
     0     0 1760619.95    0 3899 2187340.54 1760619.95  19.5%     -  752s
     0     0 1760622.74    0 3901 2187340.54 1760622.74  19.5%     -  752s
     0     0 1760624.03    0 3911 2187340.54 1760624.03  19.5%     -  753s
     0     0 1760624.14    0 3909 2187340.54 1760624.14  19.5%     -  753s
     0     0 1760624.43    0 3843 2187340.54 1760624.43  19.5%     -  753s
     0     0 1760624.69    0 3896 2187340.54 1760624.69  19.5%     -  753s
     0     0 1760624.76    0 3900 2187340.54 1760624.76  19.5%     -  753s
     0     0 1760624.78    0 3836 2187340.54 1760624.78  19.5%     -  754s
     0     0 1760624.81    0 3899 2187340.54 1760624.81  19.5%     -  754s
     0     0 1760624.85    0 3835 2187340.54 1760624.85  19.5%     -  754s
     0     0 1761252.00    0 3861 2187340.54 1761252.00  19.5%     -  760s
     0     0 1761253.82    0 3923 2187340.54 1761253.82  19.5%     -  760s
     0     0 1761254.33    0 3858 2187340.54 1761254.33  19.5%     -  760s
     0     0 1761254.50    0 3927 2187340.54 1761254.50  19.5%     -  761s
     0     0 1761254.59    0 3922 2187340.54 1761254.59  19.5%     -  761s
     0     0 1761254.66    0 3925 2187340.54 1761254.66  19.5%     -  761s
     0     0 1761254.69    0 3926 2187340.54 1761254.69  19.5%     -  761s
     0     0 1761254.80    0 3926 2187340.54 1761254.80  19.5%     -  761s
     0     0 1761254.84    0 3926 2187340.54 1761254.84  19.5%     -  761s
     0     0 1761254.93    0 3923 2187340.54 1761254.93  19.5%     -  761s
     0     0 1761255.00    0 3885 2187340.54 1761255.00  19.5%     -  761s
     0     0 1761488.12    0 3846 2187340.54 1761488.12  19.5%     -  765s
     0     0 1761488.69    0 3840 2187340.54 1761488.69  19.5%     -  766s
     0     0 1761662.23    0 3874 2187340.54 1761662.23  19.5%     -  769s
     0     0 1761662.30    0 3973 2187340.54 1761662.30  19.5%     -  769s
     0     0 1761662.33    0 3872 2187340.54 1761662.33  19.5%     -  769s
     0     0 1761662.53    0 3872 2187340.54 1761662.53  19.5%     -  769s
     0     0 1761662.53    0 3871 2187340.54 1761662.53  19.5%     -  769s
     0     0 1761662.55    0 3871 2187340.54 1761662.55  19.5%     -  769s
     0     0 1761662.59    0 3871 2187340.54 1761662.59  19.5%     -  769s
     0     0 1761662.62    0 3871 2187340.54 1761662.62  19.5%     -  769s
     0     0 1761662.62    0 3872 2187340.54 1761662.62  19.5%     -  769s
     0     0 1761662.65    0 3871 2187340.54 1761662.65  19.5%     -  769s
     0     0 1761662.66    0 3871 2187340.54 1761662.66  19.5%     -  770s
     0     0 1761721.61    0 3992 2187340.54 1761721.61  19.5%     -  771s
     0     0 1761721.79    0 3995 2187340.54 1761721.79  19.5%     -  771s
     0     0 1761721.80    0 3995 2187340.54 1761721.80  19.5%     -  771s
     0     0 1761721.84    0 3995 2187340.54 1761721.84  19.5%     -  771s
     0     0 1761721.91    0 3997 2187340.54 1761721.91  19.5%     -  771s
     0     0 1761721.96    0 3995 2187340.54 1761721.96  19.5%     -  772s
     0     0 1761721.96    0 3871 2187340.54 1761721.96  19.5%     -  772s
     0     0 1761721.97    0 3871 2187340.54 1761721.97  19.5%     -  772s
     0     0 1761722.01    0 3897 2187340.54 1761722.01  19.5%     -  772s
     0     0 1761722.04    0 3871 2187340.54 1761722.04  19.5%     -  772s
     0     0 1761722.06    0 3871 2187340.54 1761722.06  19.5%     -  772s
     0     0 1761740.72    0 3881 2187340.54 1761740.72  19.5%     -  773s
     0     0 1761740.77    0 3880 2187340.54 1761740.77  19.5%     -  773s
     0     0 1761740.79    0 3881 2187340.54 1761740.79  19.5%     -  773s
     0     0 1761740.83    0 3881 2187340.54 1761740.83  19.5%     -  773s
     0     0 1761740.83    0 3912 2187340.54 1761740.83  19.5%     -  773s
     0     0 1761740.84    0 3886 2187340.54 1761740.84  19.5%     -  773s
     0     0 1761740.87    0 3983 2187340.54 1761740.87  19.5%     -  774s
     0     0 1761740.89    0 3886 2187340.54 1761740.89  19.5%     -  774s
     0     0 1761740.89    0 3887 2187340.54 1761740.89  19.5%     -  774s
     0     0 1761740.94    0 3961 2187340.54 1761740.94  19.5%     -  774s
     0     0 1761741.03    0 3888 2187340.54 1761741.03  19.5%     -  774s
     0     0 1765785.49    0 3849 2187340.54 1765785.49  19.3%     -  797s
     0     0 1765975.23    0 3873 2187340.54 1765975.23  19.3%     -  803s
     0     0 1765992.95    0 3880 2187340.54 1765992.95  19.3%     -  804s
     0     0 1766005.16    0 3860 2187340.54 1766005.16  19.3%     -  805s
     0     0 1766009.22    0 3860 2187340.54 1766009.22  19.3%     -  806s
     0     0 1766016.67    0 3857 2187340.54 1766016.67  19.3%     -  806s
     0     0 1766019.40    0 3856 2187340.54 1766019.40  19.3%     -  806s
     0     0 1766025.65    0 3854 2187340.54 1766025.65  19.3%     -  807s
     0     0 1766030.74    0 3861 2187340.54 1766030.74  19.3%     -  807s
     0     0 1766034.66    0 3863 2187340.54 1766034.66  19.3%     -  807s
     0     0 1766040.52    0 3861 2187340.54 1766040.52  19.3%     -  808s
     0     0 1767009.48    0 3885 2187340.54 1767009.48  19.2%     -  849s
     0     0 1767026.80    0 3884 2187340.54 1767026.80  19.2%     -  850s
     0     0 1767028.66    0 3901 2187340.54 1767028.66  19.2%     -  850s
     0     0 1767032.06    0 3890 2187340.54 1767032.06  19.2%     -  851s
     0     0 1767032.15    0 3888 2187340.54 1767032.15  19.2%     -  851s
     0     0 1767032.18    0 3887 2187340.54 1767032.18  19.2%     -  851s
     0     0 1767032.20    0 3889 2187340.54 1767032.20  19.2%     -  851s
     0     0 1767032.26    0 3888 2187340.54 1767032.26  19.2%     -  851s
     0     0 1767032.28    0 3889 2187340.54 1767032.28  19.2%     -  851s
     0     0 1767032.28    0 3890 2187340.54 1767032.28  19.2%     -  851s
     0     0 1767032.30    0 3887 2187340.54 1767032.30  19.2%     -  851s
     0     0 1767229.42    0 3943 2187340.54 1767229.42  19.2%     -  854s
     0     0 1767231.67    0 3961 2187340.54 1767231.67  19.2%     -  855s
     0     0 1767232.05    0 3956 2187340.54 1767232.05  19.2%     -  855s
     0     0 1767324.17    0 3933 2187340.54 1767324.17  19.2%     -  857s
     0     0 1767342.26    0 3955 2187340.54 1767342.26  19.2%     -  858s
     0     0 1767346.17    0 3972 2187340.54 1767346.17  19.2%     -  859s
     0     0 1767390.79    0 3947 2187340.54 1767390.79  19.2%     -  860s
     0     0 1767390.94    0 3950 2187340.54 1767390.94  19.2%     -  860s
     0     0 1767399.41    0 3958 2187340.54 1767399.41  19.2%     -  861s
     0     0 1772042.69    0 3907 2187340.54 1772042.69  19.0%     -  882s
     0     0 1772137.60    0 3919 2187340.54 1772137.60  19.0%     -  886s
     0     0 1772153.13    0 3901 2187340.54 1772153.13  19.0%     -  888s
     0     0 1772154.89    0 3896 2187340.54 1772154.89  19.0%     -  888s
     0     0 1772155.67    0 3898 2187340.54 1772155.67  19.0%     -  888s
     0     0 1772156.38    0 3899 2187340.54 1772156.38  19.0%     -  889s
     0     0 1772156.57    0 3899 2187340.54 1772156.57  19.0%     -  889s
     0     0 1772157.73    0 3906 2187340.54 1772157.73  19.0%     -  889s
     0     0 1772158.48    0 3893 2187340.54 1772158.48  19.0%     -  889s
     0     0 1772160.23    0 3895 2187340.54 1772160.23  19.0%     -  890s
     0     0 1772161.32    0 3897 2187340.54 1772161.32  19.0%     -  890s
     0     0 1773237.79    0 3984 2187340.54 1773237.79  18.9%     -  910s
     0     0 1773251.16    0 3979 2187340.54 1773251.16  18.9%     -  911s
     0     0 1773252.52    0 3975 2187340.54 1773252.52  18.9%     -  912s
     0     0 1773253.33    0 3965 2187340.54 1773253.33  18.9%     -  912s
     0     0 1773253.92    0 3969 2187340.54 1773253.92  18.9%     -  913s
     0     0 1773255.40    0 3971 2187340.54 1773255.40  18.9%     -  913s
     0     0 1773255.57    0 3968 2187340.54 1773255.57  18.9%     -  913s
     0     0 1773257.04    0 3962 2187340.54 1773257.04  18.9%     -  914s
     0     0 1773257.62    0 3967 2187340.54 1773257.62  18.9%     -  914s
     0     0 1773258.29    0 3970 2187340.54 1773258.29  18.9%     -  914s
     0     0 1773259.18    0 3968 2187340.54 1773259.18  18.9%     -  914s
     0     0 1773619.52    0 3975 2187340.54 1773619.52  18.9%     -  920s
     0     0 1773625.88    0 3971 2187340.54 1773625.88  18.9%     -  921s
     0     0 1773626.11    0 3971 2187340.54 1773626.11  18.9%     -  921s
     0     0 1773626.82    0 3982 2187340.54 1773626.82  18.9%     -  921s
     0     0 1773627.56    0 3971 2187340.54 1773627.56  18.9%     -  921s
     0     0 1773628.01    0 3967 2187340.54 1773628.01  18.9%     -  922s
     0     0 1773628.20    0 3969 2187340.54 1773628.20  18.9%     -  922s
     0     0 1773628.22    0 3969 2187340.54 1773628.22  18.9%     -  922s
     0     0 1773628.78    0 3957 2187340.54 1773628.78  18.9%     -  922s
     0     0 1773628.84    0 3955 2187340.54 1773628.84  18.9%     -  922s
     0     0 1773628.87    0 3955 2187340.54 1773628.87  18.9%     -  922s
     0     0 1773817.25    0 3993 2187340.54 1773817.25  18.9%     -  926s
     0     0 1773818.24    0 3994 2187340.54 1773818.24  18.9%     -  926s
     0     0 1773818.86    0 3993 2187340.54 1773818.86  18.9%     -  926s
     0     0 1773819.03    0 4001 2187340.54 1773819.03  18.9%     -  927s
     0     0 1773819.63    0 4008 2187340.54 1773819.63  18.9%     -  927s
     0     0 1773824.10    0 3980 2187340.54 1773824.10  18.9%     -  928s
     0     0 1773964.97    0 4002 2187340.54 1773964.97  18.9%     -  931s
     0     0 1774011.43    0 4021 2187340.54 1774011.43  18.9%     -  933s
     0     0 1774011.46    0 4021 2187340.54 1774011.46  18.9%     -  933s
     0     0 1774011.61    0 4009 2187340.54 1774011.61  18.9%     -  933s
     0     0 1777911.35    0 3941 2187340.54 1777911.35  18.7%     -  956s
     0     0 1778064.70    0 3956 2187340.54 1778064.70  18.7%     -  961s
     0     0 1778167.35    0 3945 2187340.54 1778167.35  18.7%     -  965s
     0     0 1778173.90    0 3921 2187340.54 1778173.90  18.7%     -  966s
     0     0 1778178.45    0 3925 2187340.54 1778178.45  18.7%     -  967s
     0     0 1778180.46    0 3931 2187340.54 1778180.46  18.7%     -  967s
     0     0 1778181.39    0 3923 2187340.54 1778181.39  18.7%     -  967s
     0     0 1778181.79    0 3924 2187340.54 1778181.79  18.7%     -  968s
     0     0 1778182.15    0 3922 2187340.54 1778182.15  18.7%     -  968s
     0     0 1778187.29    0 3923 2187340.54 1778187.29  18.7%     -  968s
     0     0 1778187.30    0 3924 2187340.54 1778187.30  18.7%     -  968s
     0     0 1779180.45    0 3951 2187340.54 1779180.45  18.7%     -  978s
     0     0 1779185.30    0 3949 2187340.54 1779185.30  18.7%     -  978s
     0     0 1779185.41    0 3949 2187340.54 1779185.41  18.7%     -  978s
     0     0 1779185.41    0 3948 2187340.54 1779185.41  18.7%     -  978s
     0     0 1779185.41    0 3949 2187340.54 1779185.41  18.7%     -  978s
     0     0 1779185.45    0 3950 2187340.54 1779185.45  18.7%     -  978s
     0     0 1779185.60    0 3950 2187340.54 1779185.60  18.7%     -  979s
     0     0 1779185.61    0 3949 2187340.54 1779185.61  18.7%     -  979s
     0     0 1779185.65    0 3950 2187340.54 1779185.65  18.7%     -  979s
     0     0 1779185.66    0 3950 2187340.54 1779185.66  18.7%     -  979s
     0     0 1779185.68    0 3948 2187340.54 1779185.68  18.7%     -  979s
     0     0 1779548.28    0 4024 2187340.54 1779548.28  18.6%     -  985s
     0     0 1779576.60    0 4001 2187340.54 1779576.60  18.6%     -  987s
     0     0 1779577.78    0 4007 2187340.54 1779577.78  18.6%     -  988s
     0     0 1779587.38    0 4001 2187340.54 1779587.38  18.6%     -  988s
     0     0 1779593.86    0 3990 2187340.54 1779593.86  18.6%     -  989s
     0     0 1779593.91    0 3989 2187340.54 1779593.91  18.6%     -  990s
     0     0 1779593.96    0 3988 2187340.54 1779593.96  18.6%     -  990s
     0     0 1779594.07    0 3993 2187340.54 1779594.07  18.6%     -  990s
     0     0 1779594.13    0 3988 2187340.54 1779594.13  18.6%     -  990s
     0     0 1779594.18    0 3989 2187340.54 1779594.18  18.6%     -  990s
     0     0 1779594.19    0 3987 2187340.54 1779594.19  18.6%     -  990s
     0     0 1779761.97    0 4029 2187340.54 1779761.97  18.6%     -  994s
     0     0 1779762.07    0 4032 2187340.54 1779762.07  18.6%     -  994s
     0     0 1779762.11    0 4030 2187340.54 1779762.11  18.6%     -  994s
     0     0 1779762.39    0 4032 2187340.54 1779762.39  18.6%     -  995s
     0     0 1779762.43    0 4031 2187340.54 1779762.43  18.6%     -  995s
     0     0 1779762.53    0 4033 2187340.54 1779762.53  18.6%     -  995s
     0     0 1779762.57    0 4034 2187340.54 1779762.57  18.6%     -  995s
     0     0 1779762.60    0 4032 2187340.54 1779762.60  18.6%     -  995s
     0     0 1779762.76    0 4033 2187340.54 1779762.76  18.6%     -  995s
     0     0 1779762.96    0 4034 2187340.54 1779762.96  18.6%     -  995s
     0     0 1779763.10    0 4042 2187340.54 1779763.10  18.6%     -  995s
     0     0 1779916.09    0 4045 2187340.54 1779916.09  18.6%     -  999s
     0     0 1779916.29    0 4035 2187340.54 1779916.29  18.6%     -  999s
     0     0 1779916.42    0 4037 2187340.54 1779916.42  18.6%     -  999s
     0     0 1779916.45    0 4038 2187340.54 1779916.45  18.6%     -  999s
     0     0 1779916.46    0 4038 2187340.54 1779916.46  18.6%     -  999s
     0     0 1779916.47    0 4037 2187340.54 1779916.47  18.6%     - 1000s
     0     0 1779955.05    0 4037 2187340.54 1779955.05  18.6%     - 1001s
     0     0 1779955.09    0 4037 2187340.54 1779955.09  18.6%     - 1001s
     0     0 1779955.10    0 4037 2187340.54 1779955.10  18.6%     - 1002s
     0     0 1779955.10    0 4036 2187340.54 1779955.10  18.6%     - 1002s
     0     0 1779955.13    0 4036 2187340.54 1779955.13  18.6%     - 1002s
     0     0 1779955.14    0 4037 2187340.54 1779955.14  18.6%     - 1002s
     0     0 1779955.17    0 4038 2187340.54 1779955.17  18.6%     - 1002s
     0     0 1779955.17    0 4038 2187340.54 1779955.17  18.6%     - 1002s
     0     0 1779955.19    0 4037 2187340.54 1779955.19  18.6%     - 1002s
     0     0 1779955.21    0 4036 2187340.54 1779955.21  18.6%     - 1002s
     0     0 1779955.22    0 4038 2187340.54 1779955.22  18.6%     - 1002s
     0     0 1783024.65    0 4077 2187340.54 1783024.65  18.5%     - 1027s
     0     0 1783169.66    0 4055 2187340.54 1783169.66  18.5%     - 1033s
     0     0 1783207.80    0 4051 2187340.54 1783207.80  18.5%     - 1035s
     0     0 1783238.11    0 4047 2187340.54 1783238.11  18.5%     - 1039s
     0     0 1783253.15    0 4044 2187340.54 1783253.15  18.5%     - 1040s
     0     0 1783261.52    0 4032 2187340.54 1783261.52  18.5%     - 1041s
     0     0 1783266.22    0 4030 2187340.54 1783266.22  18.5%     - 1042s
     0     0 1783279.53    0 4040 2187340.54 1783279.53  18.5%     - 1043s
     0     0 1783280.13    0 4040 2187340.54 1783280.13  18.5%     - 1043s
     0     0 1783282.43    0 4046 2187340.54 1783282.43  18.5%     - 1043s
     0     0 1783283.66    0 4042 2187340.54 1783283.66  18.5%     - 1043s
     0     0 1784289.01    0 4075 2187340.54 1784289.01  18.4%     - 1064s
     0     0 1784338.40    0 4049 2187340.54 1784338.40  18.4%     - 1067s
     0     0 1784356.14    0 4069 2187340.54 1784356.14  18.4%     - 1068s
     0     0 1784358.90    0 4074 2187340.54 1784358.90  18.4%     - 1068s
     0     0 1784364.87    0 4060 2187340.54 1784364.87  18.4%     - 1069s
     0     0 1784365.12    0 4058 2187340.54 1784365.12  18.4%     - 1070s
     0     0 1784365.34    0 4054 2187340.54 1784365.34  18.4%     - 1070s
     0     0 1784366.04    0 4063 2187340.54 1784366.04  18.4%     - 1070s
     0     0 1784366.15    0 4059 2187340.54 1784366.15  18.4%     - 1070s
     0     0 1784366.48    0 4060 2187340.54 1784366.48  18.4%     - 1070s
     0     0 1784366.64    0 4057 2187340.54 1784366.64  18.4%     - 1071s
     0     0 1784840.25    0 4100 2187340.54 1784840.25  18.4%     - 1078s
     0     0 1784843.87    0 4102 2187340.54 1784843.87  18.4%     - 1078s
     0     0 1784845.21    0 4106 2187340.54 1784845.21  18.4%     - 1079s
     0     0 1784845.98    0 4111 2187340.54 1784845.98  18.4%     - 1079s
     0     0 1784847.37    0 4104 2187340.54 1784847.37  18.4%     - 1079s
     0     0 1784847.71    0 4100 2187340.54 1784847.71  18.4%     - 1079s
     0     0 1784847.91    0 4095 2187340.54 1784847.91  18.4%     - 1080s
     0     0 1784849.34    0 4089 2187340.54 1784849.34  18.4%     - 1080s
     0     0 1784850.09    0 4090 2187340.54 1784850.09  18.4%     - 1080s
     0     0 1784850.64    0 4093 2187340.54 1784850.64  18.4%     - 1080s
     0     0 1784851.02    0 4096 2187340.54 1784851.02  18.4%     - 1080s
     0     0 1785133.97    0 4092 2187340.54 1785133.97  18.4%     - 1085s
     0     0 1785140.76    0 4103 2187340.54 1785140.76  18.4%     - 1086s
     0     0 1785141.02    0 4103 2187340.54 1785141.02  18.4%     - 1086s
     0     0 1785141.02    0 4104 2187340.54 1785141.02  18.4%     - 1086s
     0     0 1785141.07    0 4102 2187340.54 1785141.07  18.4%     - 1087s
     0     0 1785141.14    0 4101 2187340.54 1785141.14  18.4%     - 1087s
     0     0 1785141.24    0 4095 2187340.54 1785141.24  18.4%     - 1087s
     0     0 1785141.94    0 4096 2187340.54 1785141.94  18.4%     - 1087s
     0     0 1785142.59    0 4102 2187340.54 1785142.59  18.4%     - 1087s
     0     0 1785142.79    0 4099 2187340.54 1785142.79  18.4%     - 1088s
     0     0 1785142.93    0 4100 2187340.54 1785142.93  18.4%     - 1088s
     0     0 1785246.99    0 4070 2187340.54 1785246.99  18.4%     - 1090s
     0     0 1785249.37    0 4059 2187340.54 1785249.37  18.4%     - 1090s
     0     0 1785252.17    0 4056 2187340.54 1785252.17  18.4%     - 1091s
     0     0 1785271.59    0 4073 2187340.54 1785271.59  18.4%     - 1093s
     0     0 1785271.68    0 4072 2187340.54 1785271.68  18.4%     - 1093s
     0     0 1785271.76    0 4073 2187340.54 1785271.76  18.4%     - 1093s
     0     0 1785271.83    0 4074 2187340.54 1785271.83  18.4%     - 1094s
     0     0 1785271.92    0 4074 2187340.54 1785271.92  18.4%     - 1094s
     0     0 1785271.96    0 4073 2187340.54 1785271.96  18.4%     - 1094s
     0     0 1785272.01    0 4074 2187340.54 1785272.01  18.4%     - 1094s
     0     0 1785272.05    0 4072 2187340.54 1785272.05  18.4%     - 1094s
     0     0 1785310.81    0 4075 2187340.54 1785310.81  18.4%     - 1096s
     0     0 1785311.45    0 4074 2187340.54 1785311.45  18.4%     - 1096s
     0     0 1785311.55    0 4074 2187340.54 1785311.55  18.4%     - 1096s
     0     0 1785311.57    0 4073 2187340.54 1785311.57  18.4%     - 1096s
     0     0 1785311.59    0 4073 2187340.54 1785311.59  18.4%     - 1096s
     0     0 1785311.60    0 4072 2187340.54 1785311.60  18.4%     - 1096s
     0     0 1785311.67    0 4074 2187340.54 1785311.67  18.4%     - 1096s
     0     0 1785311.76    0 4073 2187340.54 1785311.76  18.4%     - 1097s
     0     0 1785311.78    0 4073 2187340.54 1785311.78  18.4%     - 1097s
     0     0 1785311.80    0 4073 2187340.54 1785311.80  18.4%     - 1097s
     0     0 1785311.85    0 4074 2187340.54 1785311.85  18.4%     - 1097s
     0     0 1787936.62    0 3999 2187340.54 1787936.62  18.3%     - 1116s
     0     0 1788207.71    0 3980 2187340.54 1788207.71  18.2%     - 1125s
     0     0 1788225.22    0 3993 2187340.54 1788225.22  18.2%     - 1126s
     0     0 1788231.65    0 3965 2187340.54 1788231.65  18.2%     - 1127s
     0     0 1788234.01    0 3959 2187340.54 1788234.01  18.2%     - 1127s
     0     0 1788234.45    0 3956 2187340.54 1788234.45  18.2%     - 1128s
     0     0 1788240.61    0 3953 2187340.54 1788240.61  18.2%     - 1128s
     0     0 1788241.16    0 3962 2187340.54 1788241.16  18.2%     - 1129s
     0     0 1788241.52    0 3961 2187340.54 1788241.52  18.2%     - 1129s
     0     0 1788241.68    0 3962 2187340.54 1788241.68  18.2%     - 1129s
     0     0 1788241.70    0 3963 2187340.54 1788241.70  18.2%     - 1129s
     0     0 1789174.68    0 4074 2187340.54 1789174.68  18.2%     - 1142s
     0     0 1789176.89    0 4066 2187340.54 1789176.89  18.2%     - 1143s
     0     0 1789177.32    0 4067 2187340.54 1789177.32  18.2%     - 1143s
     0     0 1789177.48    0 4075 2187340.54 1789177.48  18.2%     - 1143s
     0     0 1789177.65    0 4067 2187340.54 1789177.65  18.2%     - 1143s
     0     0 1789178.06    0 4064 2187340.54 1789178.06  18.2%     - 1144s
     0     0 1789178.24    0 4059 2187340.54 1789178.24  18.2%     - 1144s
     0     0 1789178.46    0 4065 2187340.54 1789178.46  18.2%     - 1144s
     0     0 1789178.55    0 4065 2187340.54 1789178.55  18.2%     - 1144s
     0     0 1789178.69    0 4065 2187340.54 1789178.69  18.2%     - 1144s
     0     0 1789178.82    0 4066 2187340.54 1789178.82  18.2%     - 1144s
     0     0 1789557.97    0 4107 2187340.54 1789557.97  18.2%     - 1152s
     0     0 1789571.55    0 4090 2187340.54 1789571.55  18.2%     - 1153s
     0     0 1789576.58    0 4107 2187340.54 1789576.58  18.2%     - 1154s
     0     0 1789576.59    0 4111 2187340.54 1789576.59  18.2%     - 1154s
     0     0 1789576.63    0 4100 2187340.54 1789576.63  18.2%     - 1154s
     0     0 1789576.69    0 4098 2187340.54 1789576.69  18.2%     - 1154s
     0     0 1789576.81    0 4099 2187340.54 1789576.81  18.2%     - 1154s
     0     0 1789576.95    0 4099 2187340.54 1789576.95  18.2%     - 1154s
     0     0 1789577.08    0 4101 2187340.54 1789577.08  18.2%     - 1155s
     0     0 1789577.16    0 4105 2187340.54 1789577.16  18.2%     - 1155s
     0     0 1789577.25    0 4105 2187340.54 1789577.25  18.2%     - 1155s
     0     0 1789827.67    0 4130 2187340.54 1789827.67  18.2%     - 1162s
     0     0 1789828.24    0 4132 2187340.54 1789828.24  18.2%     - 1162s
     0     0 1789828.26    0 4131 2187340.54 1789828.26  18.2%     - 1162s
     0     0 1789828.28    0 4130 2187340.54 1789828.28  18.2%     - 1162s
     0     0 1789828.37    0 4131 2187340.54 1789828.37  18.2%     - 1162s
     0     0 1789828.43    0 4131 2187340.54 1789828.43  18.2%     - 1163s
     0     0 1789828.58    0 4134 2187340.54 1789828.58  18.2%     - 1163s
     0     0 1789828.62    0 4135 2187340.54 1789828.62  18.2%     - 1163s
     0     0 1789828.71    0 4133 2187340.54 1789828.71  18.2%     - 1163s
     0     0 1789828.74    0 4134 2187340.54 1789828.74  18.2%     - 1163s
     0     0 1789828.75    0 4135 2187340.54 1789828.75  18.2%     - 1163s
     0     0 1789906.23    0 4109 2187340.54 1789906.23  18.2%     - 1166s
     0     0 1789906.57    0 4113 2187340.54 1789906.57  18.2%     - 1166s
     0     0 1789906.60    0 4114 2187340.54 1789906.60  18.2%     - 1166s
     0     0 1789906.70    0 4111 2187340.54 1789906.70  18.2%     - 1166s
     0     0 1789906.72    0 4110 2187340.54 1789906.72  18.2%     - 1166s
     0     0 1789906.75    0 4111 2187340.54 1789906.75  18.2%     - 1166s
     0     0 1789906.78    0 4112 2187340.54 1789906.78  18.2%     - 1167s
     0     0 1789906.81    0 4111 2187340.54 1789906.81  18.2%     - 1167s
     0     0 1789906.85    0 4111 2187340.54 1789906.85  18.2%     - 1167s
     0     0 1789906.88    0 4111 2187340.54 1789906.88  18.2%     - 1167s
     0     0 1789906.89    0 4111 2187340.54 1789906.89  18.2%     - 1167s
     0     0 1789944.04    0 4101 2187340.54 1789944.04  18.2%     - 1169s
     0     0 1789944.04    0 4101 2187340.54 1789944.04  18.2%     - 1169s
     0     0 1789944.07    0 4101 2187340.54 1789944.07  18.2%     - 1169s
     0     0 1789944.07    0 4102 2187340.54 1789944.07  18.2%     - 1169s
     0     0 1789944.07    0 4101 2187340.54 1789944.07  18.2%     - 1169s
     0     0 1789944.10    0 4105 2187340.54 1789944.10  18.2%     - 1169s
     0     0 1789944.24    0 4100 2187340.54 1789944.24  18.2%     - 1170s
     0     0 1789944.24    0 4099 2187340.54 1789944.24  18.2%     - 1170s
     0     0 1789944.26    0 4101 2187340.54 1789944.26  18.2%     - 1170s
     0     0 1789944.27    0 4103 2187340.54 1789944.27  18.2%     - 1170s
     0     0 1789944.29    0 4104 2187340.54 1789944.29  18.2%     - 1170s
     0     0 1792453.01    0 4179 2187340.54 1792453.01  18.1%     - 1191s
     0     0 1792502.25    0 4110 2187340.54 1792502.25  18.1%     - 1196s
     0     0 1792527.71    0 4103 2187340.54 1792527.71  18.0%     - 1198s
     0     0 1792552.45    0 4139 2187340.54 1792552.45  18.0%     - 1200s

Cutting planes:
  Gomory: 2
  Cover: 45
  Implied bound: 1925
  Clique: 149
  MIR: 126
  Flow cover: 3445
  Zero half: 2
  RLT: 226
  Relax-and-lift: 20
  BQP: 21

Explored 1 nodes (701302 simplex iterations) in 1200.06 seconds (3287.80 work units)
Thread count was 10 (of 10 available processors)

Solution count 10: 2.18734e+06 2.18734e+06 2.1971e+06 ... 2.99017e+06

Time limit reached
Best objective 2.187340537080e+06, best bound 1.792552453925e+06, gap 18.0488%
