
Gurobi 12.0.2 (mac64[arm]) logging started Fri Jun 13 19:53:15 2025

Set parameter LogFile to value "/Users/yurunfeng/Documents/GitHub/LRGTS-store-location/result/gurobi/snyder/49nodes/49-0.85-5.log"
Gurobi Optimizer version 12.0.2 build v12.0.2rc0 (mac64[arm] - Darwin 24.5.0 24F74)

CPU model: Apple M4
Thread count: 10 physical cores, 10 logical processors, using up to 10 threads

Non-default parameters:
TimeLimit  1200

Optimize a model with 132251 rows, 240247 columns and 1133517 nonzeros
Model fingerprint: 0x8401dd74
Variable types: 120099 continuous, 120148 integer (120148 binary)
Coefficient statistics:
  Matrix range     [2e-01, 1e+00]
  Objective range  [2e+02, 3e+06]
  Bounds range     [1e+00, 1e+00]
  RHS range        [1e+00, 5e+00]
Found heuristic solution: objective 2.470516e+07
Presolve removed 4900 rows and 2450 columns
Presolve time: 1.28s
Presolved: 127351 rows, 237797 columns, 1006117 nonzeros
Variable types: 117649 continuous, 120148 integer (120148 binary)
Deterministic concurrent LP optimizer: primal simplex, dual simplex, and barrier
Showing barrier log only...

Root barrier log...

Ordering time: 0.99s

Barrier performed 0 iterations in 2.58 seconds (5.47 work units)
Barrier solve interrupted - model solved by another algorithm

Concurrent spin time: 0.69s (can be avoided by choosing Method=3)

Solved with dual simplex

Root relaxation: objective 1.088972e+06, 3934 iterations, 1.23 seconds (1.38 work units)

    Nodes    |    Current Node    |     Objective Bounds      |     Work
 Expl Unexpl |  Obj  Depth IntInf | Incumbent    BestBd   Gap | It/Node Time

     0     0 1088972.37    0 1028 2.4705e+07 1088972.37  95.6%     -    3s
H    0     0                    1547274.7170 1088972.37  29.6%     -    4s
H    0     0                    1424820.0470 1088972.37  23.6%     -    4s
H    0     0                    1367759.9485 1088972.37  20.4%     -    6s
     0     0 1117614.58    0 2052 1367759.95 1117614.58  18.3%     -   18s
     0     0 1117614.58    0 2052 1367759.95 1117614.58  18.3%     -   18s
     0     0 1118394.42    0 2160 1367759.95 1118394.42  18.2%     -   31s
     0     0 1118394.42    0 1360 1367759.95 1118394.42  18.2%     -   37s
     0     0 1145531.04    0 1981 1367759.95 1145531.04  16.2%     -   56s
     0     0 1145531.04    0 1981 1367759.95 1145531.04  16.2%     -   56s
H    0     0                    1367759.9479 1145538.11  16.2%     -   58s
H    0     0                    1344412.8668 1145538.11  14.8%     -   64s
H    0     0                    1295199.2086 1145538.11  11.6%     -   64s
H    0     0                    1285032.8227 1145538.11  10.9%     -   65s
H    0     0                    1277937.4657 1145538.11  10.4%     -   65s
H    0     0                    1277405.3888 1145538.11  10.3%     -   69s
H    0     0                    1275771.7283 1145538.11  10.2%     -   69s
H    0     0                    1275771.6645 1145538.11  10.2%     -   70s
H    0     0                    1275771.6523 1145538.11  10.2%     -   70s
H    0     0                    1275771.6401 1145538.11  10.2%     -   71s
H    0     0                    1275037.8613 1145538.11  10.2%     -   71s
H    0     0                    1275037.8468 1145538.11  10.2%     -   71s
     0     0 1145799.03    0 2012 1275037.85 1145799.03  10.1%     -   72s
     0     0 1145799.32    0 2010 1275037.85 1145799.32  10.1%     -   72s
     0     0 1145877.64    0 2016 1275037.85 1145877.64  10.1%     -   73s
     0     0 1145877.64    0 2021 1275037.85 1145877.64  10.1%     -   73s
     0     0 1158500.80    0 2338 1275037.85 1158500.80  9.14%     -   78s
H    0     0                    1267473.0610 1158512.18  8.60%     -   79s
H    0     0                    1266268.2514 1158512.18  8.51%     -   79s
H    0     0                    1266207.7119 1158512.18  8.51%     -   79s
     0     0 1160189.67    0 2334 1266207.71 1160189.67  8.37%     -   79s
     0     0 1160195.45    0 2347 1266207.71 1160195.45  8.37%     -   80s
     0     0 1160381.26    0 2383 1266207.71 1160381.26  8.36%     -   80s
     0     0 1160383.19    0 2386 1266207.71 1160383.19  8.36%     -   80s
     0     0 1160392.98    0 2388 1266207.71 1160392.98  8.36%     -   80s
     0     0 1160408.57    0 2410 1266207.71 1160408.57  8.36%     -   80s
     0     0 1160408.68    0 2413 1266207.71 1160408.68  8.36%     -   80s
     0     0 1170764.37    0 2507 1266207.71 1170764.37  7.54%     -   84s
     0     0 1171513.85    0 2527 1266207.71 1171513.85  7.48%     -   86s
     0     0 1171514.86    0 2529 1266207.71 1171514.86  7.48%     -   86s
     0     0 1171654.34    0 2618 1266207.71 1171654.34  7.47%     -   87s
     0     0 1171658.09    0 2468 1266207.71 1171658.09  7.47%     -   87s
     0     0 1177313.16    0 2813 1266207.71 1177313.16  7.02%     -   91s
H    0     0                    1222965.1825 1177313.68  3.73%     -   92s
H    0     0                    1222941.9509 1177313.68  3.73%     -   92s
     0     0 1178289.55    0 2913 1222941.95 1178289.55  3.65%     -   99s
     0     0 1178413.94    0 2872 1222941.95 1178413.94  3.64%     -   99s
     0     0 1178425.36    0 2879 1222941.95 1178425.36  3.64%     -  100s
     0     0 1178425.64    0 2880 1222941.95 1178425.64  3.64%     -  100s
     0     0 1179987.18    0 2852 1222941.95 1179987.18  3.51%     -  102s
     0     0 1180258.78    0 2894 1222941.95 1180258.78  3.49%     -  103s
     0     0 1180308.91    0 3061 1222941.95 1180308.91  3.49%     -  104s
     0     0 1180314.59    0 3063 1222941.95 1180314.59  3.49%     -  104s
     0     0 1181622.22    0 3099 1222941.95 1181622.22  3.38%     -  107s
     0     0 1181823.96    0 3136 1222941.95 1181823.96  3.36%     -  109s
     0     0 1181846.87    0 3135 1222941.95 1181846.87  3.36%     -  109s
     0     0 1181855.77    0 3166 1222941.95 1181855.77  3.36%     -  110s
     0     0 1182833.71    0 3227 1222941.95 1182833.71  3.28%     -  112s
     0     0 1182848.08    0 3221 1222941.95 1182848.08  3.28%     -  113s
     0     0 1183045.88    0 3239 1222941.95 1183045.88  3.26%     -  114s
     0     0 1183079.09    0 3323 1222941.95 1183079.09  3.26%     -  115s
     0     0 1183079.09    0 3336 1222941.95 1183079.09  3.26%     -  115s
     0     0 1184033.47    0 3261 1222941.95 1184033.47  3.18%     -  118s
     0     0 1184033.58    0 3262 1222941.95 1184033.58  3.18%     -  119s
     0     0 1184170.62    0 3248 1222941.95 1184170.62  3.17%     -  122s
     0     0 1184203.24    0 3262 1222941.95 1184203.24  3.17%     -  123s
     0     0 1184282.18    0 3237 1222941.95 1184282.18  3.16%     -  124s
     0     0 1184293.04    0 3273 1222941.95 1184293.04  3.16%     -  124s
     0     0 1185026.14    0 3189 1222941.95 1185026.14  3.10%     -  127s
     0     0 1185143.45    0 3219 1222941.95 1185143.45  3.09%     -  128s
     0     0 1185187.40    0 3230 1222941.95 1185187.40  3.09%     -  129s
     0     0 1185189.74    0 3230 1222941.95 1185189.74  3.09%     -  129s
     0     0 1185401.73    0 3200 1222941.95 1185401.73  3.07%     -  131s
     0     0 1185495.10    0 3216 1222941.95 1185495.10  3.06%     -  136s
     0     0 1185529.65    0 3288 1222941.95 1185529.65  3.06%     -  137s
     0     0 1185563.53    0 3281 1222941.95 1185563.53  3.06%     -  137s
     0     0 1185626.91    0 3236 1222941.95 1185626.91  3.05%     -  138s
     0     0 1185631.39    0 3281 1222941.95 1185631.39  3.05%     -  138s
     0     0 1186057.12    0 3388 1222941.95 1186057.12  3.02%     -  140s
     0     0 1186100.14    0 3543 1222941.95 1186100.14  3.01%     -  142s
     0     0 1186106.92    0 3486 1222941.95 1186106.92  3.01%     -  143s
     0     0 1186201.66    0 3484 1222941.95 1186201.66  3.00%     -  144s
     0     0 1186238.49    0 3518 1222941.95 1186238.49  3.00%     -  146s
     0     0 1186248.98    0 3610 1222941.95 1186248.98  3.00%     -  146s
     0     0 1186368.38    0 3487 1222941.95 1186368.38  2.99%     -  148s
     0     0 1186392.73    0 3482 1222941.95 1186392.73  2.99%     -  157s
     0     0 1186413.67    0 3617 1222941.95 1186413.67  2.99%     -  158s
     0     0 1186435.97    0 3565 1222941.95 1186435.97  2.99%     -  159s
     0     0 1186436.03    0 3595 1222941.95 1186436.03  2.99%     -  159s
     0     0 1186743.09    0 3310 1222941.95 1186743.09  2.96%     -  161s
     0     0 1186795.45    0 3363 1222941.95 1186795.45  2.96%     -  163s
     0     0 1186816.54    0 3623 1222941.95 1186816.54  2.95%     -  163s
     0     0 1186820.66    0 3639 1222941.95 1186820.66  2.95%     -  164s
     0     0 1187049.21    0 3556 1222941.95 1187049.21  2.93%     -  166s
     0     0 1187073.24    0 3576 1222941.95 1187073.24  2.93%     -  168s
     0     0 1187091.97    0 3561 1222941.95 1187091.97  2.93%     -  169s
     0     0 1187096.74    0 3586 1222941.95 1187096.74  2.93%     -  169s
     0     0 1187249.90    0 3458 1222941.95 1187249.90  2.92%     -  171s
     0     0 1187271.55    0 3503 1222941.95 1187271.55  2.92%     -  176s
     0     0 1187277.58    0 3579 1222941.95 1187277.58  2.92%     -  176s
     0     0 1187326.57    0 3735 1222941.95 1187326.57  2.91%     -  178s
     0     0 1187341.21    0 3794 1222941.95 1187341.21  2.91%     -  180s
     0     0 1187370.76    0 3895 1222941.95 1187370.76  2.91%     -  181s
     0     0 1187370.88    0 3437 1222941.95 1187370.88  2.91%     -  183s
     0     2 1187371.13    0 3395 1222941.95 1187371.13  2.91%     -  194s
     1     4 1187529.18    1 3156 1222941.95 1187372.50  2.91% 14103  198s
     3     8 1191463.11    2 3025 1222941.95 1187529.33  2.90% 10009  204s
     7    14 1194094.02    3 2958 1222941.95 1187829.10  2.87%  8597  213s
    15    16 1194540.03    4 2900 1222941.95 1190267.22  2.67%  8087  228s
    17    21     cutoff    5      1222941.95 1190267.22  2.67%  7445  240s
    26    52 1195232.96    6 2822 1222941.95 1190267.22  2.67%  7310  254s
    57    78 1195822.81    8 2766 1222941.95 1190267.22  2.67%  5026  261s
    91   107 1199728.27    9 2582 1222941.95 1190267.22  2.67%  4154  267s
   121   137 1196538.04    9 2400 1222941.95 1190267.22  2.67%  3704  271s
   191   191 1197349.59   13 2141 1222941.95 1190267.22  2.67%  2794  275s
   268   225 1197794.09   18 1697 1222941.95 1190267.22  2.67%  2199  281s
   293   237 1198001.22   20 1533 1222941.95 1190267.22  2.67%  2087  286s
   314   252 1205961.65   19 1229 1222941.95 1190267.22  2.67%  2004  291s
   325   274 1198955.97   22 1540 1222941.95 1195574.04  2.24%  1958  295s
   368   299 1199074.58   26 1380 1222941.95 1195576.73  2.24%  1806  301s
   422   380 1199331.54   28 1368 1222941.95 1195576.73  2.24%  1636  306s
   576   529 1199539.61   44 1369 1222941.95 1195576.73  2.24%  1245  310s
   785   636 1199879.29   69 1031 1222941.95 1195576.73  2.24%   951  316s
   964   799 1204638.02   97  379 1222941.95 1196355.52  2.17%   832  321s
  1190  1025 1205532.13  127  361 1222941.95 1196355.52  2.17%   708  326s
  1342  1171 1205839.78  145  358 1222941.95 1196355.52  2.17%   642  330s
  1738  1512 1207565.05  164  576 1222941.95 1196356.02  2.17%   521  339s
  1939  1513 1220301.81  130 2160 1222941.95 1196356.02  2.17%   477  380s
H 1940  1438                    1222941.9507 1196356.02  2.17%   477  467s
  1942  1439 1221842.06  105 1852 1222941.95 1196356.02  2.17%   477  479s
  1943  1440 1218127.46   23 2354 1222941.95 1196356.02  2.17%   476  483s
  1944  1440 1205690.76   10 2629 1222941.95 1196356.02  2.17%   476  485s
  1945  1441 1207109.82   38 2844 1222941.95 1196356.02  2.17%   476  491s
  1946  1442 1208741.45   10 2806 1222941.95 1196356.02  2.17%   476  500s
  1947  1442 1198861.90   22 3134 1222941.95 1196356.02  2.17%   475  507s
  1948  1443 1219555.60  123 3251 1222941.95 1196356.02  2.17%   475  514s
  1949  1444 1205460.75  113 3269 1222941.95 1196356.02  2.17%   475  518s
  1950  1444 1220301.81  130 3264 1222941.95 1196356.02  2.17%   475  520s
  1953  1446 1210113.77   27 3385 1222941.95 1196356.02  2.17%   474  525s
  1960  1451 1218551.31  140 3427 1222941.95 1196356.02  2.17%   472  623s
  1961  1452 1200993.49   29 4066 1222941.95 1196356.02  2.17%   472  636s
  1962  1452 1199385.62   21 3928 1222941.95 1196356.02  2.17%   472  643s
  1963  1453 1220102.94   55 3934 1222941.95 1196356.02  2.17%   472  647s
  1964  1454 1214294.69   84 3935 1222941.95 1196356.02  2.17%   471  650s
  1969  1457 1205548.26  119 4126 1222941.95 1196356.02  2.17%   470  730s
  1970  1458 1214205.74  155 3996 1222941.95 1196356.02  2.17%   470  740s
  1973  1460 1207764.92   47 4071 1222941.95 1196356.02  2.17%   469  745s
  1976  1462 1214829.48  203 4089 1222941.95 1196356.02  2.17%   468  761s
  1979  1464 1221136.79   96 4144 1222941.95 1196356.02  2.17%   468  765s
  1982  1466 1219970.78  147 3930 1222941.95 1196356.02  2.17%   467  777s
  1986  1468 1207851.66   17 3957 1222941.95 1196356.02  2.17%   466  780s
  1988  1470 1210195.34   29 4052 1222941.95 1196356.02  2.17%   466  788s
  1990  1471 1210641.87   13 4171 1222941.95 1196356.02  2.17%   465  790s
  1994  1474 1211488.73   38 4098 1222941.95 1196356.02  2.17%   464  795s
  1995  1474 1206757.37   90 4118 1222941.95 1196356.02  2.17%   464  800s
  1999  1477 1220610.17  162 4139 1222941.95 1196356.02  2.17%   463  808s
  2001  1478 1205548.40  131 4131 1222941.95 1196356.02  2.17%   463  812s
  2002  1479 1222645.63  122 4273 1222941.95 1196356.02  2.17%   462  829s
  2003  1480 1207607.87  159 4269 1222941.95 1196356.02  2.17%   462  832s
  2004  1480 1216049.27   71 4345 1222941.95 1196356.02  2.17%   462  839s
  2005  1481 1212959.32  117 4380 1222941.95 1196356.02  2.17%   462  841s
  2007  1482 1214769.99  173 4358 1222941.95 1196356.02  2.17%   461  845s
  2008  1483 1212332.21   20 4315 1222941.95 1196356.02  2.17%   461  855s
  2009  1484 1215350.14   15 4374 1222941.95 1196356.02  2.17%   461  861s
  2011  1485 1214223.00  155 4373 1222941.95 1196356.02  2.17%   460  865s
  2012  1486 1222155.78  165 4379 1222941.95 1196356.02  2.17%   460  874s
  2013  1486 1214939.32   52 4386 1222941.95 1196356.02  2.17%   460  881s
  2014  1487 1209397.08   14 4399 1222941.95 1196356.02  2.17%   460  885s
  2015  1488 1222459.96  139 4390 1222941.95 1196356.02  2.17%   459  890s
  2017  1489 1210959.65  199 4388 1222941.95 1196356.02  2.17%   459  920s
  2019  1490 1213734.61   29 4451 1222941.95 1196356.02  2.17%   458  926s
  2021  1492 1222908.56   81 4468 1222941.95 1196356.02  2.17%   458  938s
  2022  1492 1221311.58   77 4468 1222941.95 1196356.02  2.17%   458  968s
  2023  1496 1196356.02   11 3867 1222941.95 1196356.02  2.17%   543  993s
  2025  1497 1196356.02   12 3523 1222941.95 1196356.02  2.17%   556 1013s
  2027  1503 1196843.40   13 3084 1222941.95 1196356.02  2.17%   567 1031s
  2033  1509 1200418.93   14 2585 1222941.95 1196356.02  2.17%   596 1064s
  2041  1514 1203587.54   15 2488 1222941.95 1196356.02  2.17%   650 1083s
  2051  1549 1205130.33   16 2627 1222941.95 1196356.02  2.17%   681 1109s
  2097  1554 1206261.78   19 2235 1222941.95 1196356.02  2.17%   754 1119s
  2131  1558     cutoff   21      1222941.95 1196356.02  2.17%   789 1126s
  2154  1565     cutoff   24      1222941.95 1196356.02  2.17%   796 1131s
  2228  1570 1214414.19   30 1557 1222941.95 1196356.02  2.17%   808 1136s
  2363  1591     cutoff   38      1222941.95 1196356.02  2.17%   792 1141s
  2571  1629 1219319.38   53  494 1222941.95 1196356.02  2.17%   746 1148s
  2648  1652 1220731.18   59  461 1222941.95 1196356.02  2.17%   730 1153s
  2743  1689 1221005.27   66  376 1222941.95 1196356.02  2.17%   710 1158s
  2845  1765 1221481.96   74  378 1222941.95 1196356.02  2.17%   690 1162s
  2988  1786 1206449.61   16 1843 1222941.95 1196356.02  2.17%   666 1167s
  3086  1761 1206613.01   17  968 1222941.95 1196356.02  2.17%   653 1175s
  3098  1771 1206691.99   18  812 1222941.95 1198531.05  2.00%   652 1184s
  3112  1778 1207149.73   24  704 1222941.95 1198531.05  2.00%   652 1188s
  3125  1797 1208287.03   28  893 1222941.95 1198531.05  2.00%   654 1191s
  3154  1832 1208993.36   33  428 1222941.95 1198531.05  2.00%   652 1195s
  3204  1870 1219843.57   49  391 1222941.95 1198531.05  2.00%   646 1200s

Cutting planes:
  Cover: 18
  Projected implied bound: 4
  Clique: 4
  MIR: 240
  Flow cover: 1568
  GUB cover: 4
  Zero half: 39
  RLT: 68
  Relax-and-lift: 3
  BQP: 7

Explored 3278 nodes (2229568 simplex iterations) in 1200.08 seconds (2860.89 work units)
Thread count was 10 (of 10 available processors)

Solution count 10: 1.22294e+06 1.22297e+06 1.26621e+06 ... 1.28503e+06

Time limit reached
Best objective 1.222941950731e+06, best bound 1.198531048256e+06, gap 1.9961%
