
Gurobi 12.0.2 (mac64[arm]) logging started Fri Jun 13 18:51:41 2025

Set parameter LogFile to value "/Users/yurunfeng/Documents/GitHub/LRGTS-store-location/result/gurobi/snyder/49nodes/49-0.85-4.log"
Gurobi Optimizer version 12.0.2 build v12.0.2rc0 (mac64[arm] - Darwin 24.5.0 24F74)

CPU model: Apple M4
Thread count: 10 physical cores, 10 logical processors, using up to 10 threads

Non-default parameters:
TimeLimit  1200

Optimize a model with 132251 rows, 240247 columns and 1133517 nonzeros
Model fingerprint: 0x965a37cb
Variable types: 120099 continuous, 120148 integer (120148 binary)
Coefficient statistics:
  Matrix range     [2e-01, 1e+00]
  Objective range  [2e+02, 3e+06]
  Bounds range     [1e+00, 1e+00]
  RHS range        [1e+00, 4e+00]
Found heuristic solution: objective 2.470516e+07
Presolve removed 4900 rows and 2450 columns
Presolve time: 1.27s
Presolved: 127351 rows, 237797 columns, 1006117 nonzeros
Variable types: 117649 continuous, 120148 integer (120148 binary)
Deterministic concurrent LP optimizer: primal simplex, dual simplex, and barrier
Showing barrier log only...

Root barrier log...

Ordering time: 1.00s

Barrier performed 0 iterations in 2.58 seconds (5.47 work units)
Barrier solve interrupted - model solved by another algorithm

Concurrent spin time: 0.70s (can be avoided by choosing Method=3)

Solved with dual simplex

Root relaxation: objective 1.088972e+06, 3934 iterations, 1.23 seconds (1.38 work units)

    Nodes    |    Current Node    |     Objective Bounds      |     Work
 Expl Unexpl |  Obj  Depth IntInf | Incumbent    BestBd   Gap | It/Node Time

     0     0 1088972.37    0 1030 2.4705e+07 1088972.37  95.6%     -    3s
H    0     0                    1859992.4175 1088972.37  41.5%     -    3s
H    0     0                    1463251.6253 1088972.37  25.6%     -    4s
H    0     0                    1401961.7440 1088972.37  22.3%     -    6s
     0     0 1122247.31    0 2058 1401961.74 1122247.31  20.0%     -   18s
     0     0 1122539.67    0 1998 1401961.74 1122539.67  19.9%     -   31s
     0     0 1122539.67    0 1317 1401961.74 1122539.67  19.9%     -   37s
     0     0 1143367.81    0 2016 1401961.74 1143367.81  18.4%     -   54s
     0     0 1144321.07    0 2045 1401961.74 1144321.07  18.4%     -   68s
     0     0 1144349.35    0 2065 1401961.74 1144349.35  18.4%     -   69s
     0     0 1144351.91    0 2054 1401961.74 1144351.91  18.4%     -   69s
     0     0 1158715.51    0 2426 1401961.74 1158715.51  17.4%     -   73s
     0     0 1160437.95    0 2478 1401961.74 1160437.95  17.2%     -   78s
     0     0 1160442.78    0 2480 1401961.74 1160442.78  17.2%     -   78s
     0     0 1160838.97    0 2475 1401961.74 1160838.97  17.2%     -   78s
     0     0 1160947.72    0 2489 1401961.74 1160947.72  17.2%     -   79s
     0     0 1160965.21    0 2484 1401961.74 1160965.21  17.2%     -   79s
     0     0 1160970.46    0 2465 1401961.74 1160970.46  17.2%     -   79s
     0     0 1169768.33    0 2358 1401961.74 1169768.33  16.6%     -   82s
     0     0 1169776.07    0 2347 1401961.74 1169776.07  16.6%     -   83s
     0     0 1170747.19    0 2535 1401961.74 1170747.19  16.5%     -   85s
     0     0 1170968.77    0 2566 1401961.74 1170968.77  16.5%     -   85s
     0     0 1170986.03    0 2539 1401961.74 1170986.03  16.5%     -   86s
     0     0 1170999.92    0 2548 1401961.74 1170999.92  16.5%     -   86s
     0     0 1171001.17    0 2550 1401961.74 1171001.17  16.5%     -   86s
     0     0 1178072.09    0 2885 1401961.74 1178072.09  16.0%     -   91s
H    0     0                    1332793.4564 1178074.12  11.6%     -   92s
H    0     0                    1323216.0365 1178074.12  11.0%     -   93s
H    0     0                    1303519.5439 1178074.12  9.62%     -   93s
H    0     0                    1292566.3983 1178074.12  8.86%     -   93s
H    0     0                    1291608.5836 1178074.12  8.79%     -   94s
H    0     0                    1291040.8693 1178074.12  8.75%     -   95s
     0     0 1178375.53    0 2942 1291040.87 1178375.53  8.73%     -  109s
     0     0 1178486.24    0 2930 1291040.87 1178486.24  8.72%     -  109s
     0     0 1178502.67    0 2941 1291040.87 1178502.67  8.72%     -  109s
     0     0 1178505.64    0 2941 1291040.87 1178505.64  8.72%     -  109s
     0     0 1180338.31    0 2845 1291040.87 1180338.31  8.57%     -  112s
     0     0 1180528.32    0 2943 1291040.87 1180528.32  8.56%     -  113s
     0     0 1180618.81    0 2958 1291040.87 1180618.81  8.55%     -  114s
     0     0 1180643.02    0 2972 1291040.87 1180643.02  8.55%     -  114s
     0     0 1180645.84    0 2991 1291040.87 1180645.84  8.55%     -  114s
     0     0 1182577.25    0 2994 1291040.87 1182577.25  8.40%     -  117s
     0     0 1182650.66    0 3105 1291040.87 1182650.66  8.40%     -  118s
     0     0 1182676.90    0 3116 1291040.87 1182676.90  8.39%     -  119s
     0     0 1182677.83    0 3130 1291040.87 1182677.83  8.39%     -  119s
     0     0 1183462.70    0 2926 1291040.87 1183462.70  8.33%     -  121s
     0     0 1183821.24    0 3032 1291040.87 1183821.24  8.30%     -  123s
     0     0 1183925.54    0 3088 1291040.87 1183925.54  8.30%     -  124s
     0     0 1183953.08    0 3177 1291040.87 1183953.08  8.29%     -  124s
     0     0 1183987.52    0 3179 1291040.87 1183987.52  8.29%     -  125s
     0     0 1183989.34    0 3196 1291040.87 1183989.34  8.29%     -  125s
     0     0 1184513.23    0 3184 1291040.87 1184513.23  8.25%     -  127s
     0     0 1184715.36    0 3170 1291040.87 1184715.36  8.24%     -  132s
     0     0 1184799.47    0 3165 1291040.87 1184799.47  8.23%     -  132s
     0     0 1184827.00    0 3198 1291040.87 1184827.00  8.23%     -  133s
     0     0 1184833.23    0 3219 1291040.87 1184833.23  8.23%     -  133s
     0     0 1185510.11    0 3318 1291040.87 1185510.11  8.17%     -  135s
     0     0 1185670.91    0 3285 1291040.87 1185670.91  8.16%     -  137s
     0     0 1185717.57    0 3259 1291040.87 1185717.57  8.16%     -  137s
     0     0 1185740.88    0 3303 1291040.87 1185740.88  8.16%     -  138s
     0     0 1185741.10    0 3316 1291040.87 1185741.10  8.16%     -  138s
     0     0 1185930.65    0 3174 1291040.87 1185930.65  8.14%     -  140s
     0     0 1186022.05    0 3296 1291040.87 1186022.05  8.13%     -  144s
     0     0 1186038.91    0 3367 1291040.87 1186038.91  8.13%     -  145s
     0     0 1186057.95    0 3384 1291040.87 1186057.95  8.13%     -  145s
     0     0 1186064.67    0 3387 1291040.87 1186064.67  8.13%     -  145s
     0     0 1186376.53    0 3417 1291040.87 1186376.53  8.11%     -  148s
     0     0 1186491.91    0 3413 1291040.87 1186491.91  8.10%     -  170s
     0     0 1186512.27    0 3486 1291040.87 1186512.27  8.10%     -  170s
     0     0 1186512.65    0 3496 1291040.87 1186512.65  8.10%     -  170s
     0     0 1187062.00    0 3425 1291040.87 1187062.00  8.05%     -  173s
     0     0 1187184.74    0 3524 1291040.87 1187184.74  8.04%     -  179s
     0     0 1187232.35    0 3469 1291040.87 1187232.35  8.04%     -  180s
     0     0 1187236.32    0 3506 1291040.87 1187236.32  8.04%     -  180s
     0     0 1187364.44    0 3510 1291040.87 1187364.44  8.03%     -  182s
     0     0 1187386.22    0 3577 1291040.87 1187386.22  8.03%     -  185s
     0     0 1187388.88    0 3637 1291040.87 1187388.88  8.03%     -  185s
     0     0 1187560.61    0 3672 1291040.87 1187560.61  8.02%     -  187s
     0     0 1187620.18    0 3582 1291040.87 1187620.18  8.01%     -  202s
     0     0 1187665.86    0 3523 1291040.87 1187665.86  8.01%     -  203s
     0     0 1187666.53    0 3573 1291040.87 1187666.53  8.01%     -  203s
     0     0 1187773.31    0 3624 1291040.87 1187773.31  8.00%     -  206s
     0     0 1187806.04    0 3700 1291040.87 1187806.04  8.00%     -  207s
     0     0 1187810.13    0 3703 1291040.87 1187810.13  8.00%     -  207s
     0     0 1187888.98    0 3744 1291040.87 1187888.98  7.99%     -  209s
     0     0 1187932.79    0 3819 1291040.87 1187932.79  7.99%     -  217s
     0     0 1187936.05    0 3843 1291040.87 1187936.05  7.99%     -  218s
     0     0 1188009.03    0 3849 1291040.87 1188009.03  7.98%     -  220s
     0     0 1188009.08    0 3849 1291040.87 1188009.08  7.98%     -  221s
     0     2 1188011.21    0 3849 1291040.87 1188011.21  7.98%     -  232s
     1     4 1188145.39    1 3553 1291040.87 1188011.21  7.98%  9252  237s
     3     8 1193365.01    2 3083 1291040.87 1188145.40  7.97%  7693  243s
     7    16 1234290.45    3 3087 1291040.87 1188272.90  7.96%  7674  257s
    15    18 1194037.27    4 3253 1291040.87 1189979.95  7.83%  8772  277s
    17    25 1201972.80    5 2719 1291040.87 1189979.95  7.83%  9075  298s
    24    58 1202802.60    6 2659 1291040.87 1189979.95  7.83%  8876  318s
    58    68 1206584.50   11 2760 1291040.87 1189979.95  7.83%  5475  330s
    68    78 1206602.67   12 2761 1291040.87 1189979.95  7.83%  5155  338s
    78    86 1206910.39   13 2497 1291040.87 1189979.95  7.83%  4963  348s
    90    96 1206966.81   14 2364 1291040.87 1189979.95  7.83%  4732  356s
   100   109 1211159.99   15 2090 1291040.87 1189979.95  7.83%  4514  364s
   113   130 1207464.04   15 2311 1291040.87 1189979.95  7.83%  4313  372s
   134   160 1208135.78   19 1880 1291040.87 1189979.95  7.83%  3908  377s
   164   196 1208613.01   23 1737 1291040.87 1189979.95  7.83%  3364  382s
   200   225 1209198.36   27 1803 1291040.87 1189979.95  7.83%  2909  387s
   231   251 1209998.21   31 1812 1291040.87 1189979.95  7.83%  2643  391s
   291   314 1210207.06   33 1781 1291040.87 1189979.95  7.83%  2237  397s
   324   355 1210210.75   34 1781 1291040.87 1189979.95  7.83%  2081  400s
   365   365 1210485.40   35 1670 1291040.87 1189979.95  7.83%  1904  406s
   406   434 1210603.77   37 1257 1291040.87 1189979.95  7.83%  1766  412s
   491   533 1212081.93   36 1498 1291040.87 1189979.95  7.83%  1504  417s
   632   714 1239142.34   45 1104 1291040.87 1189979.95  7.83%  1227  422s
   738   838 1218529.33   58 1186 1291040.87 1189979.95  7.83%  1093  426s
   871   991 1223459.02   66  666 1291040.87 1193139.32  7.58%   958  430s
  1221  1351 1235284.11   91  423 1291040.87 1193139.32  7.58%   703  437s
  1675  1598 1220729.83   65 1998 1291040.87 1193139.32  7.58%   522  487s
H 1676  1519                    1291040.8688 1193139.32  7.58%   522  664s
  1678  1520 1221713.14   86 2134 1291040.87 1193139.32  7.58%   521  687s
H 1678  1443                    1288950.8209 1193139.32  7.43%   521  690s
  1681  1445 1209686.30   38 2997 1288950.82 1193139.32  7.43%   520  703s
  1682  1446 1241602.27  137 2934 1288950.82 1193139.32  7.43%   520  711s
  1683  1446 1207419.84   28 3044 1288950.82 1193139.32  7.43%   520  715s
  1684  1447 1242329.00  120 3091 1288950.82 1193139.32  7.43%   519  721s
  1685  1448 1221659.52   59 3280 1288950.82 1193139.32  7.43%   519  730s
H 1685  1376                    1287666.2407 1193139.32  7.34%   519  735s
H 1685  1307                    1287666.2197 1193139.32  7.34%   519  735s
  1688  1309 1221150.00   93 3539 1287666.22 1193139.32  7.34%   518  743s
  1689  1309 1209430.00   16 3579 1287666.22 1193139.32  7.34%   518  746s
  1690  1310 1252112.99  134 3607 1287666.22 1193139.32  7.34%   518  757s
  1692  1311 1201423.47   15 3693 1287666.22 1193139.32  7.34%   517  760s
  1697  1315 1228435.83   71 3714 1287666.22 1193139.32  7.34%   515  765s
H 1698  1249                    1287666.0391 1193139.32  7.34%   515  952s
H 1698  1186                    1287666.0387 1193139.32  7.34%   515  952s
H 1698  1126                    1287666.0321 1193139.32  7.34%   515  952s
  1700  1128 1202182.87   34 3382 1287666.03 1193139.32  7.34%   515  960s
  1702  1129 1287666.03  128 3662 1287666.03 1193139.32  7.34%   514  968s
  1703  1130 1255613.90  161 3733 1287666.03 1193139.32  7.34%   514  970s
  1707  1132 1204720.07   33 3762 1287666.03 1193139.32  7.34%   512  975s
  1708  1133 1207541.69   17 3569 1287666.03 1193139.32  7.34%   512  996s
  1710  1134 1227729.27  124 3551 1287666.03 1193139.32  7.34%   512 1000s
  1712  1136 1275227.30   85 3714 1287666.03 1193139.32  7.34%   511 1005s
  1716  1138 1212133.11   37 3712 1287666.03 1193139.32  7.34%   510 1011s
  1717  1139 1237005.14   29 3818 1287666.03 1193139.32  7.34%   509 1036s
  1719  1140 1248032.76  150 3868 1287666.03 1193139.32  7.34%   509 1041s
  1723  1143 1245173.76    7 3823 1287666.03 1193139.32  7.34%   508 1045s
  1730  1148 1238871.37  166 3920 1287666.03 1193172.46  7.34%   506 1050s
H 1731  1090                    1287665.7892 1193402.03  7.32%   505 1067s
H 1731  1034                    1287665.7861 1193402.03  7.32%   505 1068s
  1732  1035 1206622.98   21 3927 1287665.79 1193402.03  7.32%   505 1070s
  1736  1038 1223562.41  125 3991 1287665.79 1193502.24  7.31%   504 1075s
  1742  1042 1207071.77   25 3992 1287665.79 1193567.05  7.31%   502 1082s
  1743  1042 1271333.88   31 3895 1287665.79 1193653.37  7.30%   502 1089s
  1744  1043 1223117.68   89 3986 1287665.79 1193681.64  7.30%   502 1091s
  1746  1044 1208642.32   23 3822 1287665.79 1193794.08  7.29%   501 1095s
  1750  1047 1287665.79  135 3889 1287665.79 1193857.98  7.29%   500 1113s
  1751  1048 1212084.35   66 3874 1287665.79 1193936.57  7.28%   500 1115s
  1754  1050 1229107.89   72 4061 1287665.79 1194067.43  7.27%   499 1121s
  1757  1052 1210452.94   65 4071 1287665.79 1194078.59  7.27%   498 1128s
  1758  1052 1230107.44   63 3796 1287665.79 1194239.93  7.26%   498 1138s
  1759  1053 1217055.85   71 3830 1287665.79 1194335.32  7.25%   497 1142s
  1760  1054 1270234.13   19 3955 1287665.79 1194429.60  7.24%   497 1146s
  1761  1054 1250366.17  136 3946 1287665.79 1194485.85  7.24%   497 1151s
  1764  1056 1210836.53   48 4181 1287665.79 1194514.09  7.23%   496 1157s
  1765  1057 1234293.75  132 4099 1287665.79 1194559.20  7.23%   496 1179s
  1766  1058 1221670.60   89 4066 1287665.79 1194596.75  7.23%   495 1180s
  1768  1059 1249738.16  136 4095 1287665.79 1194706.54  7.22%   495 1188s
  1769  1060 1255613.90  161 4072 1287665.79 1194738.89  7.22%   494 1191s
  1772  1062 1239290.52   90 4073 1287665.79 1194803.84  7.21%   494 1195s

Cutting planes:
  Gomory: 2
  Lift-and-project: 1
  Cover: 27
  Implied bound: 6
  Projected implied bound: 1
  Clique: 3
  MIR: 198
  Flow cover: 1292
  GUB cover: 3
  Zero half: 24
  Mod-K: 1
  RLT: 99
  Relax-and-lift: 6
  BQP: 8

Explored 1773 nodes (1224774 simplex iterations) in 1200.16 seconds (2568.83 work units)
Thread count was 10 (of 10 available processors)

Solution count 10: 1.28767e+06 1.28895e+06 1.29104e+06 ... 1.46325e+06

Time limit reached
Best objective 1.287665786258e+06, best bound 1.194803994180e+06, gap 7.2116%
