
Gurobi 12.0.2 (mac64[arm]) logging started Fri Jun 13 22:55:45 2025

Set parameter LogFile to value "/Users/yurunfeng/Documents/GitHub/LRGTS-store-location/result/gurobi/snyder/49nodes/49-0.9-5.log"
Gurobi Optimizer version 12.0.2 build v12.0.2rc0 (mac64[arm] - Darwin 24.5.0 24F74)

CPU model: Apple M4
Thread count: 10 physical cores, 10 logical processors, using up to 10 threads

Non-default parameters:
TimeLimit  1200

Optimize a model with 132251 rows, 240247 columns and 1133517 nonzeros
Model fingerprint: 0xda73bcd6
Variable types: 120099 continuous, 120148 integer (120148 binary)
Coefficient statistics:
  Matrix range     [1e-01, 1e+00]
  Objective range  [2e+02, 3e+06]
  Bounds range     [1e+00, 1e+00]
  RHS range        [1e+00, 5e+00]
Found heuristic solution: objective 2.470516e+07
Presolve removed 4900 rows and 2450 columns
Presolve time: 1.25s
Presolved: 127351 rows, 237797 columns, 1006117 nonzeros
Variable types: 117649 continuous, 120148 integer (120148 binary)
Deterministic concurrent LP optimizer: primal simplex, dual simplex, and barrier
Showing barrier log only...

Root barrier log...

Ordering time: 0.65s

Barrier performed 0 iterations in 2.21 seconds (5.29 work units)
Barrier solve interrupted - model solved by another algorithm

Concurrent spin time: 0.44s (can be avoided by choosing Method=3)

Solved with dual simplex

Root relaxation: objective 1.039306e+06, 3188 iterations, 0.88 seconds (1.13 work units)

    Nodes    |    Current Node    |     Objective Bounds      |     Work
 Expl Unexpl |  Obj  Depth IntInf | Incumbent    BestBd   Gap | It/Node Time

     0     0 1039306.40    0  985 2.4705e+07 1039306.40  95.8%     -    2s
H    0     0                    2204319.6402 1039306.40  52.9%     -    4s
H    0     0                    1713035.1101 1039306.40  39.3%     -    4s
H    0     0                    1331776.3041 1039306.40  22.0%     -    6s
     0     0 1064501.82    0 1874 1331776.30 1064501.82  20.1%     -   17s
     0     0 1064501.82    0 1873 1331776.30 1064501.82  20.1%     -   17s
H    0     0                    1331776.3010 1064501.82  20.1%     -   18s
H    0     0                    1227999.2667 1064501.82  13.3%     -   21s
H    0     0                    1224083.1771 1064501.82  13.0%     -   22s
H    0     0                    1223320.7499 1064501.82  13.0%     -   24s
H    0     0                    1223320.7326 1064501.82  13.0%     -   24s
H    0     0                    1219775.2329 1064501.82  12.7%     -   24s
H    0     0                    1219775.1882 1064501.82  12.7%     -   25s
H    0     0                    1217956.6412 1064501.82  12.6%     -   25s
H    0     0                    1215558.9375 1064501.82  12.4%     -   25s
H    0     0                    1215558.8511 1064501.82  12.4%     -   26s
H    0     0                    1215482.2581 1064501.82  12.4%     -   26s
H    0     0                    1215427.0539 1064501.82  12.4%     -   26s
H    0     0                    1215426.9122 1064501.82  12.4%     -   26s
H    0     0                    1215426.5864 1064501.82  12.4%     -   26s
H    0     0                    1214336.7004 1064501.82  12.3%     -   26s
H    0     0                    1214278.3794 1064501.82  12.3%     -   26s
H    0     0                    1214277.2886 1064501.82  12.3%     -   26s
H    0     0                    1214277.1762 1064501.82  12.3%     -   27s
H    0     0                    1214276.9541 1064501.82  12.3%     -   27s
     0     0 1065461.05    0 1736 1214276.95 1065461.05  12.3%     -   27s
     0     0 1065461.05    0 1239 1214276.95 1065461.05  12.3%     -   33s
     0     0 1083279.62    0 2010 1214276.95 1083279.62  10.8%     -   48s
     0     0 1083611.49    0 2034 1214276.95 1083611.49  10.8%     -   59s
     0     0 1083628.20    0 2040 1214276.95 1083628.20  10.8%     -   59s
     0     0 1094633.57    0 2052 1214276.95 1094633.57  9.85%     -   63s
H    0     0                    1204013.0836 1094641.10  9.08%     -   65s
H    0     0                    1142653.9159 1094641.10  4.20%     -   65s
H    0     0                    1141753.8312 1094641.10  4.13%     -   66s
H    0     0                    1141504.5982 1094641.10  4.11%     -   66s
H    0     0                    1141371.0033 1094641.10  4.09%     -   66s
H    0     0                    1141217.0101 1094641.10  4.08%     -   66s
H    0     0                    1141216.9729 1094641.10  4.08%     -   66s
H    0     0                    1141063.3935 1094641.10  4.07%     -   66s
H    0     0                    1141056.5951 1094641.10  4.07%     -   66s
H    0     0                    1141015.8571 1094641.10  4.06%     -   66s
     0     0 1096491.49    0 2117 1141015.86 1096491.49  3.90%     -   69s
     0     0 1096506.75    0 2140 1141015.86 1096506.75  3.90%     -   69s
     0     0 1096506.86    0 2143 1141015.86 1096506.86  3.90%     -   69s
     0     0 1102613.27    0 2581 1141015.86 1102613.27  3.37%     -   73s
     0     0 1102623.90    0 2580 1141015.86 1102623.90  3.36%     -   73s
     0     0 1103168.12    0 2646 1141015.86 1103168.12  3.32%     -   74s
     0     0 1103224.71    0 2675 1141015.86 1103224.71  3.31%     -   75s
     0     0 1103224.71    0 2675 1141015.86 1103224.71  3.31%     -   75s
     0     0 1103242.91    0 2680 1141015.86 1103242.91  3.31%     -   75s
     0     0 1103243.21    0 2725 1141015.86 1103243.21  3.31%     -   75s
     0     0 1106990.31    0 3004 1141015.86 1106990.31  2.98%     -   79s
H    0     0                    1140925.4421 1107003.05  2.97%     -   81s
H    0     0                    1140919.2302 1107003.05  2.97%     -   81s
H    0     0                    1140919.2107 1107003.05  2.97%     -   81s
     0     0 1107234.01    0 2822 1140919.21 1107234.01  2.95%     -   82s
     0     0 1107324.15    0 2915 1140919.21 1107324.15  2.94%     -   83s
     0     0 1107326.16    0 2953 1140919.21 1107326.16  2.94%     -   83s
     0     0 1109136.56    0 3018 1140919.21 1109136.56  2.79%     -   85s
     0     0 1109396.30    0 2984 1140919.21 1109396.30  2.76%     -   88s
     0     0 1109455.19    0 3023 1140919.21 1109455.19  2.76%     -   89s
     0     0 1109482.67    0 3000 1140919.21 1109482.67  2.76%     -   89s
     0     0 1109502.99    0 2991 1140919.21 1109502.99  2.75%     -   89s
     0     0 1109503.45    0 3058 1140919.21 1109503.45  2.75%     -   90s
     0     0 1110693.01    0 3031 1140919.21 1110693.01  2.65%     -   92s
H    0     0                    1140919.2004 1110696.29  2.65%     -   93s
H    0     0                    1140919.1942 1110696.29  2.65%     -   93s
     0     0 1110828.50    0 3127 1140919.19 1110828.50  2.64%     -   94s
     0     0 1110828.50    0 3127 1140919.19 1110828.50  2.64%     -   94s
     0     0 1110839.73    0 3161 1140919.19 1110839.73  2.64%     -   95s
     0     0 1110847.05    0 3161 1140919.19 1110847.05  2.64%     -   95s
     0     0 1112179.15    0 3197 1140919.19 1112179.15  2.52%     -   98s
     0     0 1112270.62    0 3347 1140919.19 1112270.62  2.51%     -   99s
     0     0 1112270.77    0 3330 1140919.19 1112270.77  2.51%     -   99s
     0     0 1112292.37    0 3439 1140919.19 1112292.37  2.51%     -  100s
     0     0 1112297.71    0 3348 1140919.19 1112297.71  2.51%     -  100s
     0     0 1112648.91    0 3293 1140919.19 1112648.91  2.48%     -  102s
     0     0 1112694.60    0 3236 1140919.19 1112694.60  2.47%     -  105s
     0     0 1112699.99    0 3216 1140919.19 1112699.99  2.47%     -  105s
     0     0 1112842.85    0 3408 1140919.19 1112842.85  2.46%     -  107s
     0     0 1112903.28    0 3472 1140919.19 1112903.28  2.46%     -  108s
     0     0 1112906.24    0 3514 1140919.19 1112906.24  2.46%     -  109s
     0     0 1112976.86    0 3503 1140919.19 1112976.86  2.45%     -  110s
     0     0 1113131.52    0 3442 1140919.19 1113131.52  2.44%     -  112s
     0     0 1113175.39    0 3587 1140919.19 1113175.39  2.43%     -  113s
     0     0 1113176.22    0 3589 1140919.19 1113176.22  2.43%     -  113s
     0     0 1113272.70    0 3577 1140919.19 1113272.70  2.42%     -  115s
     0     0 1113272.97    0 3538 1140919.19 1113272.97  2.42%     -  115s
     0     0 1113302.88    0 3516 1140919.19 1113302.88  2.42%     -  116s
     0     0 1113305.94    0 3544 1140919.19 1113305.94  2.42%     -  116s
     0     0 1113447.31    0 3582 1140919.19 1113447.31  2.41%     -  118s
     0     0 1113468.49    0 3601 1140919.19 1113468.49  2.41%     -  122s
     0     0 1113487.12    0 3605 1140919.19 1113487.12  2.40%     -  123s
     0     0 1113487.14    0 3634 1140919.19 1113487.14  2.40%     -  123s
     0     0 1113566.30    0 3554 1140919.19 1113566.30  2.40%     -  125s
H    0     0                    1140919.1874 1113567.41  2.40%     -  128s
     0     0 1113592.04    0 3586 1140919.19 1113592.04  2.40%     -  132s
     0     0 1113599.50    0 3579 1140919.19 1113599.50  2.39%     -  132s
     0     0 1113599.52    0 3577 1140919.19 1113599.52  2.39%     -  132s
     0     0 1113735.01    0 3639 1140919.19 1113735.01  2.38%     -  134s
H    0     0                    1134600.8630 1113735.54  1.84%     -  138s
H    0     0                    1133027.9050 1113735.54  1.70%     -  138s
H    0     0                    1131975.4852 1113735.54  1.61%     -  138s
H    0     0                    1124510.7390 1113735.54  0.96%     -  139s
H    0     0                    1124496.7801 1113735.54  0.96%     -  141s
H    0     0                    1124139.2606 1113735.54  0.93%     -  144s
H    0     0                    1124076.6724 1113735.54  0.92%     -  152s
H    0     0                    1124057.4919 1113735.54  0.92%     -  171s
     0     0 1113807.27    0 3588 1124057.49 1113807.27  0.91%     -  174s
     0     0 1113819.63    0 3443 1124057.49 1113819.63  0.91%     -  174s
     0     0 1113825.77    0 3385 1124057.49 1113825.77  0.91%     -  174s
     0     0 1113834.20    0 3368 1124057.49 1113834.20  0.91%     -  175s
     0     0 1113834.57    0 3361 1124057.49 1113834.57  0.91%     -  175s
     0     0 1113847.13    0 3469 1124057.49 1113847.13  0.91%     -  175s
     0     0 1113852.60    0 3432 1124057.49 1113852.60  0.91%     -  176s
     0     0 1113852.63    0 3417 1124057.49 1113852.63  0.91%     -  176s
     0     0 1113870.23    0 3398 1124057.49 1113870.23  0.91%     -  176s
     0     0 1113870.23    0 3394 1124057.49 1113870.23  0.91%     -  176s
     0     0 1113870.98    0 3403 1124057.49 1113870.98  0.91%     -  176s
     0     0 1114204.88    0 3373 1124057.49 1114204.88  0.88%     -  179s
     0     0 1114204.88    0 1082 1124057.49 1114204.88  0.88%     -  191s
H    0     0                    1124051.0165 1114204.88  0.88%     -  197s
     0     0 1114204.88    0 1908 1124051.02 1114204.88  0.88%     -  200s
     0     0 1114204.88    0 2252 1124051.02 1114204.88  0.88%     -  208s
     0     0 1114204.88    0 2255 1124051.02 1114204.88  0.88%     -  209s
     0     0 1114204.88    0 2250 1124051.02 1114204.88  0.88%     -  209s
     0     0 1114204.88    0 2397 1124051.02 1114204.88  0.88%     -  211s
     0     0 1114204.88    0 2402 1124051.02 1114204.88  0.88%     -  212s
     0     0 1114204.88    0 2352 1124051.02 1114204.88  0.88%     -  212s
     0     0 1114204.88    0 2352 1124051.02 1114204.88  0.88%     -  213s
     0     0 1114204.88    0 2354 1124051.02 1114204.88  0.88%     -  213s
     0     0 1114204.88    0 2358 1124051.02 1114204.88  0.88%     -  213s
H    0     0                    1124009.3036 1114204.88  0.87%     -  217s
     0     0 1116420.62    0 2586 1124009.30 1116420.62  0.68%     -  219s
     0     0 1116420.62    0 2541 1124009.30 1116420.62  0.68%     -  219s
     0     0 1118156.02    0 2617 1124009.30 1118156.02  0.52%     -  222s
     0     0 1118474.79    0 2685 1124009.30 1118474.79  0.49%     -  222s
     0     0 1118474.79    0 2681 1124009.30 1118474.79  0.49%     -  222s
     0     0 1118805.49    0 2689 1124009.30 1118805.49  0.46%     -  222s
     0     0 1118859.89    0 2676 1124009.30 1118859.89  0.46%     -  222s
     0     0 1121454.95    0 2617 1124009.30 1121454.95  0.23%     -  229s
     0     0 1121454.95    0 2606 1124009.30 1121454.95  0.23%     -  229s
H    0     0                    1124009.0624 1121454.95  0.23%     -  233s
H    0     0                    1124007.9767 1121454.95  0.23%     -  233s
H    0     0                    1124007.9741 1121454.95  0.23%     -  233s
H    0     0                    1123990.4058 1121454.95  0.23%     -  233s
     0     0 1121597.10    0 2675 1123990.41 1121597.10  0.21%     -  234s
     0     0 1121606.01    0 2609 1123990.41 1121606.01  0.21%     -  234s
     0     0 1121609.12    0 2589 1123990.41 1121609.12  0.21%     -  235s
     0     0 1121611.58    0 2600 1123990.41 1121611.58  0.21%     -  235s
     0     0 1121643.23    0 2568 1123990.41 1121643.23  0.21%     -  241s
     0     0 1121643.23    0 2573 1123990.41 1121643.23  0.21%     -  242s
     0     0 1121643.23    0 2574 1123990.41 1121643.23  0.21%     -  242s
     0     0 1121681.95    0 2665 1123990.41 1121681.95  0.21%     -  251s
     0     0 1121681.95    0 2663 1123990.41 1121681.95  0.21%     -  251s
     0     0 1121681.95    0 1347 1123990.41 1121681.95  0.21%     -  261s
     0     0 1121681.95    0 1570 1123990.41 1121681.95  0.21%     -  270s
     0     0 1121681.95    0 1967 1123990.41 1121681.95  0.21%     -  276s
     0     0 1121681.95    0 2007 1123990.41 1121681.95  0.21%     -  276s
     0     0 1121681.95    0 2006 1123990.41 1121681.95  0.21%     -  276s
     0     0 1121681.95    0 2020 1123990.41 1121681.95  0.21%     -  278s
     0     0 1121681.95    0 2021 1123990.41 1121681.95  0.21%     -  278s
     0     0 1121681.95    0 2020 1123990.41 1121681.95  0.21%     -  278s
     0     0 1121681.95    0 2007 1123990.41 1121681.95  0.21%     -  278s
     0     0 1121681.95    0 2120 1123990.41 1121681.95  0.21%     -  279s
     0     0 1121681.95    0 2108 1123990.41 1121681.95  0.21%     -  279s
     0     0 1121681.95    0 2107 1123990.41 1121681.95  0.21%     -  279s
     0     0 1121681.95    0 2101 1123990.41 1121681.95  0.21%     -  279s
     0     0 1121681.95    0 2081 1123990.41 1121681.95  0.21%     -  279s
     0     0 1121681.95    0 2195 1123990.41 1121681.95  0.21%     -  282s
     0     0 1121681.95    0 2189 1123990.41 1121681.95  0.21%     -  283s
     0     0 1121681.95    0 2189 1123990.41 1121681.95  0.21%     -  283s
     0     0 1121681.95    0 2170 1123990.41 1121681.95  0.21%     -  283s
     0     0 1121681.95    0 2170 1123990.41 1121681.95  0.21%     -  283s
     0     0 1121681.95    0 2169 1123990.41 1121681.95  0.21%     -  283s
     0     0 1121681.95    0 2278 1123990.41 1121681.95  0.21%     -  287s
     0     0 1121681.95    0 2327 1123990.41 1121681.95  0.21%     -  288s
     0     0 1121681.95    0 2328 1123990.41 1121681.95  0.21%     -  288s
     0     0 1121681.95    0 2327 1123990.41 1121681.95  0.21%     -  288s
     0     0 1121689.00    0 2332 1123990.41 1121689.00  0.20%     -  290s
     0     0 1121689.00    0 2297 1123990.41 1121689.00  0.20%     -  290s
     0     0 1121689.00    0 2300 1123990.41 1121689.00  0.20%     -  290s
     0     0 1121696.73    0 2467 1123990.41 1121696.73  0.20%     -  294s
     0     0 1121696.73    0 2462 1123990.41 1121696.73  0.20%     -  294s
     0     0 1121705.33    0 2525 1123990.41 1121705.33  0.20%     -  304s
     0     0 1121705.33    0 2380 1123990.41 1121705.33  0.20%     -  304s
     0     0 1121705.33    0 1065 1123990.41 1121705.33  0.20%     -  314s
     0     0 1121705.33    0 1004 1123990.41 1121705.33  0.20%     -  314s
     0     0 1121705.33    0 1636 1123990.41 1121705.33  0.20%     -  321s
     0     0 1121705.33    0 1636 1123990.41 1121705.33  0.20%     -  324s
     0     0 1121705.33    0 1921 1123990.41 1121705.33  0.20%     -  324s
     0     0 1121705.33    0 1816 1123990.41 1121705.33  0.20%     -  325s
     0     0 1121705.33    0 1819 1123990.41 1121705.33  0.20%     -  325s
     0     0 1121705.33    0 1780 1123990.41 1121705.33  0.20%     -  325s
     0     0 1121705.33    0 1778 1123990.41 1121705.33  0.20%     -  325s
     0     0 1121705.33    0 1848 1123990.41 1121705.33  0.20%     -  325s
     0     0 1121705.33    0 1849 1123990.41 1121705.33  0.20%     -  326s
     0     0 1121714.64    0 1958 1123990.41 1121714.64  0.20%     -  328s
     0     0 1121714.64    0 1951 1123990.41 1121714.64  0.20%     -  328s
     0     0 1121714.64    0 1909 1123990.41 1121714.64  0.20%     -  328s
     0     0 1121733.97    0 1924 1123990.41 1121733.97  0.20%     -  329s
     0     0 1121733.97    0 1924 1123990.41 1121733.97  0.20%     -  329s
     0     0 1121738.41    0 1957 1123990.41 1121738.41  0.20%     -  330s
     0     0 1121740.09    0 1975 1123990.41 1121740.09  0.20%     -  330s
     0     0 1121759.66    0 2009 1123990.41 1121759.66  0.20%     -  333s
     0     0 1121759.66    0 2008 1123990.41 1121759.66  0.20%     -  334s
     0     0 1121759.66    0 2010 1123990.41 1121759.66  0.20%     -  334s
H    0     0                    1123990.4055 1121759.66  0.20%     -  335s
     0     0 1121766.45    0 2045 1123990.41 1121766.45  0.20%     -  335s
     0     0 1121766.45    0 2043 1123990.41 1121766.45  0.20%     -  335s
     0     0 1121768.07    0 1996 1123990.41 1121768.07  0.20%     -  335s
     0     0 1121769.05    0 1993 1123990.41 1121769.05  0.20%     -  335s
     0     0 1121784.42    0 2031 1123990.41 1121784.42  0.20%     -  339s
     0     0 1121784.42    0 2038 1123990.41 1121784.42  0.20%     -  339s
     0     0 1121784.42    0 2034 1123990.41 1121784.42  0.20%     -  339s
     0     0 1121784.42    0 2036 1123990.41 1121784.42  0.20%     -  339s
     0     0 1121790.97    0 2082 1123990.41 1121790.97  0.20%     -  345s
     0     0 1121790.97    0 1032 1123990.41 1121790.97  0.20%     -  354s
     0     0 1121790.97    0  959 1123990.41 1121790.97  0.20%     -  355s
     0     0 1121790.97    0 1600 1123990.41 1121790.97  0.20%     -  361s
     0     0 1121790.97    0 1607 1123990.41 1121790.97  0.20%     -  361s
     0     0 1121790.97    0 1608 1123990.41 1121790.97  0.20%     -  361s
     0     0 1121790.97    0 1752 1123990.41 1121790.97  0.20%     -  363s
     0     0 1121790.97    0 1758 1123990.41 1121790.97  0.20%     -  363s
     0     0 1121790.97    0 1811 1123990.41 1121790.97  0.20%     -  364s
     0     0 1121790.97    0 1813 1123990.41 1121790.97  0.20%     -  364s
     0     0 1121790.97    0 1743 1123990.41 1121790.97  0.20%     -  364s
     0     0 1121790.97    0 1813 1123990.41 1121790.97  0.20%     -  365s
     0     0 1121790.97    0 1810 1123990.41 1121790.97  0.20%     -  367s
     0     0 1121790.97    0 1810 1123990.41 1121790.97  0.20%     -  367s
     0     0 1121790.97    0 1907 1123990.41 1121790.97  0.20%     -  367s
     0     0 1121790.97    0 1866 1123990.41 1121790.97  0.20%     -  368s
     0     0 1121790.97    0 1863 1123990.41 1121790.97  0.20%     -  368s
     0     0 1121790.97    0 1858 1123990.41 1121790.97  0.20%     -  368s
     0     0 1121790.97    0 1857 1123990.41 1121790.97  0.20%     -  368s
     0     0 1121790.97    0 1857 1123990.41 1121790.97  0.20%     -  368s
     0     0 1121790.97    0 1857 1123990.41 1121790.97  0.20%     -  368s
     0     0 1121790.97    0 1857 1123990.41 1121790.97  0.20%     -  368s
     0     0 1121790.97    0 1857 1123990.41 1121790.97  0.20%     -  368s
     0     0 1121790.97    0 1858 1123990.41 1121790.97  0.20%     -  368s
     0     0 1121790.97    0 1858 1123990.41 1121790.97  0.20%     -  368s
     0     0 1121790.97    0 1857 1123990.41 1121790.97  0.20%     -  368s
     0     0 1121790.97    0 1866 1123990.41 1121790.97  0.20%     -  368s
     0     0 1121790.97    0 1866 1123990.41 1121790.97  0.20%     -  368s
     0     0 1121790.97    0 1866 1123990.41 1121790.97  0.20%     -  368s
     0     0 1121790.97    0 1865 1123990.41 1121790.97  0.20%     -  368s
     0     0 1121790.97    0 1872 1123990.41 1121790.97  0.20%     -  368s
     0     0 1121790.97    0 1874 1123990.41 1121790.97  0.20%     -  368s
     0     0 1121790.97    0 1875 1123990.41 1121790.97  0.20%     -  368s
H    0     0                    1123990.4054 1121790.97  0.20%     -  370s
     0     0 1121790.97    0 1892 1123990.41 1121790.97  0.20%     -  371s
     0     0 1121790.97    0 1896 1123990.41 1121790.97  0.20%     -  371s
     0     0 1121790.97    0 1826 1123990.41 1121790.97  0.20%     -  371s
H    0     0                    1123990.3996 1121790.97  0.20%     -  372s
     0     0 1121790.97    0 1840 1123990.40 1121790.97  0.20%     -  372s
     0     0 1121790.97    0 1857 1123990.40 1121790.97  0.20%     -  372s
     0     0 1121790.97    0 1856 1123990.40 1121790.97  0.20%     -  372s
H    0     0                    1123990.3951 1121790.97  0.20%     -  372s
     0     0 1121790.97    0 1858 1123990.40 1121790.97  0.20%     -  372s
H    0     0                    1123990.3945 1121790.97  0.20%     -  374s
     0     0 1121790.97    0 1824 1123990.39 1121790.97  0.20%     -  374s
     0     0 1121790.97    0 1843 1123990.39 1121790.97  0.20%     -  379s
     0     0 1121790.97    0 1840 1123990.39 1121790.97  0.20%     -  379s
     0     0 1121790.97    0  666 1123990.39 1121790.97  0.20%     -  387s
     0     0 1121790.97    0  666 1123990.39 1121790.97  0.20%     -  387s
     0     0 1122268.89    0 1213 1123990.39 1122268.89  0.15%     -  414s
     0     0 1122268.89    0 1209 1123990.39 1122268.89  0.15%     -  414s
     0     0 1122272.39    0 1221 1123990.39 1122272.39  0.15%     -  415s
     0     0 1122272.39    0 1217 1123990.39 1122272.39  0.15%     -  415s
     0     0 1122272.39    0 1216 1123990.39 1122272.39  0.15%     -  415s
     0     0 1122274.91    0 1223 1123990.39 1122274.91  0.15%     -  415s
     0     0 1122275.16    0 1214 1123990.39 1122275.16  0.15%     -  415s
     0     0 1122275.36    0 1214 1123990.39 1122275.36  0.15%     -  415s
     0     0 1122303.15    0 1239 1123990.39 1122303.15  0.15%     -  432s
     0     0 1122303.15    0 1241 1123990.39 1122303.15  0.15%     -  432s
     0     0 1122304.67    0 1249 1123990.39 1122304.67  0.15%     -  432s
     0     0 1122304.77    0 1245 1123990.39 1122304.77  0.15%     -  432s
     0     0 1122320.27    0 1453 1123990.39 1122320.27  0.15%     -  450s
     0     0 1122320.27    0 1360 1123990.39 1122320.27  0.15%     -  450s
     0     0 1122321.80    0 1592 1123990.39 1122321.80  0.15%     -  450s
     0     0 1122321.80    0 1362 1123990.39 1122321.80  0.15%     -  451s
     0     0 1122322.66    0 1300 1123990.39 1122322.66  0.15%     -  451s
     0     0 1122331.11    0 1396 1123990.39 1122331.11  0.15%     -  464s
     0     0 1122331.11    0  790 1123990.39 1122331.11  0.15%     -  469s
     0     0 1122331.11    0  682 1123990.39 1122331.11  0.15%     -  469s
     0     0 1122331.11    0  681 1123990.39 1122331.11  0.15%     -  469s
     0     0 1122331.11    0 1098 1123990.39 1122331.11  0.15%     -  483s
     0     0 1122331.11    0  956 1123990.39 1122331.11  0.15%     -  483s
     0     0 1122331.11    0  963 1123990.39 1122331.11  0.15%     -  483s
     0     0 1122331.11    0  963 1123990.39 1122331.11  0.15%     -  489s
H    0     0                    1123990.3935 1122331.11  0.15%     -  496s
     0     0 1122331.11    0  964 1123990.39 1122331.11  0.15%     -  496s
     0     0 1122331.11    0  964 1123990.39 1122331.11  0.15%     -  504s
     0     0 1122331.11    0  689 1123990.39 1122331.11  0.15%     -  508s
     0     0 1122331.11    0  690 1123990.39 1122331.11  0.15%     -  508s
     0     0 1122372.48    0 1064 1123990.39 1122372.48  0.14%     -  522s
     0     0 1122382.07    0 1016 1123990.39 1122382.07  0.14%     -  522s
     0     0 1122383.32    0 1017 1123990.39 1122383.32  0.14%     -  522s
     0     0 1122423.17    0 1018 1123990.39 1122423.17  0.14%     -  528s
     0     0 1122423.17    0 1018 1123990.39 1122423.17  0.14%     -  528s
     0     0 1122424.14    0 1015 1123990.39 1122424.14  0.14%     -  529s
     0     0 1122453.96    0 1009 1123990.39 1122453.96  0.14%     -  536s
     0     0 1122454.81    0 1009 1123990.39 1122454.81  0.14%     -  536s
     0     0 1122476.41    0 1009 1123990.39 1122476.41  0.13%     -  544s
     0     0 1122476.41    0  599 1123990.39 1122476.41  0.13%     -  547s
     0     0 1122476.41    0  855 1123990.39 1122476.41  0.13%     -  554s
     0     0 1122476.41    0  853 1123990.39 1122476.41  0.13%     -  554s
     0     0 1122476.41    0  852 1123990.39 1122476.41  0.13%     -  554s
     0     0 1122476.41    0  818 1123990.39 1122476.41  0.13%     -  554s
     0     0 1122476.41    0  962 1123990.39 1122476.41  0.13%     -  554s
     0     0 1122476.41    0  840 1123990.39 1122476.41  0.13%     -  554s
     0     0 1122476.41    0  841 1123990.39 1122476.41  0.13%     -  554s
     0     0 1122476.41    0  848 1123990.39 1122476.41  0.13%     -  559s
     0     0 1122476.41    0  845 1123990.39 1122476.41  0.13%     -  565s
     0     0 1122476.41    0  846 1123990.39 1122476.41  0.13%     -  565s
     0     0 1122476.41    0  951 1123990.39 1122476.41  0.13%     -  570s
     0     0 1122476.41    0  951 1123990.39 1122476.41  0.13%     -  570s
     0     0 1122476.41    0 1162 1123990.39 1122476.41  0.13%     -  571s
     0     0 1122476.41    0  953 1123990.39 1122476.41  0.13%     -  571s
     0     0 1122476.41    0  953 1123990.39 1122476.41  0.13%     -  571s
     0     2 1122476.41    0  953 1123990.39 1122476.41  0.13%     -  572s
  2015  1478 1123457.86   70 1736 1123990.39 1122476.41  0.13%  12.6  606s
  2020  1483 1122677.90   13 1736 1123990.39 1122476.41  0.13%  15.8  610s
  2027  1414 1123725.24   51  550 1123990.39 1122476.41  0.13%  17.6  616s
  2032  1419 1123691.46   39  578 1123990.39 1122595.23  0.12%  19.4  620s
  4519  1987 1123879.92   76  255 1123990.39 1122776.58  0.11%  14.9  625s
 16174  8228     cutoff   95      1123990.39 1123107.67  0.08%  10.8  632s
 26231 13705     cutoff   79      1123990.39 1123214.60  0.07%  10.4  635s
 32770 16684 1123853.47   86  227 1123990.39 1123263.70  0.06%  10.3  651s
 46520 22365 1123926.09   84  199 1123990.39 1123335.87  0.06%  10.8  655s
 54363 25621 1123708.88   65  284 1123990.39 1123366.52  0.06%  11.0  660s
 65517 30088 1123799.94   74  229 1123990.39 1123405.56  0.05%  11.2  665s
 80215 35895 1123663.36   76  271 1123990.39 1123445.01  0.05%  11.4  670s
 87843 38962     cutoff   74      1123990.39 1123463.47  0.05%  11.4  675s
 99581 43462 1123610.47   73  266 1123990.39 1123484.06  0.05%  11.5  681s
 114488 49467     cutoff   86      1123990.39 1123505.36  0.04%  11.6  685s
 123321 52870 1123661.04   70  272 1123990.39 1123515.90  0.04%  11.6  690s
 133906 56958     cutoff   82      1123990.39 1123526.82  0.04%  11.5  695s
 148880 62768 infeasible   81      1123990.39 1123539.70  0.04%  11.5  700s
 157922 66150 1123706.50   78  245 1123990.39 1123547.43  0.04%  11.5  705s
 167344 69582 1123812.60   77  263 1123990.39 1123554.76  0.04%  11.5  710s
 183812 75432 1123922.54  101  162 1123990.39 1123566.73  0.04%  11.5  717s
 193264 78642 1123684.09   79  264 1123990.39 1123572.87  0.04%  11.5  720s
 201459 81586 1123880.67   88  201 1123990.39 1123578.09  0.04%  11.4  725s
 217660 86527 1123827.09   59  322 1123990.39 1123587.68  0.04%  11.4  732s
 227349 89731 infeasible   84      1123990.39 1123592.98  0.04%  11.4  735s
 236239 92614 1123683.50   76  281 1123990.39 1123597.51  0.03%  11.4  740s
 250144 96998 infeasible   99      1123990.39 1123603.88  0.03%  11.4  746s
 261841 100692 1123840.49   94  192 1123990.39 1123608.58  0.03%  11.4  750s
 270886 103359 1123619.26   81  253 1123990.39 1123612.79  0.03%  11.5  755s
 282661 106968 1123736.09   75  281 1123990.39 1123617.81  0.03%  11.5  761s
 297166 111250 1123697.55   62  321 1123990.39 1123623.50  0.03%  11.5  765s
 304155 113220 infeasible   68      1123990.39 1123625.91  0.03%  11.5  770s
 315434 116690 infeasible   85      1123990.39 1123630.04  0.03%  11.5  775s
 330523 121348 1123703.45   94  213 1123990.39 1123635.14  0.03%  11.5  780s
 339245 123765 1123793.03   83  250 1123990.39 1123637.83  0.03%  11.5  785s
 349040 126497 1123896.75   85  211 1123990.39 1123640.93  0.03%  11.5  790s
 364094 130668 1123955.92   85  244 1123990.39 1123645.76  0.03%  11.5  795s
 372552 132968 1123948.25   97  202 1123990.39 1123648.39  0.03%  11.5  800s
 382296 135605 1123655.90   77  278 1123990.39 1123651.41  0.03%  11.5  805s
 398374 140089     cutoff   70      1123990.39 1123656.05  0.03%  11.5  810s
 405893 141933 1123980.44   73  219 1123990.39 1123658.12  0.03%  11.5  815s
 416121 144976 1123761.34   84  241 1123990.39 1123660.88  0.03%  11.5  820s
 431273 149255 1123867.36   75  245 1123990.39 1123664.79  0.03%  11.5  825s
 439796 151538 1123796.93   85  220 1123990.39 1123667.13  0.03%  11.5  830s
 449311 153912 1123848.19   79  275 1123990.39 1123669.68  0.03%  11.5  835s
 465513 158178 1123952.82   79  223 1123990.39 1123673.64  0.03%  11.5  842s
 473341 160205 infeasible   86      1123990.39 1123675.59  0.03%  11.5  845s
 482106 162196 1123697.59   86  243 1123990.39 1123677.64  0.03%  11.5  850s
 498322 166244 1123803.01   84  210 1123990.39 1123681.29  0.03%  11.5  857s
 507512 168482     cutoff   78      1123990.39 1123683.49  0.03%  11.6  860s
 514769 170236 1123786.67   84  215 1123990.39 1123685.23  0.03%  11.6  865s
 531982 174031 infeasible   83      1123990.39 1123689.13  0.03%  11.6  872s
 539457 175770 1123798.40   77  242 1123990.39 1123690.88  0.03%  11.6  875s
 549094 177876     cutoff   78      1123990.39 1123692.88  0.03%  11.6  880s
 564353 181348 1123920.89   86  198 1123990.39 1123696.22  0.03%  11.6  885s
 572059 183001 1123853.50   82  216 1123990.39 1123697.89  0.03%  11.6  890s
 582033 185153 infeasible   92      1123990.39 1123700.01  0.03%  11.6  895s
 597213 188646 1123930.33   95  222 1123990.39 1123702.98  0.03%  11.7  900s
 604980 190320 1123879.07   84  248 1123990.39 1123704.59  0.03%  11.7  905s
 615620 192527 1123785.30   95  200 1123990.39 1123706.58  0.03%  11.7  911s
 629862 195502 1123917.55   84  235 1123990.39 1123709.48  0.02%  11.7  915s
 637622 197150 1123852.67   74  273 1123990.39 1123710.89  0.02%  11.7  920s
 648619 199459 1123885.95   91  192 1123990.39 1123712.72  0.02%  11.7  925s
 662520 202408     cutoff   87      1123990.39 1123715.17  0.02%  11.8  930s
 669384 203907 1123769.96   80  261 1123990.39 1123716.32  0.02%  11.8  935s
 681193 206497 1123901.48   83  206 1123990.39 1123718.44  0.02%  11.8  941s
 693972 208982     cutoff   85      1123990.39 1123720.61  0.02%  11.8  945s
 701785 210629 1123879.26   90  177 1123990.39 1123722.12  0.02%  11.8  950s
 713749 213274     cutoff   83      1123990.39 1123723.93  0.02%  11.8  956s
 726832 216053 1123798.20   91  215 1123990.39 1123726.07  0.02%  11.9  960s
 734446 217798 1123790.38   76  271 1123990.39 1123727.33  0.02%  11.9  965s
 747003 220543 1123804.06   72  263 1123990.39 1123729.12  0.02%  11.9  971s
 757790 223054 1123976.31   76  241 1123990.39 1123730.75  0.02%  11.9  975s
 765332 224639     cutoff   78      1123990.39 1123731.90  0.02%  11.9  980s
 779401 227702 1123777.10   87  253 1123990.39 1123734.03  0.02%  11.9  986s
 789323 230034     cutoff   72      1123990.39 1123735.48  0.02%  11.9  990s
 797994 231902 1123802.81   83  238 1123990.39 1123736.70  0.02%  11.9  995s
 811644 234822 infeasible   76      1123990.39 1123738.73  0.02%  11.9 1000s
H817704 235666                    1123990.3926 1123739.57  0.02%  11.9 1004s
 817910 235882 1123826.62   87  225 1123990.39 1123739.63  0.02%  11.9 1005s
 829352 238141 1123814.19   84  235 1123990.39 1123741.18  0.02%  12.0 1011s
 842309 240997     cutoff   97      1123990.39 1123743.05  0.02%  12.0 1015s
 849909 242628 1123917.01   84  237 1123990.39 1123744.17  0.02%  12.0 1020s
 862423 245262 1123867.16   86  224 1123990.39 1123745.90  0.02%  12.0 1026s
 873215 247356 1123841.01   78  215 1123990.39 1123747.26  0.02%  12.0 1030s
 880884 248974 1123833.00   92  232 1123990.39 1123748.25  0.02%  12.0 1035s
 895111 251560 1123904.92  106  154 1123990.39 1123750.02  0.02%  12.0 1042s
 903035 253202 infeasible   77      1123990.39 1123751.16  0.02%  12.0 1045s
 912386 254989 1123875.50   84  230 1123990.39 1123752.34  0.02%  12.1 1051s
 925284 257351 1123887.22  102  170 1123990.39 1123754.05  0.02%  12.1 1055s
 932708 258675 1123895.09   72  291 1123990.39 1123755.03  0.02%  12.1 1060s
 944773 261003 1123940.92   95  200 1123990.39 1123756.60  0.02%  12.1 1066s
 957849 263521 infeasible   90      1123990.39 1123758.19  0.02%  12.1 1070s
 965489 265055 1123907.65   93  202 1123990.39 1123759.08  0.02%  12.1 1075s
 977551 267357 1123935.53   98  167 1123990.39 1123760.58  0.02%  12.1 1081s
 989593 269605 1123899.29   75  242 1123990.39 1123761.94  0.02%  12.2 1085s
 997243 271021 1123791.26   95  216 1123990.39 1123762.92  0.02%  12.2 1090s
 1010572 273428     cutoff   91      1123990.39 1123764.48  0.02%  12.2 1096s
 1021302 275501 1123977.52   84  218 1123990.39 1123765.84  0.02%  12.2 1100s
 1029125 277016 1123941.16   91  191 1123990.39 1123766.81  0.02%  12.2 1105s
 1042678 279359 1123873.57   87  228 1123990.39 1123768.29  0.02%  12.2 1110s
 1050275 280739 1123890.32   88  223 1123990.39 1123769.22  0.02%  12.2 1115s
 1059746 282236     cutoff   77      1123990.39 1123770.13  0.02%  12.2 1122s
 1069271 283850     cutoff   88      1123990.39 1123771.54  0.02%  12.2 1125s
 1076063 284887 infeasible   95      1123990.39 1123772.29  0.02%  12.2 1130s
 1092704 287501 1123783.45   77  271 1123990.39 1123774.29  0.02%  12.3 1137s
 1101517 288921     cutoff  104      1123990.39 1123775.31  0.02%  12.3 1140s
 1109304 290119 1123889.87   85  212 1123990.39 1123776.20  0.02%  12.3 1145s
 1123709 292474 1123893.40   92  184 1123990.39 1123777.77  0.02%  12.3 1150s
 1131377 293756 1123941.22   96  184 1123990.39 1123778.53  0.02%  12.3 1155s
 1142466 295415     cutoff   82      1123990.39 1123779.63  0.02%  12.3 1161s
 1155764 297349 1123966.04   78  219 1123990.39 1123781.06  0.02%  12.3 1165s
 1163247 298465     cutoff  120      1123990.39 1123781.85  0.02%  12.3 1170s
 1175371 300321 1123900.43   95  196 1123990.39 1123783.06  0.02%  12.3 1176s
 1188488 302272 1123854.69   91  210 1123990.39 1123784.26  0.02%  12.3 1180s
 1196245 303389 1123841.89   92  226 1123990.39 1123785.02  0.02%  12.3 1185s
 1208479 305278 1123933.18  116  135 1123990.39 1123786.17  0.02%  12.4 1191s
 1219539 306963 1123946.44   85  227 1123990.39 1123787.22  0.02%  12.4 1195s
 1227148 308096 1123927.05   96  183 1123990.39 1123787.95  0.02%  12.4 1200s

Cutting planes:
  Cover: 33
  Clique: 3
  MIR: 50
  Flow cover: 133
  GUB cover: 7
  Inf proof: 1
  Zero half: 9
  RLT: 10
  Relax-and-lift: 7
  BQP: 20

Explored 1228227 nodes (15477421 simplex iterations) in 1200.05 seconds (1995.84 work units)
Thread count was 10 (of 10 available processors)

Solution count 10: 1.12399e+06 1.12399e+06 1.12401e+06 ... 1.1245e+06

Time limit reached
Best objective 1.123990392702e+06, best bound 1.123788046123e+06, gap 0.0180%
