
Gurobi 12.0.2 (mac64[arm]) logging started Fri Jun 13 17:50:07 2025

Set parameter LogFile to value "/Users/yurunfeng/Documents/GitHub/LRGTS-store-location/result/gurobi/snyder/49nodes/49-0.85-3.log"
Gurobi Optimizer version 12.0.2 build v12.0.2rc0 (mac64[arm] - Darwin 24.5.0 24F74)

CPU model: Apple M4
Thread count: 10 physical cores, 10 logical processors, using up to 10 threads

Non-default parameters:
TimeLimit  1200

Optimize a model with 132251 rows, 240247 columns and 1133517 nonzeros
Model fingerprint: 0xdb727bec
Variable types: 120099 continuous, 120148 integer (120148 binary)
Coefficient statistics:
  Matrix range     [2e-01, 1e+00]
  Objective range  [2e+02, 3e+06]
  Bounds range     [1e+00, 1e+00]
  RHS range        [1e+00, 3e+00]
Found heuristic solution: objective 2.470516e+07
Presolve removed 4900 rows and 2450 columns
Presolve time: 1.29s
Presolved: 127351 rows, 237797 columns, 1006117 nonzeros
Variable types: 117649 continuous, 120148 integer (120148 binary)
Deterministic concurrent LP optimizer: primal simplex, dual simplex, and barrier
Showing barrier log only...

Root barrier log...

Ordering time: 0.87s

Barrier performed 0 iterations in 2.47 seconds (5.41 work units)
Barrier solve interrupted - model solved by another algorithm

Concurrent spin time: 0.61s (can be avoided by choosing Method=3)

Solved with dual simplex

Root relaxation: objective 1.088972e+06, 3707 iterations, 1.11 seconds (1.30 work units)

    Nodes    |    Current Node    |     Objective Bounds      |     Work
 Expl Unexpl |  Obj  Depth IntInf | Incumbent    BestBd   Gap | It/Node Time

     0     0 1088972.37    0 1029 2.4705e+07 1088972.37  95.6%     -    3s
H    0     0                    2095197.8046 1088972.37  48.0%     -    3s
H    0     0                    1779970.5149 1088972.37  38.8%     -    3s
H    0     0                    1735404.8489 1088972.37  37.2%     -    6s
     0     0 1125640.98    0 2121 1735404.85 1125640.98  35.1%     -   19s
     0     0 1127276.70    0 2151 1735404.85 1127276.70  35.0%     -   19s
H    0     0                    1735404.8484 1127276.70  35.0%     -   21s
H    0     0                    1723875.3266 1127276.70  34.6%     -   21s
     0     0 1127801.15    0 2161 1723875.33 1127801.15  34.6%     -   21s
     0     0 1347062.16    0 1821 1723875.33 1347062.16  21.9%     -  105s
     0     0 1347842.52    0 1995 1723875.33 1347842.52  21.8%     -  109s
     0     0 1348249.82    0 2104 1723875.33 1348249.82  21.8%     -  110s
     0     0 1348281.77    0 2151 1723875.33 1348281.77  21.8%     -  112s
     0     0 1348292.93    0 2154 1723875.33 1348292.93  21.8%     -  114s
     0     0 1348299.01    0 2128 1723875.33 1348299.01  21.8%     -  114s
     0     0 1348313.23    0 2163 1723875.33 1348313.23  21.8%     -  116s
     0     0 1348315.90    0 2125 1723875.33 1348315.90  21.8%     -  116s
     0     0 1348321.79    0 2153 1723875.33 1348321.79  21.8%     -  117s
     0     0 1348328.52    0 2140 1723875.33 1348328.52  21.8%     -  117s
     0     0 1348334.83    0 2201 1723875.33 1348334.83  21.8%     -  118s
H    0     0                    1718243.2590 1348334.83  21.5%     -  123s
H    0     0                    1718243.2587 1348334.83  21.5%     -  123s
H    0     0                    1718243.2574 1348334.83  21.5%     -  124s
H    0     0                    1714875.5455 1348334.83  21.4%     -  124s
H    0     0                    1714875.5382 1348334.83  21.4%     -  124s
H    0     0                    1714875.5290 1348334.83  21.4%     -  124s
H    0     0                    1714875.5288 1348334.83  21.4%     -  125s
H    0     0                    1714875.5265 1348334.83  21.4%     -  125s
H    0     0                    1714875.5176 1348334.83  21.4%     -  125s
H    0     0                    1714875.5174 1348334.83  21.4%     -  126s
     0     0 1389664.79    0 2764 1714875.52 1389664.79  19.0%     -  183s
     0     0 1389936.73    0 2805 1714875.52 1389936.73  18.9%     -  185s
     0     0 1392054.11    0 2775 1714875.52 1392054.11  18.8%     -  187s
     0     0 1392099.27    0 2798 1714875.52 1392099.27  18.8%     -  188s
     0     0 1392130.60    0 2795 1714875.52 1392130.60  18.8%     -  188s
     0     0 1392134.91    0 2789 1714875.52 1392134.91  18.8%     -  189s
     0     0 1392137.18    0 2807 1714875.52 1392137.18  18.8%     -  189s
     0     0 1392138.02    0 2786 1714875.52 1392138.02  18.8%     -  190s
     0     0 1392138.80    0 2794 1714875.52 1392138.80  18.8%     -  190s
     0     0 1392139.46    0 2792 1714875.52 1392139.46  18.8%     -  190s
     0     0 1392140.87    0 2785 1714875.52 1392140.87  18.8%     -  190s
     0     0 1397959.65    0 2760 1714875.52 1397959.65  18.5%     -  196s
     0     0 1398002.39    0 2773 1714875.52 1398002.39  18.5%     -  197s
     0     0 1398014.57    0 2772 1714875.52 1398014.57  18.5%     -  197s
     0     0 1398017.71    0 2781 1714875.52 1398017.71  18.5%     -  197s
     0     0 1398021.50    0 2779 1714875.52 1398021.50  18.5%     -  198s
     0     0 1398026.07    0 2780 1714875.52 1398026.07  18.5%     -  198s
     0     0 1398029.09    0 2773 1714875.52 1398029.09  18.5%     -  198s
     0     0 1398029.81    0 2772 1714875.52 1398029.81  18.5%     -  199s
     0     0 1398030.47    0 2781 1714875.52 1398030.47  18.5%     -  199s
     0     0 1398033.13    0 2779 1714875.52 1398033.13  18.5%     -  199s
     0     0 1398034.50    0 2838 1714875.52 1398034.50  18.5%     -  199s
     0     0 1399297.52    0 2866 1714875.52 1399297.52  18.4%     -  202s
     0     0 1399298.41    0 2865 1714875.52 1399298.41  18.4%     -  202s
     0     0 1399302.32    0 2808 1714875.52 1399302.32  18.4%     -  202s
     0     0 1399303.83    0 2803 1714875.52 1399303.83  18.4%     -  203s
     0     0 1399304.87    0 2801 1714875.52 1399304.87  18.4%     -  203s
     0     0 1399305.05    0 2801 1714875.52 1399305.05  18.4%     -  203s
     0     0 1399305.38    0 2796 1714875.52 1399305.38  18.4%     -  203s
     0     0 1399305.66    0 2800 1714875.52 1399305.66  18.4%     -  203s
     0     0 1399305.89    0 2801 1714875.52 1399305.89  18.4%     -  203s
     0     0 1399305.94    0 2801 1714875.52 1399305.94  18.4%     -  203s
     0     0 1399306.00    0 2803 1714875.52 1399306.00  18.4%     -  204s
     0     0 1399350.47    0 2828 1714875.52 1399350.47  18.4%     -  204s
     0     0 1399350.49    0 2829 1714875.52 1399350.49  18.4%     -  204s
     0     0 1399350.50    0 2828 1714875.52 1399350.50  18.4%     -  204s
     0     0 1399350.57    0 2826 1714875.52 1399350.57  18.4%     -  204s
     0     0 1399350.59    0 2825 1714875.52 1399350.59  18.4%     -  205s
     0     0 1399350.61    0 2825 1714875.52 1399350.61  18.4%     -  205s
     0     0 1399350.62    0 2825 1714875.52 1399350.62  18.4%     -  205s
     0     0 1399350.65    0 2825 1714875.52 1399350.65  18.4%     -  205s
     0     0 1399350.65    0 2825 1714875.52 1399350.65  18.4%     -  205s
     0     0 1399350.65    0 2825 1714875.52 1399350.65  18.4%     -  205s
     0     0 1399350.65    0 2820 1714875.52 1399350.65  18.4%     -  205s
     0     0 1399362.64    0 2833 1714875.52 1399362.64  18.4%     -  205s
     0     0 1399362.65    0 2837 1714875.52 1399362.65  18.4%     -  205s
     0     0 1399374.56    0 2830 1714875.52 1399374.56  18.4%     -  205s
     0     0 1399374.67    0 2837 1714875.52 1399374.67  18.4%     -  205s
     0     0 1428060.32    0 3094 1714875.52 1428060.32  16.7%     -  220s
     0     0 1428670.83    0 3015 1714875.52 1428670.83  16.7%     -  222s
     0     0 1428700.15    0 3016 1714875.52 1428700.15  16.7%     -  222s
     0     0 1428717.21    0 3048 1714875.52 1428717.21  16.7%     -  223s
     0     0 1428722.06    0 3015 1714875.52 1428722.06  16.7%     -  223s
     0     0 1428746.29    0 3076 1714875.52 1428746.29  16.7%     -  224s
     0     0 1428761.08    0 3016 1714875.52 1428761.08  16.7%     -  224s
     0     0 1428761.20    0 3059 1714875.52 1428761.20  16.7%     -  224s
     0     0 1428761.40    0 3017 1714875.52 1428761.40  16.7%     -  224s
     0     0 1428761.72    0 3034 1714875.52 1428761.72  16.7%     -  225s
     0     0 1428762.02    0 3020 1714875.52 1428762.02  16.7%     -  225s
H    0     0                    1714805.0462 1428763.98  16.7%     -  226s
H    0     0                    1714247.9799 1428763.98  16.7%     -  226s
H    0     0                    1713539.4443 1428763.98  16.6%     -  226s
H    0     0                    1713468.8799 1428763.98  16.6%     -  226s
H    0     0                    1713175.7368 1428763.98  16.6%     -  226s
H    0     0                    1712190.3108 1428763.98  16.6%     -  226s
     0     0 1434413.96    0 3120 1712190.31 1434413.96  16.2%     -  234s
     0     0 1434460.13    0 3094 1712190.31 1434460.13  16.2%     -  234s
     0     0 1434463.73    0 3119 1712190.31 1434463.73  16.2%     -  235s
     0     0 1434469.37    0 3101 1712190.31 1434469.37  16.2%     -  235s
     0     0 1434470.80    0 3108 1712190.31 1434470.80  16.2%     -  235s
     0     0 1434472.25    0 3109 1712190.31 1434472.25  16.2%     -  235s
     0     0 1434472.70    0 3108 1712190.31 1434472.70  16.2%     -  236s
     0     0 1434474.81    0 3111 1712190.31 1434474.81  16.2%     -  236s
     0     0 1434476.51    0 3110 1712190.31 1434476.51  16.2%     -  236s
     0     0 1434478.28    0 3111 1712190.31 1434478.28  16.2%     -  236s
     0     0 1434478.88    0 3102 1712190.31 1434478.88  16.2%     -  236s
     0     0 1434796.58    0 3122 1712190.31 1434796.58  16.2%     -  238s
     0     0 1434798.55    0 3125 1712190.31 1434798.55  16.2%     -  238s
     0     0 1434800.77    0 3124 1712190.31 1434800.77  16.2%     -  238s
     0     0 1434801.88    0 3122 1712190.31 1434801.88  16.2%     -  239s
     0     0 1434802.96    0 3128 1712190.31 1434802.96  16.2%     -  239s
     0     0 1434803.57    0 3142 1712190.31 1434803.57  16.2%     -  239s
     0     0 1434804.43    0 3121 1712190.31 1434804.43  16.2%     -  239s
     0     0 1434805.72    0 3129 1712190.31 1434805.72  16.2%     -  239s
     0     0 1434807.53    0 3126 1712190.31 1434807.53  16.2%     -  240s
     0     0 1434808.08    0 3128 1712190.31 1434808.08  16.2%     -  240s
     0     0 1434808.87    0 3118 1712190.31 1434808.87  16.2%     -  240s
     0     0 1434984.25    0 3160 1712190.31 1434984.25  16.2%     -  241s
     0     0 1434984.83    0 3164 1712190.31 1434984.83  16.2%     -  241s
     0     0 1434988.06    0 3163 1712190.31 1434988.06  16.2%     -  241s
     0     0 1434988.68    0 3159 1712190.31 1434988.68  16.2%     -  241s
     0     0 1434989.01    0 3160 1712190.31 1434989.01  16.2%     -  241s
     0     0 1434990.03    0 3161 1712190.31 1434990.03  16.2%     -  242s
     0     0 1434990.18    0 3161 1712190.31 1434990.18  16.2%     -  242s
     0     0 1434990.39    0 3161 1712190.31 1434990.39  16.2%     -  242s
     0     0 1434990.65    0 3162 1712190.31 1434990.65  16.2%     -  242s
     0     0 1434990.99    0 3160 1712190.31 1434990.99  16.2%     -  242s
     0     0 1434991.64    0 3163 1712190.31 1434991.64  16.2%     -  242s
     0     0 1435042.08    0 3161 1712190.31 1435042.08  16.2%     -  243s
     0     0 1435043.19    0 3157 1712190.31 1435043.19  16.2%     -  243s
     0     0 1435044.78    0 3155 1712190.31 1435044.78  16.2%     -  243s
     0     0 1435045.46    0 3158 1712190.31 1435045.46  16.2%     -  243s
     0     0 1435045.75    0 3158 1712190.31 1435045.75  16.2%     -  243s
     0     0 1435046.04    0 3163 1712190.31 1435046.04  16.2%     -  244s
     0     0 1435046.58    0 3161 1712190.31 1435046.58  16.2%     -  244s
     0     0 1435048.30    0 3159 1712190.31 1435048.30  16.2%     -  244s
     0     0 1435048.60    0 3162 1712190.31 1435048.60  16.2%     -  244s
     0     0 1435049.02    0 3158 1712190.31 1435049.02  16.2%     -  244s
     0     0 1435049.32    0 3162 1712190.31 1435049.32  16.2%     -  244s
     0     0 1435098.59    0 3176 1712190.31 1435098.59  16.2%     -  244s
     0     0 1435098.71    0 3173 1712190.31 1435098.71  16.2%     -  245s
     0     0 1435098.87    0 3175 1712190.31 1435098.87  16.2%     -  245s
     0     0 1435099.08    0 3176 1712190.31 1435099.08  16.2%     -  245s
     0     0 1435099.12    0 3175 1712190.31 1435099.12  16.2%     -  245s
     0     0 1435099.32    0 3176 1712190.31 1435099.32  16.2%     -  245s
     0     0 1435099.37    0 3173 1712190.31 1435099.37  16.2%     -  245s
     0     0 1435099.43    0 3177 1712190.31 1435099.43  16.2%     -  245s
     0     0 1435099.66    0 3174 1712190.31 1435099.66  16.2%     -  245s
     0     0 1435099.82    0 3175 1712190.31 1435099.82  16.2%     -  245s
     0     0 1435100.24    0 3175 1712190.31 1435100.24  16.2%     -  246s
     0     0 1435101.41    0 3177 1712190.31 1435101.41  16.2%     -  246s
     0     0 1435101.87    0 3178 1712190.31 1435101.87  16.2%     -  246s
     0     0 1435102.07    0 3177 1712190.31 1435102.07  16.2%     -  246s
     0     0 1435102.23    0 3175 1712190.31 1435102.23  16.2%     -  246s
     0     0 1435102.32    0 3177 1712190.31 1435102.32  16.2%     -  246s
     0     0 1435102.41    0 3176 1712190.31 1435102.41  16.2%     -  246s
     0     0 1435102.49    0 3175 1712190.31 1435102.49  16.2%     -  246s
     0     0 1435103.40    0 3174 1712190.31 1435103.40  16.2%     -  246s
     0     0 1435103.48    0 3174 1712190.31 1435103.48  16.2%     -  246s
     0     0 1435103.52    0 3176 1712190.31 1435103.52  16.2%     -  246s
     0     0 1435103.72    0 3174 1712190.31 1435103.72  16.2%     -  246s
     0     0 1461467.91    0 3262 1712190.31 1461467.91  14.6%     -  282s
     0     0 1461730.21    0 3239 1712190.31 1461730.21  14.6%     -  286s
     0     0 1461765.71    0 3229 1712190.31 1461765.71  14.6%     -  287s
     0     0 1461778.64    0 3231 1712190.31 1461778.64  14.6%     -  288s
     0     0 1461784.66    0 3215 1712190.31 1461784.66  14.6%     -  289s
     0     0 1461790.75    0 3211 1712190.31 1461790.75  14.6%     -  289s
     0     0 1461794.27    0 3229 1712190.31 1461794.27  14.6%     -  289s
     0     0 1461797.80    0 3216 1712190.31 1461797.80  14.6%     -  290s
     0     0 1461797.88    0 3220 1712190.31 1461797.88  14.6%     -  290s
     0     0 1461798.01    0 3219 1712190.31 1461798.01  14.6%     -  290s
     0     0 1461798.09    0 3220 1712190.31 1461798.09  14.6%     -  290s
H    0     0                    1712190.2715 1461799.81  14.6%     -  292s
H    0     0                    1712190.2709 1461799.81  14.6%     -  292s
     0     0 1466998.17    0 3226 1712190.27 1466998.17  14.3%     -  299s
     0     0 1467060.68    0 3195 1712190.27 1467060.68  14.3%     -  300s
     0     0 1467067.39    0 3209 1712190.27 1467067.39  14.3%     -  301s
     0     0 1467067.71    0 3205 1712190.27 1467067.71  14.3%     -  301s
     0     0 1467067.98    0 3209 1712190.27 1467067.98  14.3%     -  302s
     0     0 1467068.21    0 3202 1712190.27 1467068.21  14.3%     -  302s
     0     0 1467068.36    0 3204 1712190.27 1467068.36  14.3%     -  302s
     0     0 1467068.50    0 3208 1712190.27 1467068.50  14.3%     -  302s
     0     0 1467068.60    0 3204 1712190.27 1467068.60  14.3%     -  302s
     0     0 1467068.69    0 3205 1712190.27 1467068.69  14.3%     -  303s
     0     0 1467068.80    0 3203 1712190.27 1467068.80  14.3%     -  303s
     0     0 1468387.79    0 3291 1712190.27 1468387.79  14.2%     -  308s
     0     0 1468394.65    0 3268 1712190.27 1468394.65  14.2%     -  308s
     0     0 1468395.05    0 3271 1712190.27 1468395.05  14.2%     -  309s
     0     0 1468395.48    0 3261 1712190.27 1468395.48  14.2%     -  309s
     0     0 1468395.69    0 3266 1712190.27 1468395.69  14.2%     -  310s
     0     0 1468396.02    0 3267 1712190.27 1468396.02  14.2%     -  310s
     0     0 1468396.35    0 3257 1712190.27 1468396.35  14.2%     -  310s
     0     0 1468396.52    0 3257 1712190.27 1468396.52  14.2%     -  310s
     0     0 1468396.68    0 3260 1712190.27 1468396.68  14.2%     -  310s
     0     0 1468398.81    0 3263 1712190.27 1468398.81  14.2%     -  311s
     0     0 1468398.99    0 3264 1712190.27 1468398.99  14.2%     -  311s
     0     0 1469150.22    0 3248 1712190.27 1469150.22  14.2%     -  314s
     0     0 1469151.26    0 3253 1712190.27 1469151.26  14.2%     -  314s
     0     0 1469152.25    0 3254 1712190.27 1469152.25  14.2%     -  314s
     0     0 1469152.33    0 3254 1712190.27 1469152.33  14.2%     -  314s
     0     0 1469152.42    0 3255 1712190.27 1469152.42  14.2%     -  315s
     0     0 1469152.73    0 3250 1712190.27 1469152.73  14.2%     -  315s
     0     0 1469152.82    0 3253 1712190.27 1469152.82  14.2%     -  315s
     0     0 1469152.84    0 3253 1712190.27 1469152.84  14.2%     -  315s
     0     0 1469153.01    0 3253 1712190.27 1469153.01  14.2%     -  315s
     0     0 1469153.29    0 3253 1712190.27 1469153.29  14.2%     -  315s
     0     0 1469153.53    0 3251 1712190.27 1469153.53  14.2%     -  315s
     0     0 1469278.05    0 3288 1712190.27 1469278.05  14.2%     -  316s
     0     0 1469278.34    0 3293 1712190.27 1469278.34  14.2%     -  317s
     0     0 1469278.54    0 3291 1712190.27 1469278.54  14.2%     -  317s
     0     0 1469279.11    0 3291 1712190.27 1469279.11  14.2%     -  317s
     0     0 1469279.36    0 3285 1712190.27 1469279.36  14.2%     -  317s
     0     0 1469279.71    0 3287 1712190.27 1469279.71  14.2%     -  317s
     0     0 1469280.16    0 3292 1712190.27 1469280.16  14.2%     -  317s
     0     0 1469280.29    0 3287 1712190.27 1469280.29  14.2%     -  318s
     0     0 1469280.47    0 3287 1712190.27 1469280.47  14.2%     -  318s
     0     0 1469280.59    0 3287 1712190.27 1469280.59  14.2%     -  318s
     0     0 1469280.71    0 3288 1712190.27 1469280.71  14.2%     -  318s
     0     0 1469390.28    0 3300 1712190.27 1469390.28  14.2%     -  319s
     0     0 1469390.37    0 3301 1712190.27 1469390.37  14.2%     -  319s
     0     0 1469390.57    0 3298 1712190.27 1469390.57  14.2%     -  319s
     0     0 1469390.95    0 3298 1712190.27 1469390.95  14.2%     -  319s
     0     0 1469391.08    0 3301 1712190.27 1469391.08  14.2%     -  319s
     0     0 1469391.13    0 3302 1712190.27 1469391.13  14.2%     -  319s
     0     0 1469391.23    0 3300 1712190.27 1469391.23  14.2%     -  319s
     0     0 1469391.29    0 3299 1712190.27 1469391.29  14.2%     -  320s
     0     0 1469391.44    0 3301 1712190.27 1469391.44  14.2%     -  320s
     0     0 1469391.77    0 3301 1712190.27 1469391.77  14.2%     -  320s
     0     0 1469391.89    0 3302 1712190.27 1469391.89  14.2%     -  320s
     0     0 1469400.55    0 3306 1712190.27 1469400.55  14.2%     -  320s
     0     0 1469401.30    0 3307 1712190.27 1469401.30  14.2%     -  320s
     0     0 1469401.51    0 3304 1712190.27 1469401.51  14.2%     -  320s
     0     0 1469402.08    0 3305 1712190.27 1469402.08  14.2%     -  321s
     0     0 1469402.22    0 3305 1712190.27 1469402.22  14.2%     -  321s
     0     0 1469402.45    0 3305 1712190.27 1469402.45  14.2%     -  321s
     0     0 1469402.55    0 3302 1712190.27 1469402.55  14.2%     -  321s
     0     0 1469403.20    0 3303 1712190.27 1469403.20  14.2%     -  321s
     0     0 1469403.41    0 3305 1712190.27 1469403.41  14.2%     -  321s
     0     0 1469403.46    0 3303 1712190.27 1469403.46  14.2%     -  321s
     0     0 1469403.54    0 3303 1712190.27 1469403.54  14.2%     -  321s
     0     0 1482986.35    0 3336 1712190.27 1482986.35  13.4%     -  338s
     0     0 1483233.18    0 3311 1712190.27 1483233.18  13.4%     -  342s
     0     0 1483252.15    0 3318 1712190.27 1483252.15  13.4%     -  343s
     0     0 1483254.08    0 3318 1712190.27 1483254.08  13.4%     -  344s
     0     0 1483254.69    0 3319 1712190.27 1483254.69  13.4%     -  344s
     0     0 1483255.12    0 3312 1712190.27 1483255.12  13.4%     -  345s
     0     0 1483255.31    0 3317 1712190.27 1483255.31  13.4%     -  345s
     0     0 1483255.54    0 3313 1712190.27 1483255.54  13.4%     -  345s
     0     0 1483255.75    0 3310 1712190.27 1483255.75  13.4%     -  345s
     0     0 1483256.01    0 3311 1712190.27 1483256.01  13.4%     -  346s
     0     0 1483256.40    0 3317 1712190.27 1483256.40  13.4%     -  346s
H    0     0                    1711552.9436 1483258.11  13.3%     -  347s
     0     0 1486963.28    0 3364 1711552.94 1486963.28  13.1%     -  355s
     0     0 1487021.84    0 3361 1711552.94 1487021.84  13.1%     -  356s
     0     0 1487022.34    0 3354 1711552.94 1487022.34  13.1%     -  357s
     0     0 1487063.38    0 3374 1711552.94 1487063.38  13.1%     -  358s
     0     0 1487069.03    0 3367 1711552.94 1487069.03  13.1%     -  358s
     0     0 1487078.56    0 3361 1711552.94 1487078.56  13.1%     -  358s
     0     0 1487081.35    0 3361 1711552.94 1487081.35  13.1%     -  358s
     0     0 1487097.99    0 3353 1711552.94 1487097.99  13.1%     -  359s
     0     0 1487098.15    0 3354 1711552.94 1487098.15  13.1%     -  359s
     0     0 1487098.70    0 3355 1711552.94 1487098.70  13.1%     -  359s
     0     0 1487098.96    0 3355 1711552.94 1487098.96  13.1%     -  359s
     0     0 1488667.04    0 3370 1711552.94 1488667.04  13.0%     -  364s
     0     0 1488667.11    0 3371 1711552.94 1488667.11  13.0%     -  364s
     0     0 1488683.94    0 3348 1711552.94 1488683.94  13.0%     -  364s
     0     0 1488684.36    0 3355 1711552.94 1488684.36  13.0%     -  364s
     0     0 1488778.81    0 3370 1711552.94 1488778.81  13.0%     -  366s
     0     0 1488778.85    0 3369 1711552.94 1488778.85  13.0%     -  366s
     0     0 1488778.88    0 3369 1711552.94 1488778.88  13.0%     -  366s
     0     0 1488778.92    0 3363 1711552.94 1488778.92  13.0%     -  366s
     0     0 1488778.94    0 3369 1711552.94 1488778.94  13.0%     -  366s
     0     0 1488779.01    0 3369 1711552.94 1488779.01  13.0%     -  366s
     0     0 1488779.04    0 3370 1711552.94 1488779.04  13.0%     -  366s
     0     0 1489288.98    0 3352 1711552.94 1489288.98  13.0%     -  369s
     0     0 1489302.06    0 3350 1711552.94 1489302.06  13.0%     -  370s
     0     0 1489304.86    0 3350 1711552.94 1489304.86  13.0%     -  370s
     0     0 1489304.93    0 3348 1711552.94 1489304.93  13.0%     -  370s
     0     0 1489305.01    0 3351 1711552.94 1489305.01  13.0%     -  370s
     0     0 1489305.06    0 3350 1711552.94 1489305.06  13.0%     -  370s
     0     0 1489305.06    0 3347 1711552.94 1489305.06  13.0%     -  370s
     0     0 1489305.13    0 3350 1711552.94 1489305.13  13.0%     -  370s
     0     0 1489305.22    0 3349 1711552.94 1489305.22  13.0%     -  370s
     0     0 1489305.27    0 3350 1711552.94 1489305.27  13.0%     -  371s
     0     0 1489305.30    0 3350 1711552.94 1489305.30  13.0%     -  371s
     0     0 1489553.05    0 3363 1711552.94 1489553.05  13.0%     -  372s
     0     0 1489555.61    0 3362 1711552.94 1489555.61  13.0%     -  372s
     0     0 1489555.66    0 3365 1711552.94 1489555.66  13.0%     -  372s
     0     0 1489555.69    0 3363 1711552.94 1489555.69  13.0%     -  372s
     0     0 1489555.71    0 3364 1711552.94 1489555.71  13.0%     -  373s
     0     0 1489555.72    0 3365 1711552.94 1489555.72  13.0%     -  373s
     0     0 1489555.75    0 3362 1711552.94 1489555.75  13.0%     -  373s
     0     0 1489555.79    0 3363 1711552.94 1489555.79  13.0%     -  373s
     0     0 1489555.85    0 3364 1711552.94 1489555.85  13.0%     -  373s
     0     0 1489555.86    0 3365 1711552.94 1489555.86  13.0%     -  373s
     0     0 1489555.87    0 3363 1711552.94 1489555.87  13.0%     -  373s
     0     0 1489731.71    0 3356 1711552.94 1489731.71  13.0%     -  374s
     0     0 1489736.61    0 3357 1711552.94 1489736.61  13.0%     -  374s
     0     0 1489736.61    0 3357 1711552.94 1489736.61  13.0%     -  374s
     0     0 1498329.45    0 3553 1711552.94 1498329.45  12.5%     -  391s
     0     0 1498748.17    0 3528 1711552.94 1498748.17  12.4%     -  394s
     0     0 1498761.78    0 3522 1711552.94 1498761.78  12.4%     -  395s
     0     0 1498766.42    0 3522 1711552.94 1498766.42  12.4%     -  395s
     0     0 1498774.46    0 3516 1711552.94 1498774.46  12.4%     -  395s
     0     0 1498775.15    0 3516 1711552.94 1498775.15  12.4%     -  396s
     0     0 1498778.87    0 3507 1711552.94 1498778.87  12.4%     -  396s
     0     0 1498790.59    0 3509 1711552.94 1498790.59  12.4%     -  396s
     0     0 1498790.79    0 3507 1711552.94 1498790.79  12.4%     -  396s
     0     0 1498790.85    0 3511 1711552.94 1498790.85  12.4%     -  397s
     0     0 1498790.90    0 3507 1711552.94 1498790.90  12.4%     -  397s
     0     0 1500782.07    0 3580 1711552.94 1500782.07  12.3%     -  405s
     0     0 1500804.23    0 3557 1711552.94 1500804.23  12.3%     -  406s
     0     0 1500804.55    0 3565 1711552.94 1500804.55  12.3%     -  406s
     0     0 1500804.67    0 3558 1711552.94 1500804.67  12.3%     -  407s
     0     0 1500804.81    0 3560 1711552.94 1500804.81  12.3%     -  407s
     0     0 1500804.89    0 3564 1711552.94 1500804.89  12.3%     -  407s
     0     0 1500804.96    0 3564 1711552.94 1500804.96  12.3%     -  407s
     0     0 1500805.23    0 3565 1711552.94 1500805.23  12.3%     -  408s
     0     0 1500805.26    0 3563 1711552.94 1500805.26  12.3%     -  408s
     0     0 1500805.47    0 3567 1711552.94 1500805.47  12.3%     -  408s
     0     0 1500805.53    0 3562 1711552.94 1500805.53  12.3%     -  408s
     0     0 1501521.45    0 3501 1711552.94 1501521.45  12.3%     -  411s
     0     0 1501544.46    0 3501 1711552.94 1501544.46  12.3%     -  413s
     0     0 1501545.06    0 3494 1711552.94 1501545.06  12.3%     -  413s
     0     0 1501545.72    0 3490 1711552.94 1501545.72  12.3%     -  413s
     0     0 1501545.88    0 3490 1711552.94 1501545.88  12.3%     -  414s
     0     0 1501546.34    0 3491 1711552.94 1501546.34  12.3%     -  414s
     0     0 1501546.42    0 3526 1711552.94 1501546.42  12.3%     -  414s
     0     0 1501546.56    0 3519 1711552.94 1501546.56  12.3%     -  414s
     0     0 1501546.62    0 3519 1711552.94 1501546.62  12.3%     -  415s
     0     0 1501546.70    0 3519 1711552.94 1501546.70  12.3%     -  415s
     0     0 1501546.84    0 3518 1711552.94 1501546.84  12.3%     -  415s
     0     0 1501691.06    0 3513 1711552.94 1501691.06  12.3%     -  417s
     0     0 1501691.36    0 3508 1711552.94 1501691.36  12.3%     -  417s
     0     0 1501691.52    0 3510 1711552.94 1501691.52  12.3%     -  417s
     0     0 1501691.66    0 3559 1711552.94 1501691.66  12.3%     -  417s
     0     0 1501691.87    0 3514 1711552.94 1501691.87  12.3%     -  418s
     0     0 1501692.18    0 3507 1711552.94 1501692.18  12.3%     -  418s
     0     0 1501692.29    0 3513 1711552.94 1501692.29  12.3%     -  418s
     0     0 1501692.61    0 3517 1711552.94 1501692.61  12.3%     -  418s
     0     0 1501692.66    0 3518 1711552.94 1501692.66  12.3%     -  419s
     0     0 1501692.70    0 3518 1711552.94 1501692.70  12.3%     -  419s
     0     0 1501692.90    0 3522 1711552.94 1501692.90  12.3%     -  419s
     0     0 1501726.53    0 3535 1711552.94 1501726.53  12.3%     -  420s
     0     0 1501726.68    0 3531 1711552.94 1501726.68  12.3%     -  420s
     0     0 1501726.85    0 3529 1711552.94 1501726.85  12.3%     -  421s
     0     0 1501726.94    0 3527 1711552.94 1501726.94  12.3%     -  421s
     0     0 1501726.98    0 3526 1711552.94 1501726.98  12.3%     -  421s
     0     0 1501727.04    0 3555 1711552.94 1501727.04  12.3%     -  421s
     0     0 1501727.18    0 3561 1711552.94 1501727.18  12.3%     -  421s
     0     0 1501727.22    0 3562 1711552.94 1501727.22  12.3%     -  422s
     0     0 1501727.23    0 3561 1711552.94 1501727.23  12.3%     -  422s
     0     0 1501727.25    0 3562 1711552.94 1501727.25  12.3%     -  422s
     0     0 1501727.29    0 3561 1711552.94 1501727.29  12.3%     -  422s
     0     0 1501755.60    0 3560 1711552.94 1501755.60  12.3%     -  422s
     0     0 1501755.69    0 3563 1711552.94 1501755.69  12.3%     -  422s
     0     0 1501755.73    0 3562 1711552.94 1501755.73  12.3%     -  423s
     0     0 1501755.76    0 3563 1711552.94 1501755.76  12.3%     -  423s
     0     0 1501755.84    0 3554 1711552.94 1501755.84  12.3%     -  423s
     0     0 1501755.89    0 3559 1711552.94 1501755.89  12.3%     -  423s
     0     0 1501755.91    0 3558 1711552.94 1501755.91  12.3%     -  423s
     0     0 1501755.93    0 3558 1711552.94 1501755.93  12.3%     -  423s
     0     0 1501756.01    0 3579 1711552.94 1501756.01  12.3%     -  423s
     0     0 1501756.06    0 3558 1711552.94 1501756.06  12.3%     -  423s
     0     0 1501756.06    0 3558 1711552.94 1501756.06  12.3%     -  423s
     0     0 1509345.98    0 3488 1711552.94 1509345.98  11.8%     -  438s
     0     0 1509586.90    0 3523 1711552.94 1509586.90  11.8%     -  441s
     0     0 1509636.10    0 3514 1711552.94 1509636.10  11.8%     -  443s
     0     0 1509709.10    0 3513 1711552.94 1509709.10  11.8%     -  444s
     0     0 1509712.77    0 3505 1711552.94 1509712.77  11.8%     -  445s
     0     0 1509713.75    0 3554 1711552.94 1509713.75  11.8%     -  445s
     0     0 1509716.51    0 3502 1711552.94 1509716.51  11.8%     -  446s
     0     0 1509723.46    0 3501 1711552.94 1509723.46  11.8%     -  446s
     0     0 1509727.84    0 3497 1711552.94 1509727.84  11.8%     -  446s
     0     0 1509728.82    0 3493 1711552.94 1509728.82  11.8%     -  447s
     0     0 1509729.38    0 3496 1711552.94 1509729.38  11.8%     -  447s
     0     0 1511431.11    0 3409 1711552.94 1511431.11  11.7%     -  459s
     0     0 1511451.57    0 3469 1711552.94 1511451.57  11.7%     -  460s
     0     0 1511454.04    0 3449 1711552.94 1511454.04  11.7%     -  461s
     0     0 1511462.12    0 3454 1711552.94 1511462.12  11.7%     -  461s
     0     0 1511474.16    0 3463 1711552.94 1511474.16  11.7%     -  462s
     0     0 1511476.69    0 3442 1711552.94 1511476.69  11.7%     -  462s
     0     0 1511480.40    0 3440 1711552.94 1511480.40  11.7%     -  462s
     0     0 1511481.25    0 3445 1711552.94 1511481.25  11.7%     -  462s
     0     0 1511481.93    0 3436 1711552.94 1511481.93  11.7%     -  463s
     0     0 1511482.07    0 3441 1711552.94 1511482.07  11.7%     -  463s
     0     0 1511482.27    0 3440 1711552.94 1511482.27  11.7%     -  463s
     0     0 1511867.67    0 3545 1711552.94 1511867.67  11.7%     -  466s
     0     0 1511867.98    0 3546 1711552.94 1511867.98  11.7%     -  466s
     0     0 1511877.47    0 3560 1711552.94 1511877.47  11.7%     -  467s
     0     0 1511877.65    0 3562 1711552.94 1511877.65  11.7%     -  467s
     0     0 1511877.84    0 3563 1711552.94 1511877.84  11.7%     -  467s
     0     0 1511877.96    0 3559 1711552.94 1511877.96  11.7%     -  467s
     0     0 1511878.16    0 3558 1711552.94 1511878.16  11.7%     -  468s
     0     0 1511878.19    0 3554 1711552.94 1511878.19  11.7%     -  468s
     0     0 1511878.21    0 3556 1711552.94 1511878.21  11.7%     -  468s
     0     0 1511878.43    0 3551 1711552.94 1511878.43  11.7%     -  468s
     0     0 1511878.55    0 3551 1711552.94 1511878.55  11.7%     -  468s
     0     0 1512113.14    0 3505 1711552.94 1512113.14  11.7%     -  470s
     0     0 1512113.29    0 3501 1711552.94 1512113.29  11.7%     -  470s
     0     0 1512113.41    0 3502 1711552.94 1512113.41  11.7%     -  471s
     0     0 1512113.61    0 3500 1711552.94 1512113.61  11.7%     -  471s
     0     0 1512113.73    0 3500 1711552.94 1512113.73  11.7%     -  471s
     0     0 1512113.77    0 3526 1711552.94 1512113.77  11.7%     -  471s
     0     0 1512113.89    0 3500 1711552.94 1512113.89  11.7%     -  471s
     0     0 1512113.97    0 3499 1711552.94 1512113.97  11.7%     -  471s
     0     0 1512114.04    0 3539 1711552.94 1512114.04  11.7%     -  471s
     0     0 1512114.10    0 3499 1711552.94 1512114.10  11.7%     -  472s
     0     0 1512114.11    0 3499 1711552.94 1512114.11  11.7%     -  472s
     0     0 1512232.28    0 3538 1711552.94 1512232.28  11.6%     -  473s
     0     0 1512236.70    0 3532 1711552.94 1512236.70  11.6%     -  474s
     0     0 1512236.83    0 3536 1711552.94 1512236.83  11.6%     -  474s
     0     0 1512236.89    0 3535 1711552.94 1512236.89  11.6%     -  474s
     0     0 1512236.93    0 3535 1711552.94 1512236.93  11.6%     -  474s
     0     0 1512237.01    0 3537 1711552.94 1512237.01  11.6%     -  474s
     0     0 1512237.04    0 3538 1711552.94 1512237.04  11.6%     -  474s
     0     0 1512237.07    0 3538 1711552.94 1512237.07  11.6%     -  474s
     0     0 1512237.10    0 3539 1711552.94 1512237.10  11.6%     -  474s
     0     0 1512237.21    0 3539 1711552.94 1512237.21  11.6%     -  474s
     0     0 1512237.38    0 3539 1711552.94 1512237.38  11.6%     -  475s
     0     0 1512364.33    0 3575 1711552.94 1512364.33  11.6%     -  476s
     0     0 1512364.42    0 3572 1711552.94 1512364.42  11.6%     -  477s
     0     0 1512364.43    0 3560 1711552.94 1512364.43  11.6%     -  477s
     0     0 1512364.45    0 3560 1711552.94 1512364.45  11.6%     -  477s
     0     0 1512364.47    0 3560 1711552.94 1512364.47  11.6%     -  477s
     0     0 1512364.52    0 3562 1711552.94 1512364.52  11.6%     -  477s
     0     0 1512364.54    0 3561 1711552.94 1512364.54  11.6%     -  477s
     0     0 1512364.54    0 3561 1711552.94 1512364.54  11.6%     -  477s
     0     0 1512364.55    0 3560 1711552.94 1512364.55  11.6%     -  477s
     0     0 1512364.76    0 3559 1711552.94 1512364.76  11.6%     -  477s
     0     0 1512364.77    0 3559 1711552.94 1512364.77  11.6%     -  477s
     0     0 1512373.27    0 3566 1711552.94 1512373.27  11.6%     -  478s
     0     0 1512373.34    0 3559 1711552.94 1512373.34  11.6%     -  478s
     0     0 1512373.48    0 3557 1711552.94 1512373.48  11.6%     -  478s
     0     0 1512373.53    0 3557 1711552.94 1512373.53  11.6%     -  478s
     0     0 1512373.68    0 3558 1711552.94 1512373.68  11.6%     -  478s
     0     0 1512373.70    0 3558 1711552.94 1512373.70  11.6%     -  478s
     0     0 1512373.88    0 3559 1711552.94 1512373.88  11.6%     -  478s
     0     0 1512373.90    0 3558 1711552.94 1512373.90  11.6%     -  478s
     0     0 1512373.95    0 3558 1711552.94 1512373.95  11.6%     -  478s
     0     0 1512374.04    0 3557 1711552.94 1512374.04  11.6%     -  479s
     0     0 1512374.25    0 3557 1711552.94 1512374.25  11.6%     -  479s
     0     0 1518454.65    0 3659 1711552.94 1518454.65  11.3%     -  495s
     0     0 1518731.83    0 3637 1711552.94 1518731.83  11.3%     -  499s
     0     0 1518778.00    0 3651 1711552.94 1518778.00  11.3%     -  501s
     0     0 1518783.21    0 3648 1711552.94 1518783.21  11.3%     -  501s
     0     0 1518792.57    0 3639 1711552.94 1518792.57  11.3%     -  502s
     0     0 1518797.69    0 3636 1711552.94 1518797.69  11.3%     -  503s
     0     0 1518798.03    0 3640 1711552.94 1518798.03  11.3%     -  503s
     0     0 1518799.17    0 3644 1711552.94 1518799.17  11.3%     -  504s
     0     0 1518801.02    0 3640 1711552.94 1518801.02  11.3%     -  504s
     0     0 1518801.17    0 3642 1711552.94 1518801.17  11.3%     -  504s
     0     0 1518801.42    0 3649 1711552.94 1518801.42  11.3%     -  504s
     0     0 1520245.30    0 3664 1711552.94 1520245.30  11.2%     -  513s
     0     0 1520264.44    0 3695 1711552.94 1520264.44  11.2%     -  514s
     0     0 1520264.58    0 3646 1711552.94 1520264.58  11.2%     -  515s
     0     0 1520265.13    0 3687 1711552.94 1520265.13  11.2%     -  515s
     0     0 1520265.24    0 3648 1711552.94 1520265.24  11.2%     -  515s
     0     0 1520265.90    0 3658 1711552.94 1520265.90  11.2%     -  515s
     0     0 1520265.98    0 3704 1711552.94 1520265.98  11.2%     -  516s
     0     0 1520266.60    0 3656 1711552.94 1520266.60  11.2%     -  516s
     0     0 1520267.11    0 3643 1711552.94 1520267.11  11.2%     -  516s
     0     0 1520267.20    0 3645 1711552.94 1520267.20  11.2%     -  516s
     0     0 1520271.12    0 3693 1711552.94 1520271.12  11.2%     -  517s
     0     0 1520779.18    0 3687 1711552.94 1520779.18  11.1%     -  521s
     0     0 1520791.73    0 3676 1711552.94 1520791.73  11.1%     -  521s
     0     0 1520794.31    0 3670 1711552.94 1520794.31  11.1%     -  522s
     0     0 1520795.16    0 3669 1711552.94 1520795.16  11.1%     -  522s
     0     0 1520795.73    0 3677 1711552.94 1520795.73  11.1%     -  523s
     0     0 1520798.05    0 3667 1711552.94 1520798.05  11.1%     -  523s
     0     0 1520815.91    0 3672 1711552.94 1520815.91  11.1%     -  524s
     0     0 1520816.37    0 3669 1711552.94 1520816.37  11.1%     -  524s
     0     0 1520816.46    0 3672 1711552.94 1520816.46  11.1%     -  524s
     0     0 1520816.55    0 3674 1711552.94 1520816.55  11.1%     -  524s
     0     0 1520816.74    0 3670 1711552.94 1520816.74  11.1%     -  524s
     0     0 1521017.41    0 3673 1711552.94 1521017.41  11.1%     -  526s
     0     0 1521017.83    0 3671 1711552.94 1521017.83  11.1%     -  526s
     0     0 1521018.10    0 3673 1711552.94 1521018.10  11.1%     -  527s
     0     0 1521018.15    0 3671 1711552.94 1521018.15  11.1%     -  527s
     0     0 1521018.30    0 3672 1711552.94 1521018.30  11.1%     -  527s
     0     0 1521018.36    0 3671 1711552.94 1521018.36  11.1%     -  527s
     0     0 1521018.48    0 3673 1711552.94 1521018.48  11.1%     -  527s
     0     0 1521018.59    0 3669 1711552.94 1521018.59  11.1%     -  527s
     0     0 1521018.84    0 3672 1711552.94 1521018.84  11.1%     -  527s
     0     0 1521019.20    0 3671 1711552.94 1521019.20  11.1%     -  528s
     0     0 1521019.46    0 3675 1711552.94 1521019.46  11.1%     -  528s
     0     0 1521183.92    0 3689 1711552.94 1521183.92  11.1%     -  529s
     0     0 1521185.95    0 3686 1711552.94 1521185.95  11.1%     -  529s
     0     0 1521187.11    0 3679 1711552.94 1521187.11  11.1%     -  530s
     0     0 1521188.06    0 3668 1711552.94 1521188.06  11.1%     -  530s
     0     0 1521188.34    0 3674 1711552.94 1521188.34  11.1%     -  530s
     0     0 1521188.39    0 3673 1711552.94 1521188.39  11.1%     -  530s
     0     0 1521188.44    0 3670 1711552.94 1521188.44  11.1%     -  530s
     0     0 1521188.48    0 3669 1711552.94 1521188.48  11.1%     -  531s
     0     0 1521188.56    0 3669 1711552.94 1521188.56  11.1%     -  531s
     0     0 1521188.60    0 3669 1711552.94 1521188.60  11.1%     -  531s
     0     0 1521188.63    0 3669 1711552.94 1521188.63  11.1%     -  531s
     0     0 1521254.16    0 3697 1711552.94 1521254.16  11.1%     -  532s
     0     0 1521254.22    0 3697 1711552.94 1521254.22  11.1%     -  532s
     0     0 1521254.22    0 3699 1711552.94 1521254.22  11.1%     -  532s
     0     0 1521254.22    0 3699 1711552.94 1521254.22  11.1%     -  532s
     0     0 1521254.50    0 3681 1711552.94 1521254.50  11.1%     -  532s
     0     0 1521260.28    0 3688 1711552.94 1521260.28  11.1%     -  532s
     0     0 1521272.42    0 3687 1711552.94 1521272.42  11.1%     -  533s
     0     0 1521272.44    0 3684 1711552.94 1521272.44  11.1%     -  533s
     0     0 1521272.65    0 3685 1711552.94 1521272.65  11.1%     -  533s
     0     0 1521272.72    0 3686 1711552.94 1521272.72  11.1%     -  533s
     0     0 1521272.78    0 3690 1711552.94 1521272.78  11.1%     -  533s
     0     0 1521276.84    0 3691 1711552.94 1521276.84  11.1%     -  534s
     0     0 1521276.86    0 3682 1711552.94 1521276.86  11.1%     -  534s
     0     0 1521276.97    0 3682 1711552.94 1521276.97  11.1%     -  534s
     0     0 1521276.99    0 3682 1711552.94 1521276.99  11.1%     -  534s
     0     0 1521277.00    0 3684 1711552.94 1521277.00  11.1%     -  534s
     0     0 1521277.04    0 3682 1711552.94 1521277.04  11.1%     -  534s
     0     0 1521277.13    0 3683 1711552.94 1521277.13  11.1%     -  534s
     0     0 1521277.24    0 3682 1711552.94 1521277.24  11.1%     -  534s
     0     0 1521277.28    0 3682 1711552.94 1521277.28  11.1%     -  534s
     0     0 1521277.36    0 3682 1711552.94 1521277.36  11.1%     -  534s
     0     0 1521277.39    0 3682 1711552.94 1521277.39  11.1%     -  534s
     0     0 1525810.56    0 3789 1711552.94 1525810.56  10.9%     -  548s
     0     0 1525963.20    0 3773 1711552.94 1525963.20  10.8%     -  551s
     0     0 1525979.88    0 3766 1711552.94 1525979.88  10.8%     -  552s
     0     0 1525983.82    0 3771 1711552.94 1525983.82  10.8%     -  552s
     0     0 1526054.16    0 3768 1711552.94 1526054.16  10.8%     -  554s
     0     0 1526055.40    0 3761 1711552.94 1526055.40  10.8%     -  554s
     0     0 1526056.84    0 3766 1711552.94 1526056.84  10.8%     -  554s
     0     0 1526057.82    0 3759 1711552.94 1526057.82  10.8%     -  554s
     0     0 1526057.91    0 3761 1711552.94 1526057.91  10.8%     -  554s
     0     0 1526058.30    0 3765 1711552.94 1526058.30  10.8%     -  555s
     0     0 1526058.41    0 3765 1711552.94 1526058.41  10.8%     -  555s
     0     0 1527473.93    0 3786 1711552.94 1527473.93  10.8%     -  563s
     0     0 1527505.57    0 3788 1711552.94 1527505.57  10.8%     -  564s
     0     0 1527510.66    0 3787 1711552.94 1527510.66  10.8%     -  564s
     0     0 1527511.72    0 3779 1711552.94 1527511.72  10.8%     -  564s
     0     0 1527511.84    0 3781 1711552.94 1527511.84  10.8%     -  564s
     0     0 1527511.94    0 3781 1711552.94 1527511.94  10.8%     -  564s
     0     0 1527512.18    0 3781 1711552.94 1527512.18  10.8%     -  564s
     0     0 1527512.68    0 3779 1711552.94 1527512.68  10.8%     -  564s
     0     0 1527512.76    0 3781 1711552.94 1527512.76  10.8%     -  565s
     0     0 1527512.94    0 3781 1711552.94 1527512.94  10.8%     -  565s
     0     0 1527512.94    0 3778 1711552.94 1527512.94  10.8%     -  565s
     0     0 1527953.86    0 3811 1711552.94 1527953.86  10.7%     -  568s
     0     0 1527983.24    0 3820 1711552.94 1527983.24  10.7%     -  569s
     0     0 1527984.98    0 3817 1711552.94 1527984.98  10.7%     -  569s
     0     0 1527986.21    0 3819 1711552.94 1527986.21  10.7%     -  569s
     0     0 1527986.94    0 3823 1711552.94 1527986.94  10.7%     -  570s
     0     0 1527987.20    0 3820 1711552.94 1527987.20  10.7%     -  570s
     0     0 1527987.44    0 3820 1711552.94 1527987.44  10.7%     -  570s
     0     0 1527987.45    0 3816 1711552.94 1527987.45  10.7%     -  570s
     0     0 1527988.24    0 3818 1711552.94 1527988.24  10.7%     -  570s
     0     0 1527988.58    0 3818 1711552.94 1527988.58  10.7%     -  570s
     0     0 1527988.63    0 3820 1711552.94 1527988.63  10.7%     -  570s
     0     0 1528062.63    0 3847 1711552.94 1528062.63  10.7%     -  572s
     0     0 1528064.37    0 3843 1711552.94 1528064.37  10.7%     -  572s
     0     0 1528064.64    0 3842 1711552.94 1528064.64  10.7%     -  572s
     0     0 1528064.91    0 3841 1711552.94 1528064.91  10.7%     -  572s
     0     0 1528065.68    0 3847 1711552.94 1528065.68  10.7%     -  573s
     0     0 1528066.04    0 3845 1711552.94 1528066.04  10.7%     -  573s
     0     0 1528066.06    0 3844 1711552.94 1528066.06  10.7%     -  573s
     0     0 1528066.17    0 3845 1711552.94 1528066.17  10.7%     -  573s
     0     0 1528066.31    0 3847 1711552.94 1528066.31  10.7%     -  573s
     0     0 1528066.32    0 3845 1711552.94 1528066.32  10.7%     -  573s
     0     0 1528066.72    0 3849 1711552.94 1528066.72  10.7%     -  573s
     0     0 1528099.60    0 3859 1711552.94 1528099.60  10.7%     -  574s
     0     0 1528099.76    0 3856 1711552.94 1528099.76  10.7%     -  574s
     0     0 1528099.95    0 3857 1711552.94 1528099.95  10.7%     -  574s
     0     0 1528101.33    0 3853 1711552.94 1528101.33  10.7%     -  575s
     0     0 1528101.46    0 3850 1711552.94 1528101.46  10.7%     -  575s
     0     0 1528102.61    0 3854 1711552.94 1528102.61  10.7%     -  575s
     0     0 1528102.82    0 3851 1711552.94 1528102.82  10.7%     -  575s
     0     0 1528103.74    0 3859 1711552.94 1528103.74  10.7%     -  575s
     0     0 1528103.91    0 3855 1711552.94 1528103.91  10.7%     -  575s
     0     0 1528104.39    0 3855 1711552.94 1528104.39  10.7%     -  575s
     0     0 1528104.74    0 3853 1711552.94 1528104.74  10.7%     -  576s
     0     0 1532039.01    0 3918 1711552.94 1532039.01  10.5%     -  595s
     0     0 1532113.67    0 3880 1711552.94 1532113.67  10.5%     -  599s
     0     0 1532173.73    0 3845 1711552.94 1532173.73  10.5%     -  602s
     0     0 1532174.64    0 3844 1711552.94 1532174.64  10.5%     -  602s
     0     0 1532176.05    0 3836 1711552.94 1532176.05  10.5%     -  602s
     0     0 1532176.83    0 3845 1711552.94 1532176.83  10.5%     -  603s
     0     0 1532177.22    0 3849 1711552.94 1532177.22  10.5%     -  603s
     0     0 1532183.11    0 3826 1711552.94 1532183.11  10.5%     -  603s
     0     0 1532184.04    0 3829 1711552.94 1532184.04  10.5%     -  604s
     0     0 1532184.24    0 3833 1711552.94 1532184.24  10.5%     -  604s
     0     0 1532184.39    0 3833 1711552.94 1532184.39  10.5%     -  604s
     0     0 1533164.32    0 3863 1711552.94 1533164.32  10.4%     -  616s
     0     0 1533172.42    0 3895 1711552.94 1533172.42  10.4%     -  617s
     0     0 1533189.58    0 3887 1711552.94 1533189.58  10.4%     -  618s
     0     0 1533190.47    0 3882 1711552.94 1533190.47  10.4%     -  618s
     0     0 1533193.86    0 3881 1711552.94 1533193.86  10.4%     -  618s
     0     0 1533194.09    0 3880 1711552.94 1533194.09  10.4%     -  619s
     0     0 1533194.67    0 3878 1711552.94 1533194.67  10.4%     -  619s
     0     0 1533195.02    0 3881 1711552.94 1533195.02  10.4%     -  619s
     0     0 1533195.49    0 3884 1711552.94 1533195.49  10.4%     -  619s
     0     0 1533195.82    0 3880 1711552.94 1533195.82  10.4%     -  619s
     0     0 1533195.95    0 3879 1711552.94 1533195.95  10.4%     -  619s
     0     0 1533537.96    0 3879 1711552.94 1533537.96  10.4%     -  623s
     0     0 1533538.68    0 3879 1711552.94 1533538.68  10.4%     -  624s
     0     0 1533539.49    0 3883 1711552.94 1533539.49  10.4%     -  624s
     0     0 1533539.66    0 3877 1711552.94 1533539.66  10.4%     -  624s
     0     0 1533540.04    0 3882 1711552.94 1533540.04  10.4%     -  625s
     0     0 1533540.17    0 3885 1711552.94 1533540.17  10.4%     -  625s
     0     0 1533540.34    0 3885 1711552.94 1533540.34  10.4%     -  625s
     0     0 1533540.50    0 3885 1711552.94 1533540.50  10.4%     -  626s
     0     0 1533543.74    0 3875 1711552.94 1533543.74  10.4%     -  626s
     0     0 1533553.00    0 3871 1711552.94 1533553.00  10.4%     -  627s
     0     0 1533553.19    0 3873 1711552.94 1533553.19  10.4%     -  627s
     0     0 1533720.63    0 3879 1711552.94 1533720.63  10.4%     -  629s
     0     0 1533721.10    0 3876 1711552.94 1533721.10  10.4%     -  630s
     0     0 1533721.52    0 3872 1711552.94 1533721.52  10.4%     -  630s
     0     0 1533721.66    0 3876 1711552.94 1533721.66  10.4%     -  630s
     0     0 1533722.05    0 3876 1711552.94 1533722.05  10.4%     -  630s
     0     0 1533722.09    0 3877 1711552.94 1533722.09  10.4%     -  631s
     0     0 1533722.11    0 3877 1711552.94 1533722.11  10.4%     -  631s
     0     0 1533722.18    0 3879 1711552.94 1533722.18  10.4%     -  631s
     0     0 1533722.25    0 3878 1711552.94 1533722.25  10.4%     -  631s
     0     0 1533722.36    0 3874 1711552.94 1533722.36  10.4%     -  631s
     0     0 1533722.48    0 3878 1711552.94 1533722.48  10.4%     -  631s
     0     0 1533774.43    0 3894 1711552.94 1533774.43  10.4%     -  633s
     0     0 1533774.56    0 3883 1711552.94 1533774.56  10.4%     -  633s
     0     0 1533774.63    0 3883 1711552.94 1533774.63  10.4%     -  633s
     0     0 1533774.77    0 3885 1711552.94 1533774.77  10.4%     -  633s
     0     0 1533775.03    0 3883 1711552.94 1533775.03  10.4%     -  634s
     0     0 1533775.10    0 3881 1711552.94 1533775.10  10.4%     -  634s
     0     0 1533775.32    0 3884 1711552.94 1533775.32  10.4%     -  634s
     0     0 1533775.43    0 3885 1711552.94 1533775.43  10.4%     -  634s
     0     0 1533775.50    0 3885 1711552.94 1533775.50  10.4%     -  634s
     0     0 1533775.58    0 3885 1711552.94 1533775.58  10.4%     -  634s
     0     0 1533775.69    0 3882 1711552.94 1533775.69  10.4%     -  634s
     0     0 1533793.69    0 3872 1711552.94 1533793.69  10.4%     -  635s
     0     0 1533793.74    0 3868 1711552.94 1533793.74  10.4%     -  636s
     0     0 1533793.81    0 3870 1711552.94 1533793.81  10.4%     -  636s
     0     0 1533793.85    0 3870 1711552.94 1533793.85  10.4%     -  636s
     0     0 1533793.96    0 3873 1711552.94 1533793.96  10.4%     -  636s
     0     0 1533794.08    0 3871 1711552.94 1533794.08  10.4%     -  636s
     0     0 1533794.16    0 3872 1711552.94 1533794.16  10.4%     -  636s
     0     0 1533794.22    0 3871 1711552.94 1533794.22  10.4%     -  636s
     0     0 1533794.39    0 3869 1711552.94 1533794.39  10.4%     -  637s
     0     0 1533794.57    0 3873 1711552.94 1533794.57  10.4%     -  637s
     0     0 1533794.66    0 3872 1711552.94 1533794.66  10.4%     -  637s
     0     0 1537982.12    0 3941 1711552.94 1537982.12  10.1%     -  653s
     0     0 1538150.22    0 3957 1711552.94 1538150.22  10.1%     -  658s
     0     0 1538170.28    0 3987 1711552.94 1538170.28  10.1%     -  659s
     0     0 1538173.48    0 3993 1711552.94 1538173.48  10.1%     -  660s
     0     0 1538177.33    0 3987 1711552.94 1538177.33  10.1%     -  661s
     0     0 1538180.02    0 3984 1711552.94 1538180.02  10.1%     -  661s
     0     0 1538182.12    0 3988 1711552.94 1538182.12  10.1%     -  662s
     0     0 1538182.68    0 3978 1711552.94 1538182.68  10.1%     -  662s
     0     0 1538182.97    0 3984 1711552.94 1538182.97  10.1%     -  662s
     0     0 1538183.19    0 3980 1711552.94 1538183.19  10.1%     -  663s
     0     0 1538183.53    0 3979 1711552.94 1538183.53  10.1%     -  663s
     0     0 1540280.66    0 3945 1711552.94 1540280.66  10.0%     -  674s
     0     0 1540289.61    0 3946 1711552.94 1540289.61  10.0%     -  675s
     0     0 1540291.93    0 3943 1711552.94 1540291.93  10.0%     -  675s
     0     0 1540292.28    0 3949 1711552.94 1540292.28  10.0%     -  676s
     0     0 1540292.46    0 3947 1711552.94 1540292.46  10.0%     -  676s
     0     0 1540292.97    0 3943 1711552.94 1540292.97  10.0%     -  676s
     0     0 1540293.63    0 3953 1711552.94 1540293.63  10.0%     -  677s
     0     0 1540295.13    0 3943 1711552.94 1540295.13  10.0%     -  677s
     0     0 1540295.42    0 3946 1711552.94 1540295.42  10.0%     -  677s
     0     0 1540295.64    0 3946 1711552.94 1540295.64  10.0%     -  677s
     0     0 1540296.00    0 3942 1711552.94 1540296.00  10.0%     -  677s
     0     0 1540985.41    0 3994 1711552.94 1540985.41  10.0%     -  683s
     0     0 1540991.18    0 3994 1711552.94 1540991.18  10.0%     -  684s
     0     0 1541002.68    0 3981 1711552.94 1541002.68  10.0%     -  685s
     0     0 1541013.30    0 3997 1711552.94 1541013.30  10.0%     -  686s
     0     0 1541013.79    0 3994 1711552.94 1541013.79  10.0%     -  686s
     0     0 1541014.19    0 3999 1711552.94 1541014.19  10.0%     -  687s
     0     0 1541014.47    0 3993 1711552.94 1541014.47  10.0%     -  687s
     0     0 1541014.66    0 3996 1711552.94 1541014.66  10.0%     -  687s
     0     0 1541014.84    0 3995 1711552.94 1541014.84  10.0%     -  687s
     0     0 1541015.14    0 3998 1711552.94 1541015.14  10.0%     -  687s
     0     0 1541015.39    0 3995 1711552.94 1541015.39  10.0%     -  687s
     0     0 1541538.81    0 3985 1711552.94 1541538.81  9.93%     -  692s
     0     0 1541546.40    0 3975 1711552.94 1541546.40  9.93%     -  693s
     0     0 1541546.79    0 3981 1711552.94 1541546.79  9.93%     -  693s
     0     0 1541547.09    0 3984 1711552.94 1541547.09  9.93%     -  693s
     0     0 1541547.28    0 3976 1711552.94 1541547.28  9.93%     -  693s
     0     0 1541547.61    0 3976 1711552.94 1541547.61  9.93%     -  693s
     0     0 1541547.75    0 3977 1711552.94 1541547.75  9.93%     -  694s
     0     0 1541548.04    0 3976 1711552.94 1541548.04  9.93%     -  694s
     0     0 1541548.09    0 3976 1711552.94 1541548.09  9.93%     -  694s
     0     0 1541548.17    0 3976 1711552.94 1541548.17  9.93%     -  694s
     0     0 1541548.30    0 3978 1711552.94 1541548.30  9.93%     -  694s
     0     0 1541729.87    0 3999 1711552.94 1541729.87  9.92%     -  697s
     0     0 1541733.04    0 4006 1711552.94 1541733.04  9.92%     -  697s
     0     0 1541733.31    0 4005 1711552.94 1541733.31  9.92%     -  697s
     0     0 1541733.44    0 4006 1711552.94 1541733.44  9.92%     -  698s
     0     0 1541733.55    0 4007 1711552.94 1541733.55  9.92%     -  698s
     0     0 1541733.75    0 4004 1711552.94 1541733.75  9.92%     -  698s
     0     0 1541733.83    0 4005 1711552.94 1541733.83  9.92%     -  698s
     0     0 1541733.98    0 4003 1711552.94 1541733.98  9.92%     -  698s
     0     0 1541734.07    0 4006 1711552.94 1541734.07  9.92%     -  699s
     0     0 1541734.35    0 4002 1711552.94 1541734.35  9.92%     -  699s
     0     0 1541734.44    0 4006 1711552.94 1541734.44  9.92%     -  699s
     0     0 1541773.65    0 4023 1711552.94 1541773.65  9.92%     -  700s
     0     0 1541773.79    0 4022 1711552.94 1541773.79  9.92%     -  700s
     0     0 1541774.19    0 4023 1711552.94 1541774.19  9.92%     -  700s
     0     0 1541774.71    0 4034 1711552.94 1541774.71  9.92%     -  700s
     0     0 1541774.86    0 4030 1711552.94 1541774.86  9.92%     -  701s
     0     0 1541775.02    0 4026 1711552.94 1541775.02  9.92%     -  701s
     0     0 1541775.34    0 4024 1711552.94 1541775.34  9.92%     -  701s
     0     0 1541775.69    0 4022 1711552.94 1541775.69  9.92%     -  701s
     0     0 1541775.95    0 4025 1711552.94 1541775.95  9.92%     -  701s
     0     0 1541776.13    0 4034 1711552.94 1541776.13  9.92%     -  702s
     0     0 1541776.41    0 4029 1711552.94 1541776.41  9.92%     -  702s
     0     0 1545914.88    0 4078 1711552.94 1545914.88  9.68%     -  734s
     0     0 1545935.60    0 4063 1711552.94 1545935.60  9.68%     -  736s
     0     0 1545939.94    0 4070 1711552.94 1545939.94  9.68%     -  737s
     0     0 1545943.31    0 4047 1711552.94 1545943.31  9.68%     -  738s
     0     0 1545950.84    0 4042 1711552.94 1545950.84  9.68%     -  738s
     0     0 1545955.10    0 4029 1711552.94 1545955.10  9.68%     -  739s
     0     0 1545957.39    0 4025 1711552.94 1545957.39  9.68%     -  739s
     0     0 1545958.91    0 4042 1711552.94 1545958.91  9.68%     -  740s
     0     0 1545960.83    0 4048 1711552.94 1545960.83  9.67%     -  740s
     0     0 1545968.31    0 4045 1711552.94 1545968.31  9.67%     -  741s
     0     0 1545970.65    0 4059 1711552.94 1545970.65  9.67%     -  741s
     0     0 1546871.05    0 3993 1711552.94 1546871.05  9.62%     -  754s
     0     0 1546875.23    0 3983 1711552.94 1546875.23  9.62%     -  754s
     0     0 1546876.99    0 3971 1711552.94 1546876.99  9.62%     -  755s
     0     0 1546877.70    0 3972 1711552.94 1546877.70  9.62%     -  755s
     0     0 1546878.65    0 3975 1711552.94 1546878.65  9.62%     -  755s
     0     0 1546879.72    0 3971 1711552.94 1546879.72  9.62%     -  755s
     0     0 1546881.05    0 3971 1711552.94 1546881.05  9.62%     -  756s
     0     0 1546881.39    0 3978 1711552.94 1546881.39  9.62%     -  756s
     0     0 1546882.51    0 3966 1711552.94 1546882.51  9.62%     -  757s
     0     0 1546883.03    0 3964 1711552.94 1546883.03  9.62%     -  757s
     0     0 1546883.59    0 3973 1711552.94 1546883.59  9.62%     -  757s
     0     0 1547472.82    0 3967 1711552.94 1547472.82  9.59%     -  762s
     0     0 1547475.21    0 3963 1711552.94 1547475.21  9.59%     -  763s
     0     0 1547476.79    0 3965 1711552.94 1547476.79  9.59%     -  763s
     0     0 1547479.24    0 3963 1711552.94 1547479.24  9.59%     -  764s
     0     0 1547480.03    0 3964 1711552.94 1547480.03  9.59%     -  764s
     0     0 1547481.98    0 3960 1711552.94 1547481.98  9.59%     -  765s
     0     0 1547482.60    0 3970 1711552.94 1547482.60  9.59%     -  765s
     0     0 1547483.53    0 3954 1711552.94 1547483.53  9.59%     -  766s
     0     0 1547483.90    0 3972 1711552.94 1547483.90  9.59%     -  766s
     0     0 1547485.17    0 3963 1711552.94 1547485.17  9.59%     -  766s
     0     0 1547485.65    0 3961 1711552.94 1547485.65  9.59%     -  766s
     0     0 1547578.02    0 3946 1711552.94 1547578.02  9.58%     -  769s
     0     0 1547578.51    0 3937 1711552.94 1547578.51  9.58%     -  769s
     0     0 1547578.90    0 3936 1711552.94 1547578.90  9.58%     -  770s
     0     0 1547579.40    0 3935 1711552.94 1547579.40  9.58%     -  770s
     0     0 1547579.69    0 3939 1711552.94 1547579.69  9.58%     -  770s
     0     0 1547579.84    0 3932 1711552.94 1547579.84  9.58%     -  770s
     0     0 1547580.35    0 3936 1711552.94 1547580.35  9.58%     -  771s
     0     0 1547580.94    0 3936 1711552.94 1547580.94  9.58%     -  771s
     0     0 1547581.73    0 3936 1711552.94 1547581.73  9.58%     -  771s
     0     0 1547581.93    0 3938 1711552.94 1547581.93  9.58%     -  771s
     0     0 1547582.28    0 3939 1711552.94 1547582.28  9.58%     -  772s
     0     0 1547652.51    0 3987 1711552.94 1547652.51  9.58%     -  775s
     0     0 1547654.45    0 3995 1711552.94 1547654.45  9.58%     -  775s
     0     0 1547655.48    0 3998 1711552.94 1547655.48  9.58%     -  776s
     0     0 1547656.06    0 3996 1711552.94 1547656.06  9.58%     -  776s
     0     0 1547656.43    0 4006 1711552.94 1547656.43  9.58%     -  776s
     0     0 1547657.09    0 3994 1711552.94 1547657.09  9.58%     -  777s
     0     0 1547657.50    0 3996 1711552.94 1547657.50  9.58%     -  777s
     0     0 1547657.71    0 3995 1711552.94 1547657.71  9.58%     -  777s
     0     0 1547658.06    0 4000 1711552.94 1547658.06  9.58%     -  777s
     0     0 1547658.39    0 3992 1711552.94 1547658.39  9.58%     -  778s
     0     0 1547658.74    0 3991 1711552.94 1547658.74  9.58%     -  778s
     0     0 1547669.20    0 4013 1711552.94 1547669.20  9.58%     -  779s
     0     0 1547669.46    0 4015 1711552.94 1547669.46  9.58%     -  779s
     0     0 1547670.13    0 4016 1711552.94 1547670.13  9.58%     -  779s
     0     0 1547670.31    0 4017 1711552.94 1547670.31  9.58%     -  779s
     0     0 1547670.59    0 4013 1711552.94 1547670.59  9.58%     -  779s
     0     0 1547671.00    0 4009 1711552.94 1547671.00  9.58%     -  780s
     0     0 1547671.32    0 4013 1711552.94 1547671.32  9.58%     -  780s
     0     0 1547671.53    0 4012 1711552.94 1547671.53  9.58%     -  780s
     0     0 1547671.98    0 4016 1711552.94 1547671.98  9.57%     -  780s
     0     0 1547672.27    0 4012 1711552.94 1547672.27  9.57%     -  781s
     0     0 1547672.43    0 4015 1711552.94 1547672.43  9.57%     -  781s
     0     0 1550446.08    0 3988 1711552.94 1550446.08  9.41%     -  796s
     0     0 1550566.49    0 4001 1711552.94 1550566.49  9.41%     -  801s
     0     0 1550585.25    0 3996 1711552.94 1550585.25  9.40%     -  802s
     0     0 1550587.14    0 3991 1711552.94 1550587.14  9.40%     -  803s
     0     0 1550588.66    0 3995 1711552.94 1550588.66  9.40%     -  803s
     0     0 1550589.85    0 3980 1711552.94 1550589.85  9.40%     -  803s
     0     0 1550592.54    0 3977 1711552.94 1550592.54  9.40%     -  804s
     0     0 1550594.48    0 3984 1711552.94 1550594.48  9.40%     -  804s
     0     0 1550595.86    0 3981 1711552.94 1550595.86  9.40%     -  805s
     0     0 1550596.34    0 3984 1711552.94 1550596.34  9.40%     -  805s
     0     0 1550597.26    0 3987 1711552.94 1550597.26  9.40%     -  805s
     0     0 1551469.40    0 3963 1711552.94 1551469.40  9.35%     -  821s
     0     0 1551480.91    0 3981 1711552.94 1551480.91  9.35%     -  822s
     0     0 1551485.90    0 3979 1711552.94 1551485.90  9.35%     -  823s
     0     0 1551488.50    0 3971 1711552.94 1551488.50  9.35%     -  823s
     0     0 1551489.76    0 3974 1711552.94 1551489.76  9.35%     -  824s
     0     0 1551492.82    0 3968 1711552.94 1551492.82  9.35%     -  824s
     0     0 1551494.31    0 3964 1711552.94 1551494.31  9.35%     -  825s
     0     0 1551496.66    0 3966 1711552.94 1551496.66  9.35%     -  825s
     0     0 1551497.76    0 3967 1711552.94 1551497.76  9.35%     -  826s
     0     0 1551499.00    0 3967 1711552.94 1551499.00  9.35%     -  826s
     0     0 1551499.78    0 3974 1711552.94 1551499.78  9.35%     -  826s
     0     0 1552170.60    0 4024 1711552.94 1552170.60  9.31%     -  832s
     0     0 1552175.61    0 4022 1711552.94 1552175.61  9.31%     -  832s
     0     0 1552176.32    0 4024 1711552.94 1552176.32  9.31%     -  833s
     0     0 1552178.20    0 4013 1711552.94 1552178.20  9.31%     -  833s
     0     0 1552178.98    0 4011 1711552.94 1552178.98  9.31%     -  833s
     0     0 1552179.48    0 4017 1711552.94 1552179.48  9.31%     -  834s
     0     0 1552179.89    0 4009 1711552.94 1552179.89  9.31%     -  834s
     0     0 1552181.72    0 4005 1711552.94 1552181.72  9.31%     -  834s
     0     0 1552183.22    0 4002 1711552.94 1552183.22  9.31%     -  835s
     0     0 1552183.84    0 4003 1711552.94 1552183.84  9.31%     -  835s
     0     0 1552183.99    0 4004 1711552.94 1552183.99  9.31%     -  835s
     0     0 1552384.26    0 4019 1711552.94 1552384.26  9.30%     -  838s
     0     0 1552384.61    0 4030 1711552.94 1552384.61  9.30%     -  838s
     0     0 1552384.79    0 4023 1711552.94 1552384.79  9.30%     -  839s
     0     0 1552385.03    0 4026 1711552.94 1552385.03  9.30%     -  839s
     0     0 1552385.15    0 4022 1711552.94 1552385.15  9.30%     -  839s
     0     0 1552385.24    0 4024 1711552.94 1552385.24  9.30%     -  839s
     0     0 1552385.31    0 4020 1711552.94 1552385.31  9.30%     -  839s
     0     0 1552385.37    0 4020 1711552.94 1552385.37  9.30%     -  839s
     0     0 1552385.45    0 4021 1711552.94 1552385.45  9.30%     -  840s
     0     0 1552385.54    0 4025 1711552.94 1552385.54  9.30%     -  840s
     0     0 1552385.59    0 4022 1711552.94 1552385.59  9.30%     -  840s
     0     0 1552420.77    0 4030 1711552.94 1552420.77  9.30%     -  841s
     0     0 1552420.94    0 4025 1711552.94 1552420.94  9.30%     -  842s
     0     0 1552421.02    0 4020 1711552.94 1552421.02  9.30%     -  842s
     0     0 1552421.30    0 4024 1711552.94 1552421.30  9.30%     -  842s
     0     0 1552421.43    0 4028 1711552.94 1552421.43  9.30%     -  842s
     0     0 1552421.66    0 4023 1711552.94 1552421.66  9.30%     -  842s
     0     0 1552421.83    0 4026 1711552.94 1552421.83  9.30%     -  842s
     0     0 1552421.94    0 4028 1711552.94 1552421.94  9.30%     -  843s
     0     0 1552422.08    0 4027 1711552.94 1552422.08  9.30%     -  843s
     0     0 1552422.22    0 4027 1711552.94 1552422.22  9.30%     -  843s
     0     0 1552422.39    0 4028 1711552.94 1552422.39  9.30%     -  843s
     0     0 1555602.95    0 4048 1711552.94 1555602.95  9.11%     -  863s
     0     0 1555672.61    0 4056 1711552.94 1555672.61  9.11%     -  867s
     0     0 1555702.92    0 4060 1711552.94 1555702.92  9.11%     -  870s
     0     0 1555734.11    0 4054 1711552.94 1555734.11  9.10%     -  872s
     0     0 1555739.47    0 4045 1711552.94 1555739.47  9.10%     -  873s
     0     0 1555742.85    0 4042 1711552.94 1555742.85  9.10%     -  874s
     0     0 1555749.58    0 4037 1711552.94 1555749.58  9.10%     -  875s
     0     0 1555753.40    0 4035 1711552.94 1555753.40  9.10%     -  875s
     0     0 1555759.26    0 4027 1711552.94 1555759.26  9.10%     -  876s
     0     0 1555771.61    0 4023 1711552.94 1555771.61  9.10%     -  877s
     0     0 1555774.85    0 4037 1711552.94 1555774.85  9.10%     -  877s
     0     0 1556634.53    0 4080 1711552.94 1556634.53  9.05%     -  891s
     0     0 1556646.32    0 4084 1711552.94 1556646.32  9.05%     -  893s
     0     0 1556656.17    0 4093 1711552.94 1556656.17  9.05%     -  894s
     0     0 1556661.74    0 4086 1711552.94 1556661.74  9.05%     -  894s
     0     0 1556670.21    0 4090 1711552.94 1556670.21  9.05%     -  895s
     0     0 1556671.76    0 4081 1711552.94 1556671.76  9.05%     -  896s
     0     0 1556672.34    0 4082 1711552.94 1556672.34  9.05%     -  896s
     0     0 1556675.12    0 4071 1711552.94 1556675.12  9.05%     -  896s
     0     0 1556675.71    0 4070 1711552.94 1556675.71  9.05%     -  897s
     0     0 1556675.92    0 4065 1711552.94 1556675.92  9.05%     -  897s
     0     0 1556676.21    0 4071 1711552.94 1556676.21  9.05%     -  897s
     0     0 1556872.07    0 4095 1711552.94 1556872.07  9.04%     -  901s
     0     0 1556875.13    0 4096 1711552.94 1556875.13  9.04%     -  902s
     0     0 1556878.50    0 4067 1711552.94 1556878.50  9.04%     -  903s
     0     0 1556878.91    0 4070 1711552.94 1556878.91  9.04%     -  903s
     0     0 1556879.47    0 4070 1711552.94 1556879.47  9.04%     -  904s
     0     0 1556880.00    0 4069 1711552.94 1556880.00  9.04%     -  904s
     0     0 1556880.49    0 4075 1711552.94 1556880.49  9.04%     -  904s
     0     0 1556880.77    0 4071 1711552.94 1556880.77  9.04%     -  904s
     0     0 1556880.90    0 4064 1711552.94 1556880.90  9.04%     -  905s
     0     0 1556881.93    0 4073 1711552.94 1556881.93  9.04%     -  905s
     0     0 1556882.34    0 4067 1711552.94 1556882.34  9.04%     -  905s
     0     0 1556956.82    0 4131 1711552.94 1556956.82  9.03%     -  907s
     0     0 1556958.98    0 4129 1711552.94 1556958.98  9.03%     -  908s
     0     0 1556959.56    0 4129 1711552.94 1556959.56  9.03%     -  908s
     0     0 1556960.04    0 4127 1711552.94 1556960.04  9.03%     -  908s
     0     0 1556960.49    0 4129 1711552.94 1556960.49  9.03%     -  909s
     0     0 1556960.69    0 4127 1711552.94 1556960.69  9.03%     -  909s
     0     0 1556960.86    0 4125 1711552.94 1556960.86  9.03%     -  909s
     0     0 1556961.09    0 4124 1711552.94 1556961.09  9.03%     -  910s
     0     0 1556961.33    0 4133 1711552.94 1556961.33  9.03%     -  910s
     0     0 1556961.68    0 4130 1711552.94 1556961.68  9.03%     -  910s
     0     0 1556961.89    0 4130 1711552.94 1556961.89  9.03%     -  910s
     0     0 1556969.62    0 4136 1711552.94 1556969.62  9.03%     -  911s
     0     0 1556969.79    0 4134 1711552.94 1556969.79  9.03%     -  911s
     0     0 1556969.95    0 4130 1711552.94 1556969.95  9.03%     -  912s
     0     0 1556970.20    0 4128 1711552.94 1556970.20  9.03%     -  912s
     0     0 1556970.29    0 4132 1711552.94 1556970.29  9.03%     -  912s
     0     0 1556970.55    0 4132 1711552.94 1556970.55  9.03%     -  912s
     0     0 1556970.80    0 4133 1711552.94 1556970.80  9.03%     -  913s
     0     0 1556970.93    0 4136 1711552.94 1556970.93  9.03%     -  913s
     0     0 1556971.10    0 4131 1711552.94 1556971.10  9.03%     -  913s
     0     0 1556971.26    0 4131 1711552.94 1556971.26  9.03%     -  913s
     0     0 1556972.38    0 4129 1711552.94 1556972.38  9.03%     -  914s
     0     0 1559443.60    0 4197 1711552.94 1559443.60  8.89%     -  928s
     0     0 1559557.37    0 4184 1711552.94 1559557.37  8.88%     -  933s
     0     0 1559576.27    0 4181 1711552.94 1559576.27  8.88%     -  935s
     0     0 1559588.91    0 4179 1711552.94 1559588.91  8.88%     -  936s
     0     0 1559596.10    0 4177 1711552.94 1559596.10  8.88%     -  937s
     0     0 1559604.19    0 4170 1711552.94 1559604.19  8.88%     -  938s
     0     0 1559613.96    0 4178 1711552.94 1559613.96  8.88%     -  939s
     0     0 1559624.10    0 4181 1711552.94 1559624.10  8.88%     -  941s
     0     0 1559627.85    0 4162 1711552.94 1559627.85  8.88%     -  942s
     0     0 1559629.50    0 4165 1711552.94 1559629.50  8.88%     -  942s
     0     0 1559647.74    0 4159 1711552.94 1559647.74  8.88%     -  943s
     0     0 1560253.99    0 4170 1711552.94 1560253.99  8.84%     -  952s
     0     0 1560262.50    0 4170 1711552.94 1560262.50  8.84%     -  954s
     0     0 1560272.82    0 4165 1711552.94 1560272.82  8.84%     -  954s
     0     0 1560276.66    0 4147 1711552.94 1560276.66  8.84%     -  955s
     0     0 1560289.00    0 4142 1711552.94 1560289.00  8.84%     -  957s
     0     0 1560293.50    0 4162 1711552.94 1560293.50  8.84%     -  957s
     0     0 1560305.18    0 4157 1711552.94 1560305.18  8.84%     -  958s
     0     0 1560312.23    0 4160 1711552.94 1560312.23  8.84%     -  958s
     0     0 1560313.81    0 4152 1711552.94 1560313.81  8.84%     -  959s
     0     0 1560315.68    0 4152 1711552.94 1560315.68  8.84%     -  959s
     0     0 1560316.49    0 4152 1711552.94 1560316.49  8.84%     -  959s
     0     0 1560487.10    0 4204 1711552.94 1560487.10  8.83%     -  963s
     0     0 1560494.91    0 4217 1711552.94 1560494.91  8.83%     -  964s
     0     0 1560501.06    0 4203 1711552.94 1560501.06  8.83%     -  965s
     0     0 1560508.76    0 4198 1711552.94 1560508.76  8.82%     -  966s
     0     0 1560511.49    0 4195 1711552.94 1560511.49  8.82%     -  966s
     0     0 1560512.11    0 4196 1711552.94 1560512.11  8.82%     -  966s
     0     0 1560514.60    0 4184 1711552.94 1560514.60  8.82%     -  967s
     0     0 1560516.92    0 4189 1711552.94 1560516.92  8.82%     -  967s
     0     0 1560521.10    0 4186 1711552.94 1560521.10  8.82%     -  968s
     0     0 1560521.95    0 4176 1711552.94 1560521.95  8.82%     -  968s
     0     0 1560523.74    0 4180 1711552.94 1560523.74  8.82%     -  968s
     0     0 1560555.63    0 4212 1711552.94 1560555.63  8.82%     -  970s
     0     0 1560565.54    0 4195 1711552.94 1560565.54  8.82%     -  971s
     0     0 1560565.89    0 4185 1711552.94 1560565.89  8.82%     -  971s
     0     0 1560566.87    0 4192 1711552.94 1560566.87  8.82%     -  972s
     0     0 1560567.80    0 4196 1711552.94 1560567.80  8.82%     -  972s
     0     0 1560568.42    0 4196 1711552.94 1560568.42  8.82%     -  972s
     0     0 1560569.17    0 4201 1711552.94 1560569.17  8.82%     -  972s
     0     0 1560570.06    0 4199 1711552.94 1560570.06  8.82%     -  973s
     0     0 1560571.77    0 4200 1711552.94 1560571.77  8.82%     -  973s
     0     0 1560572.76    0 4205 1711552.94 1560572.76  8.82%     -  973s
     0     0 1560573.07    0 4204 1711552.94 1560573.07  8.82%     -  973s
     0     0 1563106.95    0 4193 1711552.94 1563106.95  8.67%     -  997s
     0     0 1563258.80    0 4179 1711552.94 1563258.80  8.66%     - 1002s
     0     0 1563275.75    0 4176 1711552.94 1563275.75  8.66%     - 1003s
     0     0 1563287.87    0 4195 1711552.94 1563287.87  8.66%     - 1004s
     0     0 1563304.15    0 4190 1711552.94 1563304.15  8.66%     - 1005s
     0     0 1563314.86    0 4188 1711552.94 1563314.86  8.66%     - 1006s
     0     0 1563318.42    0 4193 1711552.94 1563318.42  8.66%     - 1006s
     0     0 1563327.40    0 4194 1711552.94 1563327.40  8.66%     - 1007s
     0     0 1563329.84    0 4173 1711552.94 1563329.84  8.66%     - 1008s
     0     0 1563339.99    0 4174 1711552.94 1563339.99  8.66%     - 1008s
     0     0 1563341.84    0 4182 1711552.94 1563341.84  8.66%     - 1009s
H    0     0                    1711552.8412 1563341.86  8.66%     - 1015s
     0     0 1563586.92    0 4220 1711552.84 1563586.92  8.65%     - 1021s
     0     0 1563595.23    0 4192 1711552.84 1563595.23  8.64%     - 1022s
     0     0 1563597.52    0 4200 1711552.84 1563597.52  8.64%     - 1023s
     0     0 1563600.07    0 4196 1711552.84 1563600.07  8.64%     - 1023s
     0     0 1563603.48    0 4198 1711552.84 1563603.48  8.64%     - 1024s
     0     0 1563606.57    0 4190 1711552.84 1563606.57  8.64%     - 1025s
     0     0 1563612.10    0 4223 1711552.84 1563612.10  8.64%     - 1026s
     0     0 1563618.35    0 4205 1711552.84 1563618.35  8.64%     - 1028s
     0     0 1563620.36    0 4207 1711552.84 1563620.36  8.64%     - 1029s
     0     0 1563621.35    0 4208 1711552.84 1563621.35  8.64%     - 1029s
     0     0 1563624.05    0 4198 1711552.84 1563624.05  8.64%     - 1030s
     0     0 1563691.98    0 4252 1711552.84 1563691.98  8.64%     - 1033s
     0     0 1563696.52    0 4243 1711552.84 1563696.52  8.64%     - 1034s
     0     0 1563697.98    0 4245 1711552.84 1563697.98  8.64%     - 1034s
     0     0 1563699.44    0 4240 1711552.84 1563699.44  8.64%     - 1034s
     0     0 1563701.11    0 4244 1711552.84 1563701.11  8.64%     - 1035s
     0     0 1563702.35    0 4246 1711552.84 1563702.35  8.64%     - 1036s
     0     0 1563703.92    0 4243 1711552.84 1563703.92  8.64%     - 1036s
     0     0 1563706.01    0 4238 1711552.84 1563706.01  8.64%     - 1037s
     0     0 1563706.73    0 4242 1711552.84 1563706.73  8.64%     - 1037s
     0     0 1563708.33    0 4238 1711552.84 1563708.33  8.64%     - 1038s
     0     0 1563709.61    0 4237 1711552.84 1563709.61  8.64%     - 1038s
     0     0 1563726.21    0 4243 1711552.84 1563726.21  8.64%     - 1039s
     0     0 1563727.72    0 4249 1711552.84 1563727.72  8.64%     - 1040s
     0     0 1563730.56    0 4247 1711552.84 1563730.56  8.64%     - 1041s
     0     0 1563731.85    0 4242 1711552.84 1563731.85  8.64%     - 1041s
     0     0 1563733.21    0 4241 1711552.84 1563733.21  8.64%     - 1042s
     0     0 1563735.56    0 4258 1711552.84 1563735.56  8.64%     - 1042s
     0     0 1563739.05    0 4237 1711552.84 1563739.05  8.64%     - 1043s
     0     0 1563740.70    0 4244 1711552.84 1563740.70  8.64%     - 1043s
     0     0 1563745.80    0 4239 1711552.84 1563745.80  8.64%     - 1044s
     0     0 1563746.57    0 4233 1711552.84 1563746.57  8.64%     - 1044s
     0     0 1563747.72    0 4236 1711552.84 1563747.72  8.64%     - 1045s
     0     0 1565909.09    0 4126 1711552.84 1565909.09  8.51%     - 1060s
     0     0 1565970.54    0 4099 1711552.84 1565970.54  8.51%     - 1067s
     0     0 1565992.20    0 4106 1711552.84 1565992.20  8.50%     - 1070s
     0     0 1566001.46    0 4094 1711552.84 1566001.46  8.50%     - 1071s
     0     0 1566016.99    0 4105 1711552.84 1566016.99  8.50%     - 1073s
     0     0 1566031.43    0 4106 1711552.84 1566031.43  8.50%     - 1075s
     0     0 1566047.04    0 4093 1711552.84 1566047.04  8.50%     - 1076s
     0     0 1566054.33    0 4093 1711552.84 1566054.33  8.50%     - 1077s
     0     0 1566068.56    0 4076 1711552.84 1566068.56  8.50%     - 1078s
     0     0 1566076.94    0 4080 1711552.84 1566076.94  8.50%     - 1079s
     0     0 1566078.27    0 4082 1711552.84 1566078.27  8.50%     - 1079s
     0     0 1566712.45    0 4127 1711552.84 1566712.45  8.46%     - 1099s
     0     0 1566729.15    0 4102 1711552.84 1566729.15  8.46%     - 1101s
     0     0 1566742.10    0 4097 1711552.84 1566742.10  8.46%     - 1101s
     0     0 1566743.07    0 4098 1711552.84 1566743.07  8.46%     - 1102s
     0     0 1566744.09    0 4103 1711552.84 1566744.09  8.46%     - 1102s
     0     0 1566746.01    0 4108 1711552.84 1566746.01  8.46%     - 1103s
     0     0 1566746.47    0 4105 1711552.84 1566746.47  8.46%     - 1103s
     0     0 1566747.98    0 4104 1711552.84 1566747.98  8.46%     - 1104s
     0     0 1566748.53    0 4096 1711552.84 1566748.53  8.46%     - 1104s
     0     0 1566749.70    0 4085 1711552.84 1566749.70  8.46%     - 1104s
     0     0 1566750.17    0 4101 1711552.84 1566750.17  8.46%     - 1105s
     0     0 1567087.39    0 4123 1711552.84 1567087.39  8.44%     - 1113s
     0     0 1567089.10    0 4111 1711552.84 1567089.10  8.44%     - 1113s
     0     0 1567090.42    0 4112 1711552.84 1567090.42  8.44%     - 1114s
     0     0 1567091.21    0 4113 1711552.84 1567091.21  8.44%     - 1114s
     0     0 1567091.65    0 4112 1711552.84 1567091.65  8.44%     - 1115s
     0     0 1567092.88    0 4111 1711552.84 1567092.88  8.44%     - 1115s
     0     0 1567093.19    0 4110 1711552.84 1567093.19  8.44%     - 1115s
     0     0 1567093.63    0 4107 1711552.84 1567093.63  8.44%     - 1116s
     0     0 1567094.38    0 4104 1711552.84 1567094.38  8.44%     - 1116s
     0     0 1567094.56    0 4107 1711552.84 1567094.56  8.44%     - 1116s
     0     0 1567094.93    0 4108 1711552.84 1567094.93  8.44%     - 1116s
     0     0 1567189.34    0 4130 1711552.84 1567189.34  8.43%     - 1118s
     0     0 1567189.59    0 4138 1711552.84 1567189.59  8.43%     - 1119s
     0     0 1567190.72    0 4128 1711552.84 1567190.72  8.43%     - 1119s
     0     0 1567190.99    0 4128 1711552.84 1567190.99  8.43%     - 1119s
     0     0 1567191.32    0 4127 1711552.84 1567191.32  8.43%     - 1119s
     0     0 1567191.60    0 4124 1711552.84 1567191.60  8.43%     - 1120s
     0     0 1567192.23    0 4132 1711552.84 1567192.23  8.43%     - 1120s
     0     0 1567192.55    0 4131 1711552.84 1567192.55  8.43%     - 1120s
     0     0 1567192.72    0 4124 1711552.84 1567192.72  8.43%     - 1120s
     0     0 1567193.32    0 4125 1711552.84 1567193.32  8.43%     - 1120s
     0     0 1567194.92    0 4122 1711552.84 1567194.92  8.43%     - 1120s
     0     0 1567247.42    0 4179 1711552.84 1567247.42  8.43%     - 1122s
     0     0 1567247.96    0 4180 1711552.84 1567247.96  8.43%     - 1122s
     0     0 1567248.66    0 4177 1711552.84 1567248.66  8.43%     - 1122s
     0     0 1567249.01    0 4175 1711552.84 1567249.01  8.43%     - 1122s
     0     0 1567249.09    0 4172 1711552.84 1567249.09  8.43%     - 1122s
     0     0 1567249.73    0 4174 1711552.84 1567249.73  8.43%     - 1123s
     0     0 1567250.80    0 4176 1711552.84 1567250.80  8.43%     - 1123s
     0     0 1567251.05    0 4176 1711552.84 1567251.05  8.43%     - 1123s
     0     0 1567251.13    0 4176 1711552.84 1567251.13  8.43%     - 1123s
     0     0 1567252.55    0 4182 1711552.84 1567252.55  8.43%     - 1123s
     0     0 1567252.66    0 4177 1711552.84 1567252.66  8.43%     - 1123s
     0     0 1569771.42    0 4217 1711552.84 1569771.42  8.28%     - 1138s
     0     0 1569806.36    0 4207 1711552.84 1569806.36  8.28%     - 1140s
     0     0 1569833.04    0 4204 1711552.84 1569833.04  8.28%     - 1142s
     0     0 1569837.47    0 4208 1711552.84 1569837.47  8.28%     - 1143s
     0     0 1569838.06    0 4194 1711552.84 1569838.06  8.28%     - 1144s
     0     0 1569849.97    0 4197 1711552.84 1569849.97  8.28%     - 1144s
     0     0 1569858.40    0 4186 1711552.84 1569858.40  8.28%     - 1145s
     0     0 1569868.83    0 4187 1711552.84 1569868.83  8.28%     - 1146s
     0     0 1569879.62    0 4174 1711552.84 1569879.62  8.28%     - 1147s
     0     0 1569883.42    0 4162 1711552.84 1569883.42  8.28%     - 1147s
     0     0 1569884.08    0 4161 1711552.84 1569884.08  8.28%     - 1148s
     0     0 1570551.17    0 4237 1711552.84 1570551.17  8.24%     - 1163s
     0     0 1570585.45    0 4261 1711552.84 1570585.45  8.24%     - 1166s
     0     0 1570595.49    0 4237 1711552.84 1570595.49  8.24%     - 1167s
     0     0 1570599.48    0 4244 1711552.84 1570599.48  8.24%     - 1168s
     0     0 1570601.96    0 4235 1711552.84 1570601.96  8.24%     - 1169s
     0     0 1570604.37    0 4230 1711552.84 1570604.37  8.24%     - 1169s
     0     0 1570606.55    0 4241 1711552.84 1570606.55  8.23%     - 1170s
     0     0 1570607.96    0 4237 1711552.84 1570607.96  8.23%     - 1171s
     0     0 1570608.34    0 4238 1711552.84 1570608.34  8.23%     - 1171s
     0     0 1570610.24    0 4234 1711552.84 1570610.24  8.23%     - 1172s
     0     0 1570613.24    0 4248 1711552.84 1570613.24  8.23%     - 1172s
     0     0 1570777.84    0 4283 1711552.84 1570777.84  8.22%     - 1176s
     0     0 1570782.54    0 4277 1711552.84 1570782.54  8.22%     - 1177s
     0     0 1570785.11    0 4280 1711552.84 1570785.11  8.22%     - 1178s
     0     0 1570789.52    0 4276 1711552.84 1570789.52  8.22%     - 1178s
     0     0 1570791.55    0 4279 1711552.84 1570791.55  8.22%     - 1179s
     0     0 1570793.54    0 4267 1711552.84 1570793.54  8.22%     - 1179s
     0     0 1570795.09    0 4259 1711552.84 1570795.09  8.22%     - 1180s
     0     0 1570796.86    0 4257 1711552.84 1570796.86  8.22%     - 1180s
     0     0 1570797.27    0 4254 1711552.84 1570797.27  8.22%     - 1180s
     0     0 1570797.42    0 4261 1711552.84 1570797.42  8.22%     - 1180s
     0     0 1570797.93    0 4253 1711552.84 1570797.93  8.22%     - 1180s
     0     0 1570932.90    0 4266 1711552.84 1570932.90  8.22%     - 1183s
     0     0 1570936.92    0 4278 1711552.84 1570936.92  8.22%     - 1190s
     0     0 1570937.79    0 4271 1711552.84 1570937.79  8.22%     - 1190s
     0     0 1570939.54    0 4264 1711552.84 1570939.54  8.22%     - 1191s
     0     0 1570939.67    0 4257 1711552.84 1570939.67  8.22%     - 1191s
     0     0 1570940.18    0 4258 1711552.84 1570940.18  8.22%     - 1191s
     0     0 1570940.78    0 4262 1711552.84 1570940.78  8.22%     - 1191s
     0     0 1570940.89    0 4260 1711552.84 1570940.89  8.22%     - 1192s
     0     0 1570941.72    0 4260 1711552.84 1570941.72  8.22%     - 1192s
     0     0 1570943.02    0 4260 1711552.84 1570943.02  8.22%     - 1192s
     0     0 1570943.18    0 4260 1711552.84 1570943.18  8.22%     - 1192s
     0     0 1570963.35    0 4286 1711552.84 1570963.35  8.21%     - 1193s
     0     0 1570964.62    0 4283 1711552.84 1570964.62  8.21%     - 1193s
     0     0 1570966.60    0 4280 1711552.84 1570966.60  8.21%     - 1194s
     0     0 1570966.75    0 4283 1711552.84 1570966.75  8.21%     - 1194s
     0     0 1570967.42    0 4279 1711552.84 1570967.42  8.21%     - 1194s
     0     0 1570967.94    0 4290 1711552.84 1570967.94  8.21%     - 1194s
     0     0 1570969.06    0 4285 1711552.84 1570969.06  8.21%     - 1195s
     0     0 1570970.02    0 4281 1711552.84 1570970.02  8.21%     - 1195s
     0     0 1570970.59    0 4284 1711552.84 1570970.59  8.21%     - 1195s
     0     0 1570970.76    0 4283 1711552.84 1570970.76  8.21%     - 1195s
     0     0 1570971.16    0 4283 1711552.84 1570971.16  8.21%     - 1196s
     0     0          -    0      1711552.84 1570971.16  8.21%     - 1200s

Cutting planes:
  Cover: 107
  Implied bound: 4771
  Clique: 618
  MIR: 204
  Flow cover: 3165
  Zero half: 6
  RLT: 403
  Relax-and-lift: 63
  BQP: 26

Explored 1 nodes (620882 simplex iterations) in 1200.02 seconds (2868.52 work units)
Thread count was 10 (of 10 available processors)

Solution count 10: 1.71155e+06 1.71155e+06 1.71219e+06 ... 1.71824e+06

Time limit reached
Best objective 1.711552841341e+06, best bound 1.570971161727e+06, gap 8.2137%
