
Gurobi 12.0.2 (mac64[arm]) logging started Fri Jun 13 16:28:37 2025

Set parameter LogFile to value "/Users/yurunfeng/Documents/GitHub/LRGTS-store-location/result/gurobi/snyder/15nodes/15-0.8-5.log"
Gurobi Optimizer version 12.0.2 build v12.0.2rc0 (mac64[arm] - Darwin 24.5.0 24F74)

CPU model: Apple M4
Thread count: 10 physical cores, 10 logical processors, using up to 10 threads

Non-default parameters:
TimeLimit  1200

Optimize a model with 4785 rows, 7245 columns and 33600 nonzeros
Model fingerprint: 0xd75fbc9b
Variable types: 3615 continuous, 3630 integer (3630 binary)
Coefficient statistics:
  Matrix range     [2e-01, 1e+00]
  Objective range  [7e+03, 3e+06]
  Bounds range     [1e+00, 1e+00]
  RHS range        [1e+00, 5e+00]
Found heuristic solution: objective 1.648316e+07
Presolve removed 488 rows and 240 columns
Presolve time: 0.05s
Presolved: 4297 rows, 7005 columns, 30116 nonzeros
Variable types: 3375 continuous, 3630 integer (3630 binary)

Root relaxation: objective 8.403662e+05, 642 iterations, 0.01 seconds (0.02 work units)

    Nodes    |    Current Node    |     Objective Bounds      |     Work
 Expl Unexpl |  Obj  Depth IntInf | Incumbent    BestBd   Gap | It/Node Time

     0     0 840366.208    0  188 1.6483e+07 840366.208  94.9%     -    0s
H    0     0                    3890852.4123 840366.208  78.4%     -    0s
H    0     0                    3832086.2062 840366.208  78.1%     -    0s
H    0     0                    3460319.2622 840366.208  75.7%     -    0s
H    0     0                    2559948.8150 840366.208  67.2%     -    0s
H    0     0                    1333753.2372 840366.208  37.0%     -    0s
H    0     0                    1202782.7874 840366.208  30.1%     -    0s
H    0     0                    1198843.2248 840366.208  29.9%     -    0s
H    0     0                    1177094.2732 840366.208  28.6%     -    0s
H    0     0                    1154117.7051 840366.208  27.2%     -    0s
H    0     0                    1154117.4512 840366.208  27.2%     -    0s
H    0     0                    1113990.4232 840366.208  24.6%     -    0s
H    0     0                    1113990.4189 840366.208  24.6%     -    0s
H    0     0                    1093146.0331 840366.208  23.1%     -    0s
H    0     0                    1084972.4513 840366.208  22.5%     -    0s
H    0     0                    1069749.2115 840366.208  21.4%     -    0s
H    0     0                    1063834.2691 840366.208  21.0%     -    0s
H    0     0                    1057314.8112 840366.208  20.5%     -    0s
H    0     0                    1053927.9761 840366.208  20.3%     -    0s
H    0     0                    1050818.0128 840366.208  20.0%     -    0s
     0     0 869987.840    0  315 1050818.01 869987.840  17.2%     -    0s
H    0     0                    1050818.0106 869987.840  17.2%     -    0s
H    0     0                    1050817.5453 869987.840  17.2%     -    0s
H    0     0                    1031935.9502 869987.840  15.7%     -    0s
H    0     0                    1029423.3367 869987.840  15.5%     -    0s
H    0     0                    1024518.3759 869987.840  15.1%     -    0s
H    0     0                    1019267.1873 869987.840  14.6%     -    0s
H    0     0                    1017342.8394 869987.840  14.5%     -    0s
H    0     0                    1016754.4167 869987.840  14.4%     -    0s
H    0     0                    1016124.0036 869987.840  14.4%     -    0s
     0     0 873266.774    0  285 1016124.00 873266.774  14.1%     -    0s
     0     0 886798.545    0  418 1016124.00 886798.545  12.7%     -    0s
     0     0 888978.755    0  418 1016124.00 888978.755  12.5%     -    0s
     0     0 889348.529    0  411 1016124.00 889348.529  12.5%     -    0s
H    0     0                    976327.11652 893246.060  8.51%     -    0s
H    0     0                    976326.98578 893246.060  8.51%     -    0s
H    0     0                    969892.08083 893246.060  7.90%     -    0s
H    0     0                    963299.45359 893246.060  7.27%     -    0s
H    0     0                    963299.44265 893246.060  7.27%     -    0s
H    0     0                    962954.87314 894384.945  7.12%     -    0s
H    0     0                    960233.70097 894384.945  6.86%     -    0s
H    0     0                    957721.92582 894384.945  6.61%     -    0s
     0     0 894384.945    0  488 957721.926 894384.945  6.61%     -    0s
     0     0 895059.708    0  439 957721.926 895059.708  6.54%     -    0s
     0     2 895059.708    0  437 957721.926 895059.708  6.54%     -    1s
H   51    63                    953522.98629 895059.708  6.13%   171    1s
H   72    63                    953220.53395 895059.708  6.10%   138    1s
H 1161   938                    950800.95173 895059.708  5.86%  21.1    1s
H 1165   929                    950492.36809 895059.708  5.83%  21.1    1s
H 1174   923                    949826.61815 895059.708  5.77%  21.0    1s
H 1652  1168                    944425.84150 895059.708  5.23%  17.9    1s
H 1653  1058                    940071.20192 895059.708  4.79%  17.9    1s
H 1654  1055                    939813.55942 895059.708  4.76%  17.9    1s
H 1874  1157                    939710.00590 895059.708  4.75%  16.7    2s
H 1875  1100                    934493.22134 895059.708  4.22%  16.7    2s
H 1877  1045                    934473.40888 895059.708  4.22%  16.7    3s
H 1878   994                    933475.39238 895059.708  4.12%  16.6    3s
H 1878   944                    933475.39044 895059.708  4.12%  16.6    3s
H 1885   902                    932350.70268 895059.708  4.00%  20.3    4s
H 1885   857                    930797.82418 895059.708  3.84%  20.3    4s
H 1886   815                    930797.80309 895059.708  3.84%  20.3    5s
H 1886   774                    929927.95449 895059.708  3.75%  20.3    5s
H 1886   735                    929927.95439 895059.708  3.75%  20.3    5s
H 1886   698                    929927.95393 895059.708  3.75%  20.3    5s
H 1886   663                    929606.20645 895059.708  3.72%  20.3    5s
H 1891   633                    929504.44641 895156.558  3.70%  20.2    5s
H 1892   602                    929458.21701 895156.558  3.69%  20.2    5s
  1922   624 922884.838   70  552 929458.217 901042.279  3.06%  25.1   10s
H 2022   645                    929458.21691 901042.279  3.06%  38.4   10s
H 2032   612                    929458.21661 901042.279  3.06%  38.9   10s
H 2659   750                    929458.21645 901042.279  3.06%  40.1   11s
H 3780  1208                    929458.21633 901505.531  3.01%  33.8   11s
H 4445  1562                    929458.21613 903492.014  2.79%  35.9   12s
  7905  3505     cutoff   72      929458.216 907650.888  2.35%  45.1   15s
 15689  7617 921120.481   60  215 929458.216 910252.186  2.07%  53.4   20s
 21319 10719 917345.862   61  390 929458.216 911320.923  1.95%  59.8   25s
 29675 14979 915148.047   56  388 929458.216 912240.386  1.85%  62.8   30s
 32682 15877 913485.657   53  439 929458.216 912534.641  1.82%  63.9   41s
 32693 15884 920822.928   58  604 929458.216 912534.641  1.82%  63.9   45s
H32695 15091                    929458.21603 912534.641  1.82%  63.9   47s
 32699 15093 924476.170   65  620 929458.216 912534.641  1.82%  63.9   50s
 32706 15098 917424.233   55  617 929458.216 912534.641  1.82%  63.8   55s
H32710 14345                    929458.21574 913274.337  1.74%  63.8   58s
 32714 14347 928298.401   59  634 929458.216 914147.172  1.65%  63.8   60s
H32719 13633                    929458.21553 916420.615  1.40%  63.8   64s
 32721 13634 916840.836   60  638 929458.216 916840.836  1.36%  63.8   65s
 32728 13639 918441.589   62  638 929458.216 918441.589  1.19%  63.8   70s
 32736 13644 926681.108   61  628 929458.216 919183.328  1.11%  63.8   75s
 32743 13649 927611.806   60  649 929458.216 920176.807  1.00%  63.8   80s
 32750 13653 923805.587   64  656 929458.216 920799.526  0.93%  63.8   85s
 32756 13657 922763.857   72  666 929458.216 921312.258  0.88%  63.7   90s
 32762 13661 921782.371   44  671 929458.216 921782.371  0.83%  63.7   95s
 32771 13667 922114.269   75  666 929458.216 922114.269  0.79%  63.7  100s
 32784 13676 922489.506   69  653 929458.216 922489.506  0.75%  63.7  105s
 34812 14043 922489.506   69  303 929458.216 922489.506  0.75%  65.7  110s
 37960 14432 922489.506   70  214 929458.216 922489.506  0.75%  67.7  115s
 42448 15063 922489.506   66  432 929458.216 922489.506  0.75%  72.3  120s
 47106 16061     cutoff   83      929458.216 922489.506  0.75%  75.5  125s
 52514 16877 infeasible   86      929458.216 922489.506  0.75%  78.8  130s
 57569 17988 922489.506   58  444 929458.216 922489.506  0.75%  82.2  135s
 62782 18901 922489.506   81  121 929458.216 922489.506  0.75%  84.9  140s
 67260 19857 922489.506   62  413 929458.216 922489.506  0.75%  86.8  145s
 72774 20752 924367.151   78  260 929458.216 922489.506  0.75%  89.0  150s
H73218 20404                    929458.21544 922489.506  0.75%  88.9  150s
 77928 23246 925589.717   85  156 929458.215 922489.506  0.75%  90.5  155s
 82510 25312 922489.506   68  486 929458.215 922489.506  0.75%  92.7  160s
 86782 27712 922489.506   71  410 929458.215 922489.506  0.75%  94.7  165s
 91663 30103 922489.506   73  415 929458.215 922489.506  0.75%  95.8  170s
 97205 32699 922489.506   66  347 929458.215 922489.506  0.75%  97.2  175s
 102497 35342 922489.506   74  189 929458.215 922489.506  0.75%  98.4  180s
 107301 37671 925800.787   81  193 929458.215 922489.506  0.75%   100  185s
 112776 40080 922489.506   79  200 929458.215 922489.506  0.75%   101  190s
 117154 42387     cutoff   80      929458.215 922489.506  0.75%   102  195s
 122276 44839 922489.506   68  362 929458.215 922489.506  0.75%   104  200s
 126465 46928 922489.506   73  450 929458.215 922489.506  0.75%   104  205s
 131579 49051     cutoff   83      929458.215 922489.506  0.75%   105  210s
 136299 51212     cutoff   78      929458.215 922489.506  0.75%   106  215s
 141164 53570 922489.506   72  380 929458.215 922489.506  0.75%   107  220s
 144692 55014 925918.960   78  414 929458.215 922489.506  0.75%   108  225s
 148271 56395 924284.084   75  418 929458.215 922489.506  0.75%   109  230s
 151333 57819 922489.506   70  470 929458.215 922489.506  0.75%   110  235s
 154362 58960 922489.506   79  539 929458.215 922489.506  0.75%   111  240s
 156827 59938 922489.506   75  533 929458.215 922489.506  0.75%   113  245s
 159499 61172 923535.939   76  435 929458.215 922489.506  0.75%   114  250s
 162902 62322 922489.506   72  436 929458.215 922489.506  0.75%   116  255s
 165368 63400 922489.506   70  461 929458.215 922489.506  0.75%   117  260s
 168311 64496 924204.819   82  372 929458.215 922489.506  0.75%   119  265s
 171636 65633     cutoff   78      929458.215 922489.506  0.75%   120  270s
 173222 66094 922489.506   79  269 929458.215 922489.506  0.75%   120  275s
 176180 67371 923103.433   72  448 929458.215 922489.506  0.75%   121  281s
 179507 68616 924848.005   74  290 929458.215 922489.506  0.75%   123  286s
 182285 69831 927809.211   78  426 929458.215 922489.506  0.75%   123  292s
 185218 70790 922489.506   70  440 929458.215 922489.506  0.75%   124  296s
 188458 72090 922489.506   78  493 929458.215 922489.506  0.75%   125  301s
 191584 73274 922489.506   74  363 929458.215 922489.506  0.75%   126  306s
 194873 74503 922489.506   76  242 929458.215 922489.506  0.75%   127  311s
 197044 75420 926255.284   69  506 929458.215 922489.506  0.75%   128  315s
 201199 76816 922489.506   63  460 929458.215 922489.506  0.75%   129  321s
 203069 77582 922664.807   67  388 929458.215 922489.506  0.75%   130  325s
 206301 78656 928207.137   89   98 929458.215 922489.506  0.75%   131  330s
 208458 79661 922489.506   68  442 929458.215 922489.506  0.75%   131  335s
 211799 81011 922489.506   73  402 929458.215 922489.506  0.75%   132  341s
 214880 82069 927370.697   78  321 929458.215 922489.506  0.75%   133  346s
 217570 83312 922489.506   68  472 929458.215 922489.506  0.75%   134  351s
 219918 83985 922489.506   74  514 929458.215 922489.506  0.75%   135  355s
 222919 85195 925237.114   76  432 929458.215 922489.506  0.75%   136  360s
 226237 86394 926373.722   82  194 929458.215 922489.506  0.75%   136  365s
 229452 87561     cutoff   80      929458.215 922489.506  0.75%   137  370s
 232160 88428 922489.506   76  589 929458.215 922489.506  0.75%   138  376s
 235240 89636 922489.506   82  513 929458.215 922489.506  0.75%   139  381s
 237491 90468 922489.506   72  476 929458.215 922489.506  0.75%   139  385s
 240835 91608 922489.506   63  402 929458.215 922489.506  0.75%   140  390s
 243638 92555 928284.755   77  348 929458.215 922489.506  0.75%   141  396s
 246566 93628 922489.506   69  363 929458.215 922489.506  0.75%   142  401s
 249350 94657     cutoff   77      929458.215 922489.506  0.75%   142  406s
 252429 95707 922489.506   65  418 929458.215 922489.506  0.75%   143  411s
 254056 96409 925480.539   85  303 929458.215 922489.506  0.75%   144  415s
 257205 97580 923594.014   66  528 929458.215 922489.506  0.75%   144  420s
 260297 98630 924447.656   77  522 929458.215 922489.506  0.75%   145  426s
 261936 99340 928046.719   77  318 929458.215 922489.506  0.75%   145  430s
 264766 100481 927195.659   78  224 929458.215 922489.506  0.75%   146  436s
 268305 101567 922489.506   67  420 929458.215 922489.506  0.75%   147  441s
 269983 102229 926576.138   78  273 929458.215 922489.506  0.75%   147  445s
 273495 103427 927984.468   84  228 929458.215 922489.506  0.75%   147  450s
 276585 104442 926881.593   72  380 929458.215 922489.506  0.75%   148  455s
 279516 105500     cutoff   66      929458.215 922489.506  0.75%   149  461s
 282448 106356 926899.001   80  265 929458.215 922489.506  0.75%   149  466s
 285392 107305 924340.148   72  392 929458.215 922489.506  0.75%   149  471s
 288007 108162     cutoff   68      929458.215 922489.506  0.75%   150  476s
 288818 108425 922489.506   65  428 929458.215 922489.506  0.75%   150  480s
 291370 109662 922912.624   67  468 929458.215 922489.506  0.75%   150  486s
 293858 110481 infeasible   71      929458.215 922489.506  0.75%   151  490s
 297445 111514 923452.494   75  365 929458.215 922489.506  0.75%   151  496s
 300503 112532 923986.942   80  464 929458.215 922489.506  0.75%   152  501s
 303600 113630 924972.297   71  524 929458.215 922489.506  0.75%   152  506s
 306043 114302 929172.337   76  367 929458.215 922489.506  0.75%   152  510s
 309342 115483     cutoff   80      929458.215 922489.506  0.75%   153  515s
 312848 116880     cutoff   71      929458.215 922489.506  0.75%   153  521s
 315607 117879 928585.237   77  202 929458.215 922489.506  0.75%   154  526s
 317736 118629 925695.836   76  359 929458.215 922489.506  0.75%   154  530s
 321107 119761 924861.914   75  542 929458.215 922489.506  0.75%   154  536s
 324206 120854 922904.991   73  520 929458.215 922489.506  0.75%   155  541s
 326203 121650 925778.370   84  175 929458.215 922489.506  0.75%   155  545s
 329754 122610 927764.422   71  378 929458.215 922489.506  0.75%   155  550s
 332480 123699     cutoff   71      929458.215 922489.506  0.75%   156  556s
 335626 124816 922489.506   64  520 929458.215 922489.506  0.75%   156  561s
 338069 125588 923035.934   64  499 929458.215 922489.506  0.75%   156  565s
 340829 126550 927152.053   82  278 929458.215 922489.506  0.75%   157  570s
 343939 127524 922489.506   79  448 929458.215 922489.506  0.75%   157  576s
 347227 128479 925131.369   70  458 929458.215 922489.506  0.75%   157  581s
 349370 129331 926459.817   70  272 929458.215 922489.506  0.75%   158  586s
 351536 130022 926276.474   74  375 929458.215 922489.506  0.75%   158  590s
 354787 131010 927707.317   74  273 929458.215 922489.506  0.75%   158  596s
 356643 131802 927364.379   75  411 929458.215 922489.506  0.75%   159  600s
 360251 132922     cutoff   73      929458.215 922489.506  0.75%   159  606s
 362456 133552 922489.506   80  440 929458.215 922489.506  0.75%   159  610s
 365393 134420     cutoff   85      929458.215 922489.506  0.75%   160  615s
 368301 135312 922489.506   70  533 929458.215 922489.506  0.75%   160  621s
 370200 135874 925739.442   67  457 929458.215 922489.506  0.75%   160  625s
 373385 136974 924974.562   73  404 929458.215 922489.506  0.75%   161  631s
 375370 137781 924435.834   94  316 929458.215 922489.506  0.75%   161  635s
 378567 138781 925217.157   72  380 929458.215 922489.506  0.75%   162  641s
 380531 139264 925259.283   90  191 929458.215 922489.506  0.75%   162  645s
 383364 140245 926124.148   77  274 929458.215 922489.506  0.75%   162  651s
 385777 140907 925438.375   82  369 929458.215 922489.506  0.75%   162  655s
 387814 141681 infeasible   74      929458.215 922489.506  0.75%   163  660s
 391143 142561 929314.787   81  287 929458.215 922489.506  0.75%   163  666s
 392958 143122 922489.506   83  367 929458.215 922489.506  0.75%   163  670s
 396015 144046 924137.840   78  463 929458.215 922489.506  0.75%   164  676s
 397837 144716 924088.305   76  444 929458.215 922489.506  0.75%   164  680s
 401078 145730 926125.551   80  509 929458.215 922489.506  0.75%   164  686s
 402938 146317 922489.506   72  502 929458.215 922489.506  0.75%   165  690s
 405825 147158 923219.188   68  453 929458.215 922489.506  0.75%   165  696s
 407839 147711 924667.097   66  420 929458.215 922489.506  0.75%   165  700s
 410945 148781 927560.895   70  490 929458.215 922489.506  0.75%   165  706s
 413151 149442 924813.314   80  313 929458.215 922489.506  0.75%   166  710s
 415989 150482 922489.506   77  517 929458.215 922489.506  0.75%   166  716s
 418014 151129 923518.563   68  446 929458.215 922489.506  0.75%   166  720s
 421215 152262     cutoff   80      929458.215 922489.506  0.75%   166  726s
 423262 152963 925216.429   67  403 929458.215 922489.506  0.75%   167  730s
 424854 153542 925431.995   79  251 929458.215 922489.506  0.75%   167  735s
 428217 154563 923067.775   67  490 929458.215 922489.506  0.75%   167  741s
 430274 155248 923655.644   88  233 929458.215 922489.506  0.75%   167  745s
 433245 156187 922489.506   89  308 929458.215 922489.506  0.75%   168  751s
 435250 156866 926185.441   62  516 929458.215 922489.506  0.75%   168  755s
 438250 157832 925033.068   70  298 929458.215 922489.506  0.75%   168  761s
 440634 158505 922508.710   70  476 929458.215 922489.506  0.75%   168  766s
 442490 159089 926754.776   82  241 929458.215 922489.506  0.75%   169  770s
 445125 160015 929206.294   75  371 929458.215 922489.506  0.75%   169  776s
 447324 160663 926727.934   84  285 929458.215 922489.506  0.75%   169  780s
 450169 161653 926675.336   89  371 929458.215 922489.506  0.75%   169  786s
 452400 162377     cutoff   74      929458.215 922489.506  0.75%   170  791s
 454363 162988 925368.371   68  395 929458.215 922489.506  0.75%   170  795s
 457654 164067 922859.032   81  367 929458.215 922489.506  0.75%   170  801s
 459679 164677     cutoff   87      929458.215 922489.506  0.75%   170  805s
 461618 165391     cutoff   74      929458.215 922489.506  0.75%   170  810s
 464651 166322 928397.345   84  388 929458.215 922489.506  0.75%   171  816s
 466937 166838 927009.446   74  310 929458.215 922489.506  0.75%   171  820s
 468747 167430 928431.940   77  373 929458.215 922489.506  0.75%   171  825s
 471962 168321 923153.651   65  488 929458.215 922489.506  0.75%   171  831s
 474014 168981 925429.540   77  297 929458.215 922489.506  0.75%   171  835s
 476104 169596     cutoff   70      929458.215 922489.506  0.75%   172  840s
 479424 170557 923718.401   65  448 929458.215 922489.506  0.75%   172  846s
 481417 171199 926500.415   83  234 929458.215 922489.506  0.75%   172  850s
 484319 172002     cutoff   89      929458.215 922489.506  0.75%   172  856s
 486383 172711 925362.986   83  368 929458.215 922489.506  0.75%   172  860s
 488644 173439     cutoff   74      929458.215 922489.506  0.75%   173  865s
 491811 174403 923747.697   79  541 929458.215 922489.506  0.75%   173  871s
 493978 174970 923198.578   75  477 929458.215 922489.506  0.75%   173  875s
 497050 175910 923764.005   73  519 929458.215 922489.506  0.75%   173  881s
 498688 176371 922489.506   66  510 929458.215 922489.506  0.75%   173  885s
 501755 177337 925813.205   82  547 929458.215 922489.506  0.75%   174  892s
 503830 178024 927221.492   88  335 929458.215 922489.506  0.75%   174  896s
 506236 178599 925225.650   71  505 929458.215 922489.506  0.75%   174  900s
 509388 179519 927269.544   80  233 929458.215 922489.506  0.75%   174  907s
 511370 180194 927584.711   71  339 929458.215 922489.506  0.75%   174  911s
 513175 180734     cutoff   73      929458.215 922489.506  0.75%   175  915s
 515913 181691 924858.293   85  182 929458.215 922489.506  0.75%   175  922s
 517124 181743 923857.680   77  387 929458.215 922489.506  0.75%   175  926s
 517847 182158 922633.510   72  463 929458.215 922489.506  0.75%   175  931s
 519977 182969 923503.240   62  425 929458.215 922489.506  0.75%   175  937s
 522296 183633 923578.617   69  530 929458.215 922489.506  0.75%   175  942s
 524676 184423 929343.337   78  307 929458.215 922489.506  0.75%   176  946s
 527027 185080 923177.600   63  573 929458.215 922489.506  0.75%   176  951s
 529522 185832     cutoff   73      929458.215 922489.506  0.75%   176  956s
 531580 186376 928282.574   78  413 929458.215 922489.506  0.75%   176  960s
 534547 187200 926452.136   70  488 929458.215 922489.506  0.75%   176  966s
 536695 187740 923419.161   78  609 929458.215 922489.506  0.75%   176  971s
 538448 188404 925313.609   87  326 929458.215 922489.506  0.75%   176  975s
 541696 189312 925966.825   84  422 929458.215 922489.506  0.75%   177  981s
 543809 189889 929400.391   70  370 929458.215 922489.506  0.75%   177  986s
 545839 190492 924972.229   74  333 929458.215 922489.506  0.75%   177  990s
 548779 191427 926474.394   80  356 929458.215 922489.506  0.75%   177  996s
 550984 191913 926260.813   74  490 929458.215 922489.506  0.75%   177 1001s
 553054 192432 924724.793   70  561 929458.215 922489.506  0.75%   177 1005s
 556097 193238 infeasible   72      929458.215 922489.506  0.75%   178 1011s
 558014 193803 924484.011   92  433 929458.215 922489.506  0.75%   178 1015s
 561010 194709 922489.506   75  282 929458.215 922489.506  0.75%   178 1022s
 563075 195148 926832.996   86  392 929458.215 922489.506  0.75%   178 1026s
 564887 195639 925479.757   76  411 929458.215 922489.506  0.75%   178 1030s
 567144 196352 926792.741   80  233 929458.215 922489.506  0.75%   178 1035s
 570326 197250 927846.982   88  163 929458.215 922489.506  0.75%   179 1041s
 572318 197761 925543.690   73  416 929458.215 922489.506  0.75%   179 1046s
 574481 198345 922689.007   69  465 929458.215 922489.506  0.75%   179 1050s
 577690 199226 922489.506   75  487 929458.215 922489.506  0.75%   179 1056s
 579906 199735     cutoff   82      929458.215 922489.506  0.75%   179 1060s
 581808 200360 922489.506   66  438 929458.215 922489.506  0.75%   179 1065s
 584759 201201 927163.167   72  598 929458.215 922489.506  0.75%   179 1072s
 586737 201796 922489.506   69  580 929458.215 922489.506  0.75%   180 1077s
 588403 202096 925048.707   75  366 929458.215 922489.506  0.75%   180 1081s
 589622 202571 926471.688   74  415 929458.215 922489.506  0.75%   180 1086s
 592024 203185 924525.787   76  439 929458.215 922489.506  0.75%   180 1091s
 594386 203847     cutoff   76      929458.215 922489.506  0.75%   180 1096s
 596536 204422 922489.506   84  432 929458.215 922489.506  0.75%   180 1100s
 599415 205240     cutoff   80      929458.215 922489.506  0.75%   180 1107s
 601501 205851     cutoff   77      929458.215 922489.506  0.75%   181 1111s
 603838 206481     cutoff   73      929458.215 922489.506  0.75%   181 1115s
 606147 207129     cutoff   73      929458.215 922489.506  0.75%   181 1120s
 609517 207967 924173.334   75  340 929458.215 922489.506  0.75%   181 1126s
 611249 208449 922489.506   65  590 929458.215 922489.506  0.75%   181 1130s
 614201 209272     cutoff   75      929458.215 922489.506  0.75%   181 1136s
 616255 209880 922489.506   76  413 929458.215 922489.506  0.75%   181 1140s
 619283 210569 925470.365   69  386 929458.215 922489.506  0.75%   181 1146s
 621178 211053     cutoff   69      929458.215 922489.506  0.75%   181 1150s
 624175 211803 923226.146   71  362 929458.215 922489.506  0.75%   182 1156s
 626485 212318 926516.035   66  417 929458.215 922489.506  0.75%   182 1160s
 629280 213107 925634.661   72  438 929458.215 922489.506  0.75%   182 1166s
 631326 213617 925132.667   69  539 929458.215 922489.506  0.75%   182 1170s
 633320 214237 925211.092   68  567 929458.215 922489.506  0.75%   182 1175s
 635534 214767 923151.241   73  340 929458.215 922489.506  0.75%   182 1180s
 638837 215605 925473.934   80  342 929458.215 922489.506  0.75%   182 1186s
 640997 216055     cutoff   77      929458.215 922489.506  0.75%   183 1191s
 642708 216605 929387.356   81  451 929458.215 922489.506  0.75%   183 1195s
 645121 217350 927405.712   82  227 929458.215 922489.506  0.75%   183 1200s

Cutting planes:
  Lift-and-project: 1
  Cover: 150
  Implied bound: 44
  MIR: 343
  Mixing: 4
  StrongCG: 1
  Flow cover: 2828
  GUB cover: 13
  Inf proof: 5
  Zero half: 67
  RLT: 31
  Relax-and-lift: 5
  BQP: 2

Explored 646326 nodes (118157184 simplex iterations) in 1200.02 seconds (3302.95 work units)
Thread count was 10 (of 10 available processors)

Solution count 10: 929458 929504 929606 ... 939710

Time limit reached
Best objective 9.294582154366e+05, best bound 9.224895056017e+05, gap 0.7498%
