
Gurobi 12.0.2 (mac64[arm]) logging started Fri Jun 13 15:07:23 2025

Set parameter LogFile to value "/Users/yurunfeng/Documents/GitHub/LRGTS-store-location/result/gurobi/snyder/15nodes/15-0.8-4.log"
Gurobi Optimizer version 12.0.2 build v12.0.2rc0 (mac64[arm] - Darwin 24.5.0 24F74)

CPU model: Apple M4
Thread count: 10 physical cores, 10 logical processors, using up to 10 threads

Non-default parameters:
TimeLimit  1200

Optimize a model with 4785 rows, 7245 columns and 33600 nonzeros
Model fingerprint: 0x48df54f7
Variable types: 3615 continuous, 3630 integer (3630 binary)
Coefficient statistics:
  Matrix range     [2e-01, 1e+00]
  Objective range  [7e+03, 3e+06]
  Bounds range     [1e+00, 1e+00]
  RHS range        [1e+00, 4e+00]
Found heuristic solution: objective 1.648316e+07
Presolve removed 488 rows and 240 columns
Presolve time: 0.05s
Presolved: 4297 rows, 7005 columns, 30115 nonzeros
Variable types: 3375 continuous, 3630 integer (3630 binary)

Root relaxation: objective 8.403662e+05, 642 iterations, 0.01 seconds (0.02 work units)

    Nodes    |    Current Node    |     Objective Bounds      |     Work
 Expl Unexpl |  Obj  Depth IntInf | Incumbent    BestBd   Gap | It/Node Time

     0     0 840366.208    0  188 1.6483e+07 840366.208  94.9%     -    0s
H    0     0                    3890852.4123 840366.208  78.4%     -    0s
H    0     0                    3832086.2062 840366.208  78.1%     -    0s
H    0     0                    1374317.3501 840366.208  38.9%     -    0s
H    0     0                    1374317.2316 840366.208  38.9%     -    0s
H    0     0                    1374316.8297 840366.208  38.9%     -    0s
H    0     0                    1324580.3421 840366.208  36.6%     -    0s
H    0     0                    1151304.0212 840366.208  27.0%     -    0s
H    0     0                    1124617.9529 840366.208  25.3%     -    0s
H    0     0                    1119245.1070 840366.208  24.9%     -    0s
H    0     0                    1098289.6205 840366.208  23.5%     -    0s
H    0     0                    1093687.7041 840366.208  23.2%     -    0s
H    0     0                    1085771.3865 840366.208  22.6%     -    0s
H    0     0                    1085771.3093 840366.208  22.6%     -    0s
H    0     0                    1085406.1253 869987.840  19.8%     -    0s
     0     0 869987.840    0  312 1085406.13 869987.840  19.8%     -    0s
H    0     0                    1083540.5282 869987.840  19.7%     -    0s
H    0     0                    1083493.7940 872673.499  19.5%     -    0s
H    0     0                    1083493.7846 872673.499  19.5%     -    0s
     0     0 872673.499    0  284 1083493.78 872673.499  19.5%     -    0s
     0     0 884620.652    0  431 1083493.78 884620.652  18.4%     -    0s
     0     0 887356.863    0  410 1083493.78 887356.863  18.1%     -    0s
     0     0 887948.633    0  411 1083493.78 887948.633  18.0%     -    0s
     0     0 895248.868    0  481 1083493.78 895248.868  17.4%     -    0s
     0     0 896019.517    0  455 1083493.78 896019.517  17.3%     -    0s
H    0     0                    1083493.6743 896019.517  17.3%     -    0s
H    0     0                    1078142.4673 896019.517  16.9%     -    1s
H    0     0                    1075274.6448 896019.517  16.7%     -    1s
H    0     0                    1073321.8244 896019.517  16.5%     -    1s
H    0     0                    1073005.9453 896019.517  16.5%     -    1s
     0     2 896019.517    0  444 1073005.95 896019.517  16.5%     -    1s
H 1231  1188                    1071871.6933 896019.517  16.4%  20.6    1s
H 1232  1146                    1046798.0806 896019.517  14.4%  20.6    1s
H 2261  1865                    1039836.2115 897132.546  13.7%  18.3    1s
H 2320  1861                    1039753.2335 898195.922  13.6%  18.3    1s
H 2322  1767                    1039753.2254 898195.922  13.6%  18.2    2s
H 2322  1679                    1039753.2176 898195.922  13.6%  18.2    2s
H 2322  1595                    1037492.0358 898195.922  13.4%  18.2    2s
H 2322  1515                    1037492.0280 898195.922  13.4%  18.2    2s
H 2323  1439                    1032231.8123 898195.922  13.0%  18.2    2s
H 2323  1367                    1032231.7865 898195.922  13.0%  18.2    2s
H 2323  1299                    1032073.5297 898195.922  13.0%  18.2    2s
H 2323  1234                    1032073.5271 898195.922  13.0%  18.2    2s
H 2324  1173                    1027992.8029 898195.922  12.6%  18.2    3s
  2341  1184 947328.163   18  655 1027992.80 900760.588  12.4%  18.1    5s
H 2350  1130                    1027992.8028 904929.324  12.0%  18.0    6s
H 2354  1076                    1027965.7047 905924.098  11.9%  18.0    6s
H 2354  1021                    1027965.7004 905925.710  11.9%  18.0    6s
H 2354   970                    1027965.6866 905925.710  11.9%  18.0    6s
H 2359   924                    1027401.2964 906658.619  11.8%  18.0    7s
H 2359   877                    1025282.1263 906658.619  11.6%  18.0    7s
H 2366   837                    1025282.1262 907136.044  11.5%  17.9    9s
  2382   859 923047.779   19  374 1025282.13 909811.868  11.3%  32.7   10s
H 2415   838                    1025282.1261 912115.716  11.0%  38.1   10s
  5067  1995 998412.460   37  197 1025282.13 916758.218  10.6%  66.5   15s
  8117  4031 944907.542   25  291 1025282.13 926445.584  9.64%  76.1   20s
 11492  6184 947942.992   40  432 1025282.13 930097.097  9.28%  86.0   25s
 15388  8290 963758.372   35  373 1025282.13 932442.451  9.06%  91.4   30s
 18722 10719 988407.187   37  300 1025282.13 934397.801  8.86%  94.4   35s
 21871 12157 971185.989   40  133 1025282.13 935978.370  8.71%  95.6   40s
 25121 14867 970900.763   31  421 1025282.13 936867.155  8.62%  96.6   46s
 29629 17581 945199.740   44  363 1025282.13 938436.268  8.47%  97.5   50s
 32941 18874 946306.986   34  455 1025282.13 939270.203  8.39%  98.9   69s
 32944 18876 941102.312   28  477 1025282.13 939270.203  8.39%  98.9   70s
 32958 18885 1021772.66   56  703 1025282.13 939270.203  8.39%  98.9   76s
H32960 17942                    1025282.1259 939270.203  8.39%  98.9   77s
 32965 17945 1008192.59   45  709 1025282.13 939270.203  8.39%  98.8   80s
 32970 17948 952154.602   31  705 1025282.13 939270.203  8.39%  98.8   85s
 32975 17952 1004414.13   35  717 1025282.13 942919.860  8.03%  98.8   90s
 32979 17954 955145.167   35  724 1025282.13 945716.990  7.76%  98.8   95s
 32984 17958 1024111.71   45  724 1025282.13 948293.939  7.51%  98.8  100s
 32988 17960 995127.755   37  721 1025282.13 950022.578  7.34%  98.8  105s
H32989 17062                    1025282.1258 950642.473  7.28%  98.8  107s
 32993 17065 1011194.28   42  724 1025282.13 951803.073  7.17%  98.8  110s
 32997 17067 953338.993   40  725 1025282.13 953338.993  7.02%  98.7  115s
 33001 17070 954491.723   31  723 1025282.13 954491.723  6.90%  98.7  121s
 33160 17185 964042.792   41  402 1025282.13 954491.723  6.90%   102  125s
 34223 17404 954491.723   44  471 1025282.13 954491.723  6.90%   103  130s
H34556 16647                    1025282.1256 954491.723  6.90%   104  132s
 35653 16952 1017775.61   63  125 1025282.13 954491.723  6.90%   105  135s
 37198 17326 961669.107   53  284 1025282.13 954491.723  6.90%   108  140s
 39446 17845 978885.843   47  346 1025282.13 954491.723  6.90%   110  145s
 42456 18566 954491.723   42  440 1025282.13 954491.723  6.90%   113  150s
 45413 19247 964670.186   41  462 1025282.13 954491.723  6.90%   115  155s
 48172 19501 962582.804   51  352 1025282.13 954588.253  6.90%   117  160s
 50850 20599 989069.563   42  392 1025282.13 955436.894  6.81%   118  165s
 53879 21530 1016138.07   69  136 1025282.13 956831.623  6.68%   120  171s
 56625 22311 1009571.84   79  100 1025282.13 957541.634  6.61%   122  175s
 59585 22975 1025174.12   60  109 1025282.13 958170.341  6.55%   123  180s
 62814 23626 989907.162   60  271 1025282.13 959274.947  6.44%   124  185s
 65862 24231 1015045.62   56  297 1025282.13 960050.486  6.36%   126  191s
 68133 24890 985034.099   45  407 1025282.13 960437.983  6.32%   127  195s
 71466 25590 988886.141   55  264 1025282.13 961082.671  6.26%   128  200s
 73835 26231 1016596.05   65  220 1025282.13 961394.511  6.23%   128  205s
 77497 27058 974317.899   50  272 1025282.13 962036.150  6.17%   129  210s
 80323 27476 994178.884   59  411 1025282.13 962546.338  6.12%   129  215s
 83561 28540 infeasible   43      1025282.13 962967.245  6.08%   130  221s
 86581 30202 983369.502   40  465 1025282.13 963427.955  6.03%   131  225s
 89968 32009 1004370.36   54  340 1025282.13 963832.808  5.99%   131  230s
 93975 34098 1022169.19   53  258 1025282.13 964341.898  5.94%   132  236s
 97209 35564 990940.382   55  301 1025282.13 964752.695  5.90%   132  241s
 100174 36937 999261.150   48  385 1025282.13 965133.478  5.87%   133  246s
 101930 38087 infeasible   65      1025282.13 965437.349  5.84%   134  250s
 105004 39767 1002539.81   54  254 1025282.13 965683.378  5.81%   134  255s
 108108 41294 1001184.55   47  361 1025282.13 966143.142  5.77%   135  260s
 111339 43024 984614.720   46  360 1025282.13 966457.570  5.74%   136  266s
 114897 44581 971651.001   44  549 1025282.13 966814.005  5.70%   136  271s
 117817 46178 1016996.97   69  153 1025282.13 967093.542  5.68%   137  276s
 119617 47029 973830.185   52  276 1025282.13 967235.901  5.66%   137  280s
 122682 48656 1014173.11   63   72 1025282.13 967538.227  5.63%   137  285s
 126003 50337 982596.317   50  278 1025282.13 967815.972  5.60%   138  290s
 129091 51933 986783.203   55  372 1025282.13 968087.468  5.58%   138  295s
 132330 53496 995207.992   63  485 1025282.13 968339.923  5.55%   139  300s
 135635 54873 1007179.37   57  282 1025282.13 968556.607  5.53%   139  306s
 138465 56771 988553.152   48  401 1025282.13 968783.189  5.51%   139  311s
 141883 58153 977966.682   45  453 1025282.13 969014.232  5.49%   139  316s
 143663 59117 1023521.71   56  276 1025282.13 969135.089  5.48%   140  320s
 146752 60819 1005201.85   72  198 1025282.13 969368.777  5.45%   140  325s
 150533 62405 1015185.23   44  351 1025282.13 969645.029  5.43%   140  330s
 154245 64312 1017195.86   67  174 1025282.13 969937.596  5.40%   140  336s
 156702 65667 1000730.39   54  352 1025282.13 970167.899  5.38%   141  341s
 159606 67067 981698.235   51  469 1025282.13 970359.128  5.36%   141  345s
 162459 68507 1007163.27   43  227 1025282.13 970525.555  5.34%   142  350s
 165837 70031 978152.660   53  300 1025282.13 970759.730  5.32%   142  356s
 168870 71346 991960.260   57  345 1025282.13 970971.332  5.30%   142  361s
 171622 72561 1023004.58   68  287 1025282.13 971150.705  5.28%   142  366s
 173789 73625 infeasible   67      1025282.13 971289.945  5.27%   143  370s
 176833 75037     cutoff   53      1025282.13 971497.759  5.25%   143  376s
 179283 76138     cutoff   53      1025282.13 971614.767  5.23%   144  381s
 181225 76982 986258.155   61  224 1025282.13 971726.423  5.22%   144  385s
 184347 78620 995640.492   47  435 1025282.13 971909.052  5.21%   144  391s
 187686 79798 976566.686   51  352 1025282.13 972081.686  5.19%   144  396s
 190372 81110 1013061.48   58  204 1025282.13 972202.352  5.18%   144  401s
 193544 82618 974724.744   42  410 1025282.13 972374.282  5.16%   144  406s
 195779 83593 1000799.41   64  285 1025282.13 972514.207  5.15%   144  410s
 199055 85029 1024628.99   52  132 1025282.13 972672.624  5.13%   145  415s
 202117 86506 991848.693   55  278 1025282.13 972842.458  5.11%   145  420s
 203926 87232 994377.133   51  250 1025282.13 972953.543  5.10%   145  426s
 206121 88190 1018257.42   47  147 1025282.13 973070.481  5.09%   145  430s
 209712 89703 997224.529   42  381 1025282.13 973259.696  5.07%   145  435s
 212832 91183 990074.276   49  493 1025282.13 973432.303  5.06%   146  441s
 215092 92212 989680.642   51  392 1025282.13 973571.141  5.04%   146  445s
 218362 93574 985250.706   48  483 1025282.13 973738.344  5.03%   146  450s
 221672 95091 984475.023   49  382 1025282.13 973906.714  5.01%   146  455s
 224703 96436 1022111.06   65  222 1025282.13 974035.169  5.00%   146  460s
 227969 97971 994634.903   49  383 1025282.13 974167.056  4.99%   146  465s
 231160 99338     cutoff   54      1025282.13 974311.195  4.97%   146  470s
 234223 100664 1001701.40   44  368 1025282.13 974455.205  4.96%   146  476s
 237133 101953 1003661.09   57  260 1025282.13 974576.769  4.95%   147  481s
 240616 103580 998673.467   56  372 1025282.13 974758.526  4.93%   147  486s
 242627 104054     cutoff   72      1025282.13 974854.271  4.92%   147  490s
 243651 104490 1012040.82   60  215 1025282.13 974874.685  4.92%   147  496s
 244522 104906 infeasible   61      1025282.13 974902.683  4.91%   147  500s
 246136 105892 1009815.99   46  269 1025282.13 974963.222  4.91%   147  505s
 249642 107387 1010222.57   51  240 1025282.13 975177.741  4.89%   147  511s
 252673 108760 1016283.24   47  181 1025282.13 975333.287  4.87%   147  516s
H255630 109781                    1025282.1254 975417.497  4.86%   147  519s
 255748 110043 979104.860   43  311 1025282.13 975452.877  4.86%   147  521s
 257473 111051 1017692.57   50  235 1025282.13 975500.150  4.86%   147  525s
 260578 112461 976792.030   60  306 1025282.13 975638.913  4.84%   147  530s
 263807 114085 996522.241   47  263 1025282.13 975777.044  4.83%   148  535s
 267321 115363 985120.753   50  404 1025282.13 975917.334  4.81%   148  541s
 270268 116617 infeasible   73      1025282.13 976004.808  4.81%   148  546s
 272634 117614 978204.333   49  280 1025282.13 976104.360  4.80%   148  550s
 275959 118947 989662.670   46  373 1025282.13 976205.462  4.79%   148  555s
 279435 120490     cutoff   47      1025282.13 976367.845  4.77%   148  560s
 282638 121825 1019239.45   50  348 1025282.13 976481.109  4.76%   148  565s
 285945 123344 1005371.16   58  280 1025282.13 976598.798  4.75%   148  571s
 289142 124620 995860.757   49  458 1025282.13 976702.863  4.74%   148  575s
 292144 125666 1017578.86   65  101 1025282.13 976803.131  4.73%   148  580s
 295202 127011 991724.996   68  242 1025282.13 976880.996  4.72%   148  585s
 298139 128276 991834.459   58  320 1025282.13 976974.831  4.71%   149  590s
 301167 129541 1018998.83   62  238 1025282.13 977073.044  4.70%   149  595s
 304094 130782 1008396.41   67  282 1025282.13 977166.196  4.69%   149  600s
 307511 132184 1013569.21   58  244 1025282.13 977282.895  4.68%   149  605s
 310562 133551 998094.325   45  357 1025282.13 977375.247  4.67%   149  610s
 313752 134824 1011463.81   62  166 1025282.13 977491.773  4.66%   149  615s
 316563 136183 1020053.08   53  281 1025282.13 977578.657  4.65%   149  621s
 319831 137470 994814.899   55  468 1025282.13 977701.232  4.64%   149  626s
 321776 138392 994255.167   50  453 1025282.13 977761.497  4.63%   149  630s
 325027 139809 1023462.12   52  356 1025282.13 977867.176  4.62%   149  635s
 327928 140902 997947.287   44  409 1025282.13 977958.476  4.62%   149  640s
 331195 142423 984744.753   51  418 1025282.13 978071.100  4.60%   149  645s
 334116 143488 988408.619   48  371 1025282.13 978170.870  4.59%   150  651s
 337283 144912 981756.606   56  440 1025282.13 978285.093  4.58%   150  656s
 339343 145570 980125.656   52  503 1025282.13 978347.147  4.58%   150  660s
 342235 147000     cutoff   61      1025282.13 978429.096  4.57%   150  665s
 345580 148355 1002119.33   58  292 1025282.13 978527.748  4.56%   150  671s
 348473 149510     cutoff   58      1025282.13 978595.307  4.55%   150  676s
 350555 150395 994240.098   49  279 1025282.13 978670.377  4.55%   150  680s
 353865 151855     cutoff   57      1025282.13 978754.708  4.54%   150  685s
 357033 153070 986558.075   50  555 1025282.13 978847.916  4.53%   150  690s
 360298 154417 1010602.44   53  312 1025282.13 978926.015  4.52%   150  695s
 363055 155563 991566.296   47  300 1025282.13 978993.025  4.51%   150  700s
 366249 156794 991417.156   50  262 1025282.13 979075.849  4.51%   150  705s
 369141 158013 1020869.21   60  215 1025282.13 979147.149  4.50%   150  710s
 371877 159229 1002273.07   53  436 1025282.13 979208.291  4.49%   151  715s
 374745 160298 1011707.63   74  172 1025282.13 979296.764  4.49%   151  720s
 378059 161601 1003807.03   54  289 1025282.13 979375.846  4.48%   151  726s
 381118 162956 1022446.20   50  334 1025282.13 979493.671  4.47%   151  731s
 384185 164043     cutoff   53      1025282.13 979566.642  4.46%   151  736s
 386243 164968 982468.797   64  492 1025282.13 979623.156  4.45%   151  740s
 389678 166145 1003004.72   52  320 1025282.13 979693.731  4.45%   151  745s
 392615 167434     cutoff   47      1025282.13 979786.933  4.44%   151  750s
 395614 168769 983339.355   59  319 1025282.13 979867.349  4.43%   151  755s
 398819 170168 1009217.10   57  316 1025282.13 979953.208  4.42%   151  761s
 401830 171353 989724.040   45  378 1025282.13 980029.618  4.41%   151  766s
H402442 171353                    1025282.1253 980030.288  4.41%   151  766s
 403508 172040 989708.337   62  274 1025282.13 980077.146  4.41%   151  770s
 406516 173396 994676.485   61  262 1025282.13 980155.361  4.40%   151  775s
 409511 174567 1006490.43   53  353 1025282.13 980231.689  4.39%   151  781s
 411838 175428 1014912.18   51  164 1025282.13 980294.232  4.39%   151  785s
 415362 176782 1007095.11   56  242 1025282.13 980370.089  4.38%   151  791s
 418654 177955 1019968.77   56  165 1025282.13 980438.969  4.37%   151  795s
 421554 178945 1011951.60   61  306 1025282.13 980491.870  4.37%   151  800s
 424428 180244 999330.106   55  260 1025282.13 980554.962  4.36%   151  805s
 428372 181704 989147.546   47  576 1025282.13 980654.512  4.35%   152  811s
 431285 182882 1014927.38   48  291 1025282.13 980711.379  4.35%   152  816s
 433409 183675 1003658.63   54  426 1025282.13 980765.936  4.34%   152  820s
 436273 184689 1012035.69   50  256 1025282.13 980831.509  4.34%   152  825s
 438849 186115 1020555.21   66  132 1025282.13 980890.975  4.33%   152  830s
 442130 187427 994417.370   52  519 1025282.13 980975.720  4.32%   152  836s
 443117 187563 1018340.98   66  226 1025282.13 980984.201  4.32%   152  840s
 444578 188384 infeasible   63      1025282.13 981020.062  4.32%   152  845s
 448305 189885     cutoff   53      1025282.13 981111.282  4.31%   152  851s
 450502 190743 1009246.08   49  215 1025282.13 981159.988  4.30%   152  855s
 453485 191988 1005681.47   57  294 1025282.13 981225.900  4.30%   152  860s
 456761 193181 989860.195   62  376 1025282.13 981300.465  4.29%   152  865s
 459535 194266 1004425.42   63  263 1025282.13 981362.725  4.28%   152  870s
 462621 195735 1013170.26   45  326 1025282.13 981433.207  4.28%   152  876s
 465921 196864 1024719.72   59  276 1025282.13 981507.258  4.27%   152  881s
 467906 197882 998987.547   50  369 1025282.13 981552.420  4.27%   152  886s
 470268 198825 983913.503   45  425 1025282.13 981593.136  4.26%   152  890s
 473687 200052 1014044.85   50  292 1025282.13 981667.494  4.25%   152  896s
 475936 201101 996785.400   48  452 1025282.13 981716.307  4.25%   152  900s
 479459 202358     cutoff   59      1025282.13 981803.004  4.24%   152  906s
 481415 203093 1020716.20   54  244 1025282.13 981843.008  4.24%   152  910s
 484495 204281 1001130.25   52  334 1025282.13 981911.268  4.23%   152  915s
 487676 205624 1023135.00   61  286 1025282.13 981977.736  4.22%   152  921s
 490965 206864 1020612.00   70  222 1025282.13 982038.310  4.22%   152  926s
 493098 207696 1006090.44   56  416 1025282.13 982077.123  4.21%   152  930s
 496605 208936 990816.416   57  370 1025282.13 982145.014  4.21%   152  935s
 499359 209898 infeasible   47      1025282.13 982204.578  4.20%   152  941s
 501531 210992 1022013.81   58  175 1025282.13 982250.283  4.20%   152  945s
 504941 212318 1007108.36   62  110 1025282.13 982316.120  4.19%   152  951s
 507226 213185 1009688.24   61  357 1025282.13 982360.366  4.19%   152  955s
 510450 214410 988458.483   55  346 1025282.13 982421.772  4.18%   152  960s
 513400 215667 infeasible   74      1025282.13 982481.613  4.17%   152  965s
 516414 216850 1007175.84   50  322 1025282.13 982539.005  4.17%   152  971s
 518567 217819 1014438.49   60  228 1025282.13 982575.915  4.17%   152  975s
 521661 219025     cutoff   48      1025282.13 982634.881  4.16%   152  980s
 524695 220065     cutoff   52      1025282.13 982696.734  4.15%   152  985s
 527789 221225 1012681.98   71  370 1025282.13 982749.537  4.15%   152  991s
 530683 222370 1009526.16   60  356 1025282.13 982813.141  4.14%   152  996s
 532551 223152 990661.813   54  384 1025282.13 982843.948  4.14%   152 1000s
 535813 224411 1013727.58   53  114 1025282.13 982900.464  4.13%   152 1005s
 539128 225654 1016024.46   63  312 1025282.13 982956.086  4.13%   152 1010s
H542114 226411                    1025282.1252 983015.196  4.12%   152 1014s
 542265 226823 1005290.84   58  224 1025282.13 983029.257  4.12%   152 1015s
 545054 228026 1001621.82   60  359 1025282.13 983079.421  4.12%   152 1020s
 548065 229110 1018120.36   69  251 1025282.13 983135.952  4.11%   152 1026s
 551225 230329 1014074.72   62  186 1025282.13 983192.769  4.11%   152 1031s
 554079 231479 1000920.54   61  351 1025282.13 983239.286  4.10%   152 1036s
 557109 232618 1021514.83   62  118 1025282.13 983299.507  4.09%   152 1041s
 559235 233450 1005132.67   51  238 1025282.13 983335.550  4.09%   152 1045s
 562275 234683     cutoff   70      1025282.13 983402.726  4.08%   152 1050s
 565739 235934 999611.371   56  219 1025282.13 983485.005  4.08%   152 1055s
 568994 237121 1005641.12   49  394 1025282.13 983543.578  4.07%   152 1061s
 570791 237515 1018621.73   59  214 1025282.13 983583.179  4.07%   152 1066s
 571438 237834     cutoff   61      1025282.13 983584.949  4.07%   152 1070s
 572684 238270 1020486.85   64  159 1025282.13 983591.137  4.07%   152 1077s
 573591 238697 1023366.65   66  153 1025282.13 983595.681  4.07%   152 1082s
 574338 239230 1002519.93   57  456 1025282.13 983611.891  4.06%   152 1085s
 576934 240062     cutoff   79      1025282.13 983686.858  4.06%   152 1090s
 579924 241073     cutoff   52      1025282.13 983737.755  4.05%   153 1095s
 582785 242009 1001787.63   52  418 1025282.13 983790.181  4.05%   152 1100s
 585916 243277 1008528.14   58  343 1025282.13 983843.503  4.04%   153 1105s
 589003 244278     cutoff   49      1025282.13 983904.669  4.04%   153 1110s
 591822 245303 997488.609   55  504 1025282.13 983943.847  4.03%   153 1116s
 594872 246450 1015896.49   51  222 1025282.13 984003.178  4.03%   153 1121s
 596993 247197 1003278.84   53  418 1025282.13 984039.047  4.02%   153 1125s
 600252 248416 1010170.75   47  433 1025282.13 984100.358  4.02%   153 1130s
 603413 249643 993700.768   47  271 1025282.13 984159.603  4.01%   153 1135s
 606496 250797 996044.023   53  306 1025282.13 984205.163  4.01%   153 1141s
 609232 251863 1007994.21   46  377 1025282.13 984258.023  4.00%   153 1146s
 612336 253074 1008775.58   62  352 1025282.13 984302.345  4.00%   153 1151s
 614357 253922 1003662.80   45  315 1025282.13 984341.475  3.99%   153 1155s
 617746 254970 1024050.59   49  244 1025282.13 984402.982  3.99%   153 1160s
 620738 256230 999812.841   55  297 1025282.13 984443.947  3.98%   153 1165s
 623760 257284 1016732.55   52  397 1025282.13 984497.738  3.98%   153 1170s
 626577 258380 infeasible   49      1025282.13 984536.942  3.97%   153 1175s
 629469 259503 1014909.10   53  294 1025282.13 984593.383  3.97%   153 1180s
 632892 260839 998195.960   53  427 1025282.13 984653.679  3.96%   153 1185s
 635893 261833 1018577.54   50  250 1025282.13 984693.123  3.96%   153 1190s
 638748 262969     cutoff   64      1025282.13 984750.012  3.95%   153 1195s
 641807 264010 995170.667   50  405 1025282.13 984802.545  3.95%   153 1200s

Cutting planes:
  Gomory: 3
  Lift-and-project: 4
  Cover: 425
  Implied bound: 355
  Projected implied bound: 1
  Clique: 1
  MIR: 239
  Mixing: 1
  Flow cover: 2212
  Inf proof: 49
  Zero half: 50
  RLT: 62
  Relax-and-lift: 11
  BQP: 15

Explored 642533 nodes (98129295 simplex iterations) in 1200.02 seconds (3390.95 work units)
Thread count was 10 (of 10 available processors)

Solution count 10: 1.02528e+06 1.0274e+06 1.02797e+06 ... 1.0468e+06

Time limit reached
Best objective 1.025282125237e+06, best bound 9.848123657925e+05, gap 3.9472%
